2026-05-11 10:58:44,383 [INFO]   SKIP (plan_not_selected)
2026-05-11 10:58:44,383 [INFO]   SKIP (plan_not_selected)
2026-05-11 10:58:44,383 [INFO]   SKIP (plan_not_selected)
2026-05-11 10:58:44,383 [INFO] 执行用例 4/4: SELLER_LOGIN_002 - 供应商 seller 登录后退出应离开已登录状态
2026-05-11 10:58:44,906 [INFO] Playwright 原生录制已启动: D:\Documents\pythonProject\AICASS\examples\电商\登录\result\rodski_20260511_105844\recordings\SELLER_LOGIN_002_20260511_105844_01.webm (分辨率: {'width': 1920, 'height': 1080})
2026-05-11 10:58:44,907 [INFO]   [1] scenario SELLER_LOGIN_002_LOGIN_FIRST - 先登录进入供应商 seller (group=seller_logout, tag=['login', 'seller', 'p0', 'smoke', 'prepare'])
2026-05-11 10:58:44,908 [DEBUG]   [1] navigate
2026-05-11 10:58:44,908 [DEBUG] 数据解析: 'GlobalValue.Env.seller_url' -> 'https://ec-hwbeta.casstime.com/seller'
2026-05-11 10:58:44,908 [INFO] 执行关键字: navigate(data=https://ec-hwbeta.casstime.com/seller)
2026-05-11 10:58:44,908 [INFO] 导航: https://ec-hwbeta.casstime.com/seller
2026-05-11 10:58:49,045 [DEBUG] 导航成功: https://ec-hwbeta.casstime.com/seller
2026-05-11 10:58:49,045 [DEBUG] navigate 成功
2026-05-11 10:58:49,045 [INFO] [STEP] action=navigate model=- status=OK source=keyword_result
2026-05-11 10:58:49,045 [DEBUG]   history[0]=True
2026-05-11 10:58:49,151 [DEBUG] 截图成功: D:\Documents\pythonProject\AICASS\examples\电商\登录\result\rodski_20260511_105844\screenshots\SELLER_LOGIN_002_SELLER_LOGIN_002_LOGIN_FIRST_先登录进入供应商_seller\01_20260511_105849.png
2026-05-11 10:58:49,151 [DEBUG] 步骤截图: D:\Documents\pythonProject\AICASS\examples\电商\登录\result\rodski_20260511_105844\screenshots\SELLER_LOGIN_002_SELLER_LOGIN_002_LOGIN_FIRST_先登录进入供应商_seller\01_20260511_105849.png
2026-05-11 10:58:49,151 [DEBUG] 步骤等待 0.001s
2026-05-11 10:58:49,153 [DEBUG]   [1] wait
2026-05-11 10:58:49,153 [INFO] 执行关键字: wait(data=2)
2026-05-11 10:58:49,153 [INFO] 等待: 2秒
2026-05-11 10:58:51,154 [DEBUG] wait 成功
2026-05-11 10:58:51,154 [INFO] [STEP] action=wait model=- status=OK source=keyword_result
2026-05-11 10:58:51,154 [DEBUG]   history[1]=True
2026-05-11 10:58:51,154 [DEBUG]   [1] type
2026-05-11 10:58:51,154 [INFO] 执行关键字: type(model=PassportLogin, data=SellerValidCredential)
2026-05-11 10:58:51,154 [INFO] 批量输入: 模型=PassportLogin, DataID=SellerValidCredential
2026-05-11 10:58:51,154 [DEBUG] loginModePassword: click css=span[type='PASSWORD']
2026-05-11 10:58:51,155 [DEBUG] 点击元素: css=span[type='PASSWORD'] -> span[type='PASSWORD']
2026-05-11 10:58:51,222 [DEBUG]   ↳ 定位器 css=span[type='PASSWORD'] 成功 (priority=1)
2026-05-11 10:58:51,222 [DEBUG] username: id=userName <- 'ksseller1'
2026-05-11 10:58:51,222 [DEBUG] 输入文本: id=userName -> #userName
2026-05-11 10:58:51,249 [DEBUG]   ↳ 定位器 id=userName 成功 (priority=1)
2026-05-11 10:58:51,249 [DEBUG] password: id=password <- 'Init@1125'
2026-05-11 10:58:51,249 [DEBUG] 输入文本: id=password -> #password
2026-05-11 10:58:51,272 [DEBUG]   ↳ 定位器 id=password 成功 (priority=1)
2026-05-11 10:58:51,272 [DEBUG] agreement: click css=.bre-login-privacy-modal_entry-checkbox
2026-05-11 10:58:51,272 [DEBUG] 点击元素: css=.bre-login-privacy-modal_entry-checkbox -> .bre-login-privacy-modal_entry-checkbox
2026-05-11 10:58:51,318 [DEBUG]   ↳ 定位器 css=.bre-login-privacy-modal_entry-checkbox 成功 (priority=1)
2026-05-11 10:58:51,318 [DEBUG] submit: click css=input.btn-submit
2026-05-11 10:58:51,318 [DEBUG] 点击元素: css=input.btn-submit -> input.btn-submit
2026-05-11 10:58:51,363 [DEBUG]   ↳ 定位器 css=input.btn-submit 成功 (priority=1)
2026-05-11 10:58:51,363 [DEBUG] type 成功
2026-05-11 10:58:51,363 [INFO] [STEP] action=type model=PassportLogin status=OK source=keyword_result
2026-05-11 10:58:51,363 [DEBUG]   history[2]={'loginModePassword': 'click', 'username': 'ksseller1', 'password': 'Init@1125', 'agreement': 'click', 'submit': 'click'}
2026-05-11 10:58:51,467 [DEBUG] 截图成功: D:\Documents\pythonProject\AICASS\examples\电商\登录\result\rodski_20260511_105844\screenshots\SELLER_LOGIN_002_SELLER_LOGIN_002_LOGIN_FIRST_先登录进入供应商_seller\02_20260511_105851.png
2026-05-11 10:58:51,467 [DEBUG] 步骤截图: D:\Documents\pythonProject\AICASS\examples\电商\登录\result\rodski_20260511_105844\screenshots\SELLER_LOGIN_002_SELLER_LOGIN_002_LOGIN_FIRST_先登录进入供应商_seller\02_20260511_105851.png
2026-05-11 10:58:51,467 [DEBUG] 步骤等待 0.001s
2026-05-11 10:58:51,469 [DEBUG]   [1] wait
2026-05-11 10:58:51,469 [INFO] 执行关键字: wait(data=5)
2026-05-11 10:58:51,469 [INFO] 等待: 5秒
2026-05-11 10:58:56,469 [DEBUG] wait 成功
2026-05-11 10:58:56,470 [INFO] [STEP] action=wait model=- status=OK source=keyword_result
2026-05-11 10:58:56,470 [DEBUG]   history[3]=True
2026-05-11 10:58:56,471 [INFO]   [2] scenario SELLER_LOGIN_002_LOGOUT - 执行供应商 seller 退出登录 (group=seller_logout, tag=['login', 'seller', 'p0', 'smoke', 'logout'])
2026-05-11 10:58:56,471 [DEBUG]   [2] navigate
2026-05-11 10:58:56,471 [DEBUG] 数据解析: 'GlobalValue.Env.logout_url' -> 'https://ec-hwbeta.casstime.com/logout'
2026-05-11 10:58:56,471 [INFO] 执行关键字: navigate(data=https://ec-hwbeta.casstime.com/logout)
2026-05-11 10:58:56,471 [INFO] 导航: https://ec-hwbeta.casstime.com/logout
2026-05-11 10:59:03,212 [DEBUG] 导航成功: https://ec-hwbeta.casstime.com/logout
2026-05-11 10:59:03,213 [DEBUG] navigate 成功
2026-05-11 10:59:03,213 [INFO] [STEP] action=navigate model=- status=OK source=keyword_result
2026-05-11 10:59:03,213 [DEBUG]   history[4]=True
2026-05-11 10:59:03,472 [DEBUG] 截图成功: D:\Documents\pythonProject\AICASS\examples\电商\登录\result\rodski_20260511_105844\screenshots\SELLER_LOGIN_002_SELLER_LOGIN_002_LOGOUT_执行供应商_seller_退出登录\03_20260511_105903.png
2026-05-11 10:59:03,473 [DEBUG] 步骤截图: D:\Documents\pythonProject\AICASS\examples\电商\登录\result\rodski_20260511_105844\screenshots\SELLER_LOGIN_002_SELLER_LOGIN_002_LOGOUT_执行供应商_seller_退出登录\03_20260511_105903.png
2026-05-11 10:59:03,473 [DEBUG] 步骤等待 0.001s
2026-05-11 10:59:03,475 [DEBUG]   [2] wait
2026-05-11 10:59:03,475 [INFO] 执行关键字: wait(data=3)
2026-05-11 10:59:03,475 [INFO] 等待: 3秒
2026-05-11 10:59:06,476 [DEBUG] wait 成功
2026-05-11 10:59:06,476 [INFO] [STEP] action=wait model=- status=OK source=keyword_result
2026-05-11 10:59:06,476 [DEBUG]   history[5]=True
2026-05-11 10:59:06,476 [INFO]   [3] scenario SELLER_LOGIN_002_ASSERT_LOGOUT - 校验供应商 seller 退出后离开已登录状态 (group=seller_logout, tag=['login', 'seller', 'p0', 'smoke', 'assert'])
2026-05-11 10:59:06,476 [DEBUG]   [3] evaluate
2026-05-11 10:59:06,476 [INFO] 执行关键字: evaluate(data=(() => { const text = document.body ? document.body.innerText : ''; const url = location.href; const hasLoginControl = !!document.querySelector('input[name="username"], input[name="password"], input[type="password"], #userName, #password'); const hasLoggedInSignal = /供应商|卖家|店铺|订单|报价|商品|发货|售后/.test(text) && !/passport\/login|\/login/i.test(url); const loggedOut = hasLoginControl || /passport\/login|\/login|logout|登录|认证|未登录/i.test(url + ' ' + text) || !hasLoggedInSignal; if (loggedOut) { return 'seller-logout-success'; } throw new Error('供应商 seller 退出后仍可能处于已登录状态，currentUrl=' + url + ', text=' + text.slice(0, 180)); })())
2026-05-11 10:59:06,476 [INFO] 执行 JS: (() => { const text = document.body ? document.body.innerText : ''; const url = location.href; const hasLoginControl = !!document.querySelector('input[name="username"], input[name="password"], input[t
2026-05-11 10:59:06,493 [INFO] JS 结果: seller-logout-success
2026-05-11 10:59:06,493 [DEBUG] evaluate 成功
2026-05-11 10:59:06,493 [INFO] [STEP] action=evaluate model=- status=OK source=evaluate
2026-05-11 10:59:06,494 [DEBUG]   history[6]='seller-logout-success'
2026-05-11 10:59:06,725 [DEBUG] 截图成功: D:\Documents\pythonProject\AICASS\examples\电商\登录\result\rodski_20260511_105844\screenshots\SELLER_LOGIN_002_SELLER_LOGIN_002_ASSERT_LOGOUT_校验供应商_seller_退出后离开已登录状态\04_20260511_105906.png
2026-05-11 10:59:06,725 [DEBUG] 步骤截图: D:\Documents\pythonProject\AICASS\examples\电商\登录\result\rodski_20260511_105844\screenshots\SELLER_LOGIN_002_SELLER_LOGIN_002_ASSERT_LOGOUT_校验供应商_seller_退出后离开已登录状态\04_20260511_105906.png
2026-05-11 10:59:06,726 [DEBUG] 步骤等待 0.001s
2026-05-11 10:59:06,727 [DEBUG]   [1] close
2026-05-11 10:59:06,727 [INFO] 执行关键字: close()
2026-05-11 10:59:06,727 [INFO] 关闭浏览器
2026-05-11 10:59:08,399 [INFO] Playwright 原生录制已保存: D:\Documents\pythonProject\AICASS\examples\电商\登录\result\rodski_20260511_105844\recordings\SELLER_LOGIN_002_20260511_105844_01.webm
2026-05-11 10:59:08,478 [DEBUG] close 成功
2026-05-11 10:59:08,479 [INFO] [STEP] action=close model=- status=OK source=keyword_result
2026-05-11 10:59:08,479 [DEBUG]   history[7]=True
2026-05-11 10:59:08,480 [INFO] 浏览器已关闭
2026-05-11 10:59:08,483 [INFO] execution_summary.json 已写入: D:\Documents\pythonProject\AICASS\examples\电商\登录\result\rodski_20260511_105844\execution_summary.json
2026-05-11 10:59:08,483 [INFO]   PASS (24.1s)
2026-05-11 10:59:08,520 [INFO] 结果已写入 rodski_20260511_105844/result.xml: 总计 4 条, 通过 1 条, 失败 0 条, 通过率 25.0%
