2026-05-12 17:49:02,657 [INFO] 执行用例 1/1: garage_publish_inquiry_add_cart_and_order - 维修厂发布询价、加购物车并下单
2026-05-12 17:49:21,614 [INFO] Playwright 原生录制已启动: D:\Documents\pythonProject\AICASS\examples\电商\维修厂\询价下单\result\rodski_20260512_174902\recordings\garage_publish_inquiry_add_cart_and_order_20260512_174902_01.webm (分辨率: {'width': 1920, 'height': 1080})
2026-05-12 17:49:21,618 [DEBUG]   [1] navigate
2026-05-12 17:49:21,619 [DEBUG] 数据解析: 'GlobalValue.DefaultValue.ECAgentBuyURL' -> 'https://ec-hwbeta.casstime.com/agentBuy/'
2026-05-12 17:49:21,619 [INFO] 执行关键字: navigate(data=https://ec-hwbeta.casstime.com/agentBuy/)
2026-05-12 17:49:21,620 [INFO] 导航: https://ec-hwbeta.casstime.com/agentBuy/
2026-05-12 17:49:23,825 [DEBUG] 导航成功: https://ec-hwbeta.casstime.com/agentBuy/
2026-05-12 17:49:23,825 [DEBUG] navigate 成功
2026-05-12 17:49:23,825 [INFO] [STEP] action=navigate model=- status=OK source=keyword_result
2026-05-12 17:49:23,825 [DEBUG]   history[0]=True
2026-05-12 17:49:23,934 [DEBUG] 截图成功: D:\Documents\pythonProject\AICASS\examples\电商\维修厂\询价下单\result\rodski_20260512_174902\screenshots\garage_publish_inquiry_add_cart_and_order_01_预处理_20260512_174923.png
2026-05-12 17:49:23,934 [DEBUG] 步骤截图: D:\Documents\pythonProject\AICASS\examples\电商\维修厂\询价下单\result\rodski_20260512_174902\screenshots\garage_publish_inquiry_add_cart_and_order_01_预处理_20260512_174923.png
2026-05-12 17:49:23,934 [DEBUG] 步骤等待 0.3s
2026-05-12 17:49:24,235 [DEBUG]   [2] type
2026-05-12 17:49:24,235 [INFO] 执行关键字: type(model=ECAgentBuyLoginPage, data=ec_agent_buy_login)
2026-05-12 17:49:24,235 [INFO] 批量输入: 模型=ECAgentBuyLoginPage, DataID=ec_agent_buy_login
2026-05-12 17:49:24,235 [DEBUG] accountTab: click css=span[type=PASSWORD]
2026-05-12 17:49:24,235 [DEBUG] 点击元素: css=span[type=PASSWORD] -> span[type=PASSWORD]
2026-05-12 17:49:24,331 [DEBUG]   ↳ 定位器 css=span[type=PASSWORD] 成功 (priority=1)
2026-05-12 17:49:24,331 [DEBUG] username: css=#userName <- '13119909586'
2026-05-12 17:49:24,331 [DEBUG] 输入文本: css=#userName -> #userName
2026-05-12 17:49:24,362 [DEBUG]   ↳ 定位器 css=#userName 成功 (priority=1)
2026-05-12 17:49:24,362 [DEBUG] password: css=#password <- '123456Aa'
2026-05-12 17:49:24,362 [DEBUG] 输入文本: css=#password -> #password
2026-05-12 17:49:24,382 [DEBUG]   ↳ 定位器 css=#password 成功 (priority=1)
2026-05-12 17:49:24,382 [DEBUG] agreeCheckbox: click css=label.br-checkbox .br-checkbox__title
2026-05-12 17:49:24,382 [DEBUG] 点击元素: css=label.br-checkbox .br-checkbox__title -> label.br-checkbox .br-checkbox__title
2026-05-12 17:49:24,432 [DEBUG]   ↳ 定位器 css=label.br-checkbox .br-checkbox__title 成功 (priority=1)
2026-05-12 17:49:24,432 [DEBUG] loginBtn: click css=.btn-submit
2026-05-12 17:49:24,432 [DEBUG] 点击元素: css=.btn-submit -> .btn-submit
2026-05-12 17:49:24,473 [DEBUG]   ↳ 定位器 css=.btn-submit 成功 (priority=1)
2026-05-12 17:49:24,473 [DEBUG] type 成功
2026-05-12 17:49:24,473 [INFO] [STEP] action=type model=ECAgentBuyLoginPage status=OK source=keyword_result
2026-05-12 17:49:24,473 [DEBUG]   history[1]={'accountTab': 'click', 'username': '13119909586', 'password': '123456Aa', 'agreeCheckbox': 'click', 'loginBtn': 'click'}
2026-05-12 17:49:24,560 [DEBUG] 截图成功: D:\Documents\pythonProject\AICASS\examples\电商\维修厂\询价下单\result\rodski_20260512_174902\screenshots\garage_publish_inquiry_add_cart_and_order_02_预处理_20260512_174924.png
2026-05-12 17:49:24,560 [DEBUG] 步骤截图: D:\Documents\pythonProject\AICASS\examples\电商\维修厂\询价下单\result\rodski_20260512_174902\screenshots\garage_publish_inquiry_add_cart_and_order_02_预处理_20260512_174924.png
2026-05-12 17:49:24,560 [DEBUG] 步骤等待 0.3s
2026-05-12 17:49:24,860 [DEBUG]   [3] wait
2026-05-12 17:49:24,861 [INFO] 执行关键字: wait(data=2)
2026-05-12 17:49:24,861 [INFO] 等待: 2秒
2026-05-12 17:49:26,861 [DEBUG] wait 成功
2026-05-12 17:49:26,862 [INFO] [STEP] action=wait model=- status=OK source=keyword_result
2026-05-12 17:49:26,862 [DEBUG]   history[2]=True
2026-05-12 17:49:26,862 [DEBUG]   [4] verify
2026-05-12 17:49:26,862 [INFO] 执行关键字: verify(model=LoginSuccessCheck, data=login_success)
2026-05-12 17:49:26,862 [INFO] 批量验证: 模型=LoginSuccessCheck, 期望数据=login_success
2026-05-12 17:49:28,687 [DEBUG] publishInquiryTab: 实际='发布询价', 期望='发布询价' → OK
2026-05-12 17:49:28,687 [INFO] 批量验证通过: 1 个字段全部匹配
2026-05-12 17:49:28,687 [DEBUG] verify 成功
2026-05-12 17:49:28,687 [INFO] [STEP] action=verify model=LoginSuccessCheck status=OK source=keyword_result
2026-05-12 17:49:28,687 [DEBUG]   history[3]={'publishInquiryTab': '发布询价', '_verify_passed': True, 'passed': True}
2026-05-12 17:49:29,021 [DEBUG] 截图成功: D:\Documents\pythonProject\AICASS\examples\电商\维修厂\询价下单\result\rodski_20260512_174902\screenshots\garage_publish_inquiry_add_cart_and_order_03_预处理_20260512_174928.png
2026-05-12 17:49:29,021 [DEBUG] 步骤截图: D:\Documents\pythonProject\AICASS\examples\电商\维修厂\询价下单\result\rodski_20260512_174902\screenshots\garage_publish_inquiry_add_cart_and_order_03_预处理_20260512_174928.png
2026-05-12 17:49:29,021 [DEBUG] 步骤等待 0.3s
2026-05-12 17:49:29,321 [INFO]   [1] scenario GARAGE_INQUIRY_CART_ORDER_001_PUBLISH - 发布询价并记录询价单号 (group=garage_inquiry_cart_order, tag=['inquiry', 'publish', 'smoke', 'p0', 'assert'])
2026-05-12 17:49:29,322 [DEBUG]   [1] type
2026-05-12 17:49:29,322 [INFO] 执行关键字: type(model=InquiryFlow, data=flow_manual_merchant_input)
2026-05-12 17:49:29,322 [INFO] 批量输入: 模型=InquiryFlow, DataID=flow_manual_merchant_input
2026-05-12 17:49:29,322 [DEBUG] vinInput: xpath=//input[contains(translate(@placeholder,'vin','VIN'),'VIN')] <- 'LBVFR790XBSD31722'
2026-05-12 17:49:29,322 [DEBUG] 输入文本: xpath=//input[contains(translate(@placeholder,'vin','VIN'),'VIN')] -> //input[contains(translate(@placeholder,'vin','VIN'),'VIN')]
2026-05-12 17:49:29,348 [DEBUG]   ↳ 定位器 xpath=//input[contains(translate(@placeholder,'vin','VIN'),'VIN')] 成功 (priority=1)
2026-05-12 17:49:29,349 [DEBUG] vinInputSubmit: 按键 'Enter'
2026-05-12 17:49:29,384 [DEBUG]   ↳ 定位器 xpath=//input[contains(translate(@placeholder,'vin','VIN'),'VIN')] 成功 (priority=1)
2026-05-12 17:49:29,384 [DEBUG] duplicateVinNewInquiryBtn: click xpath=//button[contains(normalize-space(.),'不追加，发布新的询价单') or contains(normalize-space(.),'不追加')]
2026-05-12 17:49:29,384 [DEBUG] 点击元素: xpath=//button[contains(normalize-space(.),'不追加，发布新的询价单') or contains(normalize-space(.),'不追加')] -> //button[contains(normalize-space(.),'不追加，发布新的询价单') or contains(normalize-space(.),'不追加')]
2026-05-12 17:49:30,799 [DEBUG]   ↳ 定位器 xpath=//button[contains(normalize-space(.),'不追加，发布新的询价单') or contains(normalize-space(.),'不追加')] 成功 (priority=1)
2026-05-12 17:49:30,799 [DEBUG] partInputFirst: xpath=//table//tbody/tr[1]/td[2]//*[self::textarea or self::input][not(@disabled)] <- '61612458015'
2026-05-12 17:49:30,799 [DEBUG] 输入文本: xpath=//table//tbody/tr[1]/td[2]//*[self::textarea or self::input][not(@disabled)] -> //table//tbody/tr[1]/td[2]//*[self::textarea or self::input][not(@disabled)]
2026-05-12 17:49:30,821 [DEBUG]   ↳ 定位器 xpath=//table//tbody/tr[1]/td[2]//*[self::textarea or self::input][not(@disabled)] 成功 (priority=1)
2026-05-12 17:49:30,821 [DEBUG] partInputFirstSubmit: 按键 'Enter'
2026-05-12 17:49:30,836 [DEBUG]   ↳ 定位器 xpath=//table//tbody/tr[1]/td[2]//*[self::textarea or self::input][not(@disabled)] 成功 (priority=1)
2026-05-12 17:49:30,836 [DEBUG] cancelPlatformRecommendBtn: BLANK → 跳过
2026-05-12 17:49:30,836 [DEBUG] manualMerchantOption: BLANK → 跳过
2026-05-12 17:49:30,836 [DEBUG] publishInquiryBtn: BLANK → 跳过
2026-05-12 17:49:30,836 [DEBUG] type 成功
2026-05-12 17:49:30,836 [INFO] [STEP] action=type model=InquiryFlow status=OK source=keyword_result
2026-05-12 17:49:30,836 [DEBUG]   history[4]={'vinInput': 'LBVFR790XBSD31722', 'vinInputSubmit': 'key_press【Enter】', 'duplicateVinNewInquiryBtn': 'click', 'partInputFirst': '61612458015', 'partInputFirstSubmit': 'key_press【Enter】', 'cancelPlatfo
2026-05-12 17:49:30,910 [DEBUG] 截图成功: D:\Documents\pythonProject\AICASS\examples\电商\维修厂\询价下单\result\rodski_20260512_174902\screenshots\garage_publish_inquiry_add_cart_and_order_GARAGE_INQUIRY_CART_ORDER_001_PUBLISH_发布询价并记录询价单号\04_20260512_174930.png
2026-05-12 17:49:30,910 [DEBUG] 步骤截图: D:\Documents\pythonProject\AICASS\examples\电商\维修厂\询价下单\result\rodski_20260512_174902\screenshots\garage_publish_inquiry_add_cart_and_order_GARAGE_INQUIRY_CART_ORDER_001_PUBLISH_发布询价并记录询价单号\04_20260512_174930.png
2026-05-12 17:49:30,910 [DEBUG] 步骤等待 0.3s
2026-05-12 17:49:31,210 [DEBUG]   [1] evaluate
2026-05-12 17:49:31,210 [INFO] 执行关键字: evaluate(data=(async()=>{const sleep=ms=>new Promise(r=>setTimeout(r,ms));const norm=s=>(s||'').replace(/\s+/g,'');const visible=el=>!!el&&el.isConnected&&!!(el.offsetWidth||el.offsetHeight||el.getClientRects().length);const bodyText=()=>document.body&&document.body.innerText?document.body.innerText:'';const click=(el,name)=>{if(!el)throw new Error('未找到'+name);el.scrollIntoView({block:'center'});el.click();};const hasStore=()=>bodyText().includes('已指定：深圳市华砺有限公司')||bodyText().includes('自行指定 (1)');const sys=document.querySelector('#system');if(visible(sys)&&String(sys.className||'').includes('selected')){click(sys,'平台推荐选项');await sleep(200);}const manual=document.querySelector('#manual');if(visible(manual)&&!String(manual.className||'').includes('selected')){click(manual,'自行指定选项');await sleep(300);}if(!hasStore()){click(document.querySelector('.modify-supplier'),'更改指定商家');for(let end=Date.now()+6000;Date.now()<end;){if(hasStore())break;await sleep(250);}if(!hasStore()){const item=[...document.querySelectorAll('#appointSupplierPlugin li,.filter-supplier-item')].filter(visible).find(el=>norm(el.textContent).includes('深圳市华砺有限公司'));click(item,'深圳市华砺有限公司');for(let end=Date.now()+3000;Date.now()<end;){if(hasStore())break;await sleep(250);}}}const close=[...document.querySelectorAll('.close-btn-icon,.close-icon')].filter(visible)[0];if(close){close.click();await sleep(300);}if(!hasStore())throw new Error('发布前未选中深圳市华砺有限公司，页面文本='+bodyText().slice(0,500));click(document.querySelector('.save-inquiry'),'发布询价按钮');return 'manual_supplier_publish_clicked';})())
2026-05-12 17:49:31,211 [INFO] 执行 JS: (async()=>{const sleep=ms=>new Promise(r=>setTimeout(r,ms));const norm=s=>(s||'').replace(/\s+/g,'');const visible=el=>!!el&&el.isConnected&&!!(el.offsetWidth||el.offsetHeight||el.getClientRects().len
2026-05-12 17:49:41,293 [ERROR] ❌ 驱动操作失败: [SKI302] JavaScript 执行失败: Page.evaluate: Error: 发布前未选中深圳市华砺有限公司，页面文本=开思商城
服务热线：400-168-6600
深圳市大德之星汽车服务有限公司1
李璐
待审批 0 单
购物车2
会员中心
售后记录
财务中心
商城
发布询价
查看报价
订单跟踪
电子目录
数据统计
1号车间
签约有礼
车辆信息
草稿箱（0）
备货询价
无VIN码，您可以
查看支持品牌
 VIN 码： 
宝马 535Li 2011 3.0T 手自一体
录入配件信息
按品类选择
按常用件选择
您还可以 自助查找配件
 清空配件信息
序号	配件信息	数量	备注	配件实物图片	
原厂零件号
标准名称
4S店参考价(¥)
配件图



拖拽工单图片到这里，或点击上传

支持手写、打印工单图片识别，每次上传1张，大小不超过15M


1	
		
	
61 61 2 458 015
前雨刮片
371.00

2	
		
	
3	
		
	
4	
		
	
其他要求
是否需要发票：
 不需要发票
 需要发票
是否需要替换件：
 不需要替换件
 需要替换件
期望配件品质：
原厂
品牌
原厂再制造
拆车件
其他
期望的商家  ： 
平台推荐
 
自行指定 (2)
更改
已指定：广州际达汽配（诺鸿），商品分
    at eval (eval at evaluate (:234:30), <anonymous>:1:1396)
    at async <anonymous>:260:30
2026-05-12 17:49:41,294 [ERROR] ❌ 重试 1 次后仍失败: [SKI302] JavaScript 执行失败: Page.evaluate: Error: 发布前未选中深圳市华砺有限公司，页面文本=开思商城
服务热线：400-168-6600
深圳市大德之星汽车服务有限公司1
李璐
待审批 0 单
购物车2
会员中心
售后记录
财务中心
商城
发布询价
查看报价
订单跟踪
电子目录
数据统计
1号车间
签约有礼
车辆信息
草稿箱（0）
备货询价
无VIN码，您可以
查看支持品牌
 VIN 码： 
宝马 535Li 2011 3.0T 手自一体
录入配件信息
按品类选择
按常用件选择
您还可以 自助查找配件
 清空配件信息
序号	配件信息	数量	备注	配件实物图片	
原厂零件号
标准名称
4S店参考价(¥)
配件图



拖拽工单图片到这里，或点击上传

支持手写、打印工单图片识别，每次上传1张，大小不超过15M


1	
		
	
61 61 2 458 015
前雨刮片
371.00

2	
		
	
3	
		
	
4	
		
	
其他要求
是否需要发票：
 不需要发票
 需要发票
是否需要替换件：
 不需要替换件
 需要替换件
期望配件品质：
原厂
品牌
原厂再制造
拆车件
其他
期望的商家  ： 
平台推荐
 
自行指定 (2)
更改
已指定：广州际达汽配（诺鸿），商品分
    at eval (eval at evaluate (:234:30), <anonymous>:1:1396)
    at async <anonymous>:260:30
2026-05-12 17:49:41,294 [INFO]   [2] scenario GARAGE_INQUIRY_CART_ORDER_002_ADD_CART - 等待报价、选购并加入购物车 -> SKIP (depends not passed: GARAGE_INQUIRY_CART_ORDER_001_PUBLISH)
2026-05-12 17:49:41,294 [INFO]   [3] scenario GARAGE_INQUIRY_CART_ORDER_003_SETTLE - 询价购物车去结算并校验结算页 -> SKIP (depends not passed: GARAGE_INQUIRY_CART_ORDER_002_ADD_CART)
2026-05-12 17:49:41,294 [INFO]   [4] scenario GARAGE_INQUIRY_CART_ORDER_004_PAY - 提交订单并完成支付 -> SKIP (depends not passed: GARAGE_INQUIRY_CART_ORDER_003_SETTLE)
2026-05-12 17:49:41,294 [ERROR] 用例阶段失败: [SKI313] 关键字 'evaluate' 重试 1 次后仍失败: [SKI302] JavaScript 执行失败: Page.evaluate: Error: 发布前未选中深圳市华砺有限公司，页面文本=开思商城
服务热线：400-168-6600
深圳市大德之星汽车服务有限公司1
李璐
待审批 0 单
购物车2
会员中心
售后记录
财务中心
商城
发布询价
查看报价
订单跟踪
电子目录
数据统计
1号车间
签约有礼
车辆信息
草稿箱（0）
备货询价
无VIN码，您可以
查看支持品牌
 VIN 码： 
宝马 535Li 2011 3.0T 手自一体
录入配件信息
按品类选择
按常用件选择
您还可以 自助查找配件
 清空配件信息
序号	配件信息	数量	备注	配件实物图片	
原厂零件号
标准名称
4S店参考价(¥)
配件图



拖拽工单图片到这里，或点击上传

支持手写、打印工单图片识别，每次上传1张，大小不超过15M


1	
		
	
61 61 2 458 015
前雨刮片
371.00

2	
		
	
3	
		
	
4	
		
	
其他要求
是否需要发票：
 不需要发票
 需要发票
是否需要替换件：
 不需要替换件
 需要替换件
期望配件品质：
原厂
品牌
原厂再制造
拆车件
其他
期望的商家  ： 
平台推荐
 
自行指定 (2)
更改
已指定：广州际达汽配（诺鸿），商品分
    at eval (eval at evaluate (:234:30), <anonymous>:1:1396)
    at async <anonymous>:260:30
  keyword: evaluate
2026-05-12 17:49:41,365 [DEBUG] 截图成功: D:\Documents\pythonProject\AICASS\examples\电商\维修厂\询价下单\result\rodski_20260512_174902\screenshots\garage_publish_inquiry_add_cart_and_order_20260512_174941_failure.png
2026-05-12 17:49:41,365 [INFO] 失败截图已保存: D:\Documents\pythonProject\AICASS\examples\电商\维修厂\询价下单\result\rodski_20260512_174902\screenshots\garage_publish_inquiry_add_cart_and_order_20260512_174941_failure.png
2026-05-12 17:49:41,365 [DEBUG]   [1] close
2026-05-12 17:49:41,365 [INFO] 执行关键字: close()
2026-05-12 17:49:41,365 [INFO] 关闭浏览器
2026-05-12 17:49:41,487 [INFO] Playwright 原生录制已保存: D:\Documents\pythonProject\AICASS\examples\电商\维修厂\询价下单\result\rodski_20260512_174902\recordings\garage_publish_inquiry_add_cart_and_order_20260512_174902_01.webm
2026-05-12 17:49:41,572 [DEBUG] close 成功
2026-05-12 17:49:41,572 [INFO] [STEP] action=close model=- status=OK source=keyword_result
2026-05-12 17:49:41,572 [DEBUG]   history[5]=True
2026-05-12 17:49:41,573 [INFO] 浏览器已关闭
2026-05-12 17:49:41,573 [INFO] execution_summary.json 已写入: D:\Documents\pythonProject\AICASS\examples\电商\维修厂\询价下单\result\rodski_20260512_174902\execution_summary.json
2026-05-12 17:49:41,574 [INFO]   FAIL (38.916s)
2026-05-12 17:49:41,574 [ERROR]   错误: [SKI313] 关键字 'evaluate' 重试 1 次后仍失败: [SKI302] JavaScript 执行失败: Page.evaluate: Error: 发布前未选中深圳市华砺有限公司，页面文本=开思商城
服务热线：400-168-6600
深圳市大德之星汽车服务有限公司1
李璐
待审批 0 单
购物车2
会员中心
售后记录
财务中心
商城
发布询价
查看报价
订单跟踪
电子目录
数据统计
1号车间
签约有礼
车辆信息
草稿箱（0）
备货询价
无VIN码，您可以
查看支持品牌
 VIN 码： 
宝马 535Li 2011 3.0T 手自一体
录入配件信息
按品类选择
按常用件选择
您还可以 自助查找配件
 清空配件信息
序号	配件信息	数量	备注	配件实物图片	
原厂零件号
标准名称
4S店参考价(¥)
配件图



拖拽工单图片到这里，或点击上传

支持手写、打印工单图片识别，每次上传1张，大小不超过15M


1	
		
	
61 61 2 458 015
前雨刮片
371.00

2	
		
	
3	
		
	
4	
		
	
其他要求
是否需要发票：
 不需要发票
 需要发票
是否需要替换件：
 不需要替换件
 需要替换件
期望配件品质：
原厂
品牌
原厂再制造
拆车件
其他
期望的商家  ： 
平台推荐
 
自行指定 (2)
更改
已指定：广州际达汽配（诺鸿），商品分
    at eval (eval at evaluate (:234:30), <anonymous>:1:1396)
    at async <anonymous>:260:30
  keyword: evaluate
2026-05-12 17:49:41,592 [INFO] 结果已写入 rodski_20260512_174902/result.xml: 总计 1 条, 通过 0 条, 失败 1 条, 通过率 0.0%
