2026-05-07 16:04:36,328 [INFO] 执行用例 1/1: garage_publish_inquiry - 维修厂发布询价
2026-05-07 16:04:36,329 [DEBUG]   [1] navigate
2026-05-07 16:04:36,329 [DEBUG] 数据解析: 'GlobalValue.DefaultValue.ECAgentBuyURL' -> 'https://ec-hwbeta.casstime.com/agentBuy/'
2026-05-07 16:04:36,329 [INFO] 执行关键字: navigate(data=https://ec-hwbeta.casstime.com/agentBuy/)
2026-05-07 16:04:36,329 [INFO] 导航: https://ec-hwbeta.casstime.com/agentBuy/
2026-05-07 16:04:39,064 [DEBUG] 导航成功: https://ec-hwbeta.casstime.com/agentBuy/
2026-05-07 16:04:39,064 [DEBUG] navigate 成功
2026-05-07 16:04:39,064 [INFO] [STEP] action=navigate model=- status=OK source=keyword_result
2026-05-07 16:04:39,064 [DEBUG]   history[0]=True
2026-05-07 16:04:39,274 [DEBUG] 截图成功: D:\Documents\pythonProject\AICASS\examples\维修厂\发布询价\result\rodski_20260507_160436\screenshots\garage_publish_inquiry_01_预处理_20260507_160439.png
2026-05-07 16:04:39,274 [DEBUG] 步骤截图: D:\Documents\pythonProject\AICASS\examples\维修厂\发布询价\result\rodski_20260507_160436\screenshots\garage_publish_inquiry_01_预处理_20260507_160439.png
2026-05-07 16:04:39,274 [DEBUG] 步骤等待 0.3s
2026-05-07 16:04:39,575 [DEBUG]   [2] type
2026-05-07 16:04:39,575 [INFO] 执行关键字: type(model=ECAgentBuyLoginPage, data=ec_agent_buy_login)
2026-05-07 16:04:39,575 [INFO] 批量输入: 模型=ECAgentBuyLoginPage, DataID=ec_agent_buy_login
2026-05-07 16:04:39,576 [DEBUG] accountTab: click css=span[type=PASSWORD]
2026-05-07 16:04:39,576 [DEBUG] 点击元素: css=span[type=PASSWORD] -> span[type=PASSWORD]
2026-05-07 16:04:39,653 [DEBUG]   ↳ 定位器 css=span[type=PASSWORD] 成功 (priority=1)
2026-05-07 16:04:39,653 [DEBUG] username: css=#userName <- '13119909586'
2026-05-07 16:04:39,653 [DEBUG] 输入文本: css=#userName -> #userName
2026-05-07 16:04:39,689 [DEBUG]   ↳ 定位器 css=#userName 成功 (priority=1)
2026-05-07 16:04:39,690 [DEBUG] password: css=#password <- '123456Aa'
2026-05-07 16:04:39,690 [DEBUG] 输入文本: css=#password -> #password
2026-05-07 16:04:39,747 [DEBUG]   ↳ 定位器 css=#password 成功 (priority=1)
2026-05-07 16:04:39,747 [DEBUG] agreeCheckbox: click css=label.br-checkbox .br-checkbox__title
2026-05-07 16:04:39,747 [DEBUG] 点击元素: css=label.br-checkbox .br-checkbox__title -> label.br-checkbox .br-checkbox__title
2026-05-07 16:04:39,798 [DEBUG]   ↳ 定位器 css=label.br-checkbox .br-checkbox__title 成功 (priority=1)
2026-05-07 16:04:39,798 [DEBUG] loginBtn: click css=.btn-submit
2026-05-07 16:04:39,798 [DEBUG] 点击元素: css=.btn-submit -> .btn-submit
2026-05-07 16:04:39,841 [DEBUG]   ↳ 定位器 css=.btn-submit 成功 (priority=1)
2026-05-07 16:04:39,841 [DEBUG] type 成功
2026-05-07 16:04:39,841 [INFO] [STEP] action=type model=ECAgentBuyLoginPage status=OK source=keyword_result
2026-05-07 16:04:39,841 [DEBUG]   history[1]={'accountTab': 'click', 'username': '13119909586', 'password': '123456Aa', 'agreeCheckbox': 'click', 'loginBtn': 'click'}
2026-05-07 16:04:40,039 [DEBUG] 截图成功: D:\Documents\pythonProject\AICASS\examples\维修厂\发布询价\result\rodski_20260507_160436\screenshots\garage_publish_inquiry_02_预处理_20260507_160439.png
2026-05-07 16:04:40,039 [DEBUG] 步骤截图: D:\Documents\pythonProject\AICASS\examples\维修厂\发布询价\result\rodski_20260507_160436\screenshots\garage_publish_inquiry_02_预处理_20260507_160439.png
2026-05-07 16:04:40,039 [DEBUG] 步骤等待 0.3s
2026-05-07 16:04:40,339 [DEBUG]   [3] wait
2026-05-07 16:04:40,340 [INFO] 执行关键字: wait(data=1)
2026-05-07 16:04:40,340 [INFO] 等待: 1秒
2026-05-07 16:04:41,341 [DEBUG] wait 成功
2026-05-07 16:04:41,341 [INFO] [STEP] action=wait model=- status=OK source=keyword_result
2026-05-07 16:04:41,341 [DEBUG]   history[2]=True
2026-05-07 16:04:41,342 [DEBUG]   [4] verify
2026-05-07 16:04:41,342 [INFO] 执行关键字: verify(model=LoginSuccessCheck, data=login_success)
2026-05-07 16:04:41,342 [INFO] 批量验证: 模型=LoginSuccessCheck, 期望数据=login_success
2026-05-07 16:04:44,874 [DEBUG] publishInquiryTab: 实际='发布询价', 期望='发布询价' → OK
2026-05-07 16:04:44,874 [INFO] 批量验证通过: 1 个字段全部匹配
2026-05-07 16:04:44,874 [DEBUG] verify 成功
2026-05-07 16:04:44,875 [INFO] [STEP] action=verify model=LoginSuccessCheck status=OK source=keyword_result
2026-05-07 16:04:44,875 [DEBUG]   history[3]={'publishInquiryTab': '发布询价', '_verify_passed': True, 'passed': True}
2026-05-07 16:04:45,059 [DEBUG] 截图成功: D:\Documents\pythonProject\AICASS\examples\维修厂\发布询价\result\rodski_20260507_160436\screenshots\garage_publish_inquiry_03_预处理_20260507_160444.png
2026-05-07 16:04:45,059 [DEBUG] 步骤截图: D:\Documents\pythonProject\AICASS\examples\维修厂\发布询价\result\rodski_20260507_160436\screenshots\garage_publish_inquiry_03_预处理_20260507_160444.png
2026-05-07 16:04:45,059 [DEBUG] 步骤等待 0.3s
2026-05-07 16:04:45,360 [DEBUG]   [1] verify
2026-05-07 16:04:45,360 [INFO] 执行关键字: verify(model=InquiryPageCheck, data=inquiry_page_ready)
2026-05-07 16:04:45,360 [INFO] 批量验证: 模型=InquiryPageCheck, 期望数据=inquiry_page_ready
2026-05-07 16:04:45,370 [DEBUG] publishInquiryTab: 实际='发布询价', 期望='发布询价' → OK
2026-05-07 16:04:45,370 [INFO] 批量验证通过: 1 个字段全部匹配
2026-05-07 16:04:45,370 [DEBUG] verify 成功
2026-05-07 16:04:45,370 [INFO] [STEP] action=verify model=InquiryPageCheck status=OK source=keyword_result
2026-05-07 16:04:45,371 [DEBUG]   history[4]={'publishInquiryTab': '发布询价', '_verify_passed': True, 'passed': True}
2026-05-07 16:04:45,514 [DEBUG] 截图成功: D:\Documents\pythonProject\AICASS\examples\维修厂\发布询价\result\rodski_20260507_160436\screenshots\garage_publish_inquiry_04_用例_20260507_160445.png
2026-05-07 16:04:45,514 [DEBUG] 步骤截图: D:\Documents\pythonProject\AICASS\examples\维修厂\发布询价\result\rodski_20260507_160436\screenshots\garage_publish_inquiry_04_用例_20260507_160445.png
2026-05-07 16:04:45,514 [DEBUG] 步骤等待 0.3s
2026-05-07 16:04:45,815 [DEBUG]   [2] type
2026-05-07 16:04:45,815 [INFO] 执行关键字: type(model=InquiryVinForm, data=input_target_vin)
2026-05-07 16:04:45,815 [INFO] 批量输入: 模型=InquiryVinForm, DataID=input_target_vin
2026-05-07 16:04:45,816 [DEBUG] vinInput: xpath=//input[contains(translate(@placeholder,'vin','VIN'),'VIN')] <- 'LBVFR790XBSD31722'
2026-05-07 16:04:45,816 [DEBUG] 输入文本: xpath=//input[contains(translate(@placeholder,'vin','VIN'),'VIN')] -> //input[contains(translate(@placeholder,'vin','VIN'),'VIN')]
2026-05-07 16:04:45,857 [DEBUG]   ↳ 定位器 xpath=//input[contains(translate(@placeholder,'vin','VIN'),'VIN')] 成功 (priority=1)
2026-05-07 16:04:45,857 [DEBUG] vinInputSubmit: 按键 'Enter'
2026-05-07 16:04:45,881 [DEBUG]   ↳ 定位器 xpath=//input[contains(translate(@placeholder,'vin','VIN'),'VIN')] 成功 (priority=1)
2026-05-07 16:04:45,881 [DEBUG] type 成功
2026-05-07 16:04:45,881 [INFO] [STEP] action=type model=InquiryVinForm status=OK source=keyword_result
2026-05-07 16:04:45,881 [DEBUG]   history[5]={'vinInput': 'LBVFR790XBSD31722', 'vinInputSubmit': 'key_press【Enter】'}
2026-05-07 16:04:46,115 [DEBUG] 截图成功: D:\Documents\pythonProject\AICASS\examples\维修厂\发布询价\result\rodski_20260507_160436\screenshots\garage_publish_inquiry_05_用例_20260507_160445.png
2026-05-07 16:04:46,115 [DEBUG] 步骤截图: D:\Documents\pythonProject\AICASS\examples\维修厂\发布询价\result\rodski_20260507_160436\screenshots\garage_publish_inquiry_05_用例_20260507_160445.png
2026-05-07 16:04:46,116 [DEBUG] 步骤等待 0.3s
2026-05-07 16:04:46,416 [DEBUG]   [3] evaluate
2026-05-07 16:04:46,417 [INFO] 执行关键字: evaluate(data=(async()=>{const sleep=ms=>new Promise(r=>setTimeout(r,ms));const norm=s=>(s||'').replace(/\s+/g,'').trim();const visible=el=>!!el&&el.isConnected&&!!(el.offsetWidth||el.offsetHeight||el.getClientRects().length);for(let i=0;i<20;i++){const btn=[...document.querySelectorAll('.br-modal button,.br-modal a,[role=dialog] button,[role=dialog] a,button,a')].find(el=>visible(el)&&(norm(el.textContent).includes('不追加，发布新的询价单')||norm(el.textContent).includes('不追加')||norm(el.textContent).includes('发布新询价单')));if(btn){btn.scrollIntoView({block:'center'});btn.click();await sleep(500);return 'duplicate_vin_modal_confirmed';}if(document.querySelector('table textarea, table input:not([disabled])'))return 'no_duplicate_vin_modal';await sleep(250);}return 'duplicate_vin_modal_not_present';})())
2026-05-07 16:04:46,417 [INFO] 执行 JS: (async()=>{const sleep=ms=>new Promise(r=>setTimeout(r,ms));const norm=s=>(s||'').replace(/\s+/g,'').trim();const visible=el=>!!el&&el.isConnected&&!!(el.offsetWidth||el.offsetHeight||el.getClientRect
2026-05-07 16:04:46,940 [INFO] JS 结果: duplicate_vin_modal_confirmed
2026-05-07 16:04:46,941 [DEBUG] evaluate 成功
2026-05-07 16:04:46,941 [INFO] [STEP] action=evaluate model=- status=OK source=evaluate
2026-05-07 16:04:46,941 [DEBUG]   history[6]='duplicate_vin_modal_confirmed'
2026-05-07 16:04:47,085 [DEBUG] 截图成功: D:\Documents\pythonProject\AICASS\examples\维修厂\发布询价\result\rodski_20260507_160436\screenshots\garage_publish_inquiry_06_用例_20260507_160446.png
2026-05-07 16:04:47,085 [DEBUG] 步骤截图: D:\Documents\pythonProject\AICASS\examples\维修厂\发布询价\result\rodski_20260507_160436\screenshots\garage_publish_inquiry_06_用例_20260507_160446.png
2026-05-07 16:04:47,085 [DEBUG] 步骤等待 0.3s
2026-05-07 16:04:47,385 [DEBUG]   [4] type
2026-05-07 16:04:47,385 [INFO] 执行关键字: type(model=InquiryPartForm, data=input_first_part_name)
2026-05-07 16:04:47,386 [INFO] 批量输入: 模型=InquiryPartForm, DataID=input_first_part_name
2026-05-07 16:04:47,386 [DEBUG] partNameInputFirst: xpath=//table//tbody/tr[1]/td[2]//*[self::textarea or self::input][not(@disabled)] <- '火花塞'
2026-05-07 16:04:47,386 [DEBUG] 输入文本: xpath=//table//tbody/tr[1]/td[2]//*[self::textarea or self::input][not(@disabled)] -> //table//tbody/tr[1]/td[2]//*[self::textarea or self::input][not(@disabled)]
2026-05-07 16:04:47,419 [DEBUG]   ↳ 定位器 xpath=//table//tbody/tr[1]/td[2]//*[self::textarea or self::input][not(@disabled)] 成功 (priority=1)
2026-05-07 16:04:47,419 [DEBUG] partNameInputFirstSubmit: 按键 'Enter'
2026-05-07 16:04:47,438 [DEBUG]   ↳ 定位器 xpath=//table//tbody/tr[1]/td[2]//*[self::textarea or self::input][not(@disabled)] 成功 (priority=1)
2026-05-07 16:04:47,438 [DEBUG] type 成功
2026-05-07 16:04:47,438 [INFO] [STEP] action=type model=InquiryPartForm status=OK source=keyword_result
2026-05-07 16:04:47,438 [DEBUG]   history[7]={'partNameInputFirst': '火花塞', 'partNameInputFirstSubmit': 'key_press【Enter】'}
2026-05-07 16:04:47,588 [DEBUG] 截图成功: D:\Documents\pythonProject\AICASS\examples\维修厂\发布询价\result\rodski_20260507_160436\screenshots\garage_publish_inquiry_07_用例_20260507_160447.png
2026-05-07 16:04:47,588 [DEBUG] 步骤截图: D:\Documents\pythonProject\AICASS\examples\维修厂\发布询价\result\rodski_20260507_160436\screenshots\garage_publish_inquiry_07_用例_20260507_160447.png
2026-05-07 16:04:47,588 [DEBUG] 步骤等待 0.3s
2026-05-07 16:04:47,889 [DEBUG]   [5] evaluate
2026-05-07 16:04:47,889 [INFO] 执行关键字: evaluate(data=(async()=>{const sleep=ms=>new Promise(r=>setTimeout(r,ms));const visible=el=>!!el&&el.isConnected&&!!(el.offsetWidth||el.offsetHeight||el.getClientRects().length);const enabled=el=>visible(el)&&!el.disabled&&!String(el.className||'').includes('disabled');for(let i=0;i<80;i++){const btn=document.querySelector('.save-inquiry,input.save-inquiry')||[...document.querySelectorAll('button,input,span')].find(el=>visible(el)&&(el.value==='发布询价'||String(el.textContent||'').trim()==='发布询价'));if(enabled(btn))return 'publish_button_ready';await sleep(250);}throw new Error('发布询价按钮未就绪，页面文本='+(document.body.innerText||'').slice(0,300));})())
2026-05-07 16:04:47,890 [INFO] 执行 JS: (async()=>{const sleep=ms=>new Promise(r=>setTimeout(r,ms));const visible=el=>!!el&&el.isConnected&&!!(el.offsetWidth||el.offsetHeight||el.getClientRects().length);const enabled=el=>visible(el)&&!el.d
2026-05-07 16:04:47,904 [INFO] JS 结果: publish_button_ready
2026-05-07 16:04:47,904 [DEBUG] evaluate 成功
2026-05-07 16:04:47,904 [INFO] [STEP] action=evaluate model=- status=OK source=evaluate
2026-05-07 16:04:47,904 [DEBUG]   history[8]='publish_button_ready'
2026-05-07 16:04:48,060 [DEBUG] 截图成功: D:\Documents\pythonProject\AICASS\examples\维修厂\发布询价\result\rodski_20260507_160436\screenshots\garage_publish_inquiry_08_用例_20260507_160447.png
2026-05-07 16:04:48,060 [DEBUG] 步骤截图: D:\Documents\pythonProject\AICASS\examples\维修厂\发布询价\result\rodski_20260507_160436\screenshots\garage_publish_inquiry_08_用例_20260507_160447.png
2026-05-07 16:04:48,060 [DEBUG] 步骤等待 0.3s
2026-05-07 16:04:48,361 [DEBUG]   [6] type
2026-05-07 16:04:48,361 [INFO] 执行关键字: type(model=InquiryPublishAction, data=publish_inquiry)
2026-05-07 16:04:48,362 [INFO] 批量输入: 模型=InquiryPublishAction, DataID=publish_inquiry
2026-05-07 16:04:48,362 [DEBUG] publishInquiryBtn: click css=.save-inquiry
2026-05-07 16:04:48,362 [DEBUG] 点击元素: css=.save-inquiry -> .save-inquiry
2026-05-07 16:04:48,438 [DEBUG]   ↳ 定位器 css=.save-inquiry 成功 (priority=1)
2026-05-07 16:04:48,438 [DEBUG] type 成功
2026-05-07 16:04:48,438 [INFO] [STEP] action=type model=InquiryPublishAction status=OK source=keyword_result
2026-05-07 16:04:48,438 [DEBUG]   history[9]={'publishInquiryBtn': 'click'}
2026-05-07 16:04:48,573 [DEBUG] 截图成功: D:\Documents\pythonProject\AICASS\examples\维修厂\发布询价\result\rodski_20260507_160436\screenshots\garage_publish_inquiry_09_用例_20260507_160448.png
2026-05-07 16:04:48,574 [DEBUG] 步骤截图: D:\Documents\pythonProject\AICASS\examples\维修厂\发布询价\result\rodski_20260507_160436\screenshots\garage_publish_inquiry_09_用例_20260507_160448.png
2026-05-07 16:04:48,574 [DEBUG] 步骤等待 0.3s
2026-05-07 16:04:48,874 [DEBUG]   [7] wait
2026-05-07 16:04:48,874 [INFO] 执行关键字: wait(data=1)
2026-05-07 16:04:48,875 [INFO] 等待: 1秒
2026-05-07 16:04:49,875 [DEBUG] wait 成功
2026-05-07 16:04:49,875 [INFO] [STEP] action=wait model=- status=OK source=keyword_result
2026-05-07 16:04:49,876 [DEBUG]   history[10]=True
2026-05-07 16:04:49,876 [DEBUG]   [8] evaluate
2026-05-07 16:04:49,876 [INFO] 执行关键字: evaluate(data=(()=>{const norm=s=>(s||'').replace(/\s+/g,'').trim();const visible=el=>!!el&&el.isConnected&&!!(el.offsetWidth||el.offsetHeight||el.getClientRects().length);const btn=[...document.querySelectorAll('.br-modal button,.br-modal a,[role=dialog] button,[role=dialog] a,button,a')].find(el=>visible(el)&&(norm(el.textContent).includes('不追加，发布新询价单')||norm(el.textContent).includes('不追加，发布新的询价单')||norm(el.textContent).includes('不追加')));if(btn){btn.scrollIntoView({block:'center'});btn.click();return 'publish_duplicate_vin_new_inquiry_clicked';}return 'publish_duplicate_vin_modal_not_present';})())
2026-05-07 16:04:49,876 [INFO] 执行 JS: (()=>{const norm=s=>(s||'').replace(/\s+/g,'').trim();const visible=el=>!!el&&el.isConnected&&!!(el.offsetWidth||el.offsetHeight||el.getClientRects().length);const btn=[...document.querySelectorAll('.
2026-05-07 16:04:49,913 [INFO] JS 结果: publish_duplicate_vin_modal_not_present
2026-05-07 16:04:49,913 [DEBUG] evaluate 成功
2026-05-07 16:04:49,913 [INFO] [STEP] action=evaluate model=- status=OK source=evaluate
2026-05-07 16:04:49,913 [DEBUG]   history[11]='publish_duplicate_vin_modal_not_present'
2026-05-07 16:04:50,095 [DEBUG] 截图成功: D:\Documents\pythonProject\AICASS\examples\维修厂\发布询价\result\rodski_20260507_160436\screenshots\garage_publish_inquiry_10_用例_20260507_160449.png
2026-05-07 16:04:50,096 [DEBUG] 步骤截图: D:\Documents\pythonProject\AICASS\examples\维修厂\发布询价\result\rodski_20260507_160436\screenshots\garage_publish_inquiry_10_用例_20260507_160449.png
2026-05-07 16:04:50,096 [DEBUG] 步骤等待 0.3s
2026-05-07 16:04:50,397 [DEBUG]   [9] wait
2026-05-07 16:04:50,397 [INFO] 执行关键字: wait(data=2)
2026-05-07 16:04:50,397 [INFO] 等待: 2秒
2026-05-07 16:04:52,398 [DEBUG] wait 成功
2026-05-07 16:04:52,398 [INFO] [STEP] action=wait model=- status=OK source=keyword_result
2026-05-07 16:04:52,398 [DEBUG]   history[12]=True
2026-05-07 16:04:52,399 [DEBUG]   [10] verify
2026-05-07 16:04:52,399 [INFO] 执行关键字: verify(model=InquiryPublishSuccessCheck, data=publish_success_generated_inquiry_id)
2026-05-07 16:04:52,399 [INFO] 批量验证: 模型=InquiryPublishSuccessCheck, 期望数据=publish_success_generated_inquiry_id
2026-05-07 16:04:52,429 [DEBUG] inquiryIdLabelWithGeneratedNo: 实际='询价单：', 期望='询价单：' → OK
2026-05-07 16:04:52,430 [INFO] 批量验证通过: 1 个字段全部匹配
2026-05-07 16:04:52,430 [DEBUG] verify 成功
2026-05-07 16:04:52,430 [INFO] [STEP] action=verify model=InquiryPublishSuccessCheck status=OK source=keyword_result
2026-05-07 16:04:52,431 [DEBUG]   history[13]={'inquiryIdLabelWithGeneratedNo': '询价单：', '_verify_passed': True, 'passed': True}
2026-05-07 16:04:52,605 [DEBUG] 截图成功: D:\Documents\pythonProject\AICASS\examples\维修厂\发布询价\result\rodski_20260507_160436\screenshots\garage_publish_inquiry_11_用例_20260507_160452.png
2026-05-07 16:04:52,605 [DEBUG] 步骤截图: D:\Documents\pythonProject\AICASS\examples\维修厂\发布询价\result\rodski_20260507_160436\screenshots\garage_publish_inquiry_11_用例_20260507_160452.png
2026-05-07 16:04:52,605 [DEBUG] 步骤等待 0.3s
2026-05-07 16:04:52,905 [DEBUG]   [11] evaluate
2026-05-07 16:04:52,906 [INFO] 执行关键字: evaluate(data=(()=>{const text=document.body.innerText||'';if(!text.includes('LBVFR790XBSD31722'))throw new Error('发布成功页未展示目标VIN：LBVFR790XBSD31722');const m=text.match(/询价单[：:\s]*(B[A-Za-z0-9]+)/)||text.match(/\b(B[A-Za-z0-9]{6,})\b/);if(!m)throw new Error('未提取到B开头询价单号，页面文本='+text.slice(0,300));return m[1];})())
2026-05-07 16:04:52,906 [INFO] 执行 JS: (()=>{const text=document.body.innerText||'';if(!text.includes('LBVFR790XBSD31722'))throw new Error('发布成功页未展示目标VIN：LBVFR790XBSD31722');const m=text.match(/询价单[：:\s]*(B[A-Za-z0-9]+)/)||text.match(/\b(B
2026-05-07 16:04:52,917 [INFO] JS 结果: B26050704156
2026-05-07 16:04:52,918 [DEBUG] evaluate 成功
2026-05-07 16:04:52,918 [INFO] [STEP] action=evaluate model=- status=OK source=evaluate
2026-05-07 16:04:52,918 [DEBUG]   history[14]='B26050704156'
2026-05-07 16:04:53,074 [DEBUG] 截图成功: D:\Documents\pythonProject\AICASS\examples\维修厂\发布询价\result\rodski_20260507_160436\screenshots\garage_publish_inquiry_12_用例_20260507_160452.png
2026-05-07 16:04:53,074 [DEBUG] 步骤截图: D:\Documents\pythonProject\AICASS\examples\维修厂\发布询价\result\rodski_20260507_160436\screenshots\garage_publish_inquiry_12_用例_20260507_160452.png
2026-05-07 16:04:53,074 [DEBUG] 步骤等待 0.3s
2026-05-07 16:04:53,375 [DEBUG]   [12] set
2026-05-07 16:04:53,375 [INFO] 执行关键字: set(value=published_inquiry_no=${Return[-1]})
2026-05-07 16:04:53,376 [INFO] set: published_inquiry_no = 'B26050704156'
2026-05-07 16:04:53,376 [DEBUG] set 成功
2026-05-07 16:04:53,376 [INFO] [STEP] action=set model=- status=OK source=keyword_result
2026-05-07 16:04:53,377 [DEBUG]   history[15]='B26050704156'
2026-05-07 16:04:53,377 [DEBUG]   named={'published_inquiry_no': 'B26050704156'}
2026-05-07 16:04:53,538 [DEBUG] 截图成功: D:\Documents\pythonProject\AICASS\examples\维修厂\发布询价\result\rodski_20260507_160436\screenshots\garage_publish_inquiry_13_用例_20260507_160453.png
2026-05-07 16:04:53,538 [DEBUG] 步骤截图: D:\Documents\pythonProject\AICASS\examples\维修厂\发布询价\result\rodski_20260507_160436\screenshots\garage_publish_inquiry_13_用例_20260507_160453.png
2026-05-07 16:04:53,538 [DEBUG] 步骤等待 0.3s
2026-05-07 16:04:53,839 [DEBUG]   [13] screenshot
2026-05-07 16:04:53,839 [INFO] 执行关键字: screenshot(data=01_publish_inquiry_success.png)
2026-05-07 16:04:53,840 [INFO] 截图: D:\Documents\pythonProject\AICASS\examples\维修厂\发布询价\01_publish_inquiry_success.png
2026-05-07 16:04:53,979 [DEBUG] 截图成功: D:\Documents\pythonProject\AICASS\examples\维修厂\发布询价\01_publish_inquiry_success.png
2026-05-07 16:04:53,979 [DEBUG] screenshot 成功
2026-05-07 16:04:53,979 [INFO] [STEP] action=screenshot model=- status=OK source=keyword_result
2026-05-07 16:04:53,980 [DEBUG]   history[15]='B26050704156'
2026-05-07 16:04:53,980 [DEBUG]   named={'published_inquiry_no': 'B26050704156'}
2026-05-07 16:04:54,116 [DEBUG] 截图成功: D:\Documents\pythonProject\AICASS\examples\维修厂\发布询价\result\rodski_20260507_160436\screenshots\garage_publish_inquiry_14_用例_20260507_160453.png
2026-05-07 16:04:54,116 [DEBUG] 步骤截图: D:\Documents\pythonProject\AICASS\examples\维修厂\发布询价\result\rodski_20260507_160436\screenshots\garage_publish_inquiry_14_用例_20260507_160453.png
2026-05-07 16:04:54,116 [DEBUG] 步骤等待 0.3s
2026-05-07 16:04:54,417 [DEBUG]   [1] close
2026-05-07 16:04:54,417 [INFO] 执行关键字: close()
2026-05-07 16:04:54,417 [INFO] 关闭浏览器
2026-05-07 16:04:54,775 [DEBUG] close 成功
2026-05-07 16:04:54,775 [INFO] [STEP] action=close model=- status=OK source=keyword_result
2026-05-07 16:04:54,775 [DEBUG]   history[16]=True
2026-05-07 16:04:54,775 [DEBUG]   named={'published_inquiry_no': 'B26050704156'}
2026-05-07 16:04:54,775 [INFO] 浏览器已关闭
2026-05-07 16:04:54,776 [INFO] execution_summary.json 已写入: D:\Documents\pythonProject\AICASS\examples\维修厂\发布询价\result\rodski_20260507_160436\execution_summary.json
2026-05-07 16:04:54,777 [INFO]   PASS (18.448s)
2026-05-07 16:04:54,788 [INFO] 结果已写入 rodski_20260507_160436/result.xml: 总计 1 条, 通过 1 条, 失败 0 条, 通过率 100.0%
