2026-05-08 10:52:12,023 [INFO] 执行用例 1/3: LOGIN_001 - 未登录直接访问管理中心首页应被认证拦截
2026-05-08 10:52:12,024 [DEBUG]   [1] navigate
2026-05-08 10:52:12,024 [DEBUG] 数据解析: 'GlobalValue.Env.admin_url' -> 'https://ec-hwbeta.casstime.com/admin#'
2026-05-08 10:52:12,024 [INFO] 执行关键字: navigate(data=https://ec-hwbeta.casstime.com/admin#)
2026-05-08 10:52:12,024 [INFO] 导航: https://ec-hwbeta.casstime.com/admin#
2026-05-08 10:52:15,960 [DEBUG] 导航成功: https://ec-hwbeta.casstime.com/admin#
2026-05-08 10:52:15,960 [DEBUG] navigate 成功
2026-05-08 10:52:15,960 [INFO] [STEP] action=navigate model=- status=OK source=keyword_result
2026-05-08 10:52:15,960 [DEBUG]   history[0]=True
2026-05-08 10:52:16,153 [DEBUG] 截图成功: D:\Documents\pythonProject\AICASS\examples\管理中心\登录\result\rodski_20260508_105212\screenshots\LOGIN_001_01_用例_20260508_105215.png
2026-05-08 10:52:16,153 [DEBUG] 步骤截图: D:\Documents\pythonProject\AICASS\examples\管理中心\登录\result\rodski_20260508_105212\screenshots\LOGIN_001_01_用例_20260508_105215.png
2026-05-08 10:52:16,154 [DEBUG] 步骤等待 0.001s
2026-05-08 10:52:16,155 [DEBUG]   [2] wait
2026-05-08 10:52:16,155 [INFO] 执行关键字: wait(data=2)
2026-05-08 10:52:16,155 [INFO] 等待: 2秒
2026-05-08 10:52:18,156 [DEBUG] wait 成功
2026-05-08 10:52:18,156 [INFO] [STEP] action=wait model=- status=OK source=keyword_result
2026-05-08 10:52:18,156 [DEBUG]   history[1]=True
2026-05-08 10:52:18,156 [DEBUG]   [3] evaluate
2026-05-08 10:52:18,156 [INFO] 执行关键字: evaluate(data=(() => { const text = document.body ? document.body.innerText : ''; const hasHomeFrame = !!document.querySelector('#iframeCon'); const hasLoginControl = !!document.querySelector('input[name="username"], input[name="password"], input[type="password"]'); const looksLikeLogin = hasLoginControl || /login|passport|登录|登入/i.test(location.href + ' ' + text); if (hasHomeFrame) { throw new Error('未登录访问 /systemMgr/admin 时不应进入管理中心首页'); } if (looksLikeLogin || text.trim() === '') { return 'unauthenticated-blocked'; } return 'unauthenticated-blocked-with-message'; })())
2026-05-08 10:52:18,157 [INFO] 执行 JS: (() => { const text = document.body ? document.body.innerText : ''; const hasHomeFrame = !!document.querySelector('#iframeCon'); const hasLoginControl = !!document.querySelector('input[name="username"
2026-05-08 10:52:18,163 [INFO] JS 结果: unauthenticated-blocked
2026-05-08 10:52:18,163 [DEBUG] evaluate 成功
2026-05-08 10:52:18,163 [INFO] [STEP] action=evaluate model=- status=OK source=evaluate
2026-05-08 10:52:18,163 [DEBUG]   history[2]='unauthenticated-blocked'
2026-05-08 10:52:18,337 [DEBUG] 截图成功: D:\Documents\pythonProject\AICASS\examples\管理中心\登录\result\rodski_20260508_105212\screenshots\LOGIN_001_02_用例_20260508_105218.png
2026-05-08 10:52:18,337 [DEBUG] 步骤截图: D:\Documents\pythonProject\AICASS\examples\管理中心\登录\result\rodski_20260508_105212\screenshots\LOGIN_001_02_用例_20260508_105218.png
2026-05-08 10:52:18,338 [DEBUG] 步骤等待 0.001s
2026-05-08 10:52:18,339 [DEBUG]   [1] close
2026-05-08 10:52:18,339 [INFO] 执行关键字: close()
2026-05-08 10:52:18,339 [INFO] 关闭浏览器
2026-05-08 10:52:18,700 [DEBUG] close 成功
2026-05-08 10:52:18,700 [INFO] [STEP] action=close model=- status=OK source=keyword_result
2026-05-08 10:52:18,700 [DEBUG]   history[3]=True
2026-05-08 10:52:18,700 [INFO] 浏览器已关闭
2026-05-08 10:52:18,701 [INFO] execution_summary.json 已写入: D:\Documents\pythonProject\AICASS\examples\管理中心\登录\result\rodski_20260508_105212\execution_summary.json
2026-05-08 10:52:18,701 [INFO]   PASS (6.678s)
2026-05-08 10:52:18,701 [INFO] 用例 2/3: 驱动已关闭，重新创建浏览器...
2026-05-08 10:52:18,701 [INFO] 驱动已关闭，重新创建驱动...
2026-05-08 10:52:19,326 [INFO] 驱动重新创建成功
2026-05-08 10:52:19,326 [INFO] 新浏览器已启动
2026-05-08 10:52:19,326 [INFO] 执行用例 2/3: LOGIN_002 - 使用有效账号登录后进入管理中心首页
2026-05-08 10:52:19,327 [DEBUG]   [1] navigate
2026-05-08 10:52:19,327 [DEBUG] 数据解析: 'GlobalValue.Env.admin_url' -> 'https://ec-hwbeta.casstime.com/admin#'
2026-05-08 10:52:19,327 [INFO] 执行关键字: navigate(data=https://ec-hwbeta.casstime.com/admin#)
2026-05-08 10:52:19,327 [INFO] 导航: https://ec-hwbeta.casstime.com/admin#
2026-05-08 10:52:21,933 [DEBUG] 导航成功: https://ec-hwbeta.casstime.com/admin#
2026-05-08 10:52:21,934 [DEBUG] navigate 成功
2026-05-08 10:52:21,934 [INFO] [STEP] action=navigate model=- status=OK source=keyword_result
2026-05-08 10:52:21,934 [DEBUG]   history[0]=True
2026-05-08 10:52:22,116 [DEBUG] 截图成功: D:\Documents\pythonProject\AICASS\examples\管理中心\登录\result\rodski_20260508_105212\screenshots\LOGIN_002_01_用例_20260508_105221.png
2026-05-08 10:52:22,116 [DEBUG] 步骤截图: D:\Documents\pythonProject\AICASS\examples\管理中心\登录\result\rodski_20260508_105212\screenshots\LOGIN_002_01_用例_20260508_105221.png
2026-05-08 10:52:22,116 [DEBUG] 步骤等待 0.001s
2026-05-08 10:52:22,117 [DEBUG]   [2] wait
2026-05-08 10:52:22,117 [INFO] 执行关键字: wait(data=2)
2026-05-08 10:52:22,117 [INFO] 等待: 2秒
2026-05-08 10:52:24,117 [DEBUG] wait 成功
2026-05-08 10:52:24,117 [INFO] [STEP] action=wait model=- status=OK source=keyword_result
2026-05-08 10:52:24,117 [DEBUG]   history[1]=True
2026-05-08 10:52:24,118 [DEBUG]   [3] type
2026-05-08 10:52:24,118 [INFO] 执行关键字: type(model=PassportLogin, data=ValidCredential)
2026-05-08 10:52:24,118 [INFO] 批量输入: 模型=PassportLogin, DataID=ValidCredential
2026-05-08 10:52:24,118 [DEBUG] username: name=username <- 'mandy'
2026-05-08 10:52:24,118 [DEBUG] 输入文本: name=username -> [name="username"]
2026-05-08 10:52:39,149 [DEBUG] 尝试清空后输入...
2026-05-08 10:52:42,168 [DEBUG] 尝试 JavaScript 输入...
2026-05-08 10:52:42,176 [DEBUG]   ↳ 定位器 name=username 成功 (priority=1)
2026-05-08 10:52:42,176 [DEBUG] password: name=password <- '***'
2026-05-08 10:52:42,176 [DEBUG] 输入文本: name=password -> [name="password"]
2026-05-08 10:52:57,211 [DEBUG] 尝试清空后输入...
2026-05-08 10:53:00,237 [DEBUG] 尝试 JavaScript 输入...
2026-05-08 10:53:00,249 [DEBUG]   ↳ 定位器 name=password 成功 (priority=1)
2026-05-08 10:53:00,249 [DEBUG] agreement: click css=#privacy-agreement-list
2026-05-08 10:53:00,249 [DEBUG] 点击元素: css=#privacy-agreement-list -> #privacy-agreement-list
2026-05-08 10:53:00,325 [DEBUG]   ↳ 定位器 css=#privacy-agreement-list 成功 (priority=1)
2026-05-08 10:53:00,325 [DEBUG] submit: click css=input.btn-submit
2026-05-08 10:53:00,325 [DEBUG] 点击元素: css=input.btn-submit -> input.btn-submit
2026-05-08 10:53:00,390 [DEBUG]   ↳ 定位器 css=input.btn-submit 成功 (priority=1)
2026-05-08 10:53:00,390 [DEBUG] type 成功
2026-05-08 10:53:00,390 [INFO] [STEP] action=type model=PassportLogin status=OK source=keyword_result
2026-05-08 10:53:00,391 [DEBUG]   history[2]={'username': 'mandy', 'password': 'Init@1125!@#$.Password', 'agreement': 'click', 'submit': 'click'}
2026-05-08 10:53:00,632 [DEBUG] 截图成功: D:\Documents\pythonProject\AICASS\examples\管理中心\登录\result\rodski_20260508_105212\screenshots\LOGIN_002_02_用例_20260508_105300.png
2026-05-08 10:53:00,632 [DEBUG] 步骤截图: D:\Documents\pythonProject\AICASS\examples\管理中心\登录\result\rodski_20260508_105212\screenshots\LOGIN_002_02_用例_20260508_105300.png
2026-05-08 10:53:00,632 [DEBUG] 步骤等待 0.001s
2026-05-08 10:53:00,634 [DEBUG]   [4] wait
2026-05-08 10:53:00,634 [INFO] 执行关键字: wait(data=5)
2026-05-08 10:53:00,634 [INFO] 等待: 5秒
2026-05-08 10:53:05,635 [DEBUG] wait 成功
2026-05-08 10:53:05,635 [INFO] [STEP] action=wait model=- status=OK source=keyword_result
2026-05-08 10:53:05,635 [DEBUG]   history[3]=True
2026-05-08 10:53:05,635 [DEBUG]   [5] evaluate
2026-05-08 10:53:05,636 [INFO] 执行关键字: evaluate(data=(() => { const text = document.body ? document.body.innerText : ''; const userLogin = document.querySelector('#userLogin')?.value || ''; const hasFrame = !!document.querySelector('#iframeCon'); const hasLogo = text.includes('开思') && text.includes('管理中心'); if ((hasFrame || hasLogo) && (userLogin === 'mandy' || text.includes('管理中心'))) { return 'login-success'; } throw new Error('登录后未进入管理中心首页，currentUrl=' + location.href + ', userLogin=' + userLogin); })())
2026-05-08 10:53:05,636 [INFO] 执行 JS: (() => { const text = document.body ? document.body.innerText : ''; const userLogin = document.querySelector('#userLogin')?.value || ''; const hasFrame = !!document.querySelector('#iframeCon'); const 
2026-05-08 10:53:05,646 [ERROR] ❌ 驱动操作失败: [SKI302] JavaScript 执行失败: Page.evaluate: Error: 登录后未进入管理中心首页，currentUrl=https://ec-hwbeta.casstime.com/passport/login, userLogin=
    at eval (eval at evaluate (:234:30), <anonymous>:1:370)
    at eval (eval at evaluate (:234:30), <anonymous>:1:456)
    at eval (<anonymous>)
    at UtilityScript.evaluate (<anonymous>:234:30)
    at UtilityScript.<anonymous> (<anonymous>:1:44)
2026-05-08 10:53:05,646 [ERROR] ❌ 重试 1 次后仍失败: [SKI302] JavaScript 执行失败: Page.evaluate: Error: 登录后未进入管理中心首页，currentUrl=https://ec-hwbeta.casstime.com/passport/login, userLogin=
    at eval (eval at evaluate (:234:30), <anonymous>:1:370)
    at eval (eval at evaluate (:234:30), <anonymous>:1:456)
    at eval (<anonymous>)
    at UtilityScript.evaluate (<anonymous>:234:30)
    at UtilityScript.<anonymous> (<anonymous>:1:44)
2026-05-08 10:53:05,646 [ERROR] 用例阶段失败: [SKI313] 关键字 'evaluate' 重试 1 次后仍失败: [SKI302] JavaScript 执行失败: Page.evaluate: Error: 登录后未进入管理中心首页，currentUrl=https://ec-hwbeta.casstime.com/passport/login, userLogin=
    at eval (eval at evaluate (:234:30), <anonymous>:1:370)
    at eval (eval at evaluate (:234:30), <anonymous>:1:456)
    at eval (<anonymous>)
    at UtilityScript.evaluate (<anonymous>:234:30)
    at UtilityScript.<anonymous> (<anonymous>:1:44)
  keyword: evaluate
2026-05-08 10:53:35,663 [ERROR] screenshot 失败: D:\Documents\pythonProject\AICASS\examples\管理中心\登录\result\rodski_20260508_105212\screenshots\LOGIN_002_20260508_105305_failure.png, 错误: Page.screenshot: Timeout 30000ms exceeded.
Call log:
  - taking page screenshot
  -   - waiting for fonts to load...
  -   - fonts loaded

2026-05-08 10:53:35,663 [WARNING] 截图失败: D:\Documents\pythonProject\AICASS\examples\管理中心\登录\result\rodski_20260508_105212\screenshots\LOGIN_002_20260508_105305_failure.png
2026-05-08 10:53:35,663 [DEBUG]   [1] close
2026-05-08 10:53:35,663 [INFO] 执行关键字: close()
2026-05-08 10:53:35,663 [INFO] 关闭浏览器
2026-05-08 10:53:36,055 [DEBUG] close 成功
2026-05-08 10:53:36,055 [INFO] [STEP] action=close model=- status=OK source=keyword_result
2026-05-08 10:53:36,055 [DEBUG]   history[4]=True
2026-05-08 10:53:36,055 [INFO] 浏览器已关闭
2026-05-08 10:53:36,056 [INFO] execution_summary.json 已写入: D:\Documents\pythonProject\AICASS\examples\管理中心\登录\result\rodski_20260508_105212\execution_summary.json
2026-05-08 10:53:36,056 [INFO]   FAIL (76.729s)
2026-05-08 10:53:36,056 [ERROR]   错误: [SKI313] 关键字 'evaluate' 重试 1 次后仍失败: [SKI302] JavaScript 执行失败: Page.evaluate: Error: 登录后未进入管理中心首页，currentUrl=https://ec-hwbeta.casstime.com/passport/login, userLogin=
    at eval (eval at evaluate (:234:30), <anonymous>:1:370)
    at eval (eval at evaluate (:234:30), <anonymous>:1:456)
    at eval (<anonymous>)
    at UtilityScript.evaluate (<anonymous>:234:30)
    at UtilityScript.<anonymous> (<anonymous>:1:44)
  keyword: evaluate
2026-05-08 10:53:36,056 [INFO] 用例 3/3: 驱动已关闭，重新创建浏览器...
2026-05-08 10:53:36,056 [INFO] 驱动已关闭，重新创建驱动...
2026-05-08 10:53:36,683 [INFO] 驱动重新创建成功
2026-05-08 10:53:36,684 [INFO] 新浏览器已启动
2026-05-08 10:53:36,684 [INFO] 执行用例 3/3: LOGIN_003 - 登录后点击退出应清除会话并离开管理中心首页
2026-05-08 10:53:36,684 [DEBUG]   [1] navigate
2026-05-08 10:53:36,684 [DEBUG] 数据解析: 'GlobalValue.Env.admin_url' -> 'https://ec-hwbeta.casstime.com/admin#'
2026-05-08 10:53:36,685 [INFO] 执行关键字: navigate(data=https://ec-hwbeta.casstime.com/admin#)
2026-05-08 10:53:36,685 [INFO] 导航: https://ec-hwbeta.casstime.com/admin#
2026-05-08 10:53:39,452 [DEBUG] 导航成功: https://ec-hwbeta.casstime.com/admin#
2026-05-08 10:53:39,452 [DEBUG] navigate 成功
2026-05-08 10:53:39,452 [INFO] [STEP] action=navigate model=- status=OK source=keyword_result
2026-05-08 10:53:39,452 [DEBUG]   history[0]=True
2026-05-08 10:53:39,635 [DEBUG] 截图成功: D:\Documents\pythonProject\AICASS\examples\管理中心\登录\result\rodski_20260508_105212\screenshots\LOGIN_003_01_用例_20260508_105339.png
2026-05-08 10:53:39,635 [DEBUG] 步骤截图: D:\Documents\pythonProject\AICASS\examples\管理中心\登录\result\rodski_20260508_105212\screenshots\LOGIN_003_01_用例_20260508_105339.png
2026-05-08 10:53:39,635 [DEBUG] 步骤等待 0.001s
2026-05-08 10:53:39,637 [DEBUG]   [2] wait
2026-05-08 10:53:39,637 [INFO] 执行关键字: wait(data=2)
2026-05-08 10:53:39,637 [INFO] 等待: 2秒
2026-05-08 10:53:41,637 [DEBUG] wait 成功
2026-05-08 10:53:41,638 [INFO] [STEP] action=wait model=- status=OK source=keyword_result
2026-05-08 10:53:41,638 [DEBUG]   history[1]=True
2026-05-08 10:53:41,638 [DEBUG]   [3] type
2026-05-08 10:53:41,638 [INFO] 执行关键字: type(model=PassportLogin, data=ValidCredential)
2026-05-08 10:53:41,638 [INFO] 批量输入: 模型=PassportLogin, DataID=ValidCredential
2026-05-08 10:53:41,638 [DEBUG] username: name=username <- 'mandy'
2026-05-08 10:53:41,638 [DEBUG] 输入文本: name=username -> [name="username"]
2026-05-08 10:53:56,649 [DEBUG] 尝试清空后输入...
2026-05-08 10:53:59,675 [DEBUG] 尝试 JavaScript 输入...
2026-05-08 10:53:59,683 [DEBUG]   ↳ 定位器 name=username 成功 (priority=1)
2026-05-08 10:53:59,683 [DEBUG] password: name=password <- '***'
2026-05-08 10:53:59,683 [DEBUG] 输入文本: name=password -> [name="password"]
2026-05-08 10:54:14,701 [DEBUG] 尝试清空后输入...
2026-05-08 10:54:17,714 [DEBUG] 尝试 JavaScript 输入...
2026-05-08 10:54:17,725 [DEBUG]   ↳ 定位器 name=password 成功 (priority=1)
2026-05-08 10:54:17,725 [DEBUG] agreement: click css=#privacy-agreement-list
2026-05-08 10:54:17,725 [DEBUG] 点击元素: css=#privacy-agreement-list -> #privacy-agreement-list
2026-05-08 10:54:17,797 [DEBUG]   ↳ 定位器 css=#privacy-agreement-list 成功 (priority=1)
2026-05-08 10:54:17,797 [DEBUG] submit: click css=input.btn-submit
2026-05-08 10:54:17,798 [DEBUG] 点击元素: css=input.btn-submit -> input.btn-submit
2026-05-08 10:54:17,859 [DEBUG]   ↳ 定位器 css=input.btn-submit 成功 (priority=1)
2026-05-08 10:54:17,860 [DEBUG] type 成功
2026-05-08 10:54:17,860 [INFO] [STEP] action=type model=PassportLogin status=OK source=keyword_result
2026-05-08 10:54:17,860 [DEBUG]   history[2]={'username': 'mandy', 'password': 'Init@1125!@#$.Password', 'agreement': 'click', 'submit': 'click'}
2026-05-08 10:54:18,039 [DEBUG] 截图成功: D:\Documents\pythonProject\AICASS\examples\管理中心\登录\result\rodski_20260508_105212\screenshots\LOGIN_003_02_用例_20260508_105417.png
2026-05-08 10:54:18,039 [DEBUG] 步骤截图: D:\Documents\pythonProject\AICASS\examples\管理中心\登录\result\rodski_20260508_105212\screenshots\LOGIN_003_02_用例_20260508_105417.png
2026-05-08 10:54:18,039 [DEBUG] 步骤等待 0.001s
2026-05-08 10:54:18,040 [DEBUG]   [4] wait
2026-05-08 10:54:18,040 [INFO] 执行关键字: wait(data=5)
2026-05-08 10:54:18,040 [INFO] 等待: 5秒
2026-05-08 10:54:23,041 [DEBUG] wait 成功
2026-05-08 10:54:23,041 [INFO] [STEP] action=wait model=- status=OK source=keyword_result
2026-05-08 10:54:23,041 [DEBUG]   history[3]=True
2026-05-08 10:54:23,041 [DEBUG]   [5] type
2026-05-08 10:54:23,041 [INFO] 执行关键字: type(model=AdminHome, data=LogoutClick)
2026-05-08 10:54:23,042 [INFO] 批量输入: 模型=AdminHome, DataID=LogoutClick
2026-05-08 10:54:23,042 [DEBUG] logout: click css=a[href='/logout']
2026-05-08 10:54:23,042 [DEBUG] 点击元素: css=a[href='/logout'] -> a[href='/logout']
2026-05-08 10:54:38,068 [DEBUG] 尝试滚动到元素位置...
2026-05-08 10:54:41,081 [DEBUG] 尝试强制点击...
2026-05-08 10:54:44,094 [DEBUG] 尝试 JavaScript 点击...
2026-05-08 10:54:44,105 [ERROR] click_locator 失败: css=a[href='/logout'], 错误: Page.evaluate: SyntaxError: missing ) after argument list
    at eval (<anonymous>)
    at UtilityScript.evaluate (<anonymous>:234:30)
    at UtilityScript.<anonymous> (<anonymous>:1:44)
2026-05-08 10:54:44,105 [DEBUG]   ↳ 定位器 css=a[href='/logout'] 异常: [SKI302] 点击失败: css=a[href='/logout']
  locator: css=a[href='/logout']，尝试下一个...
2026-05-08 10:54:44,105 [DEBUG] logout: click text=退出
2026-05-08 10:54:44,105 [DEBUG] 点击元素: text=退出 -> text=退出
2026-05-08 10:54:59,125 [DEBUG] 尝试滚动到元素位置...
2026-05-08 10:55:02,133 [DEBUG] 尝试强制点击...
2026-05-08 10:55:05,148 [DEBUG] 尝试 JavaScript 点击...
2026-05-08 10:55:05,155 [ERROR] click_locator 失败: text=退出, 错误: Page.evaluate: SyntaxError: Failed to execute 'querySelector' on 'Document': 'text=退出' is not a valid selector.
    at eval (eval at evaluate (:234:30), <anonymous>:2:53)
    at eval (eval at evaluate (:234:30), <anonymous>:5:31)
    at eval (<anonymous>)
    at UtilityScript.evaluate (<anonymous>:234:30)
    at UtilityScript.<anonymous> (<anonymous>:1:44)
2026-05-08 10:55:05,155 [DEBUG]   ↳ 定位器 text=退出 异常: [SKI302] 点击失败: text=退出
  locator: text=退出，尝试下一个...
2026-05-08 10:55:05,155 [ERROR] ❌ 驱动操作失败: [SKI302] 元素 'logout' 所有定位器均失败 [css=a[href='/logout'], text=退出]: [SKI302] 点击失败: text=退出
  locator: text=退出
2026-05-08 10:55:05,155 [ERROR] ❌ 重试 1 次后仍失败: [SKI302] 元素 'logout' 所有定位器均失败 [css=a[href='/logout'], text=退出]: [SKI302] 点击失败: text=退出
  locator: text=退出
2026-05-08 10:55:05,155 [ERROR] 用例阶段失败: [SKI313] 关键字 'type' 重试 1 次后仍失败: [SKI302] 元素 'logout' 所有定位器均失败 [css=a[href='/logout'], text=退出]: [SKI302] 点击失败: text=退出
  locator: text=退出
  keyword: type
2026-05-08 10:55:35,172 [ERROR] screenshot 失败: D:\Documents\pythonProject\AICASS\examples\管理中心\登录\result\rodski_20260508_105212\screenshots\LOGIN_003_20260508_105505_failure.png, 错误: Page.screenshot: Timeout 30000ms exceeded.
Call log:
  - taking page screenshot
  -   - waiting for fonts to load...
  -   - fonts loaded

2026-05-08 10:55:35,172 [WARNING] 截图失败: D:\Documents\pythonProject\AICASS\examples\管理中心\登录\result\rodski_20260508_105212\screenshots\LOGIN_003_20260508_105505_failure.png
2026-05-08 10:55:35,172 [DEBUG]   [1] close
2026-05-08 10:55:35,172 [INFO] 执行关键字: close()
2026-05-08 10:55:35,172 [INFO] 关闭浏览器
2026-05-08 10:55:35,557 [DEBUG] close 成功
2026-05-08 10:55:35,557 [INFO] [STEP] action=close model=- status=OK source=keyword_result
2026-05-08 10:55:35,557 [DEBUG]   history[4]=True
2026-05-08 10:55:35,557 [INFO] 浏览器已关闭
2026-05-08 10:55:35,558 [INFO] execution_summary.json 已写入: D:\Documents\pythonProject\AICASS\examples\管理中心\登录\result\rodski_20260508_105212\execution_summary.json
2026-05-08 10:55:35,558 [INFO]   FAIL (118.874s)
2026-05-08 10:55:35,558 [ERROR]   错误: [SKI313] 关键字 'type' 重试 1 次后仍失败: [SKI302] 元素 'logout' 所有定位器均失败 [css=a[href='/logout'], text=退出]: [SKI302] 点击失败: text=退出
  locator: text=退出
  keyword: type
2026-05-08 10:55:35,569 [INFO] 结果已写入 rodski_20260508_105212/result.xml: 总计 3 条, 通过 1 条, 失败 2 条, 通过率 33.3%
