2026-05-11 15:06:07,810 [INFO] 执行用例 1/1: garage_publish_inquiry - 维修厂发布询价
2026-05-11 15:06:08,985 [INFO] Playwright 原生录制已启动: D:\Documents\pythonProject\AICASS\examples\电商\维修厂\发布询价\result\rodski_20260511_150607\recordings\garage_publish_inquiry_20260511_150607_01.webm (分辨率: {'width': 1920, 'height': 1080})
2026-05-11 15:06:08,986 [DEBUG]   [1] navigate
2026-05-11 15:06:08,986 [DEBUG] 数据解析: 'GlobalValue.DefaultValue.ECAgentBuyURL' -> 'https://ec-hwbeta.casstime.com/agentBuy/'
2026-05-11 15:06:08,986 [INFO] 执行关键字: navigate(data=https://ec-hwbeta.casstime.com/agentBuy/)
2026-05-11 15:06:08,986 [INFO] 导航: https://ec-hwbeta.casstime.com/agentBuy/
2026-05-11 15:06:12,085 [DEBUG] 导航成功: https://ec-hwbeta.casstime.com/agentBuy/
2026-05-11 15:06:12,086 [DEBUG] navigate 成功
2026-05-11 15:06:12,086 [INFO] [STEP] action=navigate model=- status=OK source=keyword_result
2026-05-11 15:06:12,086 [DEBUG]   history[0]=True
2026-05-11 15:06:12,200 [DEBUG] 截图成功: D:\Documents\pythonProject\AICASS\examples\电商\维修厂\发布询价\result\rodski_20260511_150607\screenshots\garage_publish_inquiry_01_预处理_20260511_150612.png
2026-05-11 15:06:12,200 [DEBUG] 步骤截图: D:\Documents\pythonProject\AICASS\examples\电商\维修厂\发布询价\result\rodski_20260511_150607\screenshots\garage_publish_inquiry_01_预处理_20260511_150612.png
2026-05-11 15:06:12,200 [DEBUG] 步骤等待 0.3s
2026-05-11 15:06:12,501 [DEBUG]   [2] type
2026-05-11 15:06:12,501 [INFO] 执行关键字: type(model=ECAgentBuyLoginPage, data=ec_agent_buy_login)
2026-05-11 15:06:12,501 [INFO] 批量输入: 模型=ECAgentBuyLoginPage, DataID=ec_agent_buy_login
2026-05-11 15:06:12,501 [DEBUG] accountTab: click css=span[type=PASSWORD]
2026-05-11 15:06:12,501 [DEBUG] 点击元素: css=span[type=PASSWORD] -> span[type=PASSWORD]
2026-05-11 15:06:12,582 [DEBUG]   ↳ 定位器 css=span[type=PASSWORD] 成功 (priority=1)
2026-05-11 15:06:12,582 [DEBUG] username: css=#userName <- '13119909586'
2026-05-11 15:06:12,582 [DEBUG] 输入文本: css=#userName -> #userName
2026-05-11 15:06:12,613 [DEBUG]   ↳ 定位器 css=#userName 成功 (priority=1)
2026-05-11 15:06:12,613 [DEBUG] password: css=#password <- '123456Aa'
2026-05-11 15:06:12,613 [DEBUG] 输入文本: css=#password -> #password
2026-05-11 15:06:12,637 [DEBUG]   ↳ 定位器 css=#password 成功 (priority=1)
2026-05-11 15:06:12,637 [DEBUG] agreeCheckbox: click css=label.br-checkbox .br-checkbox__title
2026-05-11 15:06:12,637 [DEBUG] 点击元素: css=label.br-checkbox .br-checkbox__title -> label.br-checkbox .br-checkbox__title
2026-05-11 15:06:12,697 [DEBUG]   ↳ 定位器 css=label.br-checkbox .br-checkbox__title 成功 (priority=1)
2026-05-11 15:06:12,697 [DEBUG] loginBtn: click css=.btn-submit
2026-05-11 15:06:12,697 [DEBUG] 点击元素: css=.btn-submit -> .btn-submit
2026-05-11 15:06:12,739 [DEBUG]   ↳ 定位器 css=.btn-submit 成功 (priority=1)
2026-05-11 15:06:12,739 [DEBUG] type 成功
2026-05-11 15:06:12,739 [INFO] [STEP] action=type model=ECAgentBuyLoginPage status=OK source=keyword_result
2026-05-11 15:06:12,739 [DEBUG]   history[1]={'accountTab': 'click', 'username': '13119909586', 'password': '123456Aa', 'agreeCheckbox': 'click', 'loginBtn': 'click'}
2026-05-11 15:06:12,846 [DEBUG] 截图成功: D:\Documents\pythonProject\AICASS\examples\电商\维修厂\发布询价\result\rodski_20260511_150607\screenshots\garage_publish_inquiry_02_预处理_20260511_150612.png
2026-05-11 15:06:12,846 [DEBUG] 步骤截图: D:\Documents\pythonProject\AICASS\examples\电商\维修厂\发布询价\result\rodski_20260511_150607\screenshots\garage_publish_inquiry_02_预处理_20260511_150612.png
2026-05-11 15:06:12,846 [DEBUG] 步骤等待 0.3s
2026-05-11 15:06:13,147 [DEBUG]   [3] wait
2026-05-11 15:06:13,147 [INFO] 执行关键字: wait(data=1)
2026-05-11 15:06:13,147 [INFO] 等待: 1秒
2026-05-11 15:06:14,148 [DEBUG] wait 成功
2026-05-11 15:06:14,148 [INFO] [STEP] action=wait model=- status=OK source=keyword_result
2026-05-11 15:06:14,148 [DEBUG]   history[2]=True
2026-05-11 15:06:14,148 [DEBUG]   [4] verify
2026-05-11 15:06:14,148 [INFO] 执行关键字: verify(model=LoginSuccessCheck, data=login_success)
2026-05-11 15:06:14,148 [INFO] 批量验证: 模型=LoginSuccessCheck, 期望数据=login_success
2026-05-11 15:06:20,160 [DEBUG] publishInquiryTab: 实际='发布询价', 期望='发布询价' → OK
2026-05-11 15:06:20,160 [INFO] 批量验证通过: 1 个字段全部匹配
2026-05-11 15:06:20,161 [DEBUG] verify 成功
2026-05-11 15:06:20,161 [INFO] [STEP] action=verify model=LoginSuccessCheck status=OK source=keyword_result
2026-05-11 15:06:20,161 [DEBUG]   history[3]={'publishInquiryTab': '发布询价', '_verify_passed': True, 'passed': True}
2026-05-11 15:06:20,471 [DEBUG] 截图成功: D:\Documents\pythonProject\AICASS\examples\电商\维修厂\发布询价\result\rodski_20260511_150607\screenshots\garage_publish_inquiry_03_预处理_20260511_150620.png
2026-05-11 15:06:20,471 [DEBUG] 步骤截图: D:\Documents\pythonProject\AICASS\examples\电商\维修厂\发布询价\result\rodski_20260511_150607\screenshots\garage_publish_inquiry_03_预处理_20260511_150620.png
2026-05-11 15:06:20,471 [DEBUG] 步骤等待 0.3s
2026-05-11 15:06:20,772 [INFO]   [1] scenario GARAGE_PUBLISH_001_ASSERT_READY - 确认维修厂发布询价页面可用 (group=garage_publish, tag=['inquiry', 'publish', 'p0', 'smoke', 'assert'])
2026-05-11 15:06:20,772 [DEBUG]   [1] verify
2026-05-11 15:06:20,772 [INFO] 执行关键字: verify(model=InquiryPageCheck, data=inquiry_page_ready)
2026-05-11 15:06:20,772 [INFO] 批量验证: 模型=InquiryPageCheck, 期望数据=inquiry_page_ready
2026-05-11 15:06:20,777 [DEBUG] publishInquiryTab: 实际='发布询价', 期望='发布询价' → OK
2026-05-11 15:06:20,777 [INFO] 批量验证通过: 1 个字段全部匹配
2026-05-11 15:06:20,777 [DEBUG] verify 成功
2026-05-11 15:06:20,777 [INFO] [STEP] action=verify model=InquiryPageCheck status=OK source=keyword_result
2026-05-11 15:06:20,777 [DEBUG]   history[4]={'publishInquiryTab': '发布询价', '_verify_passed': True, 'passed': True}
2026-05-11 15:06:20,883 [DEBUG] 截图成功: D:\Documents\pythonProject\AICASS\examples\电商\维修厂\发布询价\result\rodski_20260511_150607\screenshots\garage_publish_inquiry_GARAGE_PUBLISH_001_ASSERT_READY_确认维修厂发布询价页面可用\04_20260511_150620.png
2026-05-11 15:06:20,883 [DEBUG] 步骤截图: D:\Documents\pythonProject\AICASS\examples\电商\维修厂\发布询价\result\rodski_20260511_150607\screenshots\garage_publish_inquiry_GARAGE_PUBLISH_001_ASSERT_READY_确认维修厂发布询价页面可用\04_20260511_150620.png
2026-05-11 15:06:20,883 [DEBUG] 步骤等待 0.3s
2026-05-11 15:06:21,184 [INFO]   [2] scenario GARAGE_PUBLISH_001_INPUT_INQUIRY - 录入 VIN 和首个配件名称 (group=garage_publish, tag=['inquiry', 'publish', 'p0', 'smoke', 'input'])
2026-05-11 15:06:21,184 [DEBUG]   [2] type
2026-05-11 15:06:21,184 [INFO] 执行关键字: type(model=InquiryVinForm, data=input_target_vin)
2026-05-11 15:06:21,184 [INFO] 批量输入: 模型=InquiryVinForm, DataID=input_target_vin
2026-05-11 15:06:21,184 [DEBUG] vinInput: xpath=//input[contains(translate(@placeholder,'vin','VIN'),'VIN')] <- 'LBVFR790XBSD31722'
2026-05-11 15:06:21,184 [DEBUG] 输入文本: xpath=//input[contains(translate(@placeholder,'vin','VIN'),'VIN')] -> //input[contains(translate(@placeholder,'vin','VIN'),'VIN')]
2026-05-11 15:06:21,239 [DEBUG]   ↳ 定位器 xpath=//input[contains(translate(@placeholder,'vin','VIN'),'VIN')] 成功 (priority=1)
2026-05-11 15:06:21,239 [DEBUG] vinInputSubmit: 按键 'Enter'
2026-05-11 15:06:21,286 [DEBUG]   ↳ 定位器 xpath=//input[contains(translate(@placeholder,'vin','VIN'),'VIN')] 成功 (priority=1)
2026-05-11 15:06:21,287 [DEBUG] type 成功
2026-05-11 15:06:21,287 [INFO] [STEP] action=type model=InquiryVinForm status=OK source=keyword_result
2026-05-11 15:06:21,287 [DEBUG]   history[5]={'vinInput': 'LBVFR790XBSD31722', 'vinInputSubmit': 'key_press【Enter】'}
2026-05-11 15:06:21,361 [DEBUG] 截图成功: D:\Documents\pythonProject\AICASS\examples\电商\维修厂\发布询价\result\rodski_20260511_150607\screenshots\garage_publish_inquiry_GARAGE_PUBLISH_001_INPUT_INQUIRY_录入_VIN_和首个配件名称\05_20260511_150621.png
2026-05-11 15:06:21,361 [DEBUG] 步骤截图: D:\Documents\pythonProject\AICASS\examples\电商\维修厂\发布询价\result\rodski_20260511_150607\screenshots\garage_publish_inquiry_GARAGE_PUBLISH_001_INPUT_INQUIRY_录入_VIN_和首个配件名称\05_20260511_150621.png
2026-05-11 15:06:21,361 [DEBUG] 步骤等待 0.3s
2026-05-11 15:06:21,662 [DEBUG]   [2] evaluate
2026-05-11 15:06:21,662 [INFO] 执行关键字: evaluate(data=(async()=>{const sleep=ms=>new Promise(r=>setTimeout(r,ms));const norm=s=>(s||'').replace(/\s+/g,'').trim();const visible=el=>!!el&&el.isConnected&&!!(el.offsetWidth||el.offsetHeight||el.getClientRects().length);for(let i=0;i<20;i++){const btn=[...document.querySelectorAll('.br-modal button,.br-modal a,[role=dialog] button,[role=dialog] a,button,a')].find(el=>visible(el)&&(norm(el.textContent).includes('不追加，发布新的询价单')||norm(el.textContent).includes('不追加')||norm(el.textContent).includes('发布新询价单')));if(btn){btn.scrollIntoView({block:'center'});btn.click();await sleep(500);return 'duplicate_vin_modal_confirmed';}if(document.querySelector('table textarea, table input:not([disabled])'))return 'no_duplicate_vin_modal';await sleep(250);}return 'duplicate_vin_modal_not_present';})())
2026-05-11 15:06:21,662 [INFO] 执行 JS: (async()=>{const sleep=ms=>new Promise(r=>setTimeout(r,ms));const norm=s=>(s||'').replace(/\s+/g,'').trim();const visible=el=>!!el&&el.isConnected&&!!(el.offsetWidth||el.offsetHeight||el.getClientRect
2026-05-11 15:06:21,694 [INFO] JS 结果: no_duplicate_vin_modal
2026-05-11 15:06:21,694 [DEBUG] evaluate 成功
2026-05-11 15:06:21,694 [INFO] [STEP] action=evaluate model=- status=OK source=evaluate
2026-05-11 15:06:21,694 [DEBUG]   history[6]='no_duplicate_vin_modal'
2026-05-11 15:06:21,774 [DEBUG] 截图成功: D:\Documents\pythonProject\AICASS\examples\电商\维修厂\发布询价\result\rodski_20260511_150607\screenshots\garage_publish_inquiry_GARAGE_PUBLISH_001_INPUT_INQUIRY_录入_VIN_和首个配件名称\06_20260511_150621.png
2026-05-11 15:06:21,774 [DEBUG] 步骤截图: D:\Documents\pythonProject\AICASS\examples\电商\维修厂\发布询价\result\rodski_20260511_150607\screenshots\garage_publish_inquiry_GARAGE_PUBLISH_001_INPUT_INQUIRY_录入_VIN_和首个配件名称\06_20260511_150621.png
2026-05-11 15:06:21,774 [DEBUG] 步骤等待 0.3s
2026-05-11 15:06:22,074 [DEBUG]   [2] type
2026-05-11 15:06:22,074 [INFO] 执行关键字: type(model=InquiryPartForm, data=input_first_part_name)
2026-05-11 15:06:22,074 [INFO] 批量输入: 模型=InquiryPartForm, DataID=input_first_part_name
2026-05-11 15:06:22,074 [DEBUG] partNameInputFirst: xpath=//table//tbody/tr[1]/td[2]//*[self::textarea or self::input][not(@disabled)] <- '火花塞'
2026-05-11 15:06:22,074 [DEBUG] 输入文本: xpath=//table//tbody/tr[1]/td[2]//*[self::textarea or self::input][not(@disabled)] -> //table//tbody/tr[1]/td[2]//*[self::textarea or self::input][not(@disabled)]
2026-05-11 15:06:22,097 [DEBUG]   ↳ 定位器 xpath=//table//tbody/tr[1]/td[2]//*[self::textarea or self::input][not(@disabled)] 成功 (priority=1)
2026-05-11 15:06:22,097 [DEBUG] partNameInputFirstSubmit: 按键 'Enter'
2026-05-11 15:06:22,174 [DEBUG]   ↳ 定位器 xpath=//table//tbody/tr[1]/td[2]//*[self::textarea or self::input][not(@disabled)] 成功 (priority=1)
2026-05-11 15:06:22,174 [DEBUG] type 成功
2026-05-11 15:06:22,174 [INFO] [STEP] action=type model=InquiryPartForm status=OK source=keyword_result
2026-05-11 15:06:22,174 [DEBUG]   history[7]={'partNameInputFirst': '火花塞', 'partNameInputFirstSubmit': 'key_press【Enter】'}
2026-05-11 15:06:22,251 [DEBUG] 截图成功: D:\Documents\pythonProject\AICASS\examples\电商\维修厂\发布询价\result\rodski_20260511_150607\screenshots\garage_publish_inquiry_GARAGE_PUBLISH_001_INPUT_INQUIRY_录入_VIN_和首个配件名称\07_20260511_150622.png
2026-05-11 15:06:22,251 [DEBUG] 步骤截图: D:\Documents\pythonProject\AICASS\examples\电商\维修厂\发布询价\result\rodski_20260511_150607\screenshots\garage_publish_inquiry_GARAGE_PUBLISH_001_INPUT_INQUIRY_录入_VIN_和首个配件名称\07_20260511_150622.png
2026-05-11 15:06:22,251 [DEBUG] 步骤等待 0.3s
2026-05-11 15:06:22,552 [INFO]   [3] scenario GARAGE_PUBLISH_001_SUBMIT - 提交发布询价 (group=garage_publish, tag=['inquiry', 'publish', 'p0', 'smoke', 'submit'])
2026-05-11 15:06:22,552 [DEBUG]   [3] evaluate
2026-05-11 15:06:22,552 [INFO] 执行关键字: evaluate(data=(async()=>{const sleep=ms=>new Promise(r=>setTimeout(r,ms));const visible=el=>!!el&&el.isConnected&&!!(el.offsetWidth||el.offsetHeight||el.getClientRects().length);const enabled=el=>visible(el)&&!el.disabled&&!String(el.className||'').includes('disabled');for(let i=0;i<80;i++){const btn=document.querySelector('.save-inquiry,input.save-inquiry')||[...document.querySelectorAll('button,input,span')].find(el=>visible(el)&&(el.value==='发布询价'||String(el.textContent||'').trim()==='发布询价'));if(enabled(btn))return 'publish_button_ready';await sleep(250);}throw new Error('发布询价按钮未就绪，页面文本='+(document.body.innerText||'').slice(0,300));})())
2026-05-11 15:06:22,552 [INFO] 执行 JS: (async()=>{const sleep=ms=>new Promise(r=>setTimeout(r,ms));const visible=el=>!!el&&el.isConnected&&!!(el.offsetWidth||el.offsetHeight||el.getClientRects().length);const enabled=el=>visible(el)&&!el.d
2026-05-11 15:06:22,556 [INFO] JS 结果: publish_button_ready
2026-05-11 15:06:22,556 [DEBUG] evaluate 成功
2026-05-11 15:06:22,556 [INFO] [STEP] action=evaluate model=- status=OK source=evaluate
2026-05-11 15:06:22,556 [DEBUG]   history[8]='publish_button_ready'
2026-05-11 15:06:22,630 [DEBUG] 截图成功: D:\Documents\pythonProject\AICASS\examples\电商\维修厂\发布询价\result\rodski_20260511_150607\screenshots\garage_publish_inquiry_GARAGE_PUBLISH_001_SUBMIT_提交发布询价\08_20260511_150622.png
2026-05-11 15:06:22,630 [DEBUG] 步骤截图: D:\Documents\pythonProject\AICASS\examples\电商\维修厂\发布询价\result\rodski_20260511_150607\screenshots\garage_publish_inquiry_GARAGE_PUBLISH_001_SUBMIT_提交发布询价\08_20260511_150622.png
2026-05-11 15:06:22,630 [DEBUG] 步骤等待 0.3s
2026-05-11 15:06:22,931 [DEBUG]   [3] type
2026-05-11 15:06:22,931 [INFO] 执行关键字: type(model=InquiryPublishAction, data=publish_inquiry)
2026-05-11 15:06:22,931 [INFO] 批量输入: 模型=InquiryPublishAction, DataID=publish_inquiry
2026-05-11 15:06:22,931 [DEBUG] publishInquiryBtn: click css=.save-inquiry
2026-05-11 15:06:22,931 [DEBUG] 点击元素: css=.save-inquiry -> .save-inquiry
2026-05-11 15:06:27,979 [DEBUG] 尝试滚动到元素位置...
2026-05-11 15:06:31,050 [DEBUG] 尝试强制点击...
2026-05-11 15:06:31,071 [DEBUG]   ↳ 定位器 css=.save-inquiry 成功 (priority=1)
2026-05-11 15:06:31,071 [DEBUG] type 成功
2026-05-11 15:06:31,071 [INFO] [STEP] action=type model=InquiryPublishAction status=OK source=keyword_result
2026-05-11 15:06:31,071 [DEBUG]   history[9]={'publishInquiryBtn': 'click'}
2026-05-11 15:06:31,142 [DEBUG] 截图成功: D:\Documents\pythonProject\AICASS\examples\电商\维修厂\发布询价\result\rodski_20260511_150607\screenshots\garage_publish_inquiry_GARAGE_PUBLISH_001_SUBMIT_提交发布询价\09_20260511_150631.png
2026-05-11 15:06:31,142 [DEBUG] 步骤截图: D:\Documents\pythonProject\AICASS\examples\电商\维修厂\发布询价\result\rodski_20260511_150607\screenshots\garage_publish_inquiry_GARAGE_PUBLISH_001_SUBMIT_提交发布询价\09_20260511_150631.png
2026-05-11 15:06:31,142 [DEBUG] 步骤等待 0.3s
2026-05-11 15:06:31,443 [DEBUG]   [3] wait
2026-05-11 15:06:31,443 [INFO] 执行关键字: wait(data=1)
2026-05-11 15:06:31,443 [INFO] 等待: 1秒
2026-05-11 15:06:32,443 [DEBUG] wait 成功
2026-05-11 15:06:32,444 [INFO] [STEP] action=wait model=- status=OK source=keyword_result
2026-05-11 15:06:32,444 [DEBUG]   history[10]=True
2026-05-11 15:06:32,444 [DEBUG]   [3] evaluate
2026-05-11 15:06:32,444 [INFO] 执行关键字: evaluate(data=(()=>{const norm=s=>(s||'').replace(/\s+/g,'').trim();const visible=el=>!!el&&el.isConnected&&!!(el.offsetWidth||el.offsetHeight||el.getClientRects().length);const btn=[...document.querySelectorAll('.br-modal button,.br-modal a,[role=dialog] button,[role=dialog] a,button,a')].find(el=>visible(el)&&(norm(el.textContent).includes('不追加，发布新询价单')||norm(el.textContent).includes('不追加，发布新的询价单')||norm(el.textContent).includes('不追加')));if(btn){btn.scrollIntoView({block:'center'});btn.click();return 'publish_duplicate_vin_new_inquiry_clicked';}return 'publish_duplicate_vin_modal_not_present';})())
2026-05-11 15:06:32,444 [INFO] 执行 JS: (()=>{const norm=s=>(s||'').replace(/\s+/g,'').trim();const visible=el=>!!el&&el.isConnected&&!!(el.offsetWidth||el.offsetHeight||el.getClientRects().length);const btn=[...document.querySelectorAll('.
2026-05-11 15:06:32,466 [INFO] JS 结果: publish_duplicate_vin_new_inquiry_clicked
2026-05-11 15:06:32,466 [DEBUG] evaluate 成功
2026-05-11 15:06:32,466 [INFO] [STEP] action=evaluate model=- status=OK source=evaluate
2026-05-11 15:06:32,466 [DEBUG]   history[11]='publish_duplicate_vin_new_inquiry_clicked'
2026-05-11 15:06:32,540 [DEBUG] 截图成功: D:\Documents\pythonProject\AICASS\examples\电商\维修厂\发布询价\result\rodski_20260511_150607\screenshots\garage_publish_inquiry_GARAGE_PUBLISH_001_SUBMIT_提交发布询价\10_20260511_150632.png
2026-05-11 15:06:32,540 [DEBUG] 步骤截图: D:\Documents\pythonProject\AICASS\examples\电商\维修厂\发布询价\result\rodski_20260511_150607\screenshots\garage_publish_inquiry_GARAGE_PUBLISH_001_SUBMIT_提交发布询价\10_20260511_150632.png
2026-05-11 15:06:32,540 [DEBUG] 步骤等待 0.3s
2026-05-11 15:06:32,840 [DEBUG]   [3] wait
2026-05-11 15:06:32,840 [INFO] 执行关键字: wait(data=2)
2026-05-11 15:06:32,840 [INFO] 等待: 2秒
2026-05-11 15:06:34,841 [DEBUG] wait 成功
2026-05-11 15:06:34,841 [INFO] [STEP] action=wait model=- status=OK source=keyword_result
2026-05-11 15:06:34,841 [DEBUG]   history[12]=True
2026-05-11 15:06:34,841 [INFO]   [4] scenario GARAGE_PUBLISH_001_ASSERT_SUCCESS - 校验发布成功并记录询价单号 (group=garage_publish, tag=['inquiry', 'publish', 'p0', 'smoke', 'assert'])
2026-05-11 15:06:34,841 [DEBUG]   [4] verify
2026-05-11 15:06:34,841 [INFO] 执行关键字: verify(model=InquiryPublishSuccessCheck, data=publish_success_generated_inquiry_id)
2026-05-11 15:06:34,841 [INFO] 批量验证: 模型=InquiryPublishSuccessCheck, 期望数据=publish_success_generated_inquiry_id
2026-05-11 15:07:04,864 [ERROR] get_text_locator 失败: xpath=//span[contains(@class,'header_inquiryId') and normalize-space(.)='询价单：'], 错误: Page.text_content: Timeout 30000ms exceeded.
Call log:
  - waiting for locator("//span[contains(@class,'header_inquiryId') and normalize-space(.)='询价单：']")

2026-05-11 15:07:04,864 [DEBUG] inquiryIdLabelWithGeneratedNo: 实际='', 期望='询价单：' → FAIL
2026-05-11 15:07:04,864 [ERROR] 批量验证失败: inquiryIdLabelWithGeneratedNo(期望='询价单：', 实际='')
2026-05-11 15:07:04,867 [ERROR] ❌ 断言失败: [SKI331] 批量验证失败: inquiryIdLabelWithGeneratedNo(期望='询价单：', 实际='')
  mismatches: [{'element': 'inquiryIdLabelWithGeneratedNo', 'expected': '询价单：', 'actual': ''}]
2026-05-11 15:07:04,867 [ERROR] 用例阶段失败: [SKI331] 批量验证失败: inquiryIdLabelWithGeneratedNo(期望='询价单：', 实际='')
  mismatches: [{'element': 'inquiryIdLabelWithGeneratedNo', 'expected': '询价单：', 'actual': ''}]
2026-05-11 15:07:04,945 [DEBUG] 截图成功: D:\Documents\pythonProject\AICASS\examples\电商\维修厂\发布询价\result\rodski_20260511_150607\screenshots\garage_publish_inquiry_20260511_150704_failure.png
2026-05-11 15:07:04,945 [INFO] 失败截图已保存: D:\Documents\pythonProject\AICASS\examples\电商\维修厂\发布询价\result\rodski_20260511_150607\screenshots\garage_publish_inquiry_20260511_150704_failure.png
2026-05-11 15:07:04,945 [DEBUG]   [1] close
2026-05-11 15:07:04,946 [INFO] 执行关键字: close()
2026-05-11 15:07:04,946 [INFO] 关闭浏览器
2026-05-11 15:07:05,128 [INFO] Playwright 原生录制已保存: D:\Documents\pythonProject\AICASS\examples\电商\维修厂\发布询价\result\rodski_20260511_150607\recordings\garage_publish_inquiry_20260511_150607_01.webm
2026-05-11 15:07:05,204 [DEBUG] close 成功
2026-05-11 15:07:05,205 [INFO] [STEP] action=close model=- status=OK source=keyword_result
2026-05-11 15:07:05,205 [DEBUG]   history[14]=True
2026-05-11 15:07:05,205 [INFO] 浏览器已关闭
2026-05-11 15:07:05,206 [INFO] execution_summary.json 已写入: D:\Documents\pythonProject\AICASS\examples\电商\维修厂\发布询价\result\rodski_20260511_150607\execution_summary.json
2026-05-11 15:07:05,206 [INFO]   FAIL (57.396s)
2026-05-11 15:07:05,206 [ERROR]   错误: [SKI331] 批量验证失败: inquiryIdLabelWithGeneratedNo(期望='询价单：', 实际='')
  mismatches: [{'element': 'inquiryIdLabelWithGeneratedNo', 'expected': '询价单：', 'actual': ''}]
2026-05-11 15:07:05,217 [INFO] 结果已写入 rodski_20260511_150607/result.xml: 总计 1 条, 通过 0 条, 失败 1 条, 通过率 0.0%
