2026-05-09 16:36:24,331 [INFO] 执行用例 1/1: CODEX_DATE_PROPS_DEEP_PROBE - date props deep probe
2026-05-09 16:36:24,900 [INFO] Playwright 原生录制已启动: D:\Documents\pythonProject\AICASS\examples\管理中心\促销活动\result\rodski_20260509_163624\recordings\CODEX_DATE_PROPS_DEEP_PROBE_20260509_163624_01.webm (分辨率: {'width': 1920, 'height': 1080})
2026-05-09 16:36:24,901 [DEBUG]   [1] navigate
2026-05-09 16:36:24,901 [DEBUG] 数据解析: 'GlobalValue.Env.platform_promotion_add_url' -> 'https://ec-hwbeta.casstime.com/admin#/?menuId=platform_promotions&iframeUrl=/admin/merchant#/platform-promotions/add-edit'
2026-05-09 16:36:24,901 [INFO] 执行关键字: navigate(data=https://ec-hwbeta.casstime.com/admin#/?menuId=platform_promotions&iframeUrl=/admin/merchant#/platform-promotions/add-edit)
2026-05-09 16:36:24,902 [INFO] 导航: https://ec-hwbeta.casstime.com/admin#/?menuId=platform_promotions&iframeUrl=/admin/merchant#/platform-promotions/add-edit
2026-05-09 16:36:27,427 [DEBUG] 导航成功: https://ec-hwbeta.casstime.com/admin#/?menuId=platform_promotions&iframeUrl=/admin/merchant#/platform-promotions/add-edit
2026-05-09 16:36:27,427 [DEBUG] navigate 成功
2026-05-09 16:36:27,427 [INFO] [STEP] action=navigate model=- status=OK source=keyword_result
2026-05-09 16:36:27,427 [DEBUG]   history[0]=True
2026-05-09 16:36:27,535 [DEBUG] 截图成功: D:\Documents\pythonProject\AICASS\examples\管理中心\促销活动\result\rodski_20260509_163624\screenshots\CODEX_DATE_PROPS_DEEP_PROBE_01_预处理_20260509_163627.png
2026-05-09 16:36:27,535 [DEBUG] 步骤截图: D:\Documents\pythonProject\AICASS\examples\管理中心\促销活动\result\rodski_20260509_163624\screenshots\CODEX_DATE_PROPS_DEEP_PROBE_01_预处理_20260509_163627.png
2026-05-09 16:36:27,536 [DEBUG] 步骤等待 10.0s
2026-05-09 16:36:37,536 [DEBUG]   [2] wait
2026-05-09 16:36:37,536 [INFO] 执行关键字: wait(data=2)
2026-05-09 16:36:37,536 [INFO] 等待: 2秒
2026-05-09 16:36:39,537 [DEBUG] wait 成功
2026-05-09 16:36:39,537 [INFO] [STEP] action=wait model=- status=OK source=keyword_result
2026-05-09 16:36:39,537 [DEBUG]   history[1]=True
2026-05-09 16:36:39,538 [DEBUG]   [3] type
2026-05-09 16:36:39,538 [INFO] 执行关键字: type(model=PassportLogin, data=ValidCredential)
2026-05-09 16:36:39,538 [INFO] 批量输入: 模型=PassportLogin, DataID=ValidCredential
2026-05-09 16:36:39,538 [DEBUG] loginModePassword: click css=span[type='PASSWORD']
2026-05-09 16:36:39,538 [DEBUG] 点击元素: css=span[type='PASSWORD'] -> span[type='PASSWORD']
2026-05-09 16:36:39,614 [DEBUG]   ↳ 定位器 css=span[type='PASSWORD'] 成功 (priority=1)
2026-05-09 16:36:39,615 [DEBUG] username: id=userName <- 'mandy'
2026-05-09 16:36:39,615 [DEBUG] 输入文本: id=userName -> #userName
2026-05-09 16:36:39,646 [DEBUG]   ↳ 定位器 id=userName 成功 (priority=1)
2026-05-09 16:36:39,647 [DEBUG] password: id=password <- '***'
2026-05-09 16:36:39,647 [DEBUG] 输入文本: id=password -> #password
2026-05-09 16:36:39,679 [DEBUG]   ↳ 定位器 id=password 成功 (priority=1)
2026-05-09 16:36:39,679 [DEBUG] agreement: click css=.bre-login-privacy-modal_entry-checkbox
2026-05-09 16:36:39,679 [DEBUG] 点击元素: css=.bre-login-privacy-modal_entry-checkbox -> .bre-login-privacy-modal_entry-checkbox
2026-05-09 16:36:39,746 [DEBUG]   ↳ 定位器 css=.bre-login-privacy-modal_entry-checkbox 成功 (priority=1)
2026-05-09 16:36:39,746 [DEBUG] submit: click css=input.btn-submit
2026-05-09 16:36:39,746 [DEBUG] 点击元素: css=input.btn-submit -> input.btn-submit
2026-05-09 16:36:39,787 [DEBUG]   ↳ 定位器 css=input.btn-submit 成功 (priority=1)
2026-05-09 16:36:39,787 [DEBUG] type 成功
2026-05-09 16:36:39,787 [INFO] [STEP] action=type model=PassportLogin status=OK source=keyword_result
2026-05-09 16:36:39,787 [DEBUG]   history[2]={'loginModePassword': 'click', 'username': 'mandy', 'password': 'Init@1125!@#$.Password', 'agreement': 'click', 'submit': 'click'}
2026-05-09 16:36:39,996 [DEBUG] 截图成功: D:\Documents\pythonProject\AICASS\examples\管理中心\促销活动\result\rodski_20260509_163624\screenshots\CODEX_DATE_PROPS_DEEP_PROBE_02_预处理_20260509_163639.png
2026-05-09 16:36:39,996 [DEBUG] 步骤截图: D:\Documents\pythonProject\AICASS\examples\管理中心\促销活动\result\rodski_20260509_163624\screenshots\CODEX_DATE_PROPS_DEEP_PROBE_02_预处理_20260509_163639.png
2026-05-09 16:36:39,996 [DEBUG] 步骤等待 10.0s
2026-05-09 16:36:49,997 [DEBUG]   [4] wait
2026-05-09 16:36:49,997 [INFO] 执行关键字: wait(data=7)
2026-05-09 16:36:49,998 [INFO] 等待: 7秒
2026-05-09 16:36:56,998 [DEBUG] wait 成功
2026-05-09 16:36:56,998 [INFO] [STEP] action=wait model=- status=OK source=keyword_result
2026-05-09 16:36:56,998 [DEBUG]   history[3]=True
2026-05-09 16:36:56,998 [DEBUG]   [1] evaluate
2026-05-09 16:36:56,998 [DEBUG] 数据解析: 'PromoScript.CodexDatePropsDeepProbe.script' -> '(async()=>{
const sleep=ms=>new Promise(r=>setTimeout(r,ms));
const visible=el=>!!el&&el.isConnected&&!!(el.offsetWidth||el.offsetHeight||el.getClientRects().length);
async function promoDoc(timeout=30000){
  for(let i=0;i<Math.ceil(timeout/250);i++){
    const f=document.querySelector('#iframeCon,iframe[name="iframeCon"]');
    let d=null;
    try{d=f?(f.contentDocument||f.contentWindow.document):document;}catch(e){d=document;}
    const txt=d&&d.body?d.body.innerText:'';
    if(d&&d.body&&(txt.includes('活动时间')||txt.includes('活动名称')))return d;
    await sleep(250);
  }
  throw new Error('promo doc not loaded');
}
function fiber(el){
  const key=Object.keys(el).find(k=>k.startsWith('__reactInternalInstance')||k.startsWith('__reactFiber'));
  return key?el[key]:null;
}
function val(v,depth=0){
  if(v==null)return v;
  if(typeof v==='function')return '[fn '+(v.name||'anon')+'] '+String(v).slice(0,500);
  if(typeof v!=='object')return String(v).slice(0,200);
  if(Array.isArray(v))return {array:v.slice(0,5).map(x=>val(x,depth+1)),len:v.length};
  if(depth>1)return '[object '+Object.keys(v).slice(0,20).join(',')+']';
  const out={};
  for(const k of Object.keys(v).slice(0,60))out[k]=val(v[k],depth+1);
  return out;
}
const doc=await promoDoc();
const range=doc.querySelector('.br-datepicker-range,.br-rangepicker,.br-datepicker');
const out=[];
let f=fiber(range);
for(let i=0;i<15&&f;i++,f=f.return){
  const p=f.memoizedProps||{};
  const st=f.memoizedState;
  out.push({
    i,tag:f.tag,type:String((f.type&&f.type.name)||f.type||'').slice(0,120),
    elem:String((f.elementType&&f.elementType.name)||f.elementType||'').slice(0,120),
    propKeys:Object.keys(p),
    props:val(p),
    state:val(st)
  });
}
return {rangeHtml:range&&range.outerHTML.slice(0,2000),levels:out};
})()'
2026-05-09 16:36:56,999 [INFO] 执行关键字: evaluate(data=(async()=>{
const sleep=ms=>new Promise(r=>setTimeout(r,ms));
const visible=el=>!!el&&el.isConnected&&!!(el.offsetWidth||el.offsetHeight||el.getClientRects().length);
async function promoDoc(timeout=30000){
  for(let i=0;i<Math.ceil(timeout/250);i++){
    const f=document.querySelector('#iframeCon,iframe[name="iframeCon"]');
    let d=null;
    try{d=f?(f.contentDocument||f.contentWindow.document):document;}catch(e){d=document;}
    const txt=d&&d.body?d.body.innerText:'';
    if(d&&d.body&&(txt.includes('活动时间')||txt.includes('活动名称')))return d;
    await sleep(250);
  }
  throw new Error('promo doc not loaded');
}
function fiber(el){
  const key=Object.keys(el).find(k=>k.startsWith('__reactInternalInstance')||k.startsWith('__reactFiber'));
  return key?el[key]:null;
}
function val(v,depth=0){
  if(v==null)return v;
  if(typeof v==='function')return '[fn '+(v.name||'anon')+'] '+String(v).slice(0,500);
  if(typeof v!=='object')return String(v).slice(0,200);
  if(Array.isArray(v))return {array:v.slice(0,5).map(x=>val(x,depth+1)),len:v.length};
  if(depth>1)return '[object '+Object.keys(v).slice(0,20).join(',')+']';
  const out={};
  for(const k of Object.keys(v).slice(0,60))out[k]=val(v[k],depth+1);
  return out;
}
const doc=await promoDoc();
const range=doc.querySelector('.br-datepicker-range,.br-rangepicker,.br-datepicker');
const out=[];
let f=fiber(range);
for(let i=0;i<15&&f;i++,f=f.return){
  const p=f.memoizedProps||{};
  const st=f.memoizedState;
  out.push({
    i,tag:f.tag,type:String((f.type&&f.type.name)||f.type||'').slice(0,120),
    elem:String((f.elementType&&f.elementType.name)||f.elementType||'').slice(0,120),
    propKeys:Object.keys(p),
    props:val(p),
    state:val(st)
  });
}
return {rangeHtml:range&&range.outerHTML.slice(0,2000),levels:out};
})())
2026-05-09 16:36:56,999 [INFO] 执行 JS: (async()=>{
const sleep=ms=>new Promise(r=>setTimeout(r,ms));
const visible=el=>!!el&&el.isConnected&&!!(el.offsetWidth||el.offsetHeight||el.getClientRects().length);
async function promoDoc(timeout=3
2026-05-09 16:36:57,045 [INFO] JS 结果: {'rangeHtml': '<div class="br-datepicker br-datepicker-range br-rangepicker styles_dateStyle__515R_"><div class="br-datepicker-input br-datepicker-input-active"><input readonly="" placeholder="开始日期" s
2026-05-09 16:36:57,045 [DEBUG] evaluate 成功
2026-05-09 16:36:57,045 [INFO] [STEP] action=evaluate model=- status=OK source=evaluate
2026-05-09 16:36:57,045 [DEBUG]   history[4]={'rangeHtml': '<div class="br-datepicker br-datepicker-range br-rangepicker styles_dateStyle__515R_"><div class="br-datepicker-input br-datepicker-input-active"><input readonly="" placeholder="开始日期" s
2026-05-09 16:36:57,138 [DEBUG] 截图成功: D:\Documents\pythonProject\AICASS\examples\管理中心\促销活动\result\rodski_20260509_163624\screenshots\CODEX_DATE_PROPS_DEEP_PROBE_03_用例_20260509_163657.png
2026-05-09 16:36:57,138 [DEBUG] 步骤截图: D:\Documents\pythonProject\AICASS\examples\管理中心\促销活动\result\rodski_20260509_163624\screenshots\CODEX_DATE_PROPS_DEEP_PROBE_03_用例_20260509_163657.png
2026-05-09 16:36:57,138 [DEBUG] 步骤等待 10.0s
2026-05-09 16:37:07,139 [DEBUG]   [1] close
2026-05-09 16:37:07,139 [INFO] 执行关键字: close()
2026-05-09 16:37:07,139 [INFO] 关闭浏览器
2026-05-09 16:37:09,551 [INFO] Playwright 原生录制已保存: D:\Documents\pythonProject\AICASS\examples\管理中心\促销活动\result\rodski_20260509_163624\recordings\CODEX_DATE_PROPS_DEEP_PROBE_20260509_163624_01.webm
2026-05-09 16:37:09,599 [DEBUG] close 成功
2026-05-09 16:37:09,600 [INFO] [STEP] action=close model=- status=OK source=keyword_result
2026-05-09 16:37:09,600 [DEBUG]   history[5]=True
2026-05-09 16:37:09,601 [INFO] 浏览器已关闭
2026-05-09 16:37:09,604 [INFO] execution_summary.json 已写入: D:\Documents\pythonProject\AICASS\examples\管理中心\促销活动\result\rodski_20260509_163624\execution_summary.json
2026-05-09 16:37:09,604 [INFO]   PASS (45.273s)
2026-05-09 16:37:09,619 [INFO] 结果已写入 rodski_20260509_163624/result.xml: 总计 1 条, 通过 1 条, 失败 0 条, 通过率 100.0%
