2026-05-08 11:00:27,123 [INFO] 执行用例 1/3: LOGIN_001 - 未登录直接访问管理中心首页应被认证拦截
2026-05-08 11:00:27,123 [DEBUG]   [1] navigate
2026-05-08 11:00:27,123 [DEBUG] 数据解析: 'GlobalValue.Env.admin_url' -> 'https://ec-hwbeta.casstime.com/admin#'
2026-05-08 11:00:27,123 [INFO] 执行关键字: navigate(data=https://ec-hwbeta.casstime.com/admin#)
2026-05-08 11:00:27,123 [INFO] 导航: https://ec-hwbeta.casstime.com/admin#
2026-05-08 11:01:01,375 [DEBUG] navigate 成功
2026-05-08 11:01:01,375 [INFO] [STEP] action=navigate model=- status=OK source=keyword_result
2026-05-08 11:01:01,376 [DEBUG]   history[0]=True
2026-05-08 11:01:01,610 [DEBUG] 截图成功: D:\Documents\pythonProject\AICASS\examples\管理中心\登录\result\rodski_20260508_110027\screenshots\LOGIN_001_01_用例_20260508_110101.png
2026-05-08 11:01:01,611 [DEBUG] 步骤截图: D:\Documents\pythonProject\AICASS\examples\管理中心\登录\result\rodski_20260508_110027\screenshots\LOGIN_001_01_用例_20260508_110101.png
2026-05-08 11:01:01,611 [DEBUG] 步骤等待 0.001s
2026-05-08 11:01:01,613 [DEBUG]   [2] wait
2026-05-08 11:01:01,613 [INFO] 执行关键字: wait(data=2)
2026-05-08 11:01:01,613 [INFO] 等待: 2秒
2026-05-08 11:01:03,614 [DEBUG] wait 成功
2026-05-08 11:01:03,614 [INFO] [STEP] action=wait model=- status=OK source=keyword_result
2026-05-08 11:01:03,614 [DEBUG]   history[1]=True
2026-05-08 11:01:03,614 [DEBUG]   [3] evaluate
2026-05-08 11:01:03,614 [INFO] 执行关键字: evaluate(data=(() => { const text = document.body ? document.body.innerText : ''; const hasHomeFrame = !!document.querySelector('#iframeCon'); const hasLoginControl = !!document.querySelector('input[name="username"], input[name="password"], input[type="password"]'); const looksLikeLogin = hasLoginControl || /login|passport|登录|登入/i.test(location.href + ' ' + text); if (hasHomeFrame) { throw new Error('未登录访问 /systemMgr/admin 时不应进入管理中心首页'); } if (looksLikeLogin || text.trim() === '') { return 'unauthenticated-blocked'; } return 'unauthenticated-blocked-with-message'; })())
2026-05-08 11:01:03,615 [INFO] 执行 JS: (() => { const text = document.body ? document.body.innerText : ''; const hasHomeFrame = !!document.querySelector('#iframeCon'); const hasLoginControl = !!document.querySelector('input[name="username"
2026-05-08 11:01:03,621 [INFO] JS 结果: unauthenticated-blocked
2026-05-08 11:01:03,621 [DEBUG] evaluate 成功
2026-05-08 11:01:03,621 [INFO] [STEP] action=evaluate model=- status=OK source=evaluate
2026-05-08 11:01:03,621 [DEBUG]   history[2]='unauthenticated-blocked'
2026-05-08 11:01:03,809 [DEBUG] 截图成功: D:\Documents\pythonProject\AICASS\examples\管理中心\登录\result\rodski_20260508_110027\screenshots\LOGIN_001_02_用例_20260508_110103.png
2026-05-08 11:01:03,809 [DEBUG] 步骤截图: D:\Documents\pythonProject\AICASS\examples\管理中心\登录\result\rodski_20260508_110027\screenshots\LOGIN_001_02_用例_20260508_110103.png
2026-05-08 11:01:03,809 [DEBUG] 步骤等待 0.001s
2026-05-08 11:01:03,810 [DEBUG]   [1] close
2026-05-08 11:01:03,810 [INFO] 执行关键字: close()
2026-05-08 11:01:03,810 [INFO] 关闭浏览器
2026-05-08 11:01:04,046 [DEBUG] close 成功
2026-05-08 11:01:04,046 [INFO] [STEP] action=close model=- status=OK source=keyword_result
2026-05-08 11:01:04,046 [DEBUG]   history[3]=True
2026-05-08 11:01:04,047 [INFO] 浏览器已关闭
2026-05-08 11:01:04,048 [INFO] execution_summary.json 已写入: D:\Documents\pythonProject\AICASS\examples\管理中心\登录\result\rodski_20260508_110027\execution_summary.json
2026-05-08 11:01:04,048 [INFO]   PASS (36.925s)
2026-05-08 11:01:04,048 [INFO] 用例 2/3: 驱动已关闭，重新创建浏览器...
2026-05-08 11:01:04,048 [INFO] 驱动已关闭，重新创建驱动...
2026-05-08 11:01:04,679 [INFO] 驱动重新创建成功
2026-05-08 11:01:04,679 [INFO] 新浏览器已启动
2026-05-08 11:01:04,679 [INFO] 执行用例 2/3: LOGIN_002 - 使用有效账号登录后进入管理中心首页
2026-05-08 11:01:04,679 [DEBUG]   [1] navigate
2026-05-08 11:01:04,680 [DEBUG] 数据解析: 'GlobalValue.Env.admin_url' -> 'https://ec-hwbeta.casstime.com/admin#'
2026-05-08 11:01:04,680 [INFO] 执行关键字: navigate(data=https://ec-hwbeta.casstime.com/admin#)
2026-05-08 11:01:04,680 [INFO] 导航: https://ec-hwbeta.casstime.com/admin#
2026-05-08 11:01:13,575 [DEBUG] 导航成功: https://ec-hwbeta.casstime.com/admin#
2026-05-08 11:01:13,575 [DEBUG] navigate 成功
2026-05-08 11:01:13,575 [INFO] [STEP] action=navigate model=- status=OK source=keyword_result
2026-05-08 11:01:13,575 [DEBUG]   history[0]=True
2026-05-08 11:01:13,774 [DEBUG] 截图成功: D:\Documents\pythonProject\AICASS\examples\管理中心\登录\result\rodski_20260508_110027\screenshots\LOGIN_002_01_用例_20260508_110113.png
2026-05-08 11:01:13,774 [DEBUG] 步骤截图: D:\Documents\pythonProject\AICASS\examples\管理中心\登录\result\rodski_20260508_110027\screenshots\LOGIN_002_01_用例_20260508_110113.png
2026-05-08 11:01:13,774 [DEBUG] 步骤等待 0.001s
2026-05-08 11:01:13,776 [DEBUG]   [2] wait
2026-05-08 11:01:13,776 [INFO] 执行关键字: wait(data=2)
2026-05-08 11:01:13,776 [INFO] 等待: 2秒
2026-05-08 11:01:15,776 [DEBUG] wait 成功
2026-05-08 11:01:15,776 [INFO] [STEP] action=wait model=- status=OK source=keyword_result
2026-05-08 11:01:15,777 [DEBUG]   history[1]=True
2026-05-08 11:01:15,777 [DEBUG]   [3] type
2026-05-08 11:01:15,777 [INFO] 执行关键字: type(model=PassportLogin, data=ValidCredential)
2026-05-08 11:01:15,777 [INFO] 批量输入: 模型=PassportLogin, DataID=ValidCredential
2026-05-08 11:01:15,777 [DEBUG] loginModePassword: click css=span[type='PASSWORD']
2026-05-08 11:01:15,777 [DEBUG] 点击元素: css=span[type='PASSWORD'] -> span[type='PASSWORD']
2026-05-08 11:01:15,828 [DEBUG]   ↳ 定位器 css=span[type='PASSWORD'] 成功 (priority=1)
2026-05-08 11:01:15,829 [DEBUG] username: id=userName <- 'mandy'
2026-05-08 11:01:15,829 [DEBUG] 输入文本: id=userName -> #userName
2026-05-08 11:01:15,877 [DEBUG]   ↳ 定位器 id=userName 成功 (priority=1)
2026-05-08 11:01:15,877 [DEBUG] password: name=password <- '***'
2026-05-08 11:01:15,877 [DEBUG] 输入文本: name=password -> [name="password"]
2026-05-08 11:01:15,909 [DEBUG]   ↳ 定位器 name=password 成功 (priority=1)
2026-05-08 11:01:15,909 [DEBUG] agreement: click css=.bre-login-privacy-modal_entry-checkbox
2026-05-08 11:01:15,909 [DEBUG] 点击元素: css=.bre-login-privacy-modal_entry-checkbox -> .bre-login-privacy-modal_entry-checkbox
2026-05-08 11:01:15,962 [DEBUG]   ↳ 定位器 css=.bre-login-privacy-modal_entry-checkbox 成功 (priority=1)
2026-05-08 11:01:15,962 [DEBUG] submit: click css=input.btn-submit
2026-05-08 11:01:15,962 [DEBUG] 点击元素: css=input.btn-submit -> input.btn-submit
2026-05-08 11:01:16,006 [DEBUG]   ↳ 定位器 css=input.btn-submit 成功 (priority=1)
2026-05-08 11:01:16,006 [DEBUG] type 成功
2026-05-08 11:01:16,006 [INFO] [STEP] action=type model=PassportLogin status=OK source=keyword_result
2026-05-08 11:01:16,006 [DEBUG]   history[2]={'loginModePassword': 'click', 'username': 'mandy', 'password': 'Init@1125!@#$.Password', 'agreement': 'click', 'submit': 'click'}
2026-05-08 11:01:16,201 [DEBUG] 截图成功: D:\Documents\pythonProject\AICASS\examples\管理中心\登录\result\rodski_20260508_110027\screenshots\LOGIN_002_02_用例_20260508_110116.png
2026-05-08 11:01:16,201 [DEBUG] 步骤截图: D:\Documents\pythonProject\AICASS\examples\管理中心\登录\result\rodski_20260508_110027\screenshots\LOGIN_002_02_用例_20260508_110116.png
2026-05-08 11:01:16,201 [DEBUG] 步骤等待 0.001s
2026-05-08 11:01:16,202 [DEBUG]   [4] wait
2026-05-08 11:01:16,202 [INFO] 执行关键字: wait(data=5)
2026-05-08 11:01:16,202 [INFO] 等待: 5秒
2026-05-08 11:01:21,203 [DEBUG] wait 成功
2026-05-08 11:01:21,203 [INFO] [STEP] action=wait model=- status=OK source=keyword_result
2026-05-08 11:01:21,203 [DEBUG]   history[3]=True
2026-05-08 11:01:21,203 [DEBUG]   [5] evaluate
2026-05-08 11:01:21,203 [INFO] 执行关键字: evaluate(data=(() => { const text = document.body ? document.body.innerText : ''; const userLogin = document.querySelector('#userLogin')?.value || ''; const hasFrame = !!document.querySelector('#iframeCon'); const hasLogo = text.includes('开思') && text.includes('管理中心'); if ((hasFrame || hasLogo) && (userLogin === 'mandy' || text.includes('管理中心'))) { return 'login-success'; } throw new Error('登录后未进入管理中心首页，currentUrl=' + location.href + ', userLogin=' + userLogin); })())
2026-05-08 11:01:21,204 [INFO] 执行 JS: (() => { const text = document.body ? document.body.innerText : ''; const userLogin = document.querySelector('#userLogin')?.value || ''; const hasFrame = !!document.querySelector('#iframeCon'); const 
2026-05-08 11:01:21,215 [ERROR] ❌ 驱动操作失败: [SKI302] JavaScript 执行失败: Page.evaluate: Error: 登录后未进入管理中心首页，currentUrl=https://ec-hwbeta.casstime.com/admin, userLogin=
    at eval (eval at evaluate (:234:30), <anonymous>:1:370)
    at eval (eval at evaluate (:234:30), <anonymous>:1:456)
    at eval (<anonymous>)
    at UtilityScript.evaluate (<anonymous>:234:30)
    at UtilityScript.<anonymous> (<anonymous>:1:44)
2026-05-08 11:01:21,215 [ERROR] ❌ 重试 1 次后仍失败: [SKI302] JavaScript 执行失败: Page.evaluate: Error: 登录后未进入管理中心首页，currentUrl=https://ec-hwbeta.casstime.com/admin, userLogin=
    at eval (eval at evaluate (:234:30), <anonymous>:1:370)
    at eval (eval at evaluate (:234:30), <anonymous>:1:456)
    at eval (<anonymous>)
    at UtilityScript.evaluate (<anonymous>:234:30)
    at UtilityScript.<anonymous> (<anonymous>:1:44)
2026-05-08 11:01:21,215 [ERROR] 用例阶段失败: [SKI313] 关键字 'evaluate' 重试 1 次后仍失败: [SKI302] JavaScript 执行失败: Page.evaluate: Error: 登录后未进入管理中心首页，currentUrl=https://ec-hwbeta.casstime.com/admin, userLogin=
    at eval (eval at evaluate (:234:30), <anonymous>:1:370)
    at eval (eval at evaluate (:234:30), <anonymous>:1:456)
    at eval (<anonymous>)
    at UtilityScript.evaluate (<anonymous>:234:30)
    at UtilityScript.<anonymous> (<anonymous>:1:44)
  keyword: evaluate
2026-05-08 11:01:26,768 [DEBUG] 截图成功: D:\Documents\pythonProject\AICASS\examples\管理中心\登录\result\rodski_20260508_110027\screenshots\LOGIN_002_20260508_110121_failure.png
2026-05-08 11:01:26,768 [INFO] 失败截图已保存: D:\Documents\pythonProject\AICASS\examples\管理中心\登录\result\rodski_20260508_110027\screenshots\LOGIN_002_20260508_110121_failure.png
2026-05-08 11:01:26,768 [DEBUG]   [1] close
2026-05-08 11:01:26,769 [INFO] 执行关键字: close()
2026-05-08 11:01:26,769 [INFO] 关闭浏览器
2026-05-08 11:01:26,996 [DEBUG] close 成功
2026-05-08 11:01:26,996 [INFO] [STEP] action=close model=- status=OK source=keyword_result
2026-05-08 11:01:26,996 [DEBUG]   history[4]=True
2026-05-08 11:01:26,996 [INFO] 浏览器已关闭
2026-05-08 11:01:26,998 [INFO] execution_summary.json 已写入: D:\Documents\pythonProject\AICASS\examples\管理中心\登录\result\rodski_20260508_110027\execution_summary.json
2026-05-08 11:01:26,998 [INFO]   FAIL (22.318s)
2026-05-08 11:01:26,998 [ERROR]   错误: [SKI313] 关键字 'evaluate' 重试 1 次后仍失败: [SKI302] JavaScript 执行失败: Page.evaluate: Error: 登录后未进入管理中心首页，currentUrl=https://ec-hwbeta.casstime.com/admin, userLogin=
    at eval (eval at evaluate (:234:30), <anonymous>:1:370)
    at eval (eval at evaluate (:234:30), <anonymous>:1:456)
    at eval (<anonymous>)
    at UtilityScript.evaluate (<anonymous>:234:30)
    at UtilityScript.<anonymous> (<anonymous>:1:44)
  keyword: evaluate
2026-05-08 11:01:26,998 [INFO] 用例 3/3: 驱动已关闭，重新创建浏览器...
2026-05-08 11:01:26,998 [INFO] 驱动已关闭，重新创建驱动...
2026-05-08 11:01:27,636 [INFO] 驱动重新创建成功
2026-05-08 11:01:27,636 [INFO] 新浏览器已启动
2026-05-08 11:01:27,637 [INFO] 执行用例 3/3: LOGIN_003 - 登录后点击退出应清除会话并离开管理中心首页
2026-05-08 11:01:27,637 [DEBUG]   [1] navigate
2026-05-08 11:01:27,637 [DEBUG] 数据解析: 'GlobalValue.Env.admin_url' -> 'https://ec-hwbeta.casstime.com/admin#'
2026-05-08 11:01:27,637 [INFO] 执行关键字: navigate(data=https://ec-hwbeta.casstime.com/admin#)
2026-05-08 11:01:27,638 [INFO] 导航: https://ec-hwbeta.casstime.com/admin#
2026-05-08 11:01:37,640 [DEBUG] 导航成功: https://ec-hwbeta.casstime.com/admin#
2026-05-08 11:01:37,640 [DEBUG] navigate 成功
2026-05-08 11:01:37,640 [INFO] [STEP] action=navigate model=- status=OK source=keyword_result
2026-05-08 11:01:37,640 [DEBUG]   history[0]=True
2026-05-08 11:01:37,819 [DEBUG] 截图成功: D:\Documents\pythonProject\AICASS\examples\管理中心\登录\result\rodski_20260508_110027\screenshots\LOGIN_003_01_用例_20260508_110137.png
2026-05-08 11:01:37,819 [DEBUG] 步骤截图: D:\Documents\pythonProject\AICASS\examples\管理中心\登录\result\rodski_20260508_110027\screenshots\LOGIN_003_01_用例_20260508_110137.png
2026-05-08 11:01:37,819 [DEBUG] 步骤等待 0.001s
2026-05-08 11:01:37,821 [DEBUG]   [2] wait
2026-05-08 11:01:37,821 [INFO] 执行关键字: wait(data=2)
2026-05-08 11:01:37,821 [INFO] 等待: 2秒
2026-05-08 11:01:39,822 [DEBUG] wait 成功
2026-05-08 11:01:39,822 [INFO] [STEP] action=wait model=- status=OK source=keyword_result
2026-05-08 11:01:39,822 [DEBUG]   history[1]=True
2026-05-08 11:01:39,822 [DEBUG]   [3] type
2026-05-08 11:01:39,822 [INFO] 执行关键字: type(model=PassportLogin, data=ValidCredential)
2026-05-08 11:01:39,822 [INFO] 批量输入: 模型=PassportLogin, DataID=ValidCredential
2026-05-08 11:01:39,822 [DEBUG] loginModePassword: click css=span[type='PASSWORD']
2026-05-08 11:01:39,823 [DEBUG] 点击元素: css=span[type='PASSWORD'] -> span[type='PASSWORD']
2026-05-08 11:01:39,880 [DEBUG]   ↳ 定位器 css=span[type='PASSWORD'] 成功 (priority=1)
2026-05-08 11:01:39,880 [DEBUG] username: id=userName <- 'mandy'
2026-05-08 11:01:39,880 [DEBUG] 输入文本: id=userName -> #userName
2026-05-08 11:01:39,899 [DEBUG]   ↳ 定位器 id=userName 成功 (priority=1)
2026-05-08 11:01:39,899 [DEBUG] password: name=password <- '***'
2026-05-08 11:01:39,899 [DEBUG] 输入文本: name=password -> [name="password"]
2026-05-08 11:01:39,949 [DEBUG]   ↳ 定位器 name=password 成功 (priority=1)
2026-05-08 11:01:39,949 [DEBUG] agreement: click css=.bre-login-privacy-modal_entry-checkbox
2026-05-08 11:01:39,949 [DEBUG] 点击元素: css=.bre-login-privacy-modal_entry-checkbox -> .bre-login-privacy-modal_entry-checkbox
2026-05-08 11:01:39,997 [DEBUG]   ↳ 定位器 css=.bre-login-privacy-modal_entry-checkbox 成功 (priority=1)
2026-05-08 11:01:39,997 [DEBUG] submit: click css=input.btn-submit
2026-05-08 11:01:39,997 [DEBUG] 点击元素: css=input.btn-submit -> input.btn-submit
2026-05-08 11:01:40,041 [DEBUG]   ↳ 定位器 css=input.btn-submit 成功 (priority=1)
2026-05-08 11:01:40,041 [DEBUG] type 成功
2026-05-08 11:01:40,041 [INFO] [STEP] action=type model=PassportLogin status=OK source=keyword_result
2026-05-08 11:01:40,041 [DEBUG]   history[2]={'loginModePassword': 'click', 'username': 'mandy', 'password': 'Init@1125!@#$.Password', 'agreement': 'click', 'submit': 'click'}
2026-05-08 11:01:40,255 [DEBUG] 截图成功: D:\Documents\pythonProject\AICASS\examples\管理中心\登录\result\rodski_20260508_110027\screenshots\LOGIN_003_02_用例_20260508_110140.png
2026-05-08 11:01:40,255 [DEBUG] 步骤截图: D:\Documents\pythonProject\AICASS\examples\管理中心\登录\result\rodski_20260508_110027\screenshots\LOGIN_003_02_用例_20260508_110140.png
2026-05-08 11:01:40,255 [DEBUG] 步骤等待 0.001s
2026-05-08 11:01:40,256 [DEBUG]   [4] wait
2026-05-08 11:01:40,257 [INFO] 执行关键字: wait(data=5)
2026-05-08 11:01:40,257 [INFO] 等待: 5秒
2026-05-08 11:01:45,257 [DEBUG] wait 成功
2026-05-08 11:01:45,257 [INFO] [STEP] action=wait model=- status=OK source=keyword_result
2026-05-08 11:01:45,257 [DEBUG]   history[3]=True
2026-05-08 11:01:45,257 [DEBUG]   [5] type
2026-05-08 11:01:45,257 [INFO] 执行关键字: type(model=AdminHome, data=LogoutClick)
2026-05-08 11:01:45,258 [INFO] 批量输入: 模型=AdminHome, DataID=LogoutClick
2026-05-08 11:01:45,258 [DEBUG] logout: click css=a[href='/logout']
2026-05-08 11:01:45,258 [DEBUG] 点击元素: css=a[href='/logout'] -> a[href='/logout']
2026-05-08 11:01:45,646 [DEBUG]   ↳ 定位器 css=a[href='/logout'] 成功 (priority=1)
2026-05-08 11:01:45,646 [DEBUG] type 成功
2026-05-08 11:01:45,646 [INFO] [STEP] action=type model=AdminHome status=OK source=keyword_result
2026-05-08 11:01:45,646 [DEBUG]   history[4]={'logout': 'click'}
2026-05-08 11:01:50,053 [DEBUG] 截图成功: D:\Documents\pythonProject\AICASS\examples\管理中心\登录\result\rodski_20260508_110027\screenshots\LOGIN_003_03_用例_20260508_110145.png
2026-05-08 11:01:50,053 [DEBUG] 步骤截图: D:\Documents\pythonProject\AICASS\examples\管理中心\登录\result\rodski_20260508_110027\screenshots\LOGIN_003_03_用例_20260508_110145.png
2026-05-08 11:01:50,053 [DEBUG] 步骤等待 0.001s
2026-05-08 11:01:50,054 [DEBUG]   [6] wait
2026-05-08 11:01:50,054 [INFO] 执行关键字: wait(data=3)
2026-05-08 11:01:50,054 [INFO] 等待: 3秒
2026-05-08 11:01:53,055 [DEBUG] wait 成功
2026-05-08 11:01:53,055 [INFO] [STEP] action=wait model=- status=OK source=keyword_result
2026-05-08 11:01:53,055 [DEBUG]   history[5]=True
2026-05-08 11:01:53,055 [DEBUG]   [7] evaluate
2026-05-08 11:01:53,056 [INFO] 执行关键字: evaluate(data=(() => { const text = document.body ? document.body.innerText : ''; const hasFrame = !!document.querySelector('#iframeCon'); const hasLoginControl = !!document.querySelector('input[name="username"], input[name="password"], input[type="password"]'); const looksLoggedOut = hasLoginControl || /login|passport|登录|登入|logout/i.test(location.href + ' ' + text); if (!hasFrame || looksLoggedOut) { return 'logout-success'; } throw new Error('退出后仍停留在管理中心已登录首页，currentUrl=' + location.href); })())
2026-05-08 11:01:53,056 [INFO] 执行 JS: (() => { const text = document.body ? document.body.innerText : ''; const hasFrame = !!document.querySelector('#iframeCon'); const hasLoginControl = !!document.querySelector('input[name="username"], i
2026-05-08 11:01:53,063 [INFO] JS 结果: logout-success
2026-05-08 11:01:53,063 [DEBUG] evaluate 成功
2026-05-08 11:01:53,063 [INFO] [STEP] action=evaluate model=- status=OK source=evaluate
2026-05-08 11:01:53,063 [DEBUG]   history[6]='logout-success'
2026-05-08 11:01:53,242 [DEBUG] 截图成功: D:\Documents\pythonProject\AICASS\examples\管理中心\登录\result\rodski_20260508_110027\screenshots\LOGIN_003_04_用例_20260508_110153.png
2026-05-08 11:01:53,242 [DEBUG] 步骤截图: D:\Documents\pythonProject\AICASS\examples\管理中心\登录\result\rodski_20260508_110027\screenshots\LOGIN_003_04_用例_20260508_110153.png
2026-05-08 11:01:53,242 [DEBUG] 步骤等待 0.001s
2026-05-08 11:01:53,244 [DEBUG]   [1] close
2026-05-08 11:01:53,244 [INFO] 执行关键字: close()
2026-05-08 11:01:53,244 [INFO] 关闭浏览器
2026-05-08 11:01:53,500 [DEBUG] close 成功
2026-05-08 11:01:53,500 [INFO] [STEP] action=close model=- status=OK source=keyword_result
2026-05-08 11:01:53,500 [DEBUG]   history[7]=True
2026-05-08 11:01:53,500 [INFO] 浏览器已关闭
2026-05-08 11:01:53,501 [INFO] execution_summary.json 已写入: D:\Documents\pythonProject\AICASS\examples\管理中心\登录\result\rodski_20260508_110027\execution_summary.json
2026-05-08 11:01:53,501 [INFO]   PASS (25.864s)
2026-05-08 11:01:53,519 [INFO] 结果已写入 rodski_20260508_110027/result.xml: 总计 3 条, 通过 2 条, 失败 1 条, 通过率 66.7%
