2026-05-11 10:22:03,606 [INFO] 执行用例 1/3: LOGIN_001 - 未登录直接访问管理中心首页应被认证拦截
2026-05-11 10:22:04,291 [INFO] Playwright 原生录制已启动: D:\Documents\pythonProject\AICASS\examples\电商\管理中心\登录\result\rodski_20260511_102203\recordings\LOGIN_001_20260511_102203_01.webm (分辨率: {'width': 1920, 'height': 1080})
2026-05-11 10:22:04,292 [INFO]   [1] scenario LOGIN_001_ACCESS_ADMIN - 未登录访问管理中心首页 (group=auth, tag=['login', 'p0', 'smoke', 'unauthenticated'])
2026-05-11 10:22:04,292 [DEBUG]   [1] navigate
2026-05-11 10:22:04,292 [DEBUG] 数据解析: 'GlobalValue.Env.admin_url' -> 'https://ec-hwbeta.casstime.com/admin#'
2026-05-11 10:22:04,292 [INFO] 执行关键字: navigate(data=https://ec-hwbeta.casstime.com/admin#)
2026-05-11 10:22:04,293 [INFO] 导航: https://ec-hwbeta.casstime.com/admin#
2026-05-11 10:22:08,852 [DEBUG] 导航成功: https://ec-hwbeta.casstime.com/admin#
2026-05-11 10:22:08,852 [DEBUG] navigate 成功
2026-05-11 10:22:08,852 [INFO] [STEP] action=navigate model=- status=OK source=keyword_result
2026-05-11 10:22:08,852 [DEBUG]   history[0]=True
2026-05-11 10:22:08,962 [DEBUG] 截图成功: D:\Documents\pythonProject\AICASS\examples\电商\管理中心\登录\result\rodski_20260511_102203\screenshots\LOGIN_001_LOGIN_001_ACCESS_ADMIN_未登录访问管理中心首页\01_20260511_102208.png
2026-05-11 10:22:08,962 [DEBUG] 步骤截图: D:\Documents\pythonProject\AICASS\examples\电商\管理中心\登录\result\rodski_20260511_102203\screenshots\LOGIN_001_LOGIN_001_ACCESS_ADMIN_未登录访问管理中心首页\01_20260511_102208.png
2026-05-11 10:22:08,962 [DEBUG] 步骤等待 0.001s
2026-05-11 10:22:08,964 [DEBUG]   [1] wait
2026-05-11 10:22:08,964 [INFO] 执行关键字: wait(data=2)
2026-05-11 10:22:08,964 [INFO] 等待: 2秒
2026-05-11 10:22:10,964 [DEBUG] wait 成功
2026-05-11 10:22:10,964 [INFO] [STEP] action=wait model=- status=OK source=keyword_result
2026-05-11 10:22:10,965 [DEBUG]   history[1]=True
2026-05-11 10:22:10,965 [INFO]   [2] scenario LOGIN_001_ASSERT_BLOCKED - 校验未登录访问被认证拦截 (group=auth, tag=['login', 'p0', 'smoke', 'assert'])
2026-05-11 10:22:10,965 [DEBUG]   [2] evaluate
2026-05-11 10:22:10,965 [INFO] 执行关键字: evaluate(data=(() => { const text = document.body ? document.body.innerText : ''; const url = location.href; const hasHomeShell = !!document.querySelector('#iframeCon, .main-sidebar, .sidebar, .content-wrapper, .main-header'); const hasLoginControl = !!document.querySelector('input[name="username"], input[name="password"], input[type="password"]'); const hasLogout = !!document.querySelector('a[href="/logout"], a[href$="/logout"]'); const blocked = hasLoginControl || /login|passport|登录|登入|认证|未登录|403|forbidden|unauthor/i.test(url + ' ' + text) || text.trim() === ''; if (hasHomeShell && hasLogout) { throw new Error('未登录访问管理中心时进入了已登录首页，currentUrl=' + url); } if (blocked || !hasHomeShell) { return 'unauthenticated-blocked'; } throw new Error('未登录访问后的页面状态无法确认，currentUrl=' + url); })())
2026-05-11 10:22:10,965 [INFO] 执行 JS: (() => { const text = document.body ? document.body.innerText : ''; const url = location.href; const hasHomeShell = !!document.querySelector('#iframeCon, .main-sidebar, .sidebar, .content-wrapper, .ma
2026-05-11 10:22:10,975 [INFO] JS 结果: unauthenticated-blocked
2026-05-11 10:22:10,975 [DEBUG] evaluate 成功
2026-05-11 10:22:10,976 [INFO] [STEP] action=evaluate model=- status=OK source=evaluate
2026-05-11 10:22:10,976 [DEBUG]   history[2]='unauthenticated-blocked'
2026-05-11 10:22:11,075 [DEBUG] 截图成功: D:\Documents\pythonProject\AICASS\examples\电商\管理中心\登录\result\rodski_20260511_102203\screenshots\LOGIN_001_LOGIN_001_ASSERT_BLOCKED_校验未登录访问被认证拦截\02_20260511_102210.png
2026-05-11 10:22:11,075 [DEBUG] 步骤截图: D:\Documents\pythonProject\AICASS\examples\电商\管理中心\登录\result\rodski_20260511_102203\screenshots\LOGIN_001_LOGIN_001_ASSERT_BLOCKED_校验未登录访问被认证拦截\02_20260511_102210.png
2026-05-11 10:22:11,075 [DEBUG] 步骤等待 0.001s
2026-05-11 10:22:11,077 [DEBUG]   [1] close
2026-05-11 10:22:11,077 [INFO] 执行关键字: close()
2026-05-11 10:22:11,077 [INFO] 关闭浏览器
2026-05-11 10:22:11,557 [INFO] Playwright 原生录制已保存: D:\Documents\pythonProject\AICASS\examples\电商\管理中心\登录\result\rodski_20260511_102203\recordings\LOGIN_001_20260511_102203_01.webm
2026-05-11 10:22:11,630 [DEBUG] close 成功
2026-05-11 10:22:11,630 [INFO] [STEP] action=close model=- status=OK source=keyword_result
2026-05-11 10:22:11,630 [DEBUG]   history[3]=True
2026-05-11 10:22:11,630 [INFO] 浏览器已关闭
2026-05-11 10:22:11,631 [INFO] execution_summary.json 已写入: D:\Documents\pythonProject\AICASS\examples\电商\管理中心\登录\result\rodski_20260511_102203\execution_summary.json
2026-05-11 10:22:11,631 [INFO]   PASS (8.024s)
2026-05-11 10:22:11,631 [INFO] 用例 2/3: 驱动已关闭，重新创建浏览器...
2026-05-11 10:22:11,631 [INFO] 驱动已关闭，重新创建驱动...
2026-05-11 10:22:11,631 [INFO] 驱动重新创建成功
2026-05-11 10:22:11,631 [INFO] 新浏览器已启动
2026-05-11 10:22:11,631 [INFO] 执行用例 2/3: LOGIN_002 - 使用有效账号登录后进入管理中心首页
2026-05-11 10:22:12,102 [INFO] Playwright 原生录制已启动: D:\Documents\pythonProject\AICASS\examples\电商\管理中心\登录\result\rodski_20260511_102203\recordings\LOGIN_002_20260511_102211_01.webm (分辨率: {'width': 1920, 'height': 1080})
2026-05-11 10:22:12,102 [INFO]   [1] scenario LOGIN_002_OPEN_LOGIN - 打开管理中心登录入口 (group=positive, tag=['login', 'p0', 'smoke', 'navigate'])
2026-05-11 10:22:12,102 [DEBUG]   [1] navigate
2026-05-11 10:22:12,103 [DEBUG] 数据解析: 'GlobalValue.Env.admin_url' -> 'https://ec-hwbeta.casstime.com/admin#'
2026-05-11 10:22:12,103 [INFO] 执行关键字: navigate(data=https://ec-hwbeta.casstime.com/admin#)
2026-05-11 10:22:12,103 [INFO] 导航: https://ec-hwbeta.casstime.com/admin#
2026-05-11 10:22:14,155 [DEBUG] 导航成功: https://ec-hwbeta.casstime.com/admin#
2026-05-11 10:22:14,155 [DEBUG] navigate 成功
2026-05-11 10:22:14,155 [INFO] [STEP] action=navigate model=- status=OK source=keyword_result
2026-05-11 10:22:14,155 [DEBUG]   history[0]=True
2026-05-11 10:22:14,261 [DEBUG] 截图成功: D:\Documents\pythonProject\AICASS\examples\电商\管理中心\登录\result\rodski_20260511_102203\screenshots\LOGIN_002_LOGIN_002_OPEN_LOGIN_打开管理中心登录入口\01_20260511_102214.png
2026-05-11 10:22:14,262 [DEBUG] 步骤截图: D:\Documents\pythonProject\AICASS\examples\电商\管理中心\登录\result\rodski_20260511_102203\screenshots\LOGIN_002_LOGIN_002_OPEN_LOGIN_打开管理中心登录入口\01_20260511_102214.png
2026-05-11 10:22:14,262 [DEBUG] 步骤等待 0.001s
2026-05-11 10:22:14,263 [DEBUG]   [1] wait
2026-05-11 10:22:14,263 [INFO] 执行关键字: wait(data=2)
2026-05-11 10:22:14,263 [INFO] 等待: 2秒
2026-05-11 10:22:16,263 [DEBUG] wait 成功
2026-05-11 10:22:16,263 [INFO] [STEP] action=wait model=- status=OK source=keyword_result
2026-05-11 10:22:16,264 [DEBUG]   history[1]=True
2026-05-11 10:22:16,264 [INFO]   [2] scenario LOGIN_002_SUBMIT_VALID - 使用有效账号提交登录 (group=positive, tag=['login', 'p0', 'smoke', 'submit'])
2026-05-11 10:22:16,264 [DEBUG]   [2] type
2026-05-11 10:22:16,264 [INFO] 执行关键字: type(model=PassportLogin, data=ValidCredential)
2026-05-11 10:22:16,264 [INFO] 批量输入: 模型=PassportLogin, DataID=ValidCredential
2026-05-11 10:22:16,264 [DEBUG] loginModePassword: click css=span[type='PASSWORD']
2026-05-11 10:22:16,264 [DEBUG] 点击元素: css=span[type='PASSWORD'] -> span[type='PASSWORD']
2026-05-11 10:22:16,378 [DEBUG]   ↳ 定位器 css=span[type='PASSWORD'] 成功 (priority=1)
2026-05-11 10:22:16,379 [DEBUG] username: id=userName <- 'mandy'
2026-05-11 10:22:16,379 [DEBUG] 输入文本: id=userName -> #userName
2026-05-11 10:22:16,410 [DEBUG]   ↳ 定位器 id=userName 成功 (priority=1)
2026-05-11 10:22:16,410 [DEBUG] password: name=password <- '***'
2026-05-11 10:22:16,411 [DEBUG] 输入文本: name=password -> [name="password"]
2026-05-11 10:22:16,435 [DEBUG]   ↳ 定位器 name=password 成功 (priority=1)
2026-05-11 10:22:16,435 [DEBUG] agreement: click css=.bre-login-privacy-modal_entry-checkbox
2026-05-11 10:22:16,436 [DEBUG] 点击元素: css=.bre-login-privacy-modal_entry-checkbox -> .bre-login-privacy-modal_entry-checkbox
2026-05-11 10:22:16,491 [DEBUG]   ↳ 定位器 css=.bre-login-privacy-modal_entry-checkbox 成功 (priority=1)
2026-05-11 10:22:16,491 [DEBUG] submit: click css=input.btn-submit
2026-05-11 10:22:16,491 [DEBUG] 点击元素: css=input.btn-submit -> input.btn-submit
2026-05-11 10:22:16,538 [DEBUG]   ↳ 定位器 css=input.btn-submit 成功 (priority=1)
2026-05-11 10:22:16,538 [DEBUG] type 成功
2026-05-11 10:22:16,538 [INFO] [STEP] action=type model=PassportLogin status=OK source=keyword_result
2026-05-11 10:22:16,538 [DEBUG]   history[2]={'loginModePassword': 'click', 'username': 'mandy', 'password': 'Init@1125!@#$.Password', 'agreement': 'click', 'submit': 'click'}
2026-05-11 10:22:16,755 [DEBUG] 截图成功: D:\Documents\pythonProject\AICASS\examples\电商\管理中心\登录\result\rodski_20260511_102203\screenshots\LOGIN_002_LOGIN_002_SUBMIT_VALID_使用有效账号提交登录\02_20260511_102216.png
2026-05-11 10:22:16,755 [DEBUG] 步骤截图: D:\Documents\pythonProject\AICASS\examples\电商\管理中心\登录\result\rodski_20260511_102203\screenshots\LOGIN_002_LOGIN_002_SUBMIT_VALID_使用有效账号提交登录\02_20260511_102216.png
2026-05-11 10:22:16,755 [DEBUG] 步骤等待 0.001s
2026-05-11 10:22:16,757 [DEBUG]   [2] wait
2026-05-11 10:22:16,757 [INFO] 执行关键字: wait(data=5)
2026-05-11 10:22:16,757 [INFO] 等待: 5秒
2026-05-11 10:22:21,757 [DEBUG] wait 成功
2026-05-11 10:22:21,757 [INFO] [STEP] action=wait model=- status=OK source=keyword_result
2026-05-11 10:22:21,757 [DEBUG]   history[3]=True
2026-05-11 10:22:21,758 [INFO]   [3] scenario LOGIN_002_ASSERT_HOME - 校验进入管理中心首页 (group=positive, tag=['login', 'p0', 'smoke', 'assert'])
2026-05-11 10:22:21,758 [DEBUG]   [3] evaluate
2026-05-11 10:22:21,758 [INFO] 执行关键字: evaluate(data=(() => { const text = document.body ? document.body.innerText : ''; const url = location.href; const hasLogout = !!document.querySelector('a[href="/logout"], a[href$="/logout"]'); const hasUserLogin = !!document.querySelector('#userLogin'); const hasHomeShell = !!document.querySelector('#iframeCon, .main-sidebar, .sidebar, .content-wrapper, .main-header'); const stillOnLogin = !!document.querySelector('input[name="username"], input[name="password"], input[type="password"]') || /passport\/login|\/login/i.test(url); if ((hasLogout || hasUserLogin) && hasHomeShell && !stillOnLogin) { return 'login-success'; } throw new Error('登录成功页断言失败: currentUrl=' + url + ', hasLogout=' + hasLogout + ', hasUserLogin=' + hasUserLogin + ', hasHomeShell=' + hasHomeShell + ', stillOnLogin=' + stillOnLogin + ', text=' + text.slice(0, 120)); })())
2026-05-11 10:22:21,758 [INFO] 执行 JS: (() => { const text = document.body ? document.body.innerText : ''; const url = location.href; const hasLogout = !!document.querySelector('a[href="/logout"], a[href$="/logout"]'); const hasUserLogin =
2026-05-11 10:22:21,794 [INFO] JS 结果: login-success
2026-05-11 10:22:21,794 [DEBUG] evaluate 成功
2026-05-11 10:22:21,794 [INFO] [STEP] action=evaluate model=- status=OK source=evaluate
2026-05-11 10:22:21,794 [DEBUG]   history[4]='login-success'
2026-05-11 10:22:21,855 [DEBUG] 截图成功: D:\Documents\pythonProject\AICASS\examples\电商\管理中心\登录\result\rodski_20260511_102203\screenshots\LOGIN_002_LOGIN_002_ASSERT_HOME_校验进入管理中心首页\03_20260511_102221.png
2026-05-11 10:22:21,855 [DEBUG] 步骤截图: D:\Documents\pythonProject\AICASS\examples\电商\管理中心\登录\result\rodski_20260511_102203\screenshots\LOGIN_002_LOGIN_002_ASSERT_HOME_校验进入管理中心首页\03_20260511_102221.png
2026-05-11 10:22:21,855 [DEBUG] 步骤等待 0.001s
2026-05-11 10:22:21,857 [DEBUG]   [1] close
2026-05-11 10:22:21,857 [INFO] 执行关键字: close()
2026-05-11 10:22:21,857 [INFO] 关闭浏览器
2026-05-11 10:22:23,070 [INFO] Playwright 原生录制已保存: D:\Documents\pythonProject\AICASS\examples\电商\管理中心\登录\result\rodski_20260511_102203\recordings\LOGIN_002_20260511_102211_01.webm
2026-05-11 10:22:23,125 [DEBUG] close 成功
2026-05-11 10:22:23,125 [INFO] [STEP] action=close model=- status=OK source=keyword_result
2026-05-11 10:22:23,125 [DEBUG]   history[5]=True
2026-05-11 10:22:23,126 [INFO] 浏览器已关闭
2026-05-11 10:22:23,126 [INFO] execution_summary.json 已写入: D:\Documents\pythonProject\AICASS\examples\电商\管理中心\登录\result\rodski_20260511_102203\execution_summary.json
2026-05-11 10:22:23,126 [INFO]   PASS (11.495s)
2026-05-11 10:22:23,126 [INFO] 用例 3/3: 驱动已关闭，重新创建浏览器...
2026-05-11 10:22:23,126 [INFO] 驱动已关闭，重新创建驱动...
2026-05-11 10:22:23,126 [INFO] 驱动重新创建成功
2026-05-11 10:22:23,126 [INFO] 新浏览器已启动
2026-05-11 10:22:23,126 [INFO] 执行用例 3/3: LOGIN_003 - 登录后点击退出应清除会话并离开管理中心首页
2026-05-11 10:22:23,584 [INFO] Playwright 原生录制已启动: D:\Documents\pythonProject\AICASS\examples\电商\管理中心\登录\result\rodski_20260511_102203\recordings\LOGIN_003_20260511_102223_01.webm (分辨率: {'width': 1920, 'height': 1080})
2026-05-11 10:22:23,585 [INFO]   [1] scenario LOGIN_003_LOGIN_FIRST - 先登录进入管理中心首页 (group=logout, tag=['login', 'p0', 'smoke', 'prepare'])
2026-05-11 10:22:23,585 [DEBUG]   [1] navigate
2026-05-11 10:22:23,585 [DEBUG] 数据解析: 'GlobalValue.Env.admin_url' -> 'https://ec-hwbeta.casstime.com/admin#'
2026-05-11 10:22:23,585 [INFO] 执行关键字: navigate(data=https://ec-hwbeta.casstime.com/admin#)
2026-05-11 10:22:23,585 [INFO] 导航: https://ec-hwbeta.casstime.com/admin#
2026-05-11 10:22:25,511 [DEBUG] 导航成功: https://ec-hwbeta.casstime.com/admin#
2026-05-11 10:22:25,512 [DEBUG] navigate 成功
2026-05-11 10:22:25,512 [INFO] [STEP] action=navigate model=- status=OK source=keyword_result
2026-05-11 10:22:25,512 [DEBUG]   history[0]=True
2026-05-11 10:22:25,608 [DEBUG] 截图成功: D:\Documents\pythonProject\AICASS\examples\电商\管理中心\登录\result\rodski_20260511_102203\screenshots\LOGIN_003_LOGIN_003_LOGIN_FIRST_先登录进入管理中心首页\01_20260511_102225.png
2026-05-11 10:22:25,608 [DEBUG] 步骤截图: D:\Documents\pythonProject\AICASS\examples\电商\管理中心\登录\result\rodski_20260511_102203\screenshots\LOGIN_003_LOGIN_003_LOGIN_FIRST_先登录进入管理中心首页\01_20260511_102225.png
2026-05-11 10:22:25,608 [DEBUG] 步骤等待 0.001s
2026-05-11 10:22:25,610 [DEBUG]   [1] wait
2026-05-11 10:22:25,610 [INFO] 执行关键字: wait(data=2)
2026-05-11 10:22:25,610 [INFO] 等待: 2秒
2026-05-11 10:22:27,611 [DEBUG] wait 成功
2026-05-11 10:22:27,611 [INFO] [STEP] action=wait model=- status=OK source=keyword_result
2026-05-11 10:22:27,611 [DEBUG]   history[1]=True
2026-05-11 10:22:27,611 [DEBUG]   [1] type
2026-05-11 10:22:27,611 [INFO] 执行关键字: type(model=PassportLogin, data=ValidCredential)
2026-05-11 10:22:27,611 [INFO] 批量输入: 模型=PassportLogin, DataID=ValidCredential
2026-05-11 10:22:27,611 [DEBUG] loginModePassword: click css=span[type='PASSWORD']
2026-05-11 10:22:27,611 [DEBUG] 点击元素: css=span[type='PASSWORD'] -> span[type='PASSWORD']
2026-05-11 10:22:27,678 [DEBUG]   ↳ 定位器 css=span[type='PASSWORD'] 成功 (priority=1)
2026-05-11 10:22:27,679 [DEBUG] username: id=userName <- 'mandy'
2026-05-11 10:22:27,679 [DEBUG] 输入文本: id=userName -> #userName
2026-05-11 10:22:27,703 [DEBUG]   ↳ 定位器 id=userName 成功 (priority=1)
2026-05-11 10:22:27,703 [DEBUG] password: name=password <- '***'
2026-05-11 10:22:27,703 [DEBUG] 输入文本: name=password -> [name="password"]
2026-05-11 10:22:27,729 [DEBUG]   ↳ 定位器 name=password 成功 (priority=1)
2026-05-11 10:22:27,729 [DEBUG] agreement: click css=.bre-login-privacy-modal_entry-checkbox
2026-05-11 10:22:27,729 [DEBUG] 点击元素: css=.bre-login-privacy-modal_entry-checkbox -> .bre-login-privacy-modal_entry-checkbox
2026-05-11 10:22:27,788 [DEBUG]   ↳ 定位器 css=.bre-login-privacy-modal_entry-checkbox 成功 (priority=1)
2026-05-11 10:22:27,788 [DEBUG] submit: click css=input.btn-submit
2026-05-11 10:22:27,788 [DEBUG] 点击元素: css=input.btn-submit -> input.btn-submit
2026-05-11 10:22:27,834 [DEBUG]   ↳ 定位器 css=input.btn-submit 成功 (priority=1)
2026-05-11 10:22:27,834 [DEBUG] type 成功
2026-05-11 10:22:27,834 [INFO] [STEP] action=type model=PassportLogin status=OK source=keyword_result
2026-05-11 10:22:27,834 [DEBUG]   history[2]={'loginModePassword': 'click', 'username': 'mandy', 'password': 'Init@1125!@#$.Password', 'agreement': 'click', 'submit': 'click'}
2026-05-11 10:22:27,919 [DEBUG] 截图成功: D:\Documents\pythonProject\AICASS\examples\电商\管理中心\登录\result\rodski_20260511_102203\screenshots\LOGIN_003_LOGIN_003_LOGIN_FIRST_先登录进入管理中心首页\02_20260511_102227.png
2026-05-11 10:22:27,919 [DEBUG] 步骤截图: D:\Documents\pythonProject\AICASS\examples\电商\管理中心\登录\result\rodski_20260511_102203\screenshots\LOGIN_003_LOGIN_003_LOGIN_FIRST_先登录进入管理中心首页\02_20260511_102227.png
2026-05-11 10:22:27,919 [DEBUG] 步骤等待 0.001s
2026-05-11 10:22:27,921 [DEBUG]   [1] wait
2026-05-11 10:22:27,921 [INFO] 执行关键字: wait(data=5)
2026-05-11 10:22:27,921 [INFO] 等待: 5秒
2026-05-11 10:22:32,921 [DEBUG] wait 成功
2026-05-11 10:22:32,921 [INFO] [STEP] action=wait model=- status=OK source=keyword_result
2026-05-11 10:22:32,921 [DEBUG]   history[3]=True
2026-05-11 10:22:32,921 [INFO]   [2] scenario LOGIN_003_CLICK_LOGOUT - 点击管理中心退出入口 (group=logout, tag=['login', 'p0', 'smoke', 'logout'])
2026-05-11 10:22:32,921 [DEBUG]   [2] type
2026-05-11 10:22:32,921 [INFO] 执行关键字: type(model=AdminHome, data=LogoutClick)
2026-05-11 10:22:32,921 [INFO] 批量输入: 模型=AdminHome, DataID=LogoutClick
2026-05-11 10:22:32,921 [DEBUG] logout: click css=a[href='/logout']
2026-05-11 10:22:32,922 [DEBUG] 点击元素: css=a[href='/logout'] -> a[href='/logout']
2026-05-11 10:22:34,403 [DEBUG]   ↳ 定位器 css=a[href='/logout'] 成功 (priority=1)
2026-05-11 10:22:34,403 [DEBUG] type 成功
2026-05-11 10:22:34,403 [INFO] [STEP] action=type model=AdminHome status=OK source=keyword_result
2026-05-11 10:22:34,403 [DEBUG]   history[4]={'logout': 'click'}
2026-05-11 10:22:38,008 [DEBUG] 截图成功: D:\Documents\pythonProject\AICASS\examples\电商\管理中心\登录\result\rodski_20260511_102203\screenshots\LOGIN_003_LOGIN_003_CLICK_LOGOUT_点击管理中心退出入口\03_20260511_102234.png
2026-05-11 10:22:38,008 [DEBUG] 步骤截图: D:\Documents\pythonProject\AICASS\examples\电商\管理中心\登录\result\rodski_20260511_102203\screenshots\LOGIN_003_LOGIN_003_CLICK_LOGOUT_点击管理中心退出入口\03_20260511_102234.png
2026-05-11 10:22:38,008 [DEBUG] 步骤等待 0.001s
2026-05-11 10:22:38,010 [DEBUG]   [2] wait
2026-05-11 10:22:38,010 [INFO] 执行关键字: wait(data=3)
2026-05-11 10:22:38,010 [INFO] 等待: 3秒
2026-05-11 10:22:41,010 [DEBUG] wait 成功
2026-05-11 10:22:41,010 [INFO] [STEP] action=wait model=- status=OK source=keyword_result
2026-05-11 10:22:41,011 [DEBUG]   history[5]=True
2026-05-11 10:22:41,011 [INFO]   [3] scenario LOGIN_003_ASSERT_LOGOUT - 校验退出后离开已登录状态 (group=logout, tag=['login', 'p0', 'smoke', 'assert'])
2026-05-11 10:22:41,011 [DEBUG]   [3] evaluate
2026-05-11 10:22:41,011 [INFO] 执行关键字: evaluate(data=(() => { const text = document.body ? document.body.innerText : ''; const url = location.href; const hasHomeShell = !!document.querySelector('#iframeCon, .main-sidebar, .sidebar, .content-wrapper, .main-header'); const hasLogout = !!document.querySelector('a[href="/logout"], a[href$="/logout"]'); const hasLoginControl = !!document.querySelector('input[name="username"], input[name="password"], input[type="password"]'); const loggedOut = hasLoginControl || /login|passport|登录|登入|logout|认证|未登录/i.test(url + ' ' + text) || !hasHomeShell; if (loggedOut && !hasLogout) { return 'logout-success'; } throw new Error('退出后仍可能停留在管理中心已登录状态，currentUrl=' + url + ', hasHomeShell=' + hasHomeShell + ', hasLogout=' + hasLogout); })())
2026-05-11 10:22:41,011 [INFO] 执行 JS: (() => { const text = document.body ? document.body.innerText : ''; const url = location.href; const hasHomeShell = !!document.querySelector('#iframeCon, .main-sidebar, .sidebar, .content-wrapper, .ma
2026-05-11 10:22:41,020 [INFO] JS 结果: logout-success
2026-05-11 10:22:41,020 [DEBUG] evaluate 成功
2026-05-11 10:22:41,020 [INFO] [STEP] action=evaluate model=- status=OK source=evaluate
2026-05-11 10:22:41,020 [DEBUG]   history[6]='logout-success'
2026-05-11 10:22:41,145 [DEBUG] 截图成功: D:\Documents\pythonProject\AICASS\examples\电商\管理中心\登录\result\rodski_20260511_102203\screenshots\LOGIN_003_LOGIN_003_ASSERT_LOGOUT_校验退出后离开已登录状态\04_20260511_102241.png
2026-05-11 10:22:41,145 [DEBUG] 步骤截图: D:\Documents\pythonProject\AICASS\examples\电商\管理中心\登录\result\rodski_20260511_102203\screenshots\LOGIN_003_LOGIN_003_ASSERT_LOGOUT_校验退出后离开已登录状态\04_20260511_102241.png
2026-05-11 10:22:41,145 [DEBUG] 步骤等待 0.001s
2026-05-11 10:22:41,147 [DEBUG]   [1] close
2026-05-11 10:22:41,147 [INFO] 执行关键字: close()
2026-05-11 10:22:41,147 [INFO] 关闭浏览器
2026-05-11 10:22:41,980 [INFO] Playwright 原生录制已保存: D:\Documents\pythonProject\AICASS\examples\电商\管理中心\登录\result\rodski_20260511_102203\recordings\LOGIN_003_20260511_102223_01.webm
2026-05-11 10:22:42,039 [DEBUG] close 成功
2026-05-11 10:22:42,039 [INFO] [STEP] action=close model=- status=OK source=keyword_result
2026-05-11 10:22:42,039 [DEBUG]   history[7]=True
2026-05-11 10:22:42,040 [INFO] 浏览器已关闭
2026-05-11 10:22:42,041 [INFO] execution_summary.json 已写入: D:\Documents\pythonProject\AICASS\examples\电商\管理中心\登录\result\rodski_20260511_102203\execution_summary.json
2026-05-11 10:22:42,041 [INFO]   PASS (18.915s)
2026-05-11 10:22:42,056 [INFO] 结果已写入 rodski_20260511_102203/result.xml: 总计 3 条, 通过 3 条, 失败 0 条, 通过率 100.0%
