2026-05-08 10:36:03,717 [INFO] 执行用例 1/3: LOGIN_001 - 未登录直接访问管理中心首页应被认证拦截
2026-05-08 10:36:03,717 [DEBUG]   [1] navigate
2026-05-08 10:36:03,717 [DEBUG] 数据解析: 'GlobalValue.Env.admin_url' -> 'https://ec-hwbeta.casstime.com/admin#'
2026-05-08 10:36:03,717 [INFO] 执行关键字: navigate(data=https://ec-hwbeta.casstime.com/admin#)
2026-05-08 10:36:03,717 [INFO] 导航: https://ec-hwbeta.casstime.com/admin#
2026-05-08 10:36:10,133 [DEBUG] 导航成功: https://ec-hwbeta.casstime.com/admin#
2026-05-08 10:36:10,133 [DEBUG] navigate 成功
2026-05-08 10:36:10,133 [INFO] [STEP] action=navigate model=- status=OK source=keyword_result
2026-05-08 10:36:10,133 [DEBUG]   history[0]=True
2026-05-08 10:36:10,357 [DEBUG] 截图成功: D:\Documents\pythonProject\AICASS\examples\管理中心\登录\result\rodski_20260508_103603\screenshots\LOGIN_001_01_用例_20260508_103610.png
2026-05-08 10:36:10,357 [DEBUG] 步骤截图: D:\Documents\pythonProject\AICASS\examples\管理中心\登录\result\rodski_20260508_103603\screenshots\LOGIN_001_01_用例_20260508_103610.png
2026-05-08 10:36:10,357 [DEBUG] 步骤等待 0.001s
2026-05-08 10:36:10,358 [DEBUG]   [2] wait
2026-05-08 10:36:10,359 [INFO] 执行关键字: wait(data=2)
2026-05-08 10:36:10,359 [INFO] 等待: 2秒
2026-05-08 10:36:12,362 [DEBUG] wait 成功
2026-05-08 10:36:12,364 [INFO] [STEP] action=wait model=- status=OK source=keyword_result
2026-05-08 10:36:12,365 [DEBUG]   history[1]=True
2026-05-08 10:36:12,365 [DEBUG]   [3] evaluate
2026-05-08 10:36:12,366 [INFO] 执行关键字: evaluate(data=(() => { const text = document.body ? document.body.innerText : ''; const hasHomeFrame = !!document.querySelector('#iframeCon'); const hasLoginControl = !!document.querySelector('input[name="username"], input[name="password"], input[type="password"]'); const looksLikeLogin = hasLoginControl || /login|passport|登录|登入/i.test(location.href + ' ' + text); if (hasHomeFrame) { throw new Error('未登录访问 /systemMgr/admin 时不应进入管理中心首页'); } if (looksLikeLogin || text.trim() === '') { return 'unauthenticated-blocked'; } return 'unauthenticated-blocked-with-message'; })())
2026-05-08 10:36:12,371 [INFO] 执行 JS: (() => { const text = document.body ? document.body.innerText : ''; const hasHomeFrame = !!document.querySelector('#iframeCon'); const hasLoginControl = !!document.querySelector('input[name="username"
2026-05-08 10:36:12,391 [INFO] JS 结果: unauthenticated-blocked
2026-05-08 10:36:12,391 [DEBUG] evaluate 成功
2026-05-08 10:36:12,391 [INFO] [STEP] action=evaluate model=- status=OK source=evaluate
2026-05-08 10:36:12,391 [DEBUG]   history[2]='unauthenticated-blocked'
2026-05-08 10:36:12,572 [DEBUG] 截图成功: D:\Documents\pythonProject\AICASS\examples\管理中心\登录\result\rodski_20260508_103603\screenshots\LOGIN_001_02_用例_20260508_103612.png
2026-05-08 10:36:12,572 [DEBUG] 步骤截图: D:\Documents\pythonProject\AICASS\examples\管理中心\登录\result\rodski_20260508_103603\screenshots\LOGIN_001_02_用例_20260508_103612.png
2026-05-08 10:36:12,572 [DEBUG] 步骤等待 0.001s
2026-05-08 10:36:12,574 [DEBUG]   [1] close
2026-05-08 10:36:12,574 [INFO] 执行关键字: close()
2026-05-08 10:36:12,574 [INFO] 关闭浏览器
2026-05-08 10:36:12,829 [DEBUG] close 成功
2026-05-08 10:36:12,829 [INFO] [STEP] action=close model=- status=OK source=keyword_result
2026-05-08 10:36:12,829 [DEBUG]   history[3]=True
2026-05-08 10:36:12,829 [INFO] 浏览器已关闭
2026-05-08 10:36:12,830 [INFO] execution_summary.json 已写入: D:\Documents\pythonProject\AICASS\examples\管理中心\登录\result\rodski_20260508_103603\execution_summary.json
2026-05-08 10:36:12,830 [INFO]   PASS (9.113s)
2026-05-08 10:36:12,830 [INFO] 用例 2/3: 驱动已关闭，重新创建浏览器...
2026-05-08 10:36:12,830 [INFO] 驱动已关闭，重新创建驱动...
2026-05-08 10:36:13,440 [INFO] 驱动重新创建成功
2026-05-08 10:36:13,440 [INFO] 新浏览器已启动
2026-05-08 10:36:13,440 [INFO] 执行用例 2/3: LOGIN_002 - 使用有效账号登录后进入管理中心首页
2026-05-08 10:36:13,440 [DEBUG]   [1] navigate
2026-05-08 10:36:13,440 [DEBUG] 数据解析: 'GlobalValue.Env.admin_url' -> 'https://ec-hwbeta.casstime.com/admin#'
2026-05-08 10:36:13,440 [INFO] 执行关键字: navigate(data=https://ec-hwbeta.casstime.com/admin#)
2026-05-08 10:36:13,441 [INFO] 导航: https://ec-hwbeta.casstime.com/admin#
2026-05-08 10:36:18,597 [DEBUG] 导航成功: https://ec-hwbeta.casstime.com/admin#
2026-05-08 10:36:18,597 [DEBUG] navigate 成功
2026-05-08 10:36:18,597 [INFO] [STEP] action=navigate model=- status=OK source=keyword_result
2026-05-08 10:36:18,598 [DEBUG]   history[0]=True
2026-05-08 10:36:18,824 [DEBUG] 截图成功: D:\Documents\pythonProject\AICASS\examples\管理中心\登录\result\rodski_20260508_103603\screenshots\LOGIN_002_01_用例_20260508_103618.png
2026-05-08 10:36:18,825 [DEBUG] 步骤截图: D:\Documents\pythonProject\AICASS\examples\管理中心\登录\result\rodski_20260508_103603\screenshots\LOGIN_002_01_用例_20260508_103618.png
2026-05-08 10:36:18,825 [DEBUG] 步骤等待 0.001s
2026-05-08 10:36:18,826 [DEBUG]   [2] wait
2026-05-08 10:36:18,827 [INFO] 执行关键字: wait(data=2)
2026-05-08 10:36:18,827 [INFO] 等待: 2秒
2026-05-08 10:36:20,827 [DEBUG] wait 成功
2026-05-08 10:36:20,827 [INFO] [STEP] action=wait model=- status=OK source=keyword_result
2026-05-08 10:36:20,828 [DEBUG]   history[1]=True
2026-05-08 10:36:20,828 [DEBUG]   [3] type
2026-05-08 10:36:20,828 [INFO] 执行关键字: type(model=PassportLogin, data=ValidCredential)
2026-05-08 10:36:20,828 [INFO] 批量输入: 模型=PassportLogin, DataID=ValidCredential
2026-05-08 10:36:20,828 [DEBUG] username: name=username <- 'mandy'
2026-05-08 10:36:20,828 [DEBUG] 输入文本: name=username -> [name="username"]
2026-05-08 10:36:35,854 [DEBUG] 尝试清空后输入...
2026-05-08 10:36:38,894 [DEBUG] 尝试 JavaScript 输入...
2026-05-08 10:36:38,909 [DEBUG]   ↳ 定位器 name=username 成功 (priority=1)
2026-05-08 10:36:38,909 [DEBUG] password: name=password <- '***'
2026-05-08 10:36:38,909 [DEBUG] 输入文本: name=password -> [name="password"]
2026-05-08 10:36:53,954 [DEBUG] 尝试清空后输入...
2026-05-08 10:36:56,975 [DEBUG] 尝试 JavaScript 输入...
2026-05-08 10:36:56,985 [DEBUG]   ↳ 定位器 name=password 成功 (priority=1)
2026-05-08 10:36:56,985 [DEBUG] submit: click css=button[type='submit']
2026-05-08 10:36:56,985 [DEBUG] 点击元素: css=button[type='submit'] -> button[type='submit']
2026-05-08 10:37:12,015 [DEBUG] 尝试滚动到元素位置...
2026-05-08 10:37:15,039 [DEBUG] 尝试强制点击...
2026-05-08 10:37:18,055 [DEBUG] 尝试 JavaScript 点击...
2026-05-08 10:37:18,061 [ERROR] click_locator 失败: css=button[type='submit'], 错误: Page.evaluate: SyntaxError: missing ) after argument list
    at eval (<anonymous>)
    at UtilityScript.evaluate (<anonymous>:234:30)
    at UtilityScript.<anonymous> (<anonymous>:1:44)
2026-05-08 10:37:18,061 [DEBUG]   ↳ 定位器 css=button[type='submit'] 异常: [SKI302] 点击失败: css=button[type='submit']
  locator: css=button[type='submit']，尝试下一个...
2026-05-08 10:37:18,061 [DEBUG] submit: click css=input[type='submit']
2026-05-08 10:37:18,061 [DEBUG] 点击元素: css=input[type='submit'] -> input[type='submit']
2026-05-08 10:37:33,090 [DEBUG] 尝试滚动到元素位置...
2026-05-08 10:37:36,107 [DEBUG] 尝试强制点击...
2026-05-08 10:37:39,114 [DEBUG] 尝试 JavaScript 点击...
2026-05-08 10:37:39,120 [ERROR] click_locator 失败: css=input[type='submit'], 错误: Page.evaluate: SyntaxError: missing ) after argument list
    at eval (<anonymous>)
    at UtilityScript.evaluate (<anonymous>:234:30)
    at UtilityScript.<anonymous> (<anonymous>:1:44)
2026-05-08 10:37:39,120 [DEBUG]   ↳ 定位器 css=input[type='submit'] 异常: [SKI302] 点击失败: css=input[type='submit']
  locator: css=input[type='submit']，尝试下一个...
2026-05-08 10:37:39,120 [DEBUG] submit: click css=button:has-text('登录')
2026-05-08 10:37:39,120 [DEBUG] 点击元素: css=button:has-text('登录') -> button:has-text('登录')
2026-05-08 10:37:54,143 [DEBUG] 尝试滚动到元素位置...
2026-05-08 10:37:57,147 [DEBUG] 尝试强制点击...
2026-05-08 10:38:00,165 [DEBUG] 尝试 JavaScript 点击...
2026-05-08 10:38:00,169 [ERROR] click_locator 失败: css=button:has-text('登录'), 错误: Page.evaluate: SyntaxError: missing ) after argument list
    at eval (<anonymous>)
    at UtilityScript.evaluate (<anonymous>:234:30)
    at UtilityScript.<anonymous> (<anonymous>:1:44)
2026-05-08 10:38:00,169 [DEBUG]   ↳ 定位器 css=button:has-text('登录') 异常: [SKI302] 点击失败: css=button:has-text('登录')
  locator: css=button:has-text('登录')，尝试下一个...
2026-05-08 10:38:00,169 [DEBUG] submit: click text=登录
2026-05-08 10:38:00,169 [DEBUG] 点击元素: text=登录 -> text=登录
2026-05-08 10:38:00,217 [DEBUG]   ↳ 定位器 text=登录 成功 (priority=4)
2026-05-08 10:38:00,218 [DEBUG] type 成功
2026-05-08 10:38:00,218 [INFO] [STEP] action=type model=PassportLogin status=OK source=keyword_result
2026-05-08 10:38:00,218 [DEBUG]   history[2]={'username': 'mandy', 'password': 'Init@1125!@#$.Password', 'submit': 'click'}
2026-05-08 10:38:00,388 [DEBUG] 截图成功: D:\Documents\pythonProject\AICASS\examples\管理中心\登录\result\rodski_20260508_103603\screenshots\LOGIN_002_02_用例_20260508_103800.png
2026-05-08 10:38:00,388 [DEBUG] 步骤截图: D:\Documents\pythonProject\AICASS\examples\管理中心\登录\result\rodski_20260508_103603\screenshots\LOGIN_002_02_用例_20260508_103800.png
2026-05-08 10:38:00,388 [DEBUG] 步骤等待 0.001s
2026-05-08 10:38:00,389 [DEBUG]   [4] wait
2026-05-08 10:38:00,389 [INFO] 执行关键字: wait(data=5)
2026-05-08 10:38:00,390 [INFO] 等待: 5秒
2026-05-08 10:38:05,390 [DEBUG] wait 成功
2026-05-08 10:38:05,390 [INFO] [STEP] action=wait model=- status=OK source=keyword_result
2026-05-08 10:38:05,390 [DEBUG]   history[3]=True
2026-05-08 10:38:05,390 [DEBUG]   [5] evaluate
2026-05-08 10:38:05,390 [INFO] 执行关键字: evaluate(data=(() => { const text = document.body ? document.body.innerText : ''; const userLogin = document.querySelector('#userLogin')?.value || ''; const hasFrame = !!document.querySelector('#iframeCon'); const hasLogo = text.includes('开思') && text.includes('管理中心'); if ((hasFrame || hasLogo) && (userLogin === 'mandy' || text.includes('管理中心'))) { return 'login-success'; } throw new Error('登录后未进入管理中心首页，currentUrl=' + location.href + ', userLogin=' + userLogin); })())
2026-05-08 10:38:05,390 [INFO] 执行 JS: (() => { const text = document.body ? document.body.innerText : ''; const userLogin = document.querySelector('#userLogin')?.value || ''; const hasFrame = !!document.querySelector('#iframeCon'); const 
2026-05-08 10:38:05,395 [ERROR] ❌ 驱动操作失败: [SKI302] JavaScript 执行失败: Page.evaluate: Error: 登录后未进入管理中心首页，currentUrl=https://ec-hwbeta.casstime.com/passport/login, userLogin=
    at eval (eval at evaluate (:234:30), <anonymous>:1:370)
    at eval (eval at evaluate (:234:30), <anonymous>:1:456)
    at eval (<anonymous>)
    at UtilityScript.evaluate (<anonymous>:234:30)
    at UtilityScript.<anonymous> (<anonymous>:1:44)
2026-05-08 10:38:05,396 [ERROR] ❌ 重试 1 次后仍失败: [SKI302] JavaScript 执行失败: Page.evaluate: Error: 登录后未进入管理中心首页，currentUrl=https://ec-hwbeta.casstime.com/passport/login, userLogin=
    at eval (eval at evaluate (:234:30), <anonymous>:1:370)
    at eval (eval at evaluate (:234:30), <anonymous>:1:456)
    at eval (<anonymous>)
    at UtilityScript.evaluate (<anonymous>:234:30)
    at UtilityScript.<anonymous> (<anonymous>:1:44)
2026-05-08 10:38:05,396 [ERROR] 用例阶段失败: [SKI313] 关键字 'evaluate' 重试 1 次后仍失败: [SKI302] JavaScript 执行失败: Page.evaluate: Error: 登录后未进入管理中心首页，currentUrl=https://ec-hwbeta.casstime.com/passport/login, userLogin=
    at eval (eval at evaluate (:234:30), <anonymous>:1:370)
    at eval (eval at evaluate (:234:30), <anonymous>:1:456)
    at eval (<anonymous>)
    at UtilityScript.evaluate (<anonymous>:234:30)
    at UtilityScript.<anonymous> (<anonymous>:1:44)
  keyword: evaluate
2026-05-08 10:38:05,573 [DEBUG] 截图成功: D:\Documents\pythonProject\AICASS\examples\管理中心\登录\result\rodski_20260508_103603\screenshots\LOGIN_002_20260508_103805_failure.png
2026-05-08 10:38:05,573 [INFO] 失败截图已保存: D:\Documents\pythonProject\AICASS\examples\管理中心\登录\result\rodski_20260508_103603\screenshots\LOGIN_002_20260508_103805_failure.png
2026-05-08 10:38:05,573 [DEBUG]   [1] close
2026-05-08 10:38:05,573 [INFO] 执行关键字: close()
2026-05-08 10:38:05,573 [INFO] 关闭浏览器
2026-05-08 10:38:05,744 [DEBUG] close 成功
2026-05-08 10:38:05,744 [INFO] [STEP] action=close model=- status=OK source=keyword_result
2026-05-08 10:38:05,744 [DEBUG]   history[4]=True
2026-05-08 10:38:05,744 [INFO] 浏览器已关闭
2026-05-08 10:38:05,745 [INFO] execution_summary.json 已写入: D:\Documents\pythonProject\AICASS\examples\管理中心\登录\result\rodski_20260508_103603\execution_summary.json
2026-05-08 10:38:05,745 [INFO]   FAIL (112.305s)
2026-05-08 10:38:05,745 [ERROR]   错误: [SKI313] 关键字 'evaluate' 重试 1 次后仍失败: [SKI302] JavaScript 执行失败: Page.evaluate: Error: 登录后未进入管理中心首页，currentUrl=https://ec-hwbeta.casstime.com/passport/login, userLogin=
    at eval (eval at evaluate (:234:30), <anonymous>:1:370)
    at eval (eval at evaluate (:234:30), <anonymous>:1:456)
    at eval (<anonymous>)
    at UtilityScript.evaluate (<anonymous>:234:30)
    at UtilityScript.<anonymous> (<anonymous>:1:44)
  keyword: evaluate
2026-05-08 10:38:05,745 [INFO] 用例 3/3: 驱动已关闭，重新创建浏览器...
2026-05-08 10:38:05,745 [INFO] 驱动已关闭，重新创建驱动...
2026-05-08 10:38:06,367 [INFO] 驱动重新创建成功
2026-05-08 10:38:06,367 [INFO] 新浏览器已启动
2026-05-08 10:38:06,367 [INFO] 执行用例 3/3: LOGIN_003 - 登录后点击退出应清除会话并离开管理中心首页
2026-05-08 10:38:06,368 [DEBUG]   [1] navigate
2026-05-08 10:38:06,368 [DEBUG] 数据解析: 'GlobalValue.Env.admin_url' -> 'https://ec-hwbeta.casstime.com/admin#'
2026-05-08 10:38:06,368 [INFO] 执行关键字: navigate(data=https://ec-hwbeta.casstime.com/admin#)
2026-05-08 10:38:06,368 [INFO] 导航: https://ec-hwbeta.casstime.com/admin#
2026-05-08 10:38:08,482 [DEBUG] 导航成功: https://ec-hwbeta.casstime.com/admin#
2026-05-08 10:38:08,482 [DEBUG] navigate 成功
2026-05-08 10:38:08,482 [INFO] [STEP] action=navigate model=- status=OK source=keyword_result
2026-05-08 10:38:08,482 [DEBUG]   history[0]=True
2026-05-08 10:38:08,660 [DEBUG] 截图成功: D:\Documents\pythonProject\AICASS\examples\管理中心\登录\result\rodski_20260508_103603\screenshots\LOGIN_003_01_用例_20260508_103808.png
2026-05-08 10:38:08,660 [DEBUG] 步骤截图: D:\Documents\pythonProject\AICASS\examples\管理中心\登录\result\rodski_20260508_103603\screenshots\LOGIN_003_01_用例_20260508_103808.png
2026-05-08 10:38:08,660 [DEBUG] 步骤等待 0.001s
2026-05-08 10:38:08,661 [DEBUG]   [2] wait
2026-05-08 10:38:08,661 [INFO] 执行关键字: wait(data=2)
2026-05-08 10:38:08,661 [INFO] 等待: 2秒
2026-05-08 10:38:10,662 [DEBUG] wait 成功
2026-05-08 10:38:10,662 [INFO] [STEP] action=wait model=- status=OK source=keyword_result
2026-05-08 10:38:10,662 [DEBUG]   history[1]=True
2026-05-08 10:38:10,662 [DEBUG]   [3] type
2026-05-08 10:38:10,662 [INFO] 执行关键字: type(model=PassportLogin, data=ValidCredential)
2026-05-08 10:38:10,662 [INFO] 批量输入: 模型=PassportLogin, DataID=ValidCredential
2026-05-08 10:38:10,663 [DEBUG] username: name=username <- 'mandy'
2026-05-08 10:38:10,663 [DEBUG] 输入文本: name=username -> [name="username"]
2026-05-08 10:38:25,696 [DEBUG] 尝试清空后输入...
2026-05-08 10:38:28,715 [DEBUG] 尝试 JavaScript 输入...
2026-05-08 10:38:28,727 [DEBUG]   ↳ 定位器 name=username 成功 (priority=1)
2026-05-08 10:38:28,727 [DEBUG] password: name=password <- '***'
2026-05-08 10:38:28,727 [DEBUG] 输入文本: name=password -> [name="password"]
2026-05-08 10:38:43,750 [DEBUG] 尝试清空后输入...
2026-05-08 10:38:46,769 [DEBUG] 尝试 JavaScript 输入...
2026-05-08 10:38:46,775 [DEBUG]   ↳ 定位器 name=password 成功 (priority=1)
2026-05-08 10:38:46,775 [DEBUG] submit: click css=button[type='submit']
2026-05-08 10:38:46,775 [DEBUG] 点击元素: css=button[type='submit'] -> button[type='submit']
2026-05-08 10:39:01,800 [DEBUG] 尝试滚动到元素位置...
2026-05-08 10:39:04,809 [DEBUG] 尝试强制点击...
2026-05-08 10:39:07,811 [DEBUG] 尝试 JavaScript 点击...
2026-05-08 10:39:07,818 [ERROR] click_locator 失败: css=button[type='submit'], 错误: Page.evaluate: SyntaxError: missing ) after argument list
    at eval (<anonymous>)
    at UtilityScript.evaluate (<anonymous>:234:30)
    at UtilityScript.<anonymous> (<anonymous>:1:44)
2026-05-08 10:39:07,818 [DEBUG]   ↳ 定位器 css=button[type='submit'] 异常: [SKI302] 点击失败: css=button[type='submit']
  locator: css=button[type='submit']，尝试下一个...
2026-05-08 10:39:07,818 [DEBUG] submit: click css=input[type='submit']
2026-05-08 10:39:07,818 [DEBUG] 点击元素: css=input[type='submit'] -> input[type='submit']
2026-05-08 10:39:22,832 [DEBUG] 尝试滚动到元素位置...
2026-05-08 10:39:25,849 [DEBUG] 尝试强制点击...
2026-05-08 10:39:28,858 [DEBUG] 尝试 JavaScript 点击...
2026-05-08 10:39:28,868 [ERROR] click_locator 失败: css=input[type='submit'], 错误: Page.evaluate: SyntaxError: missing ) after argument list
    at eval (<anonymous>)
    at UtilityScript.evaluate (<anonymous>:234:30)
    at UtilityScript.<anonymous> (<anonymous>:1:44)
2026-05-08 10:39:28,868 [DEBUG]   ↳ 定位器 css=input[type='submit'] 异常: [SKI302] 点击失败: css=input[type='submit']
  locator: css=input[type='submit']，尝试下一个...
2026-05-08 10:39:28,868 [DEBUG] submit: click css=button:has-text('登录')
2026-05-08 10:39:28,868 [DEBUG] 点击元素: css=button:has-text('登录') -> button:has-text('登录')
2026-05-08 10:39:43,897 [DEBUG] 尝试滚动到元素位置...
2026-05-08 10:39:46,906 [DEBUG] 尝试强制点击...
2026-05-08 10:39:49,930 [DEBUG] 尝试 JavaScript 点击...
2026-05-08 10:39:49,938 [ERROR] click_locator 失败: css=button:has-text('登录'), 错误: Page.evaluate: SyntaxError: missing ) after argument list
    at eval (<anonymous>)
    at UtilityScript.evaluate (<anonymous>:234:30)
    at UtilityScript.<anonymous> (<anonymous>:1:44)
2026-05-08 10:39:49,938 [DEBUG]   ↳ 定位器 css=button:has-text('登录') 异常: [SKI302] 点击失败: css=button:has-text('登录')
  locator: css=button:has-text('登录')，尝试下一个...
2026-05-08 10:39:49,938 [DEBUG] submit: click text=登录
2026-05-08 10:39:49,938 [DEBUG] 点击元素: text=登录 -> text=登录
2026-05-08 10:39:50,033 [DEBUG]   ↳ 定位器 text=登录 成功 (priority=4)
2026-05-08 10:39:50,033 [DEBUG] type 成功
2026-05-08 10:39:50,033 [INFO] [STEP] action=type model=PassportLogin status=OK source=keyword_result
2026-05-08 10:39:50,033 [DEBUG]   history[2]={'username': 'mandy', 'password': 'Init@1125!@#$.Password', 'submit': 'click'}
2026-05-08 10:39:50,374 [DEBUG] 截图成功: D:\Documents\pythonProject\AICASS\examples\管理中心\登录\result\rodski_20260508_103603\screenshots\LOGIN_003_02_用例_20260508_103950.png
2026-05-08 10:39:50,374 [DEBUG] 步骤截图: D:\Documents\pythonProject\AICASS\examples\管理中心\登录\result\rodski_20260508_103603\screenshots\LOGIN_003_02_用例_20260508_103950.png
2026-05-08 10:39:50,374 [DEBUG] 步骤等待 0.001s
2026-05-08 10:39:50,375 [DEBUG]   [4] wait
2026-05-08 10:39:50,375 [INFO] 执行关键字: wait(data=5)
2026-05-08 10:39:50,375 [INFO] 等待: 5秒
2026-05-08 10:39:55,375 [DEBUG] wait 成功
2026-05-08 10:39:55,376 [INFO] [STEP] action=wait model=- status=OK source=keyword_result
2026-05-08 10:39:55,376 [DEBUG]   history[3]=True
2026-05-08 10:39:55,376 [DEBUG]   [5] type
2026-05-08 10:39:55,376 [INFO] 执行关键字: type(model=AdminHome, data=LogoutClick)
2026-05-08 10:39:55,376 [INFO] 批量输入: 模型=AdminHome, DataID=LogoutClick
2026-05-08 10:39:55,376 [DEBUG] logout: click css=a[href='/logout']
2026-05-08 10:39:55,376 [DEBUG] 点击元素: css=a[href='/logout'] -> a[href='/logout']
