2026-05-09 14:38:27,565 [INFO] 执行用例 1/3: LOGIN_001 - 未登录直接访问管理中心首页应被认证拦截
2026-05-09 14:38:28,185 [INFO] Playwright 原生录制已启动: D:\Documents\pythonProject\AICASS\examples\管理中心\登录\result\rodski_20260509_143827\recordings\LOGIN_001_20260509_143827_01.webm (分辨率: {'width': 1920, 'height': 1080})
2026-05-09 14:38:28,186 [DEBUG]   [1] navigate
2026-05-09 14:38:28,187 [DEBUG] 数据解析: 'GlobalValue.Env.admin_url' -> 'https://ec-hwbeta.casstime.com/admin#'
2026-05-09 14:38:28,187 [INFO] 执行关键字: navigate(data=https://ec-hwbeta.casstime.com/admin#)
2026-05-09 14:38:28,187 [INFO] 导航: https://ec-hwbeta.casstime.com/admin#
2026-05-09 14:38:28,314 [ERROR] navigate 失败: https://ec-hwbeta.casstime.com/admin#, 错误: Page.goto: net::ERR_NETWORK_ACCESS_DENIED at https://ec-hwbeta.casstime.com/admin#
Call log:
  - navigating to "https://ec-hwbeta.casstime.com/admin#", waiting until "load"

2026-05-09 14:38:28,316 [ERROR] ❌ 驱动操作失败: [SKI302] 导航失败: https://ec-hwbeta.casstime.com/admin#
2026-05-09 14:38:28,316 [ERROR] ❌ 重试 1 次后仍失败: [SKI302] 导航失败: https://ec-hwbeta.casstime.com/admin#
2026-05-09 14:38:28,316 [ERROR] 用例阶段失败: [SKI313] 关键字 'navigate' 重试 1 次后仍失败: [SKI302] 导航失败: https://ec-hwbeta.casstime.com/admin#
  keyword: navigate
2026-05-09 14:38:28,386 [DEBUG] 截图成功: D:\Documents\pythonProject\AICASS\examples\管理中心\登录\result\rodski_20260509_143827\screenshots\LOGIN_001_20260509_143828_failure.png
2026-05-09 14:38:28,386 [INFO] 失败截图已保存: D:\Documents\pythonProject\AICASS\examples\管理中心\登录\result\rodski_20260509_143827\screenshots\LOGIN_001_20260509_143828_failure.png
2026-05-09 14:38:28,386 [DEBUG]   [1] close
2026-05-09 14:38:28,386 [INFO] 执行关键字: close()
2026-05-09 14:38:28,386 [INFO] 关闭浏览器
2026-05-09 14:38:28,458 [INFO] Playwright 原生录制已保存: D:\Documents\pythonProject\AICASS\examples\管理中心\登录\result\rodski_20260509_143827\recordings\LOGIN_001_20260509_143827_01.webm
2026-05-09 14:38:28,514 [DEBUG] close 成功
2026-05-09 14:38:28,514 [INFO] [STEP] action=close model=- status=OK source=keyword_result
2026-05-09 14:38:28,515 [DEBUG]   history[0]=True
2026-05-09 14:38:28,515 [INFO] 浏览器已关闭
2026-05-09 14:38:28,516 [INFO] execution_summary.json 已写入: D:\Documents\pythonProject\AICASS\examples\管理中心\登录\result\rodski_20260509_143827\execution_summary.json
2026-05-09 14:38:28,516 [INFO]   FAIL (0.951s)
2026-05-09 14:38:28,516 [ERROR]   错误: [SKI313] 关键字 'navigate' 重试 1 次后仍失败: [SKI302] 导航失败: https://ec-hwbeta.casstime.com/admin#
  keyword: navigate
2026-05-09 14:38:28,516 [INFO] 用例 2/3: 驱动已关闭，重新创建浏览器...
2026-05-09 14:38:28,516 [INFO] 驱动已关闭，重新创建驱动...
2026-05-09 14:38:28,516 [INFO] 驱动重新创建成功
2026-05-09 14:38:28,516 [INFO] 新浏览器已启动
2026-05-09 14:38:28,517 [INFO] 执行用例 2/3: LOGIN_002 - 使用有效账号登录后进入管理中心首页
2026-05-09 14:38:29,058 [INFO] Playwright 原生录制已启动: D:\Documents\pythonProject\AICASS\examples\管理中心\登录\result\rodski_20260509_143827\recordings\LOGIN_002_20260509_143828_01.webm (分辨率: {'width': 1920, 'height': 1080})
2026-05-09 14:38:29,059 [DEBUG]   [1] navigate
2026-05-09 14:38:29,059 [DEBUG] 数据解析: 'GlobalValue.Env.admin_url' -> 'https://ec-hwbeta.casstime.com/admin#'
2026-05-09 14:38:29,060 [INFO] 执行关键字: navigate(data=https://ec-hwbeta.casstime.com/admin#)
2026-05-09 14:38:29,060 [INFO] 导航: https://ec-hwbeta.casstime.com/admin#
2026-05-09 14:38:29,112 [ERROR] navigate 失败: https://ec-hwbeta.casstime.com/admin#, 错误: Page.goto: net::ERR_NETWORK_ACCESS_DENIED at https://ec-hwbeta.casstime.com/admin#
Call log:
  - navigating to "https://ec-hwbeta.casstime.com/admin#", waiting until "load"

2026-05-09 14:38:29,112 [ERROR] ❌ 驱动操作失败: [SKI302] 导航失败: https://ec-hwbeta.casstime.com/admin#
2026-05-09 14:38:29,112 [ERROR] ❌ 重试 1 次后仍失败: [SKI302] 导航失败: https://ec-hwbeta.casstime.com/admin#
2026-05-09 14:38:29,112 [ERROR] 用例阶段失败: [SKI313] 关键字 'navigate' 重试 1 次后仍失败: [SKI302] 导航失败: https://ec-hwbeta.casstime.com/admin#
  keyword: navigate
2026-05-09 14:38:29,172 [DEBUG] 截图成功: D:\Documents\pythonProject\AICASS\examples\管理中心\登录\result\rodski_20260509_143827\screenshots\LOGIN_002_20260509_143829_failure.png
2026-05-09 14:38:29,172 [INFO] 失败截图已保存: D:\Documents\pythonProject\AICASS\examples\管理中心\登录\result\rodski_20260509_143827\screenshots\LOGIN_002_20260509_143829_failure.png
2026-05-09 14:38:29,172 [DEBUG]   [1] close
2026-05-09 14:38:29,172 [INFO] 执行关键字: close()
2026-05-09 14:38:29,172 [INFO] 关闭浏览器
2026-05-09 14:38:29,240 [INFO] Playwright 原生录制已保存: D:\Documents\pythonProject\AICASS\examples\管理中心\登录\result\rodski_20260509_143827\recordings\LOGIN_002_20260509_143828_01.webm
2026-05-09 14:38:29,295 [DEBUG] close 成功
2026-05-09 14:38:29,296 [INFO] [STEP] action=close model=- status=OK source=keyword_result
2026-05-09 14:38:29,296 [DEBUG]   history[0]=True
2026-05-09 14:38:29,296 [INFO] 浏览器已关闭
2026-05-09 14:38:29,296 [INFO] execution_summary.json 已写入: D:\Documents\pythonProject\AICASS\examples\管理中心\登录\result\rodski_20260509_143827\execution_summary.json
2026-05-09 14:38:29,297 [INFO]   FAIL (0.78s)
2026-05-09 14:38:29,297 [ERROR]   错误: [SKI313] 关键字 'navigate' 重试 1 次后仍失败: [SKI302] 导航失败: https://ec-hwbeta.casstime.com/admin#
  keyword: navigate
2026-05-09 14:38:29,297 [INFO] 用例 3/3: 驱动已关闭，重新创建浏览器...
2026-05-09 14:38:29,297 [INFO] 驱动已关闭，重新创建驱动...
2026-05-09 14:38:29,297 [INFO] 驱动重新创建成功
2026-05-09 14:38:29,297 [INFO] 新浏览器已启动
2026-05-09 14:38:29,297 [INFO] 执行用例 3/3: LOGIN_003 - 登录后点击退出应清除会话并离开管理中心首页
2026-05-09 14:38:29,842 [INFO] Playwright 原生录制已启动: D:\Documents\pythonProject\AICASS\examples\管理中心\登录\result\rodski_20260509_143827\recordings\LOGIN_003_20260509_143829_01.webm (分辨率: {'width': 1920, 'height': 1080})
2026-05-09 14:38:29,842 [DEBUG]   [1] navigate
2026-05-09 14:38:29,842 [DEBUG] 数据解析: 'GlobalValue.Env.admin_url' -> 'https://ec-hwbeta.casstime.com/admin#'
2026-05-09 14:38:29,842 [INFO] 执行关键字: navigate(data=https://ec-hwbeta.casstime.com/admin#)
2026-05-09 14:38:29,842 [INFO] 导航: https://ec-hwbeta.casstime.com/admin#
2026-05-09 14:38:29,894 [ERROR] navigate 失败: https://ec-hwbeta.casstime.com/admin#, 错误: Page.goto: net::ERR_NETWORK_ACCESS_DENIED at https://ec-hwbeta.casstime.com/admin#
Call log:
  - navigating to "https://ec-hwbeta.casstime.com/admin#", waiting until "load"

2026-05-09 14:38:29,894 [ERROR] ❌ 驱动操作失败: [SKI302] 导航失败: https://ec-hwbeta.casstime.com/admin#
2026-05-09 14:38:29,894 [ERROR] ❌ 重试 1 次后仍失败: [SKI302] 导航失败: https://ec-hwbeta.casstime.com/admin#
2026-05-09 14:38:29,895 [ERROR] 用例阶段失败: [SKI313] 关键字 'navigate' 重试 1 次后仍失败: [SKI302] 导航失败: https://ec-hwbeta.casstime.com/admin#
  keyword: navigate
2026-05-09 14:38:29,951 [DEBUG] 截图成功: D:\Documents\pythonProject\AICASS\examples\管理中心\登录\result\rodski_20260509_143827\screenshots\LOGIN_003_20260509_143829_failure.png
2026-05-09 14:38:29,952 [INFO] 失败截图已保存: D:\Documents\pythonProject\AICASS\examples\管理中心\登录\result\rodski_20260509_143827\screenshots\LOGIN_003_20260509_143829_failure.png
2026-05-09 14:38:29,952 [DEBUG]   [1] close
2026-05-09 14:38:29,952 [INFO] 执行关键字: close()
2026-05-09 14:38:29,952 [INFO] 关闭浏览器
2026-05-09 14:38:30,016 [INFO] Playwright 原生录制已保存: D:\Documents\pythonProject\AICASS\examples\管理中心\登录\result\rodski_20260509_143827\recordings\LOGIN_003_20260509_143829_01.webm
2026-05-09 14:38:30,079 [DEBUG] close 成功
2026-05-09 14:38:30,080 [INFO] [STEP] action=close model=- status=OK source=keyword_result
2026-05-09 14:38:30,080 [DEBUG]   history[0]=True
2026-05-09 14:38:30,080 [INFO] 浏览器已关闭
2026-05-09 14:38:30,080 [INFO] execution_summary.json 已写入: D:\Documents\pythonProject\AICASS\examples\管理中心\登录\result\rodski_20260509_143827\execution_summary.json
2026-05-09 14:38:30,080 [INFO]   FAIL (0.784s)
2026-05-09 14:38:30,080 [ERROR]   错误: [SKI313] 关键字 'navigate' 重试 1 次后仍失败: [SKI302] 导航失败: https://ec-hwbeta.casstime.com/admin#
  keyword: navigate
2026-05-09 14:38:30,091 [INFO] 结果已写入 rodski_20260509_143827/result.xml: 总计 3 条, 通过 0 条, 失败 3 条, 通过率 0.0%
