2026-05-07 11:37:48,608 [INFO] 执行用例 1/1: garage_publish_inquiry_and_order - 维修厂发布询价并下单
2026-05-07 11:37:48,609 [DEBUG]   [1] navigate
2026-05-07 11:37:48,609 [DEBUG] 数据解析: 'GlobalValue.DefaultValue.ECAgentBuyURL' -> 'https://ec-hwbeta.casstime.com/agentBuy/'
2026-05-07 11:37:48,609 [INFO] 执行关键字: navigate(data=https://ec-hwbeta.casstime.com/agentBuy/)
2026-05-07 11:37:48,609 [INFO] 导航: https://ec-hwbeta.casstime.com/agentBuy/
2026-05-07 11:37:53,457 [DEBUG] 导航成功: https://ec-hwbeta.casstime.com/agentBuy/
2026-05-07 11:37:53,457 [DEBUG] navigate 成功
2026-05-07 11:37:53,457 [INFO] [STEP] action=navigate model=- status=OK source=keyword_result
2026-05-07 11:37:53,457 [DEBUG]   history[0]=True
2026-05-07 11:37:53,701 [DEBUG] 截图成功: D:\Documents\pythonProject\AICASS\examples\询价下单\result\rodski_20260507_113748\screenshots\garage_publish_inquiry_and_order_01_预处理_20260507_113753.png
2026-05-07 11:37:53,701 [DEBUG] 步骤截图: D:\Documents\pythonProject\AICASS\examples\询价下单\result\rodski_20260507_113748\screenshots\garage_publish_inquiry_and_order_01_预处理_20260507_113753.png
2026-05-07 11:37:53,701 [DEBUG] 步骤等待 0.3s
2026-05-07 11:37:54,002 [DEBUG]   [2] type
2026-05-07 11:37:54,002 [INFO] 执行关键字: type(model=ECAgentBuyLoginPage, data=ec_agent_buy_login)
2026-05-07 11:37:54,002 [INFO] 批量输入: 模型=ECAgentBuyLoginPage, DataID=ec_agent_buy_login
2026-05-07 11:37:54,002 [DEBUG] accountTab: click css=span[type=PASSWORD]
2026-05-07 11:37:54,002 [DEBUG] 点击元素: css=span[type=PASSWORD] -> span[type=PASSWORD]
2026-05-07 11:37:54,095 [DEBUG]   ↳ 定位器 css=span[type=PASSWORD] 成功 (priority=1)
2026-05-07 11:37:54,096 [DEBUG] username: css=#userName <- '13119909586'
2026-05-07 11:37:54,096 [DEBUG] 输入文本: css=#userName -> #userName
2026-05-07 11:37:54,135 [DEBUG]   ↳ 定位器 css=#userName 成功 (priority=1)
2026-05-07 11:37:54,136 [DEBUG] password: css=#password <- '123456Aa'
2026-05-07 11:37:54,136 [DEBUG] 输入文本: css=#password -> #password
2026-05-07 11:37:54,203 [DEBUG]   ↳ 定位器 css=#password 成功 (priority=1)
2026-05-07 11:37:54,203 [DEBUG] agreeCheckbox: click css=label.br-checkbox .br-checkbox__title
2026-05-07 11:37:54,203 [DEBUG] 点击元素: css=label.br-checkbox .br-checkbox__title -> label.br-checkbox .br-checkbox__title
2026-05-07 11:37:54,255 [DEBUG]   ↳ 定位器 css=label.br-checkbox .br-checkbox__title 成功 (priority=1)
2026-05-07 11:37:54,255 [DEBUG] loginBtn: click css=.btn-submit
2026-05-07 11:37:54,255 [DEBUG] 点击元素: css=.btn-submit -> .btn-submit
2026-05-07 11:37:54,300 [DEBUG]   ↳ 定位器 css=.btn-submit 成功 (priority=1)
2026-05-07 11:37:54,301 [DEBUG] type 成功
2026-05-07 11:37:54,301 [INFO] [STEP] action=type model=ECAgentBuyLoginPage status=OK source=keyword_result
2026-05-07 11:37:54,301 [DEBUG]   history[1]={'accountTab': 'click', 'username': '13119909586', 'password': '123456Aa', 'agreeCheckbox': 'click', 'loginBtn': 'click'}
2026-05-07 11:37:54,549 [DEBUG] 截图成功: D:\Documents\pythonProject\AICASS\examples\询价下单\result\rodski_20260507_113748\screenshots\garage_publish_inquiry_and_order_02_预处理_20260507_113754.png
2026-05-07 11:37:54,549 [DEBUG] 步骤截图: D:\Documents\pythonProject\AICASS\examples\询价下单\result\rodski_20260507_113748\screenshots\garage_publish_inquiry_and_order_02_预处理_20260507_113754.png
2026-05-07 11:37:54,549 [DEBUG] 步骤等待 0.3s
2026-05-07 11:37:54,850 [DEBUG]   [3] wait
2026-05-07 11:37:54,850 [INFO] 执行关键字: wait(data=2)
2026-05-07 11:37:54,850 [INFO] 等待: 2秒
2026-05-07 11:37:56,851 [DEBUG] wait 成功
2026-05-07 11:37:56,851 [INFO] [STEP] action=wait model=- status=OK source=keyword_result
2026-05-07 11:37:56,851 [DEBUG]   history[2]=True
2026-05-07 11:37:56,851 [DEBUG]   [4] verify
2026-05-07 11:37:56,851 [INFO] 执行关键字: verify(model=LoginSuccessCheck, data=login_success)
2026-05-07 11:37:56,851 [INFO] 批量验证: 模型=LoginSuccessCheck, 期望数据=login_success
2026-05-07 11:37:59,048 [DEBUG] publishInquiryTab: 实际='发布询价', 期望='发布询价' → OK
2026-05-07 11:37:59,048 [INFO] 批量验证通过: 1 个字段全部匹配
2026-05-07 11:37:59,048 [DEBUG] verify 成功
2026-05-07 11:37:59,048 [INFO] [STEP] action=verify model=LoginSuccessCheck status=OK source=keyword_result
2026-05-07 11:37:59,048 [DEBUG]   history[3]={'publishInquiryTab': '发布询价', '_verify_passed': True, 'passed': True}
2026-05-07 11:37:59,218 [DEBUG] 截图成功: D:\Documents\pythonProject\AICASS\examples\询价下单\result\rodski_20260507_113748\screenshots\garage_publish_inquiry_and_order_03_预处理_20260507_113759.png
2026-05-07 11:37:59,218 [DEBUG] 步骤截图: D:\Documents\pythonProject\AICASS\examples\询价下单\result\rodski_20260507_113748\screenshots\garage_publish_inquiry_and_order_03_预处理_20260507_113759.png
2026-05-07 11:37:59,218 [DEBUG] 步骤等待 0.3s
2026-05-07 11:37:59,519 [DEBUG]   [1] type
2026-05-07 11:37:59,519 [INFO] 执行关键字: type(model=InquiryFlow, data=flow_manual_merchant_input)
2026-05-07 11:37:59,519 [INFO] 批量输入: 模型=InquiryFlow, DataID=flow_manual_merchant_input
2026-05-07 11:37:59,519 [DEBUG] vinInput: xpath=//input[contains(translate(@placeholder,'vin','VIN'),'VIN')] <- 'LBVFR790XBSD31722'
2026-05-07 11:37:59,519 [DEBUG] 输入文本: xpath=//input[contains(translate(@placeholder,'vin','VIN'),'VIN')] -> //input[contains(translate(@placeholder,'vin','VIN'),'VIN')]
2026-05-07 11:37:59,554 [DEBUG]   ↳ 定位器 xpath=//input[contains(translate(@placeholder,'vin','VIN'),'VIN')] 成功 (priority=1)
2026-05-07 11:37:59,555 [DEBUG] vinInputSubmit: 按键 'Enter'
2026-05-07 11:37:59,581 [DEBUG]   ↳ 定位器 xpath=//input[contains(translate(@placeholder,'vin','VIN'),'VIN')] 成功 (priority=1)
2026-05-07 11:37:59,581 [DEBUG] duplicateVinNewInquiryBtn: click xpath=//button[contains(normalize-space(.),'不追加，发布新的询价单') or contains(normalize-space(.),'不追加')]
2026-05-07 11:37:59,581 [DEBUG] 点击元素: xpath=//button[contains(normalize-space(.),'不追加，发布新的询价单') or contains(normalize-space(.),'不追加')] -> //button[contains(normalize-space(.),'不追加，发布新的询价单') or contains(normalize-space(.),'不追加')]
2026-05-07 11:38:02,290 [DEBUG]   ↳ 定位器 xpath=//button[contains(normalize-space(.),'不追加，发布新的询价单') or contains(normalize-space(.),'不追加')] 成功 (priority=1)
2026-05-07 11:38:02,290 [DEBUG] partInputFirst: xpath=//table//tbody/tr[1]/td[2]//*[self::textarea or self::input][not(@disabled)] <- '61612458015'
2026-05-07 11:38:02,290 [DEBUG] 输入文本: xpath=//table//tbody/tr[1]/td[2]//*[self::textarea or self::input][not(@disabled)] -> //table//tbody/tr[1]/td[2]//*[self::textarea or self::input][not(@disabled)]
2026-05-07 11:38:02,322 [DEBUG]   ↳ 定位器 xpath=//table//tbody/tr[1]/td[2]//*[self::textarea or self::input][not(@disabled)] 成功 (priority=1)
2026-05-07 11:38:02,322 [DEBUG] partInputFirstSubmit: 按键 'Enter'
2026-05-07 11:38:02,345 [DEBUG]   ↳ 定位器 xpath=//table//tbody/tr[1]/td[2]//*[self::textarea or self::input][not(@disabled)] 成功 (priority=1)
2026-05-07 11:38:02,345 [DEBUG] cancelPlatformRecommendBtn: BLANK → 跳过
2026-05-07 11:38:02,345 [DEBUG] manualMerchantOption: BLANK → 跳过
2026-05-07 11:38:02,345 [DEBUG] publishInquiryBtn: BLANK → 跳过
2026-05-07 11:38:02,345 [DEBUG] type 成功
2026-05-07 11:38:02,345 [INFO] [STEP] action=type model=InquiryFlow status=OK source=keyword_result
2026-05-07 11:38:02,345 [DEBUG]   history[4]={'vinInput': 'LBVFR790XBSD31722', 'vinInputSubmit': 'key_press【Enter】', 'duplicateVinNewInquiryBtn': 'click', 'partInputFirst': '61612458015', 'partInputFirstSubmit': 'key_press【Enter】', 'cancelPlatfo
2026-05-07 11:38:02,493 [DEBUG] 截图成功: D:\Documents\pythonProject\AICASS\examples\询价下单\result\rodski_20260507_113748\screenshots\garage_publish_inquiry_and_order_04_用例_20260507_113802.png
2026-05-07 11:38:02,494 [DEBUG] 步骤截图: D:\Documents\pythonProject\AICASS\examples\询价下单\result\rodski_20260507_113748\screenshots\garage_publish_inquiry_and_order_04_用例_20260507_113802.png
2026-05-07 11:38:02,494 [DEBUG] 步骤等待 0.3s
2026-05-07 11:38:02,794 [DEBUG]   [2] evaluate
2026-05-07 11:38:02,795 [INFO] 执行关键字: evaluate(data=(async()=>{const sleep=ms=>new Promise(r=>setTimeout(r,ms));const norm=s=>(s||'').replace(/\s+/g,'');const visible=el=>!!el&&el.isConnected&&!!(el.offsetWidth||el.offsetHeight||el.getClientRects().length);const bodyText=()=>document.body&&document.body.innerText?document.body.innerText:'';const click=(el,name)=>{if(!el)throw new Error('未找到'+name);el.scrollIntoView({block:'center'});el.click();};const hasStore=()=>bodyText().includes('已指定：深圳市华砺有限公司')||bodyText().includes('自行指定 (1)');const sys=document.querySelector('#system');if(visible(sys)&&String(sys.className||'').includes('selected')){click(sys,'平台推荐选项');await sleep(200);}const manual=document.querySelector('#manual');if(visible(manual)&&!String(manual.className||'').includes('selected')){click(manual,'自行指定选项');await sleep(300);}if(!hasStore()){click(document.querySelector('.modify-supplier'),'更改指定商家');for(let end=Date.now()+6000;Date.now()<end;){if(hasStore())break;await sleep(250);}if(!hasStore()){const item=[...document.querySelectorAll('#appointSupplierPlugin li,.filter-supplier-item')].filter(visible).find(el=>norm(el.textContent).includes('深圳市华砺有限公司'));click(item,'深圳市华砺有限公司');for(let end=Date.now()+3000;Date.now()<end;){if(hasStore())break;await sleep(250);}}}const close=[...document.querySelectorAll('.close-btn-icon,.close-icon')].filter(visible)[0];if(close){close.click();await sleep(300);}if(!hasStore())throw new Error('发布前未选中深圳市华砺有限公司，页面文本='+bodyText().slice(0,500));click(document.querySelector('.save-inquiry'),'发布询价按钮');return 'manual_supplier_publish_clicked';})())
2026-05-07 11:38:02,795 [INFO] 执行 JS: (async()=>{const sleep=ms=>new Promise(r=>setTimeout(r,ms));const norm=s=>(s||'').replace(/\s+/g,'');const visible=el=>!!el&&el.isConnected&&!!(el.offsetWidth||el.offsetHeight||el.getClientRects().len
2026-05-07 11:38:04,664 [INFO] JS 结果: manual_supplier_publish_clicked
2026-05-07 11:38:04,665 [DEBUG] evaluate 成功
2026-05-07 11:38:04,665 [INFO] [STEP] action=evaluate model=- status=OK source=evaluate
2026-05-07 11:38:04,665 [DEBUG]   history[5]='manual_supplier_publish_clicked'
2026-05-07 11:38:04,823 [DEBUG] 截图成功: D:\Documents\pythonProject\AICASS\examples\询价下单\result\rodski_20260507_113748\screenshots\garage_publish_inquiry_and_order_05_用例_20260507_113804.png
2026-05-07 11:38:04,823 [DEBUG] 步骤截图: D:\Documents\pythonProject\AICASS\examples\询价下单\result\rodski_20260507_113748\screenshots\garage_publish_inquiry_and_order_05_用例_20260507_113804.png
2026-05-07 11:38:04,823 [DEBUG] 步骤等待 0.3s
2026-05-07 11:38:05,124 [DEBUG]   [3] verify
2026-05-07 11:38:05,124 [INFO] 执行关键字: verify(model=InquiryPublishSuccessCheck, data=publish_success_generated_inquiry_id)
2026-05-07 11:38:05,124 [INFO] 批量验证: 模型=InquiryPublishSuccessCheck, 期望数据=publish_success_generated_inquiry_id
2026-05-07 11:38:20,394 [DEBUG] inquiryIdLabelWithGeneratedNo: 实际='询价单：', 期望='询价单：' → OK
2026-05-07 11:38:20,394 [INFO] 批量验证通过: 1 个字段全部匹配
2026-05-07 11:38:20,394 [DEBUG] verify 成功
2026-05-07 11:38:20,394 [INFO] [STEP] action=verify model=InquiryPublishSuccessCheck status=OK source=keyword_result
2026-05-07 11:38:20,394 [DEBUG]   history[6]={'inquiryIdLabelWithGeneratedNo': '询价单：', '_verify_passed': True, 'passed': True}
2026-05-07 11:38:20,560 [DEBUG] 截图成功: D:\Documents\pythonProject\AICASS\examples\询价下单\result\rodski_20260507_113748\screenshots\garage_publish_inquiry_and_order_06_用例_20260507_113820.png
2026-05-07 11:38:20,560 [DEBUG] 步骤截图: D:\Documents\pythonProject\AICASS\examples\询价下单\result\rodski_20260507_113748\screenshots\garage_publish_inquiry_and_order_06_用例_20260507_113820.png
2026-05-07 11:38:20,560 [DEBUG] 步骤等待 0.3s
2026-05-07 11:38:20,861 [DEBUG]   [4] evaluate
2026-05-07 11:38:20,861 [INFO] 执行关键字: evaluate(data=(()=>{const text=document.body.innerText||'';const m=text.match(/询价单[：:\s]*(B[A-Za-z0-9]+)/)||text.match(/\b(B[A-Za-z0-9]{6,})\b/);if(!m)throw new Error('未提取到B开头询价单号');return m[1];})())
2026-05-07 11:38:20,861 [INFO] 执行 JS: (()=>{const text=document.body.innerText||'';const m=text.match(/询价单[：:\s]*(B[A-Za-z0-9]+)/)||text.match(/\b(B[A-Za-z0-9]{6,})\b/);if(!m)throw new Error('未提取到B开头询价单号');return m[1];})()
2026-05-07 11:38:20,872 [INFO] JS 结果: B26050705356
2026-05-07 11:38:20,873 [DEBUG] evaluate 成功
2026-05-07 11:38:20,873 [INFO] [STEP] action=evaluate model=- status=OK source=evaluate
2026-05-07 11:38:20,873 [DEBUG]   history[7]='B26050705356'
2026-05-07 11:38:20,995 [DEBUG] 截图成功: D:\Documents\pythonProject\AICASS\examples\询价下单\result\rodski_20260507_113748\screenshots\garage_publish_inquiry_and_order_07_用例_20260507_113820.png
2026-05-07 11:38:20,995 [DEBUG] 步骤截图: D:\Documents\pythonProject\AICASS\examples\询价下单\result\rodski_20260507_113748\screenshots\garage_publish_inquiry_and_order_07_用例_20260507_113820.png
2026-05-07 11:38:20,995 [DEBUG] 步骤等待 0.3s
2026-05-07 11:38:21,295 [DEBUG]   [5] set
2026-05-07 11:38:21,296 [INFO] 执行关键字: set(value=inquiry_bno=${Return[-1]})
2026-05-07 11:38:21,296 [INFO] set: inquiry_bno = 'B26050705356'
2026-05-07 11:38:21,296 [DEBUG] set 成功
2026-05-07 11:38:21,296 [INFO] [STEP] action=set model=- status=OK source=keyword_result
2026-05-07 11:38:21,296 [DEBUG]   history[8]='B26050705356'
2026-05-07 11:38:21,296 [DEBUG]   named={'inquiry_bno': 'B26050705356'}
2026-05-07 11:38:21,430 [DEBUG] 截图成功: D:\Documents\pythonProject\AICASS\examples\询价下单\result\rodski_20260507_113748\screenshots\garage_publish_inquiry_and_order_08_用例_20260507_113821.png
2026-05-07 11:38:21,430 [DEBUG] 步骤截图: D:\Documents\pythonProject\AICASS\examples\询价下单\result\rodski_20260507_113748\screenshots\garage_publish_inquiry_and_order_08_用例_20260507_113821.png
2026-05-07 11:38:21,430 [DEBUG] 步骤等待 0.3s
2026-05-07 11:38:21,730 [DEBUG]   [6] screenshot
2026-05-07 11:38:21,731 [INFO] 执行关键字: screenshot(data=01_inquiry_published.png)
2026-05-07 11:38:21,731 [INFO] 截图: D:\Documents\pythonProject\AICASS\examples\询价下单\01_inquiry_published.png
2026-05-07 11:38:21,866 [DEBUG] 截图成功: D:\Documents\pythonProject\AICASS\examples\询价下单\01_inquiry_published.png
2026-05-07 11:38:21,866 [DEBUG] screenshot 成功
2026-05-07 11:38:21,866 [INFO] [STEP] action=screenshot model=- status=OK source=keyword_result
2026-05-07 11:38:21,866 [DEBUG]   history[8]='B26050705356'
2026-05-07 11:38:21,866 [DEBUG]   named={'inquiry_bno': 'B26050705356'}
2026-05-07 11:38:22,001 [DEBUG] 截图成功: D:\Documents\pythonProject\AICASS\examples\询价下单\result\rodski_20260507_113748\screenshots\garage_publish_inquiry_and_order_09_用例_20260507_113821.png
2026-05-07 11:38:22,002 [DEBUG] 步骤截图: D:\Documents\pythonProject\AICASS\examples\询价下单\result\rodski_20260507_113748\screenshots\garage_publish_inquiry_and_order_09_用例_20260507_113821.png
2026-05-07 11:38:22,002 [DEBUG] 步骤等待 0.3s
2026-05-07 11:38:22,302 [DEBUG]   [7] evaluate
2026-05-07 11:38:22,303 [INFO] 执行关键字: evaluate(data=(async()=>{const sleep=ms=>new Promise(r=>setTimeout(r,ms));const inquiry='${Return[-1]}';const bodyText=()=>document.body&&document.body.innerText?document.body.innerText:'';const hasDom=()=>bodyText().includes('选购')&&!bodyText().includes('加载中');const j=async(url,opt={})=>{const res=await fetch(url,{credentials:'include',...opt,headers:{'content-type':'application/json',...(opt.headers||{})}});const raw=await res.text();let data={};try{data=JSON.parse(raw);}catch(e){data={raw};}return {ok:res.ok,status:res.status,data,raw};};const quoteCount=v=>{const walk=x=>{if(!x)return 0;if(Array.isArray(x))return x.reduce((s,i)=>s+walk(i),0);if(typeof x==='object'){let n=Array.isArray(x.quotationProducts)?x.quotationProducts.length:0;for(const k of Object.keys(x)){if(k!=='quotationProducts')n+=walk(x[k]);}return n;}return 0;};return walk(v);};const detail=async()=>{const idsRes=await j('/inquiryWeb/'+encodeURIComponent(inquiry)+'/list/userneedsids');const ids=Array.isArray(idsRes.data)?idsRes.data:(idsRes.data&&Array.isArray(idsRes.data.data)?idsRes.data.data:[]);if(!ids.length)return {ok:idsRes.ok,status:idsRes.status,data:{},raw:'needIds empty: '+idsRes.raw};return j('/inquiryWeb/inquiry/detail/'+encodeURIComponent(inquiry),{method:'POST',body:JSON.stringify(ids)});};const append=async()=>{const ac=await j('/agentBuy/companies/autoCompleteCompanies?companyName='+encodeURIComponent('深圳市华砺有限公司')+'&pageSize=20&companyType=SUPPLIER');const list=Array.isArray(ac.data)?ac.data:(ac.data&&Array.isArray(ac.data.data)?ac.data.data:[]);const target=list.find(x=>String(x.displayName||x.companyName||'').includes('深圳市华砺有限公司'))||list[0];if(!target)throw new Error('未通过商家自动完成接口找到深圳市华砺有限公司');const storeId=String(target.companyCode||target.productStoreId||target.storeId||'');if(!storeId)throw new Error('深圳市华砺有限公司缺少可提交的companyCode/productStoreId');const res=await j('/agentBuy/inquiry/'+encodeURIComponent(inquiry)+'/appendsuppliers',{method:'POST',body:JSON.stringify([storeId])});if(!(res.ok&&(res.data.code===200||res.data.success||res.data.isSuccess||res.data.data)))throw new Error('追加深圳市华砺有限公司失败，storeId='+storeId+'，status='+res.status+'，响应='+res.raw.slice(0,300));return storeId;};let appended=false,last='';for(let i=0;i<240;i++){if(hasDom())return 'order_detail_ready';if(i%6===0){try{const d=await detail();const c=quoteCount(d.data);last='detail status='+d.status+' quoteCount='+c;if(c>0){setTimeout(()=>{location.reload();},50);return 'quote_data_ready_reload';}if(!appended&&i>=6){appended=true;const sid=await append();last+=' appended='+sid;}}catch(e){last=String(e&&e.message||e);}}await sleep(500);}throw new Error('等待报价超时，未出现选购按钮，inquiry='+inquiry+'，last='+last+'，页面文本='+bodyText().slice(0,200));})())
2026-05-07 11:38:22,305 [INFO] 执行 JS: (async()=>{const sleep=ms=>new Promise(r=>setTimeout(r,ms));const inquiry='B26050705356';const bodyText=()=>document.body&&document.body.innerText?document.body.innerText:'';const hasDom=()=>bodyText(
2026-05-07 11:39:46,368 [ERROR] ❌ 驱动操作失败: [SKI302] JavaScript 执行失败: Page.evaluate: Execution context was destroyed, most likely because of a navigation.
2026-05-07 11:39:46,368 [ERROR] ❌ 重试 1 次后仍失败: [SKI302] JavaScript 执行失败: Page.evaluate: Execution context was destroyed, most likely because of a navigation.
2026-05-07 11:39:46,368 [ERROR] 用例阶段失败: [SKI313] 关键字 'evaluate' 重试 1 次后仍失败: [SKI302] JavaScript 执行失败: Page.evaluate: Execution context was destroyed, most likely because of a navigation.
  keyword: evaluate
2026-05-07 11:39:46,833 [DEBUG] 截图成功: D:\Documents\pythonProject\AICASS\examples\询价下单\result\rodski_20260507_113748\screenshots\garage_publish_inquiry_and_order_20260507_113946_failure.png
2026-05-07 11:39:46,833 [INFO] 失败截图已保存: D:\Documents\pythonProject\AICASS\examples\询价下单\result\rodski_20260507_113748\screenshots\garage_publish_inquiry_and_order_20260507_113946_failure.png
2026-05-07 11:39:46,834 [DEBUG]   [1] close
2026-05-07 11:39:46,834 [INFO] 执行关键字: close()
2026-05-07 11:39:46,834 [INFO] 关闭浏览器
2026-05-07 11:39:47,209 [DEBUG] close 成功
2026-05-07 11:39:47,209 [INFO] [STEP] action=close model=- status=OK source=keyword_result
2026-05-07 11:39:47,209 [DEBUG]   history[9]=True
2026-05-07 11:39:47,209 [DEBUG]   named={'inquiry_bno': 'B26050705356'}
2026-05-07 11:39:47,209 [INFO] 浏览器已关闭
2026-05-07 11:39:47,210 [INFO] execution_summary.json 已写入: D:\Documents\pythonProject\AICASS\examples\询价下单\result\rodski_20260507_113748\execution_summary.json
2026-05-07 11:39:47,210 [INFO]   FAIL (118.602s)
2026-05-07 11:39:47,210 [ERROR]   错误: [SKI313] 关键字 'evaluate' 重试 1 次后仍失败: [SKI302] JavaScript 执行失败: Page.evaluate: Execution context was destroyed, most likely because of a navigation.
  keyword: evaluate
2026-05-07 11:39:47,222 [INFO] 结果已写入 rodski_20260507_113748/result.xml: 总计 1 条, 通过 0 条, 失败 1 条, 通过率 0.0%
