2026-05-08 11:05:07,084 [INFO] 执行用例 1/3: LOGIN_001 - 未登录直接访问管理中心首页应被认证拦截
2026-05-08 11:05:07,084 [DEBUG]   [1] navigate
2026-05-08 11:05:07,084 [DEBUG] 数据解析: 'GlobalValue.Env.admin_url' -> 'https://ec-hwbeta.casstime.com/admin#'
2026-05-08 11:05:07,084 [INFO] 执行关键字: navigate(data=https://ec-hwbeta.casstime.com/admin#)
2026-05-08 11:05:07,084 [INFO] 导航: https://ec-hwbeta.casstime.com/admin#
2026-05-08 11:05:12,903 [DEBUG] 导航成功: https://ec-hwbeta.casstime.com/admin#
2026-05-08 11:05:12,903 [DEBUG] navigate 成功
2026-05-08 11:05:12,903 [INFO] [STEP] action=navigate model=- status=OK source=keyword_result
2026-05-08 11:05:12,903 [DEBUG]   history[0]=True
2026-05-08 11:05:13,150 [DEBUG] 截图成功: D:\Documents\pythonProject\AICASS\examples\管理中心\登录\result\rodski_20260508_110507\screenshots\LOGIN_001_01_用例_20260508_110512.png
2026-05-08 11:05:13,150 [DEBUG] 步骤截图: D:\Documents\pythonProject\AICASS\examples\管理中心\登录\result\rodski_20260508_110507\screenshots\LOGIN_001_01_用例_20260508_110512.png
2026-05-08 11:05:13,150 [DEBUG] 步骤等待 0.001s
2026-05-08 11:05:13,151 [DEBUG]   [2] wait
2026-05-08 11:05:13,151 [INFO] 执行关键字: wait(data=2)
2026-05-08 11:05:13,151 [INFO] 等待: 2秒
2026-05-08 11:05:15,152 [DEBUG] wait 成功
2026-05-08 11:05:15,152 [INFO] [STEP] action=wait model=- status=OK source=keyword_result
2026-05-08 11:05:15,152 [DEBUG]   history[1]=True
2026-05-08 11:05:15,152 [DEBUG]   [3] evaluate
2026-05-08 11:05:15,153 [INFO] 执行关键字: evaluate(data=(() => { const text = document.body ? document.body.innerText : ''; const hasHomeFrame = !!document.querySelector('#iframeCon'); const hasLoginControl = !!document.querySelector('input[name="username"], input[name="password"], input[type="password"]'); const looksLikeLogin = hasLoginControl || /login|passport|登录|登入/i.test(location.href + ' ' + text); if (hasHomeFrame) { throw new Error('未登录访问 /systemMgr/admin 时不应进入管理中心首页'); } if (looksLikeLogin || text.trim() === '') { return 'unauthenticated-blocked'; } return 'unauthenticated-blocked-with-message'; })())
2026-05-08 11:05:15,153 [INFO] 执行 JS: (() => { const text = document.body ? document.body.innerText : ''; const hasHomeFrame = !!document.querySelector('#iframeCon'); const hasLoginControl = !!document.querySelector('input[name="username"
2026-05-08 11:05:15,163 [INFO] JS 结果: unauthenticated-blocked
2026-05-08 11:05:15,163 [DEBUG] evaluate 成功
2026-05-08 11:05:15,163 [INFO] [STEP] action=evaluate model=- status=OK source=evaluate
2026-05-08 11:05:15,163 [DEBUG]   history[2]='unauthenticated-blocked'
2026-05-08 11:05:15,344 [DEBUG] 截图成功: D:\Documents\pythonProject\AICASS\examples\管理中心\登录\result\rodski_20260508_110507\screenshots\LOGIN_001_02_用例_20260508_110515.png
2026-05-08 11:05:15,344 [DEBUG] 步骤截图: D:\Documents\pythonProject\AICASS\examples\管理中心\登录\result\rodski_20260508_110507\screenshots\LOGIN_001_02_用例_20260508_110515.png
2026-05-08 11:05:15,344 [DEBUG] 步骤等待 0.001s
2026-05-08 11:05:15,345 [DEBUG]   [1] close
2026-05-08 11:05:15,346 [INFO] 执行关键字: close()
2026-05-08 11:05:15,346 [INFO] 关闭浏览器
2026-05-08 11:05:15,562 [DEBUG] close 成功
2026-05-08 11:05:15,562 [INFO] [STEP] action=close model=- status=OK source=keyword_result
2026-05-08 11:05:15,562 [DEBUG]   history[3]=True
2026-05-08 11:05:15,562 [INFO] 浏览器已关闭
2026-05-08 11:05:15,563 [INFO] execution_summary.json 已写入: D:\Documents\pythonProject\AICASS\examples\管理中心\登录\result\rodski_20260508_110507\execution_summary.json
2026-05-08 11:05:15,563 [INFO]   PASS (8.479s)
2026-05-08 11:05:15,563 [INFO] 用例 2/3: 驱动已关闭，重新创建浏览器...
2026-05-08 11:05:15,563 [INFO] 驱动已关闭，重新创建驱动...
2026-05-08 11:05:16,200 [INFO] 驱动重新创建成功
2026-05-08 11:05:16,200 [INFO] 新浏览器已启动
2026-05-08 11:05:16,200 [INFO] 执行用例 2/3: LOGIN_002 - 使用有效账号登录后进入管理中心首页
2026-05-08 11:05:16,201 [DEBUG]   [1] navigate
2026-05-08 11:05:16,201 [DEBUG] 数据解析: 'GlobalValue.Env.admin_url' -> 'https://ec-hwbeta.casstime.com/admin#'
2026-05-08 11:05:16,202 [INFO] 执行关键字: navigate(data=https://ec-hwbeta.casstime.com/admin#)
2026-05-08 11:05:16,202 [INFO] 导航: https://ec-hwbeta.casstime.com/admin#
2026-05-08 11:05:17,801 [DEBUG] 导航成功: https://ec-hwbeta.casstime.com/admin#
2026-05-08 11:05:17,801 [DEBUG] navigate 成功
2026-05-08 11:05:17,801 [INFO] [STEP] action=navigate model=- status=OK source=keyword_result
2026-05-08 11:05:17,801 [DEBUG]   history[0]=True
2026-05-08 11:05:17,980 [DEBUG] 截图成功: D:\Documents\pythonProject\AICASS\examples\管理中心\登录\result\rodski_20260508_110507\screenshots\LOGIN_002_01_用例_20260508_110517.png
2026-05-08 11:05:17,980 [DEBUG] 步骤截图: D:\Documents\pythonProject\AICASS\examples\管理中心\登录\result\rodski_20260508_110507\screenshots\LOGIN_002_01_用例_20260508_110517.png
2026-05-08 11:05:17,980 [DEBUG] 步骤等待 0.001s
2026-05-08 11:05:17,981 [DEBUG]   [2] wait
2026-05-08 11:05:17,981 [INFO] 执行关键字: wait(data=2)
2026-05-08 11:05:17,982 [INFO] 等待: 2秒
2026-05-08 11:05:19,982 [DEBUG] wait 成功
2026-05-08 11:05:19,982 [INFO] [STEP] action=wait model=- status=OK source=keyword_result
2026-05-08 11:05:19,982 [DEBUG]   history[1]=True
2026-05-08 11:05:19,983 [DEBUG]   [3] type
2026-05-08 11:05:19,983 [INFO] 执行关键字: type(model=PassportLogin, data=ValidCredential)
2026-05-08 11:05:19,983 [INFO] 批量输入: 模型=PassportLogin, DataID=ValidCredential
2026-05-08 11:05:19,983 [DEBUG] loginModePassword: click css=span[type='PASSWORD']
2026-05-08 11:05:19,983 [DEBUG] 点击元素: css=span[type='PASSWORD'] -> span[type='PASSWORD']
2026-05-08 11:05:20,050 [DEBUG]   ↳ 定位器 css=span[type='PASSWORD'] 成功 (priority=1)
2026-05-08 11:05:20,050 [DEBUG] username: id=userName <- 'mandy'
2026-05-08 11:05:20,050 [DEBUG] 输入文本: id=userName -> #userName
2026-05-08 11:05:20,080 [DEBUG]   ↳ 定位器 id=userName 成功 (priority=1)
2026-05-08 11:05:20,080 [DEBUG] password: name=password <- '***'
2026-05-08 11:05:20,080 [DEBUG] 输入文本: name=password -> [name="password"]
2026-05-08 11:05:20,108 [DEBUG]   ↳ 定位器 name=password 成功 (priority=1)
2026-05-08 11:05:20,108 [DEBUG] agreement: click css=.bre-login-privacy-modal_entry-checkbox
2026-05-08 11:05:20,108 [DEBUG] 点击元素: css=.bre-login-privacy-modal_entry-checkbox -> .bre-login-privacy-modal_entry-checkbox
2026-05-08 11:05:20,164 [DEBUG]   ↳ 定位器 css=.bre-login-privacy-modal_entry-checkbox 成功 (priority=1)
2026-05-08 11:05:20,164 [DEBUG] submit: click css=input.btn-submit
2026-05-08 11:05:20,164 [DEBUG] 点击元素: css=input.btn-submit -> input.btn-submit
2026-05-08 11:05:20,201 [DEBUG]   ↳ 定位器 css=input.btn-submit 成功 (priority=1)
2026-05-08 11:05:20,202 [DEBUG] type 成功
2026-05-08 11:05:20,202 [INFO] [STEP] action=type model=PassportLogin status=OK source=keyword_result
2026-05-08 11:05:20,202 [DEBUG]   history[2]={'loginModePassword': 'click', 'username': 'mandy', 'password': 'Init@1125!@#$.Password', 'agreement': 'click', 'submit': 'click'}
2026-05-08 11:05:20,477 [DEBUG] 截图成功: D:\Documents\pythonProject\AICASS\examples\管理中心\登录\result\rodski_20260508_110507\screenshots\LOGIN_002_02_用例_20260508_110520.png
2026-05-08 11:05:20,477 [DEBUG] 步骤截图: D:\Documents\pythonProject\AICASS\examples\管理中心\登录\result\rodski_20260508_110507\screenshots\LOGIN_002_02_用例_20260508_110520.png
2026-05-08 11:05:20,477 [DEBUG] 步骤等待 0.001s
2026-05-08 11:05:20,478 [DEBUG]   [4] wait
2026-05-08 11:05:20,478 [INFO] 执行关键字: wait(data=5)
2026-05-08 11:05:20,478 [INFO] 等待: 5秒
2026-05-08 11:05:25,479 [DEBUG] wait 成功
2026-05-08 11:05:25,479 [INFO] [STEP] action=wait model=- status=OK source=keyword_result
2026-05-08 11:05:25,479 [DEBUG]   history[3]=True
2026-05-08 11:05:25,479 [DEBUG]   [5] evaluate
2026-05-08 11:05:25,479 [INFO] 执行关键字: evaluate(data=(() => { const hasLoginUrl = /\/admin(?:#)?$/.test(location.href); const hasLogout = !!document.querySelector('a[href="/logout"], a[href$="/logout"]'); const hasHomeShell = !!document.querySelector('#iframeCon, .main-sidebar, .sidebar, .content-wrapper, .main-header'); const stillOnLogin = !!document.querySelector('input[name="username"], input[name="password"], input[type="password"]') || /passport\/login|\/login/i.test(location.href); if (hasLoginUrl && hasLogout && hasHomeShell && !stillOnLogin) { return 'login-success'; } throw new Error('login success page assertion failed: currentUrl=' + location.href + ', hasLogout=' + hasLogout + ', hasHomeShell=' + hasHomeShell + ', stillOnLogin=' + stillOnLogin); })())
2026-05-08 11:05:25,480 [INFO] 执行 JS: (() => { const hasLoginUrl = /\/admin(?:#)?$/.test(location.href); const hasLogout = !!document.querySelector('a[href="/logout"], a[href$="/logout"]'); const hasHomeShell = !!document.querySelector('#
2026-05-08 11:05:25,506 [ERROR] ❌ 驱动操作失败: [SKI302] JavaScript 执行失败: Page.evaluate: Error: login success page assertion failed: currentUrl=https://ec-hwbeta.casstime.com/admin#/, hasLogout=true, hasHomeShell=true, stillOnLogin=false
    at eval (eval at evaluate (:234:30), <anonymous>:1:539)
    at eval (eval at evaluate (:234:30), <anonymous>:1:719)
    at eval (<anonymous>)
    at UtilityScript.evaluate (<anonymous>:234:30)
    at UtilityScript.<anonymous> (<anonymous>:1:44)
2026-05-08 11:05:25,506 [ERROR] ❌ 重试 1 次后仍失败: [SKI302] JavaScript 执行失败: Page.evaluate: Error: login success page assertion failed: currentUrl=https://ec-hwbeta.casstime.com/admin#/, hasLogout=true, hasHomeShell=true, stillOnLogin=false
    at eval (eval at evaluate (:234:30), <anonymous>:1:539)
    at eval (eval at evaluate (:234:30), <anonymous>:1:719)
    at eval (<anonymous>)
    at UtilityScript.evaluate (<anonymous>:234:30)
    at UtilityScript.<anonymous> (<anonymous>:1:44)
2026-05-08 11:05:25,506 [ERROR] 用例阶段失败: [SKI313] 关键字 'evaluate' 重试 1 次后仍失败: [SKI302] JavaScript 执行失败: Page.evaluate: Error: login success page assertion failed: currentUrl=https://ec-hwbeta.casstime.com/admin#/, hasLogout=true, hasHomeShell=true, stillOnLogin=false
    at eval (eval at evaluate (:234:30), <anonymous>:1:539)
    at eval (eval at evaluate (:234:30), <anonymous>:1:719)
    at eval (<anonymous>)
    at UtilityScript.evaluate (<anonymous>:234:30)
    at UtilityScript.<anonymous> (<anonymous>:1:44)
  keyword: evaluate
2026-05-08 11:05:25,634 [DEBUG] 截图成功: D:\Documents\pythonProject\AICASS\examples\管理中心\登录\result\rodski_20260508_110507\screenshots\LOGIN_002_20260508_110525_failure.png
2026-05-08 11:05:25,634 [INFO] 失败截图已保存: D:\Documents\pythonProject\AICASS\examples\管理中心\登录\result\rodski_20260508_110507\screenshots\LOGIN_002_20260508_110525_failure.png
2026-05-08 11:05:25,634 [DEBUG]   [1] close
2026-05-08 11:05:25,634 [INFO] 执行关键字: close()
2026-05-08 11:05:25,634 [INFO] 关闭浏览器
2026-05-08 11:05:25,896 [DEBUG] close 成功
2026-05-08 11:05:25,896 [INFO] [STEP] action=close model=- status=OK source=keyword_result
2026-05-08 11:05:25,896 [DEBUG]   history[4]=True
2026-05-08 11:05:25,896 [INFO] 浏览器已关闭
2026-05-08 11:05:25,897 [INFO] execution_summary.json 已写入: D:\Documents\pythonProject\AICASS\examples\管理中心\登录\result\rodski_20260508_110507\execution_summary.json
2026-05-08 11:05:25,897 [INFO]   FAIL (9.696s)
2026-05-08 11:05:25,897 [ERROR]   错误: [SKI313] 关键字 'evaluate' 重试 1 次后仍失败: [SKI302] JavaScript 执行失败: Page.evaluate: Error: login success page assertion failed: currentUrl=https://ec-hwbeta.casstime.com/admin#/, hasLogout=true, hasHomeShell=true, stillOnLogin=false
    at eval (eval at evaluate (:234:30), <anonymous>:1:539)
    at eval (eval at evaluate (:234:30), <anonymous>:1:719)
    at eval (<anonymous>)
    at UtilityScript.evaluate (<anonymous>:234:30)
    at UtilityScript.<anonymous> (<anonymous>:1:44)
  keyword: evaluate
2026-05-08 11:05:25,897 [INFO] 用例 3/3: 驱动已关闭，重新创建浏览器...
2026-05-08 11:05:25,897 [INFO] 驱动已关闭，重新创建驱动...
2026-05-08 11:05:26,500 [INFO] 驱动重新创建成功
2026-05-08 11:05:26,501 [INFO] 新浏览器已启动
2026-05-08 11:05:26,501 [INFO] 执行用例 3/3: LOGIN_003 - 登录后点击退出应清除会话并离开管理中心首页
2026-05-08 11:05:26,501 [DEBUG]   [1] navigate
2026-05-08 11:05:26,501 [DEBUG] 数据解析: 'GlobalValue.Env.admin_url' -> 'https://ec-hwbeta.casstime.com/admin#'
2026-05-08 11:05:26,502 [INFO] 执行关键字: navigate(data=https://ec-hwbeta.casstime.com/admin#)
2026-05-08 11:05:26,502 [INFO] 导航: https://ec-hwbeta.casstime.com/admin#
2026-05-08 11:05:28,086 [DEBUG] 导航成功: https://ec-hwbeta.casstime.com/admin#
2026-05-08 11:05:28,086 [DEBUG] navigate 成功
2026-05-08 11:05:28,086 [INFO] [STEP] action=navigate model=- status=OK source=keyword_result
2026-05-08 11:05:28,086 [DEBUG]   history[0]=True
2026-05-08 11:05:28,266 [DEBUG] 截图成功: D:\Documents\pythonProject\AICASS\examples\管理中心\登录\result\rodski_20260508_110507\screenshots\LOGIN_003_01_用例_20260508_110528.png
2026-05-08 11:05:28,266 [DEBUG] 步骤截图: D:\Documents\pythonProject\AICASS\examples\管理中心\登录\result\rodski_20260508_110507\screenshots\LOGIN_003_01_用例_20260508_110528.png
2026-05-08 11:05:28,266 [DEBUG] 步骤等待 0.001s
2026-05-08 11:05:28,268 [DEBUG]   [2] wait
2026-05-08 11:05:28,268 [INFO] 执行关键字: wait(data=2)
2026-05-08 11:05:28,268 [INFO] 等待: 2秒
2026-05-08 11:05:30,268 [DEBUG] wait 成功
2026-05-08 11:05:30,268 [INFO] [STEP] action=wait model=- status=OK source=keyword_result
2026-05-08 11:05:30,268 [DEBUG]   history[1]=True
2026-05-08 11:05:30,268 [DEBUG]   [3] type
2026-05-08 11:05:30,268 [INFO] 执行关键字: type(model=PassportLogin, data=ValidCredential)
2026-05-08 11:05:30,268 [INFO] 批量输入: 模型=PassportLogin, DataID=ValidCredential
2026-05-08 11:05:30,268 [DEBUG] loginModePassword: click css=span[type='PASSWORD']
2026-05-08 11:05:30,268 [DEBUG] 点击元素: css=span[type='PASSWORD'] -> span[type='PASSWORD']
2026-05-08 11:05:30,308 [DEBUG]   ↳ 定位器 css=span[type='PASSWORD'] 成功 (priority=1)
2026-05-08 11:05:30,308 [DEBUG] username: id=userName <- 'mandy'
2026-05-08 11:05:30,308 [DEBUG] 输入文本: id=userName -> #userName
2026-05-08 11:05:30,331 [DEBUG]   ↳ 定位器 id=userName 成功 (priority=1)
2026-05-08 11:05:30,331 [DEBUG] password: name=password <- '***'
2026-05-08 11:05:30,331 [DEBUG] 输入文本: name=password -> [name="password"]
2026-05-08 11:05:30,355 [DEBUG]   ↳ 定位器 name=password 成功 (priority=1)
2026-05-08 11:05:30,355 [DEBUG] agreement: click css=.bre-login-privacy-modal_entry-checkbox
2026-05-08 11:05:30,355 [DEBUG] 点击元素: css=.bre-login-privacy-modal_entry-checkbox -> .bre-login-privacy-modal_entry-checkbox
2026-05-08 11:05:30,411 [DEBUG]   ↳ 定位器 css=.bre-login-privacy-modal_entry-checkbox 成功 (priority=1)
2026-05-08 11:05:30,411 [DEBUG] submit: click css=input.btn-submit
2026-05-08 11:05:30,411 [DEBUG] 点击元素: css=input.btn-submit -> input.btn-submit
2026-05-08 11:05:30,454 [DEBUG]   ↳ 定位器 css=input.btn-submit 成功 (priority=1)
2026-05-08 11:05:30,454 [DEBUG] type 成功
2026-05-08 11:05:30,454 [INFO] [STEP] action=type model=PassportLogin status=OK source=keyword_result
2026-05-08 11:05:30,454 [DEBUG]   history[2]={'loginModePassword': 'click', 'username': 'mandy', 'password': 'Init@1125!@#$.Password', 'agreement': 'click', 'submit': 'click'}
2026-05-08 11:05:30,651 [DEBUG] 截图成功: D:\Documents\pythonProject\AICASS\examples\管理中心\登录\result\rodski_20260508_110507\screenshots\LOGIN_003_02_用例_20260508_110530.png
2026-05-08 11:05:30,652 [DEBUG] 步骤截图: D:\Documents\pythonProject\AICASS\examples\管理中心\登录\result\rodski_20260508_110507\screenshots\LOGIN_003_02_用例_20260508_110530.png
2026-05-08 11:05:30,652 [DEBUG] 步骤等待 0.001s
2026-05-08 11:05:30,653 [DEBUG]   [4] wait
2026-05-08 11:05:30,653 [INFO] 执行关键字: wait(data=5)
2026-05-08 11:05:30,653 [INFO] 等待: 5秒
2026-05-08 11:05:35,654 [DEBUG] wait 成功
2026-05-08 11:05:35,654 [INFO] [STEP] action=wait model=- status=OK source=keyword_result
2026-05-08 11:05:35,654 [DEBUG]   history[3]=True
2026-05-08 11:05:35,654 [DEBUG]   [5] type
2026-05-08 11:05:35,654 [INFO] 执行关键字: type(model=AdminHome, data=LogoutClick)
2026-05-08 11:05:35,654 [INFO] 批量输入: 模型=AdminHome, DataID=LogoutClick
2026-05-08 11:05:35,654 [DEBUG] logout: click css=a[href='/logout']
2026-05-08 11:05:35,654 [DEBUG] 点击元素: css=a[href='/logout'] -> a[href='/logout']
2026-05-08 11:05:35,941 [DEBUG]   ↳ 定位器 css=a[href='/logout'] 成功 (priority=1)
2026-05-08 11:05:35,941 [DEBUG] type 成功
2026-05-08 11:05:35,941 [INFO] [STEP] action=type model=AdminHome status=OK source=keyword_result
2026-05-08 11:05:35,941 [DEBUG]   history[4]={'logout': 'click'}
2026-05-08 11:05:39,554 [DEBUG] 截图成功: D:\Documents\pythonProject\AICASS\examples\管理中心\登录\result\rodski_20260508_110507\screenshots\LOGIN_003_03_用例_20260508_110535.png
2026-05-08 11:05:39,555 [DEBUG] 步骤截图: D:\Documents\pythonProject\AICASS\examples\管理中心\登录\result\rodski_20260508_110507\screenshots\LOGIN_003_03_用例_20260508_110535.png
2026-05-08 11:05:39,555 [DEBUG] 步骤等待 0.001s
2026-05-08 11:05:39,556 [DEBUG]   [6] wait
2026-05-08 11:05:39,556 [INFO] 执行关键字: wait(data=3)
2026-05-08 11:05:39,556 [INFO] 等待: 3秒
2026-05-08 11:05:42,556 [DEBUG] wait 成功
2026-05-08 11:05:42,556 [INFO] [STEP] action=wait model=- status=OK source=keyword_result
2026-05-08 11:05:42,556 [DEBUG]   history[5]=True
2026-05-08 11:05:42,557 [DEBUG]   [7] evaluate
2026-05-08 11:05:42,557 [INFO] 执行关键字: evaluate(data=(() => { const text = document.body ? document.body.innerText : ''; const hasFrame = !!document.querySelector('#iframeCon'); const hasLoginControl = !!document.querySelector('input[name="username"], input[name="password"], input[type="password"]'); const looksLoggedOut = hasLoginControl || /login|passport|登录|登入|logout/i.test(location.href + ' ' + text); if (!hasFrame || looksLoggedOut) { return 'logout-success'; } throw new Error('退出后仍停留在管理中心已登录首页，currentUrl=' + location.href); })())
2026-05-08 11:05:42,557 [INFO] 执行 JS: (() => { const text = document.body ? document.body.innerText : ''; const hasFrame = !!document.querySelector('#iframeCon'); const hasLoginControl = !!document.querySelector('input[name="username"], i
2026-05-08 11:05:42,563 [INFO] JS 结果: logout-success
2026-05-08 11:05:42,563 [DEBUG] evaluate 成功
2026-05-08 11:05:42,563 [INFO] [STEP] action=evaluate model=- status=OK source=evaluate
2026-05-08 11:05:42,563 [DEBUG]   history[6]='logout-success'
2026-05-08 11:05:42,758 [DEBUG] 截图成功: D:\Documents\pythonProject\AICASS\examples\管理中心\登录\result\rodski_20260508_110507\screenshots\LOGIN_003_04_用例_20260508_110542.png
2026-05-08 11:05:42,758 [DEBUG] 步骤截图: D:\Documents\pythonProject\AICASS\examples\管理中心\登录\result\rodski_20260508_110507\screenshots\LOGIN_003_04_用例_20260508_110542.png
2026-05-08 11:05:42,758 [DEBUG] 步骤等待 0.001s
2026-05-08 11:05:42,759 [DEBUG]   [1] close
2026-05-08 11:05:42,759 [INFO] 执行关键字: close()
2026-05-08 11:05:42,760 [INFO] 关闭浏览器
2026-05-08 11:05:43,005 [DEBUG] close 成功
2026-05-08 11:05:43,005 [INFO] [STEP] action=close model=- status=OK source=keyword_result
2026-05-08 11:05:43,005 [DEBUG]   history[7]=True
2026-05-08 11:05:43,005 [INFO] 浏览器已关闭
2026-05-08 11:05:43,006 [INFO] execution_summary.json 已写入: D:\Documents\pythonProject\AICASS\examples\管理中心\登录\result\rodski_20260508_110507\execution_summary.json
2026-05-08 11:05:43,006 [INFO]   PASS (16.505s)
2026-05-08 11:05:43,019 [INFO] 结果已写入 rodski_20260508_110507/result.xml: 总计 3 条, 通过 2 条, 失败 1 条, 通过率 66.7%
