2026-05-11 10:54:18,327 [INFO]   SKIP (plan_not_selected)
2026-05-11 10:54:18,327 [INFO] 执行用例 2/4: MALL_LOGIN_002 - 维修厂 mall 登录后退出应离开已登录状态
2026-05-11 10:54:18,852 [INFO] Playwright 原生录制已启动: D:\Documents\pythonProject\AICASS\examples\电商\登录\result\rodski_20260511_105418\recordings\MALL_LOGIN_002_20260511_105418_01.webm (分辨率: {'width': 1920, 'height': 1080})
2026-05-11 10:54:18,853 [INFO]   [1] scenario MALL_LOGIN_002_LOGIN_FIRST - 先登录进入维修厂 mall (group=mall_logout, tag=['login', 'mall', 'p0', 'smoke', 'prepare'])
2026-05-11 10:54:18,853 [DEBUG]   [1] navigate
2026-05-11 10:54:18,853 [DEBUG] 数据解析: 'GlobalValue.Env.mall_url' -> 'https://ec-hwbeta.casstime.com/mall'
2026-05-11 10:54:18,854 [INFO] 执行关键字: navigate(data=https://ec-hwbeta.casstime.com/mall)
2026-05-11 10:54:18,854 [INFO] 导航: https://ec-hwbeta.casstime.com/mall
2026-05-11 10:54:20,804 [DEBUG] 导航成功: https://ec-hwbeta.casstime.com/mall
2026-05-11 10:54:20,804 [DEBUG] navigate 成功
2026-05-11 10:54:20,804 [INFO] [STEP] action=navigate model=- status=OK source=keyword_result
2026-05-11 10:54:20,804 [DEBUG]   history[0]=True
2026-05-11 10:54:20,914 [DEBUG] 截图成功: D:\Documents\pythonProject\AICASS\examples\电商\登录\result\rodski_20260511_105418\screenshots\MALL_LOGIN_002_MALL_LOGIN_002_LOGIN_FIRST_先登录进入维修厂_mall\01_20260511_105420.png
2026-05-11 10:54:20,914 [DEBUG] 步骤截图: D:\Documents\pythonProject\AICASS\examples\电商\登录\result\rodski_20260511_105418\screenshots\MALL_LOGIN_002_MALL_LOGIN_002_LOGIN_FIRST_先登录进入维修厂_mall\01_20260511_105420.png
2026-05-11 10:54:20,914 [DEBUG] 步骤等待 0.001s
2026-05-11 10:54:20,915 [DEBUG]   [1] wait
2026-05-11 10:54:20,916 [INFO] 执行关键字: wait(data=2)
2026-05-11 10:54:20,916 [INFO] 等待: 2秒
2026-05-11 10:54:22,916 [DEBUG] wait 成功
2026-05-11 10:54:22,916 [INFO] [STEP] action=wait model=- status=OK source=keyword_result
2026-05-11 10:54:22,916 [DEBUG]   history[1]=True
2026-05-11 10:54:22,916 [DEBUG]   [1] type
2026-05-11 10:54:22,916 [INFO] 执行关键字: type(model=PassportLogin, data=MallValidCredential)
2026-05-11 10:54:22,916 [INFO] 批量输入: 模型=PassportLogin, DataID=MallValidCredential
2026-05-11 10:54:22,916 [DEBUG] loginModePassword: click css=span[type='PASSWORD']
2026-05-11 10:54:22,916 [DEBUG] 点击元素: css=span[type='PASSWORD'] -> span[type='PASSWORD']
2026-05-11 10:54:22,984 [DEBUG]   ↳ 定位器 css=span[type='PASSWORD'] 成功 (priority=1)
2026-05-11 10:54:22,984 [DEBUG] username: id=userName <- '13119909586'
2026-05-11 10:54:22,984 [DEBUG] 输入文本: id=userName -> #userName
2026-05-11 10:54:23,007 [DEBUG]   ↳ 定位器 id=userName 成功 (priority=1)
2026-05-11 10:54:23,007 [DEBUG] password: id=password <- '123456Aa'
2026-05-11 10:54:23,007 [DEBUG] 输入文本: id=password -> #password
2026-05-11 10:54:23,031 [DEBUG]   ↳ 定位器 id=password 成功 (priority=1)
2026-05-11 10:54:23,031 [DEBUG] agreement: click css=.bre-login-privacy-modal_entry-checkbox
2026-05-11 10:54:23,031 [DEBUG] 点击元素: css=.bre-login-privacy-modal_entry-checkbox -> .bre-login-privacy-modal_entry-checkbox
2026-05-11 10:54:23,079 [DEBUG]   ↳ 定位器 css=.bre-login-privacy-modal_entry-checkbox 成功 (priority=1)
2026-05-11 10:54:23,080 [DEBUG] submit: click css=input.btn-submit
2026-05-11 10:54:23,080 [DEBUG] 点击元素: css=input.btn-submit -> input.btn-submit
2026-05-11 10:54:23,124 [DEBUG]   ↳ 定位器 css=input.btn-submit 成功 (priority=1)
2026-05-11 10:54:23,124 [DEBUG] type 成功
2026-05-11 10:54:23,124 [INFO] [STEP] action=type model=PassportLogin status=OK source=keyword_result
2026-05-11 10:54:23,124 [DEBUG]   history[2]={'loginModePassword': 'click', 'username': '13119909586', 'password': '123456Aa', 'agreement': 'click', 'submit': 'click'}
2026-05-11 10:54:23,209 [DEBUG] 截图成功: D:\Documents\pythonProject\AICASS\examples\电商\登录\result\rodski_20260511_105418\screenshots\MALL_LOGIN_002_MALL_LOGIN_002_LOGIN_FIRST_先登录进入维修厂_mall\02_20260511_105423.png
2026-05-11 10:54:23,209 [DEBUG] 步骤截图: D:\Documents\pythonProject\AICASS\examples\电商\登录\result\rodski_20260511_105418\screenshots\MALL_LOGIN_002_MALL_LOGIN_002_LOGIN_FIRST_先登录进入维修厂_mall\02_20260511_105423.png
2026-05-11 10:54:23,209 [DEBUG] 步骤等待 0.001s
2026-05-11 10:54:23,210 [DEBUG]   [1] wait
2026-05-11 10:54:23,211 [INFO] 执行关键字: wait(data=5)
2026-05-11 10:54:23,211 [INFO] 等待: 5秒
2026-05-11 10:54:28,211 [DEBUG] wait 成功
2026-05-11 10:54:28,211 [INFO] [STEP] action=wait model=- status=OK source=keyword_result
2026-05-11 10:54:28,212 [DEBUG]   history[3]=True
2026-05-11 10:54:28,212 [INFO]   [2] scenario MALL_LOGIN_002_LOGOUT - 执行维修厂 mall 退出登录 (group=mall_logout, tag=['login', 'mall', 'p0', 'smoke', 'logout'])
2026-05-11 10:54:28,212 [DEBUG]   [2] evaluate
2026-05-11 10:54:28,212 [INFO] 执行关键字: evaluate(data=(async () => { const sleep = ms => new Promise(r => setTimeout(r, ms)); const visible = el => !!el && el.isConnected && !!(el.offsetWidth || el.offsetHeight || el.getClientRects().length); const norm = s => (s || '').replace(/\s+/g, '').trim(); const direct = [...document.querySelectorAll('a[href*="logout"], button[onclick*="logout"], a, button, span, div')].find(el => visible(el) && /退出|注销|安全退出/.test(norm(el.textContent) + ' ' + (el.getAttribute('href') || '') + ' ' + (el.getAttribute('onclick') || ''))); if (direct) { direct.scrollIntoView({block: 'center'}); direct.click(); await sleep(1000); return 'clicked-visible-logout'; } location.href = location.origin + '/logout'; return 'navigated-logout-url'; })())
2026-05-11 10:54:28,212 [INFO] 执行 JS: (async () => { const sleep = ms => new Promise(r => setTimeout(r, ms)); const visible = el => !!el && el.isConnected && !!(el.offsetWidth || el.offsetHeight || el.getClientRects().length); const norm 
2026-05-11 10:54:28,235 [INFO] JS 结果: navigated-logout-url
2026-05-11 10:54:28,235 [DEBUG] evaluate 成功
2026-05-11 10:54:28,235 [INFO] [STEP] action=evaluate model=- status=OK source=evaluate
2026-05-11 10:54:28,235 [DEBUG]   history[4]='navigated-logout-url'
2026-05-11 10:54:28,798 [DEBUG] 截图成功: D:\Documents\pythonProject\AICASS\examples\电商\登录\result\rodski_20260511_105418\screenshots\MALL_LOGIN_002_MALL_LOGIN_002_LOGOUT_执行维修厂_mall_退出登录\03_20260511_105428.png
2026-05-11 10:54:28,798 [DEBUG] 步骤截图: D:\Documents\pythonProject\AICASS\examples\电商\登录\result\rodski_20260511_105418\screenshots\MALL_LOGIN_002_MALL_LOGIN_002_LOGOUT_执行维修厂_mall_退出登录\03_20260511_105428.png
2026-05-11 10:54:28,798 [DEBUG] 步骤等待 0.001s
2026-05-11 10:54:28,799 [DEBUG]   [2] wait
2026-05-11 10:54:28,799 [INFO] 执行关键字: wait(data=3)
2026-05-11 10:54:28,799 [INFO] 等待: 3秒
2026-05-11 10:54:31,800 [DEBUG] wait 成功
2026-05-11 10:54:31,800 [INFO] [STEP] action=wait model=- status=OK source=keyword_result
2026-05-11 10:54:31,800 [DEBUG]   history[5]=True
2026-05-11 10:54:31,800 [INFO]   [3] scenario MALL_LOGIN_002_ASSERT_LOGOUT - 校验维修厂 mall 退出后离开已登录状态 (group=mall_logout, tag=['login', 'mall', 'p0', 'smoke', 'assert'])
2026-05-11 10:54:31,800 [DEBUG]   [3] evaluate
2026-05-11 10:54:31,800 [INFO] 执行关键字: evaluate(data=(() => { const text = document.body ? document.body.innerText : ''; const url = location.href; const hasLoginControl = !!document.querySelector('input[name="username"], input[name="password"], input[type="password"], #userName, #password'); const hasLoggedInSignal = /购物车|我的订单|发布询价|询价|报价/.test(text) && !/passport\/login|\/login/i.test(url); const loggedOut = hasLoginControl || /passport\/login|\/login|logout|登录|认证|未登录/i.test(url + ' ' + text) || !hasLoggedInSignal; if (loggedOut) { return 'mall-logout-success'; } throw new Error('维修厂 mall 退出后仍可能处于已登录状态，currentUrl=' + url + ', text=' + text.slice(0, 180)); })())
2026-05-11 10:54:31,801 [INFO] 执行 JS: (() => { const text = document.body ? document.body.innerText : ''; const url = location.href; const hasLoginControl = !!document.querySelector('input[name="username"], input[name="password"], input[t
2026-05-11 10:54:32,027 [ERROR] ❌ 驱动操作失败: [SKI302] JavaScript 执行失败: Page.evaluate: Execution context was destroyed, most likely because of a navigation
2026-05-11 10:54:32,027 [ERROR] ❌ 重试 1 次后仍失败: [SKI302] JavaScript 执行失败: Page.evaluate: Execution context was destroyed, most likely because of a navigation
2026-05-11 10:54:32,027 [ERROR] 用例阶段失败: [SKI313] 关键字 'evaluate' 重试 1 次后仍失败: [SKI302] JavaScript 执行失败: Page.evaluate: Execution context was destroyed, most likely because of a navigation
  keyword: evaluate
2026-05-11 10:54:32,311 [DEBUG] 截图成功: D:\Documents\pythonProject\AICASS\examples\电商\登录\result\rodski_20260511_105418\screenshots\MALL_LOGIN_002_20260511_105432_failure.png
2026-05-11 10:54:32,311 [INFO] 失败截图已保存: D:\Documents\pythonProject\AICASS\examples\电商\登录\result\rodski_20260511_105418\screenshots\MALL_LOGIN_002_20260511_105432_failure.png
2026-05-11 10:54:32,311 [DEBUG]   [1] close
2026-05-11 10:54:32,311 [INFO] 执行关键字: close()
2026-05-11 10:54:32,311 [INFO] 关闭浏览器
2026-05-11 10:54:33,500 [INFO] Playwright 原生录制已保存: D:\Documents\pythonProject\AICASS\examples\电商\登录\result\rodski_20260511_105418\recordings\MALL_LOGIN_002_20260511_105418_01.webm
2026-05-11 10:54:33,555 [DEBUG] close 成功
2026-05-11 10:54:33,555 [INFO] [STEP] action=close model=- status=OK source=keyword_result
2026-05-11 10:54:33,556 [DEBUG]   history[6]=True
2026-05-11 10:54:33,556 [INFO] 浏览器已关闭
2026-05-11 10:54:33,557 [INFO] execution_summary.json 已写入: D:\Documents\pythonProject\AICASS\examples\电商\登录\result\rodski_20260511_105418\execution_summary.json
2026-05-11 10:54:33,557 [INFO]   FAIL (15.229s)
2026-05-11 10:54:33,557 [ERROR]   错误: [SKI313] 关键字 'evaluate' 重试 1 次后仍失败: [SKI302] JavaScript 执行失败: Page.evaluate: Execution context was destroyed, most likely because of a navigation
  keyword: evaluate
2026-05-11 10:54:33,557 [INFO]   SKIP (plan_not_selected)
2026-05-11 10:54:33,557 [INFO]   SKIP (plan_not_selected)
2026-05-11 10:54:33,568 [INFO] 结果已写入 rodski_20260511_105418/result.xml: 总计 4 条, 通过 0 条, 失败 1 条, 通过率 0.0%
