2026-05-08 11:08:07,372 [INFO] 执行用例 1/3: LOGIN_001 - 未登录直接访问管理中心首页应被认证拦截
2026-05-08 11:08:07,372 [DEBUG]   [1] navigate
2026-05-08 11:08:07,373 [DEBUG] 数据解析: 'GlobalValue.Env.admin_url' -> 'https://ec-hwbeta.casstime.com/admin#'
2026-05-08 11:08:07,373 [INFO] 执行关键字: navigate(data=https://ec-hwbeta.casstime.com/admin#)
2026-05-08 11:08:07,373 [INFO] 导航: https://ec-hwbeta.casstime.com/admin#
2026-05-08 11:08:09,109 [DEBUG] 导航成功: https://ec-hwbeta.casstime.com/admin#
2026-05-08 11:08:09,109 [DEBUG] navigate 成功
2026-05-08 11:08:09,109 [INFO] [STEP] action=navigate model=- status=OK source=keyword_result
2026-05-08 11:08:09,109 [DEBUG]   history[0]=True
2026-05-08 11:08:09,293 [DEBUG] 截图成功: D:\Documents\pythonProject\AICASS\examples\管理中心\登录\result\rodski_20260508_110807\screenshots\LOGIN_001_01_用例_20260508_110809.png
2026-05-08 11:08:09,293 [DEBUG] 步骤截图: D:\Documents\pythonProject\AICASS\examples\管理中心\登录\result\rodski_20260508_110807\screenshots\LOGIN_001_01_用例_20260508_110809.png
2026-05-08 11:08:09,293 [DEBUG] 步骤等待 0.001s
2026-05-08 11:08:09,294 [DEBUG]   [2] wait
2026-05-08 11:08:09,295 [INFO] 执行关键字: wait(data=2)
2026-05-08 11:08:09,295 [INFO] 等待: 2秒
2026-05-08 11:08:11,295 [DEBUG] wait 成功
2026-05-08 11:08:11,295 [INFO] [STEP] action=wait model=- status=OK source=keyword_result
2026-05-08 11:08:11,295 [DEBUG]   history[1]=True
2026-05-08 11:08:11,296 [DEBUG]   [3] evaluate
2026-05-08 11:08:11,296 [INFO] 执行关键字: evaluate(data=(() => { const text = document.body ? document.body.innerText : ''; const hasHomeFrame = !!document.querySelector('#iframeCon'); const hasLoginControl = !!document.querySelector('input[name="username"], input[name="password"], input[type="password"]'); const looksLikeLogin = hasLoginControl || /login|passport|登录|登入/i.test(location.href + ' ' + text); if (hasHomeFrame) { throw new Error('未登录访问 /systemMgr/admin 时不应进入管理中心首页'); } if (looksLikeLogin || text.trim() === '') { return 'unauthenticated-blocked'; } return 'unauthenticated-blocked-with-message'; })())
2026-05-08 11:08:11,296 [INFO] 执行 JS: (() => { const text = document.body ? document.body.innerText : ''; const hasHomeFrame = !!document.querySelector('#iframeCon'); const hasLoginControl = !!document.querySelector('input[name="username"
2026-05-08 11:08:11,305 [INFO] JS 结果: unauthenticated-blocked
2026-05-08 11:08:11,305 [DEBUG] evaluate 成功
2026-05-08 11:08:11,305 [INFO] [STEP] action=evaluate model=- status=OK source=evaluate
2026-05-08 11:08:11,306 [DEBUG]   history[2]='unauthenticated-blocked'
2026-05-08 11:08:11,527 [DEBUG] 截图成功: D:\Documents\pythonProject\AICASS\examples\管理中心\登录\result\rodski_20260508_110807\screenshots\LOGIN_001_02_用例_20260508_110811.png
2026-05-08 11:08:11,527 [DEBUG] 步骤截图: D:\Documents\pythonProject\AICASS\examples\管理中心\登录\result\rodski_20260508_110807\screenshots\LOGIN_001_02_用例_20260508_110811.png
2026-05-08 11:08:11,527 [DEBUG] 步骤等待 0.001s
2026-05-08 11:08:11,528 [DEBUG]   [1] close
2026-05-08 11:08:11,528 [INFO] 执行关键字: close()
2026-05-08 11:08:11,529 [INFO] 关闭浏览器
2026-05-08 11:08:11,772 [DEBUG] close 成功
2026-05-08 11:08:11,773 [INFO] [STEP] action=close model=- status=OK source=keyword_result
2026-05-08 11:08:11,773 [DEBUG]   history[3]=True
2026-05-08 11:08:11,773 [INFO] 浏览器已关闭
2026-05-08 11:08:11,774 [INFO] execution_summary.json 已写入: D:\Documents\pythonProject\AICASS\examples\管理中心\登录\result\rodski_20260508_110807\execution_summary.json
2026-05-08 11:08:11,774 [INFO]   PASS (4.402s)
2026-05-08 11:08:11,774 [INFO] 用例 2/3: 驱动已关闭，重新创建浏览器...
2026-05-08 11:08:11,774 [INFO] 驱动已关闭，重新创建驱动...
2026-05-08 11:08:12,424 [INFO] 驱动重新创建成功
2026-05-08 11:08:12,424 [INFO] 新浏览器已启动
2026-05-08 11:08:12,424 [INFO] 执行用例 2/3: LOGIN_002 - 使用有效账号登录后进入管理中心首页
2026-05-08 11:08:12,425 [DEBUG]   [1] navigate
2026-05-08 11:08:12,425 [DEBUG] 数据解析: 'GlobalValue.Env.admin_url' -> 'https://ec-hwbeta.casstime.com/admin#'
2026-05-08 11:08:12,425 [INFO] 执行关键字: navigate(data=https://ec-hwbeta.casstime.com/admin#)
2026-05-08 11:08:12,425 [INFO] 导航: https://ec-hwbeta.casstime.com/admin#
2026-05-08 11:08:14,047 [DEBUG] 导航成功: https://ec-hwbeta.casstime.com/admin#
2026-05-08 11:08:14,047 [DEBUG] navigate 成功
2026-05-08 11:08:14,047 [INFO] [STEP] action=navigate model=- status=OK source=keyword_result
2026-05-08 11:08:14,047 [DEBUG]   history[0]=True
2026-05-08 11:08:14,236 [DEBUG] 截图成功: D:\Documents\pythonProject\AICASS\examples\管理中心\登录\result\rodski_20260508_110807\screenshots\LOGIN_002_01_用例_20260508_110814.png
2026-05-08 11:08:14,236 [DEBUG] 步骤截图: D:\Documents\pythonProject\AICASS\examples\管理中心\登录\result\rodski_20260508_110807\screenshots\LOGIN_002_01_用例_20260508_110814.png
2026-05-08 11:08:14,236 [DEBUG] 步骤等待 0.001s
2026-05-08 11:08:14,237 [DEBUG]   [2] wait
2026-05-08 11:08:14,237 [INFO] 执行关键字: wait(data=2)
2026-05-08 11:08:14,237 [INFO] 等待: 2秒
2026-05-08 11:08:16,238 [DEBUG] wait 成功
2026-05-08 11:08:16,238 [INFO] [STEP] action=wait model=- status=OK source=keyword_result
2026-05-08 11:08:16,238 [DEBUG]   history[1]=True
2026-05-08 11:08:16,238 [DEBUG]   [3] type
2026-05-08 11:08:16,238 [INFO] 执行关键字: type(model=PassportLogin, data=ValidCredential)
2026-05-08 11:08:16,238 [INFO] 批量输入: 模型=PassportLogin, DataID=ValidCredential
2026-05-08 11:08:16,238 [DEBUG] loginModePassword: click css=span[type='PASSWORD']
2026-05-08 11:08:16,238 [DEBUG] 点击元素: css=span[type='PASSWORD'] -> span[type='PASSWORD']
2026-05-08 11:08:16,281 [DEBUG]   ↳ 定位器 css=span[type='PASSWORD'] 成功 (priority=1)
2026-05-08 11:08:16,281 [DEBUG] username: id=userName <- 'mandy'
2026-05-08 11:08:16,281 [DEBUG] 输入文本: id=userName -> #userName
2026-05-08 11:08:16,299 [DEBUG]   ↳ 定位器 id=userName 成功 (priority=1)
2026-05-08 11:08:16,299 [DEBUG] password: name=password <- '***'
2026-05-08 11:08:16,299 [DEBUG] 输入文本: name=password -> [name="password"]
2026-05-08 11:08:16,321 [DEBUG]   ↳ 定位器 name=password 成功 (priority=1)
2026-05-08 11:08:16,321 [DEBUG] agreement: click css=.bre-login-privacy-modal_entry-checkbox
2026-05-08 11:08:16,321 [DEBUG] 点击元素: css=.bre-login-privacy-modal_entry-checkbox -> .bre-login-privacy-modal_entry-checkbox
2026-05-08 11:08:16,394 [DEBUG]   ↳ 定位器 css=.bre-login-privacy-modal_entry-checkbox 成功 (priority=1)
2026-05-08 11:08:16,395 [DEBUG] submit: click css=input.btn-submit
2026-05-08 11:08:16,395 [DEBUG] 点击元素: css=input.btn-submit -> input.btn-submit
2026-05-08 11:08:16,431 [DEBUG]   ↳ 定位器 css=input.btn-submit 成功 (priority=1)
2026-05-08 11:08:16,432 [DEBUG] type 成功
2026-05-08 11:08:16,432 [INFO] [STEP] action=type model=PassportLogin status=OK source=keyword_result
2026-05-08 11:08:16,432 [DEBUG]   history[2]={'loginModePassword': 'click', 'username': 'mandy', 'password': 'Init@1125!@#$.Password', 'agreement': 'click', 'submit': 'click'}
2026-05-08 11:08:16,648 [DEBUG] 截图成功: D:\Documents\pythonProject\AICASS\examples\管理中心\登录\result\rodski_20260508_110807\screenshots\LOGIN_002_02_用例_20260508_110816.png
2026-05-08 11:08:16,649 [DEBUG] 步骤截图: D:\Documents\pythonProject\AICASS\examples\管理中心\登录\result\rodski_20260508_110807\screenshots\LOGIN_002_02_用例_20260508_110816.png
2026-05-08 11:08:16,649 [DEBUG] 步骤等待 0.001s
2026-05-08 11:08:16,650 [DEBUG]   [4] wait
2026-05-08 11:08:16,651 [INFO] 执行关键字: wait(data=5)
2026-05-08 11:08:16,651 [INFO] 等待: 5秒
2026-05-08 11:08:21,651 [DEBUG] wait 成功
2026-05-08 11:08:21,651 [INFO] [STEP] action=wait model=- status=OK source=keyword_result
2026-05-08 11:08:21,651 [DEBUG]   history[3]=True
2026-05-08 11:08:21,651 [DEBUG]   [5] evaluate
2026-05-08 11:08:21,651 [INFO] 执行关键字: evaluate(data=(() => { const hasLoginUrl = /\/admin(?:#\/?)?$/.test(location.href); const hasLogout = !!document.querySelector('a[href="/logout"], a[href$="/logout"]'); const hasHomeShell = !!document.querySelector('#iframeCon, .main-sidebar, .sidebar, .content-wrapper, .main-header'); const stillOnLogin = !!document.querySelector('input[name="username"], input[name="password"], input[type="password"]') || /passport\/login|\/login/i.test(location.href); if (hasLoginUrl && hasLogout && hasHomeShell && !stillOnLogin) { return 'login-success'; } throw new Error('login success page assertion failed: currentUrl=' + location.href + ', hasLogout=' + hasLogout + ', hasHomeShell=' + hasHomeShell + ', stillOnLogin=' + stillOnLogin); })())
2026-05-08 11:08:21,651 [INFO] 执行 JS: (() => { const hasLoginUrl = /\/admin(?:#\/?)?$/.test(location.href); const hasLogout = !!document.querySelector('a[href="/logout"], a[href$="/logout"]'); const hasHomeShell = !!document.querySelector
2026-05-08 11:08:21,692 [INFO] JS 结果: login-success
2026-05-08 11:08:21,692 [DEBUG] evaluate 成功
2026-05-08 11:08:21,692 [INFO] [STEP] action=evaluate model=- status=OK source=evaluate
2026-05-08 11:08:21,692 [DEBUG]   history[4]='login-success'
2026-05-08 11:08:21,850 [DEBUG] 截图成功: D:\Documents\pythonProject\AICASS\examples\管理中心\登录\result\rodski_20260508_110807\screenshots\LOGIN_002_03_用例_20260508_110821.png
2026-05-08 11:08:21,850 [DEBUG] 步骤截图: D:\Documents\pythonProject\AICASS\examples\管理中心\登录\result\rodski_20260508_110807\screenshots\LOGIN_002_03_用例_20260508_110821.png
2026-05-08 11:08:21,850 [DEBUG] 步骤等待 0.001s
2026-05-08 11:08:21,852 [DEBUG]   [1] close
2026-05-08 11:08:21,852 [INFO] 执行关键字: close()
2026-05-08 11:08:21,852 [INFO] 关闭浏览器
2026-05-08 11:08:22,117 [DEBUG] close 成功
2026-05-08 11:08:22,118 [INFO] [STEP] action=close model=- status=OK source=keyword_result
2026-05-08 11:08:22,118 [DEBUG]   history[5]=True
2026-05-08 11:08:22,118 [INFO] 浏览器已关闭
2026-05-08 11:08:22,119 [INFO] execution_summary.json 已写入: D:\Documents\pythonProject\AICASS\examples\管理中心\登录\result\rodski_20260508_110807\execution_summary.json
2026-05-08 11:08:22,119 [INFO]   PASS (9.695s)
2026-05-08 11:08:22,119 [INFO] 用例 3/3: 驱动已关闭，重新创建浏览器...
2026-05-08 11:08:22,119 [INFO] 驱动已关闭，重新创建驱动...
2026-05-08 11:08:22,720 [INFO] 驱动重新创建成功
2026-05-08 11:08:22,720 [INFO] 新浏览器已启动
2026-05-08 11:08:22,720 [INFO] 执行用例 3/3: LOGIN_003 - 登录后点击退出应清除会话并离开管理中心首页
2026-05-08 11:08:22,721 [DEBUG]   [1] navigate
2026-05-08 11:08:22,721 [DEBUG] 数据解析: 'GlobalValue.Env.admin_url' -> 'https://ec-hwbeta.casstime.com/admin#'
2026-05-08 11:08:22,721 [INFO] 执行关键字: navigate(data=https://ec-hwbeta.casstime.com/admin#)
2026-05-08 11:08:22,721 [INFO] 导航: https://ec-hwbeta.casstime.com/admin#
2026-05-08 11:08:24,377 [DEBUG] 导航成功: https://ec-hwbeta.casstime.com/admin#
2026-05-08 11:08:24,377 [DEBUG] navigate 成功
2026-05-08 11:08:24,377 [INFO] [STEP] action=navigate model=- status=OK source=keyword_result
2026-05-08 11:08:24,377 [DEBUG]   history[0]=True
2026-05-08 11:08:24,555 [DEBUG] 截图成功: D:\Documents\pythonProject\AICASS\examples\管理中心\登录\result\rodski_20260508_110807\screenshots\LOGIN_003_01_用例_20260508_110824.png
2026-05-08 11:08:24,555 [DEBUG] 步骤截图: D:\Documents\pythonProject\AICASS\examples\管理中心\登录\result\rodski_20260508_110807\screenshots\LOGIN_003_01_用例_20260508_110824.png
2026-05-08 11:08:24,555 [DEBUG] 步骤等待 0.001s
2026-05-08 11:08:24,556 [DEBUG]   [2] wait
2026-05-08 11:08:24,556 [INFO] 执行关键字: wait(data=2)
2026-05-08 11:08:24,556 [INFO] 等待: 2秒
2026-05-08 11:08:26,556 [DEBUG] wait 成功
2026-05-08 11:08:26,557 [INFO] [STEP] action=wait model=- status=OK source=keyword_result
2026-05-08 11:08:26,557 [DEBUG]   history[1]=True
2026-05-08 11:08:26,557 [DEBUG]   [3] type
2026-05-08 11:08:26,557 [INFO] 执行关键字: type(model=PassportLogin, data=ValidCredential)
2026-05-08 11:08:26,557 [INFO] 批量输入: 模型=PassportLogin, DataID=ValidCredential
2026-05-08 11:08:26,557 [DEBUG] loginModePassword: click css=span[type='PASSWORD']
2026-05-08 11:08:26,558 [DEBUG] 点击元素: css=span[type='PASSWORD'] -> span[type='PASSWORD']
2026-05-08 11:08:26,649 [DEBUG]   ↳ 定位器 css=span[type='PASSWORD'] 成功 (priority=1)
2026-05-08 11:08:26,650 [DEBUG] username: id=userName <- 'mandy'
2026-05-08 11:08:26,650 [DEBUG] 输入文本: id=userName -> #userName
2026-05-08 11:08:26,684 [DEBUG]   ↳ 定位器 id=userName 成功 (priority=1)
2026-05-08 11:08:26,684 [DEBUG] password: name=password <- '***'
2026-05-08 11:08:26,684 [DEBUG] 输入文本: name=password -> [name="password"]
2026-05-08 11:08:26,721 [DEBUG]   ↳ 定位器 name=password 成功 (priority=1)
2026-05-08 11:08:26,721 [DEBUG] agreement: click css=.bre-login-privacy-modal_entry-checkbox
2026-05-08 11:08:26,721 [DEBUG] 点击元素: css=.bre-login-privacy-modal_entry-checkbox -> .bre-login-privacy-modal_entry-checkbox
2026-05-08 11:08:26,791 [DEBUG]   ↳ 定位器 css=.bre-login-privacy-modal_entry-checkbox 成功 (priority=1)
2026-05-08 11:08:26,791 [DEBUG] submit: click css=input.btn-submit
2026-05-08 11:08:26,792 [DEBUG] 点击元素: css=input.btn-submit -> input.btn-submit
2026-05-08 11:08:26,830 [DEBUG]   ↳ 定位器 css=input.btn-submit 成功 (priority=1)
2026-05-08 11:08:26,830 [DEBUG] type 成功
2026-05-08 11:08:26,830 [INFO] [STEP] action=type model=PassportLogin status=OK source=keyword_result
2026-05-08 11:08:26,830 [DEBUG]   history[2]={'loginModePassword': 'click', 'username': 'mandy', 'password': 'Init@1125!@#$.Password', 'agreement': 'click', 'submit': 'click'}
2026-05-08 11:08:27,045 [DEBUG] 截图成功: D:\Documents\pythonProject\AICASS\examples\管理中心\登录\result\rodski_20260508_110807\screenshots\LOGIN_003_02_用例_20260508_110826.png
2026-05-08 11:08:27,045 [DEBUG] 步骤截图: D:\Documents\pythonProject\AICASS\examples\管理中心\登录\result\rodski_20260508_110807\screenshots\LOGIN_003_02_用例_20260508_110826.png
2026-05-08 11:08:27,045 [DEBUG] 步骤等待 0.001s
2026-05-08 11:08:27,046 [DEBUG]   [4] wait
2026-05-08 11:08:27,046 [INFO] 执行关键字: wait(data=5)
2026-05-08 11:08:27,046 [INFO] 等待: 5秒
2026-05-08 11:08:32,047 [DEBUG] wait 成功
2026-05-08 11:08:32,047 [INFO] [STEP] action=wait model=- status=OK source=keyword_result
2026-05-08 11:08:32,047 [DEBUG]   history[3]=True
2026-05-08 11:08:32,047 [DEBUG]   [5] type
2026-05-08 11:08:32,047 [INFO] 执行关键字: type(model=AdminHome, data=LogoutClick)
2026-05-08 11:08:32,047 [INFO] 批量输入: 模型=AdminHome, DataID=LogoutClick
2026-05-08 11:08:32,048 [DEBUG] logout: click css=a[href='/logout']
2026-05-08 11:08:32,048 [DEBUG] 点击元素: css=a[href='/logout'] -> a[href='/logout']
2026-05-08 11:08:33,632 [DEBUG]   ↳ 定位器 css=a[href='/logout'] 成功 (priority=1)
2026-05-08 11:08:33,632 [DEBUG] type 成功
2026-05-08 11:08:33,632 [INFO] [STEP] action=type model=AdminHome status=OK source=keyword_result
2026-05-08 11:08:33,632 [DEBUG]   history[4]={'logout': 'click'}
2026-05-08 11:08:37,178 [DEBUG] 截图成功: D:\Documents\pythonProject\AICASS\examples\管理中心\登录\result\rodski_20260508_110807\screenshots\LOGIN_003_03_用例_20260508_110833.png
2026-05-08 11:08:37,178 [DEBUG] 步骤截图: D:\Documents\pythonProject\AICASS\examples\管理中心\登录\result\rodski_20260508_110807\screenshots\LOGIN_003_03_用例_20260508_110833.png
2026-05-08 11:08:37,178 [DEBUG] 步骤等待 0.001s
2026-05-08 11:08:37,179 [DEBUG]   [6] wait
2026-05-08 11:08:37,180 [INFO] 执行关键字: wait(data=3)
2026-05-08 11:08:37,180 [INFO] 等待: 3秒
2026-05-08 11:08:40,180 [DEBUG] wait 成功
2026-05-08 11:08:40,181 [INFO] [STEP] action=wait model=- status=OK source=keyword_result
2026-05-08 11:08:40,181 [DEBUG]   history[5]=True
2026-05-08 11:08:40,181 [DEBUG]   [7] evaluate
2026-05-08 11:08:40,182 [INFO] 执行关键字: evaluate(data=(() => { const text = document.body ? document.body.innerText : ''; const hasFrame = !!document.querySelector('#iframeCon'); const hasLoginControl = !!document.querySelector('input[name="username"], input[name="password"], input[type="password"]'); const looksLoggedOut = hasLoginControl || /login|passport|登录|登入|logout/i.test(location.href + ' ' + text); if (!hasFrame || looksLoggedOut) { return 'logout-success'; } throw new Error('退出后仍停留在管理中心已登录首页，currentUrl=' + location.href); })())
2026-05-08 11:08:40,182 [INFO] 执行 JS: (() => { const text = document.body ? document.body.innerText : ''; const hasFrame = !!document.querySelector('#iframeCon'); const hasLoginControl = !!document.querySelector('input[name="username"], i
2026-05-08 11:08:40,192 [INFO] JS 结果: logout-success
2026-05-08 11:08:40,192 [DEBUG] evaluate 成功
2026-05-08 11:08:40,192 [INFO] [STEP] action=evaluate model=- status=OK source=evaluate
2026-05-08 11:08:40,192 [DEBUG]   history[6]='logout-success'
2026-05-08 11:08:40,364 [DEBUG] 截图成功: D:\Documents\pythonProject\AICASS\examples\管理中心\登录\result\rodski_20260508_110807\screenshots\LOGIN_003_04_用例_20260508_110840.png
2026-05-08 11:08:40,365 [DEBUG] 步骤截图: D:\Documents\pythonProject\AICASS\examples\管理中心\登录\result\rodski_20260508_110807\screenshots\LOGIN_003_04_用例_20260508_110840.png
2026-05-08 11:08:40,365 [DEBUG] 步骤等待 0.001s
2026-05-08 11:08:40,366 [DEBUG]   [1] close
2026-05-08 11:08:40,366 [INFO] 执行关键字: close()
2026-05-08 11:08:40,367 [INFO] 关闭浏览器
2026-05-08 11:08:40,571 [DEBUG] close 成功
2026-05-08 11:08:40,571 [INFO] [STEP] action=close model=- status=OK source=keyword_result
2026-05-08 11:08:40,571 [DEBUG]   history[7]=True
2026-05-08 11:08:40,571 [INFO] 浏览器已关闭
2026-05-08 11:08:40,572 [INFO] execution_summary.json 已写入: D:\Documents\pythonProject\AICASS\examples\管理中心\登录\result\rodski_20260508_110807\execution_summary.json
2026-05-08 11:08:40,572 [INFO]   PASS (17.851s)
2026-05-08 11:08:40,583 [INFO] 结果已写入 rodski_20260508_110807/result.xml: 总计 3 条, 通过 3 条, 失败 0 条, 通过率 100.0%
