2026-05-11 15:22:54,018 [INFO] 执行用例 1/1: garage_publish_inquiry - 维修厂发布询价
2026-05-11 15:22:54,683 [INFO] Playwright 原生录制已启动: D:\Documents\pythonProject\AICASS\examples\电商\维修厂\发布询价\result\rodski_20260511_152254\recordings\garage_publish_inquiry_20260511_152254_01.webm (分辨率: {'width': 1920, 'height': 1080})
2026-05-11 15:22:54,683 [DEBUG]   [1] navigate
2026-05-11 15:22:54,684 [DEBUG] 数据解析: 'GlobalValue.DefaultValue.ECAgentBuyURL' -> 'https://ec-hwbeta.casstime.com/agentBuy/'
2026-05-11 15:22:54,684 [INFO] 执行关键字: navigate(data=https://ec-hwbeta.casstime.com/agentBuy/)
2026-05-11 15:22:54,684 [INFO] 导航: https://ec-hwbeta.casstime.com/agentBuy/
2026-05-11 15:22:58,424 [DEBUG] 导航成功: https://ec-hwbeta.casstime.com/agentBuy/
2026-05-11 15:22:58,424 [DEBUG] navigate 成功
2026-05-11 15:22:58,424 [INFO] [STEP] action=navigate model=- status=OK source=keyword_result
2026-05-11 15:22:58,424 [DEBUG]   history[0]=True
2026-05-11 15:22:58,535 [DEBUG] 截图成功: D:\Documents\pythonProject\AICASS\examples\电商\维修厂\发布询价\result\rodski_20260511_152254\screenshots\garage_publish_inquiry_01_预处理_20260511_152258.png
2026-05-11 15:22:58,535 [DEBUG] 步骤截图: D:\Documents\pythonProject\AICASS\examples\电商\维修厂\发布询价\result\rodski_20260511_152254\screenshots\garage_publish_inquiry_01_预处理_20260511_152258.png
2026-05-11 15:22:58,535 [DEBUG] 步骤等待 0.3s
2026-05-11 15:22:58,836 [DEBUG]   [2] type
2026-05-11 15:22:58,836 [INFO] 执行关键字: type(model=ECAgentBuyLoginPage, data=ec_agent_buy_login)
2026-05-11 15:22:58,836 [INFO] 批量输入: 模型=ECAgentBuyLoginPage, DataID=ec_agent_buy_login
2026-05-11 15:22:58,836 [DEBUG] accountTab: click css=span[type=PASSWORD]
2026-05-11 15:22:58,836 [DEBUG] 点击元素: css=span[type=PASSWORD] -> span[type=PASSWORD]
2026-05-11 15:22:58,918 [DEBUG]   ↳ 定位器 css=span[type=PASSWORD] 成功 (priority=1)
2026-05-11 15:22:58,918 [DEBUG] username: css=#userName <- '13119909586'
2026-05-11 15:22:58,918 [DEBUG] 输入文本: css=#userName -> #userName
2026-05-11 15:22:58,955 [DEBUG]   ↳ 定位器 css=#userName 成功 (priority=1)
2026-05-11 15:22:58,956 [DEBUG] password: css=#password <- '123456Aa'
2026-05-11 15:22:58,956 [DEBUG] 输入文本: css=#password -> #password
2026-05-11 15:22:58,989 [DEBUG]   ↳ 定位器 css=#password 成功 (priority=1)
2026-05-11 15:22:58,989 [DEBUG] agreeCheckbox: click css=label.br-checkbox .br-checkbox__title
2026-05-11 15:22:58,989 [DEBUG] 点击元素: css=label.br-checkbox .br-checkbox__title -> label.br-checkbox .br-checkbox__title
2026-05-11 15:22:59,064 [DEBUG]   ↳ 定位器 css=label.br-checkbox .br-checkbox__title 成功 (priority=1)
2026-05-11 15:22:59,064 [DEBUG] loginBtn: click css=.btn-submit
2026-05-11 15:22:59,064 [DEBUG] 点击元素: css=.btn-submit -> .btn-submit
2026-05-11 15:22:59,135 [DEBUG]   ↳ 定位器 css=.btn-submit 成功 (priority=1)
2026-05-11 15:22:59,135 [DEBUG] type 成功
2026-05-11 15:22:59,135 [INFO] [STEP] action=type model=ECAgentBuyLoginPage status=OK source=keyword_result
2026-05-11 15:22:59,135 [DEBUG]   history[1]={'accountTab': 'click', 'username': '13119909586', 'password': '123456Aa', 'agreeCheckbox': 'click', 'loginBtn': 'click'}
2026-05-11 15:22:59,333 [DEBUG] 截图成功: D:\Documents\pythonProject\AICASS\examples\电商\维修厂\发布询价\result\rodski_20260511_152254\screenshots\garage_publish_inquiry_02_预处理_20260511_152259.png
2026-05-11 15:22:59,333 [DEBUG] 步骤截图: D:\Documents\pythonProject\AICASS\examples\电商\维修厂\发布询价\result\rodski_20260511_152254\screenshots\garage_publish_inquiry_02_预处理_20260511_152259.png
2026-05-11 15:22:59,333 [DEBUG] 步骤等待 0.3s
2026-05-11 15:22:59,634 [DEBUG]   [3] wait
2026-05-11 15:22:59,634 [INFO] 执行关键字: wait(data=1)
2026-05-11 15:22:59,634 [INFO] 等待: 1秒
2026-05-11 15:23:00,635 [DEBUG] wait 成功
2026-05-11 15:23:00,635 [INFO] [STEP] action=wait model=- status=OK source=keyword_result
2026-05-11 15:23:00,635 [DEBUG]   history[2]=True
2026-05-11 15:23:00,635 [DEBUG]   [4] verify
2026-05-11 15:23:00,635 [INFO] 执行关键字: verify(model=LoginSuccessCheck, data=login_success)
2026-05-11 15:23:00,635 [INFO] 批量验证: 模型=LoginSuccessCheck, 期望数据=login_success
2026-05-11 15:23:03,308 [DEBUG] publishInquiryTab: 实际='发布询价', 期望='发布询价' → OK
2026-05-11 15:23:03,308 [INFO] 批量验证通过: 1 个字段全部匹配
2026-05-11 15:23:03,309 [DEBUG] verify 成功
2026-05-11 15:23:03,309 [INFO] [STEP] action=verify model=LoginSuccessCheck status=OK source=keyword_result
2026-05-11 15:23:03,309 [DEBUG]   history[3]={'publishInquiryTab': '发布询价', '_verify_passed': True, 'passed': True}
2026-05-11 15:23:03,687 [DEBUG] 截图成功: D:\Documents\pythonProject\AICASS\examples\电商\维修厂\发布询价\result\rodski_20260511_152254\screenshots\garage_publish_inquiry_03_预处理_20260511_152303.png
2026-05-11 15:23:03,687 [DEBUG] 步骤截图: D:\Documents\pythonProject\AICASS\examples\电商\维修厂\发布询价\result\rodski_20260511_152254\screenshots\garage_publish_inquiry_03_预处理_20260511_152303.png
2026-05-11 15:23:03,687 [DEBUG] 步骤等待 0.3s
2026-05-11 15:23:03,988 [INFO]   [1] scenario GARAGE_PUBLISH_001_ASSERT_READY - 确认维修厂发布询价页面可用 (group=garage_publish, tag=['inquiry', 'publish', 'p0', 'smoke', 'assert'])
2026-05-11 15:23:03,988 [DEBUG]   [1] verify
2026-05-11 15:23:03,988 [INFO] 执行关键字: verify(model=InquiryPageCheck, data=inquiry_page_ready)
2026-05-11 15:23:03,988 [INFO] 批量验证: 模型=InquiryPageCheck, 期望数据=inquiry_page_ready
2026-05-11 15:23:03,996 [DEBUG] publishInquiryTab: 实际='发布询价', 期望='发布询价' → OK
2026-05-11 15:23:03,996 [INFO] 批量验证通过: 1 个字段全部匹配
2026-05-11 15:23:03,996 [DEBUG] verify 成功
2026-05-11 15:23:03,996 [INFO] [STEP] action=verify model=InquiryPageCheck status=OK source=keyword_result
2026-05-11 15:23:03,996 [DEBUG]   history[4]={'publishInquiryTab': '发布询价', '_verify_passed': True, 'passed': True}
2026-05-11 15:23:04,084 [DEBUG] 截图成功: D:\Documents\pythonProject\AICASS\examples\电商\维修厂\发布询价\result\rodski_20260511_152254\screenshots\garage_publish_inquiry_GARAGE_PUBLISH_001_ASSERT_READY_确认维修厂发布询价页面可用\04_20260511_152303.png
2026-05-11 15:23:04,085 [DEBUG] 步骤截图: D:\Documents\pythonProject\AICASS\examples\电商\维修厂\发布询价\result\rodski_20260511_152254\screenshots\garage_publish_inquiry_GARAGE_PUBLISH_001_ASSERT_READY_确认维修厂发布询价页面可用\04_20260511_152303.png
2026-05-11 15:23:04,085 [DEBUG] 步骤等待 0.3s
2026-05-11 15:23:04,385 [INFO]   [2] scenario GARAGE_PUBLISH_001_INPUT_INQUIRY - 录入 VIN 和两个配件名称 (group=garage_publish, tag=['inquiry', 'publish', 'p0', 'smoke', 'input'])
2026-05-11 15:23:04,385 [DEBUG]   [2] type
2026-05-11 15:23:04,385 [INFO] 执行关键字: type(model=InquiryVinForm, data=input_target_vin)
2026-05-11 15:23:04,385 [INFO] 批量输入: 模型=InquiryVinForm, DataID=input_target_vin
2026-05-11 15:23:04,385 [DEBUG] vinInput: xpath=//input[contains(translate(@placeholder,'vin','VIN'),'VIN')] <- 'LBVFR790XBSD31722'
2026-05-11 15:23:04,385 [DEBUG] 输入文本: xpath=//input[contains(translate(@placeholder,'vin','VIN'),'VIN')] -> //input[contains(translate(@placeholder,'vin','VIN'),'VIN')]
2026-05-11 15:23:04,418 [DEBUG]   ↳ 定位器 xpath=//input[contains(translate(@placeholder,'vin','VIN'),'VIN')] 成功 (priority=1)
2026-05-11 15:23:04,418 [DEBUG] vinInputSubmit: 按键 'Enter'
2026-05-11 15:23:04,452 [DEBUG]   ↳ 定位器 xpath=//input[contains(translate(@placeholder,'vin','VIN'),'VIN')] 成功 (priority=1)
2026-05-11 15:23:04,452 [DEBUG] type 成功
2026-05-11 15:23:04,453 [INFO] [STEP] action=type model=InquiryVinForm status=OK source=keyword_result
2026-05-11 15:23:04,453 [DEBUG]   history[5]={'vinInput': 'LBVFR790XBSD31722', 'vinInputSubmit': 'key_press【Enter】'}
2026-05-11 15:23:04,550 [DEBUG] 截图成功: D:\Documents\pythonProject\AICASS\examples\电商\维修厂\发布询价\result\rodski_20260511_152254\screenshots\garage_publish_inquiry_GARAGE_PUBLISH_001_INPUT_INQUIRY_录入_VIN_和两个配件名称\05_20260511_152304.png
2026-05-11 15:23:04,550 [DEBUG] 步骤截图: D:\Documents\pythonProject\AICASS\examples\电商\维修厂\发布询价\result\rodski_20260511_152254\screenshots\garage_publish_inquiry_GARAGE_PUBLISH_001_INPUT_INQUIRY_录入_VIN_和两个配件名称\05_20260511_152304.png
2026-05-11 15:23:04,550 [DEBUG] 步骤等待 0.3s
2026-05-11 15:23:04,850 [DEBUG]   [2] evaluate
2026-05-11 15:23:04,850 [INFO] 执行关键字: evaluate(data=(async()=>{const sleep=ms=>new Promise(r=>setTimeout(r,ms));const norm=s=>(s||'').replace(/\s+/g,'').trim();const visible=el=>!!el&&el.isConnected&&!!(el.offsetWidth||el.offsetHeight||el.getClientRects().length);const bodyText=()=>document.body&&document.body.innerText?document.body.innerText:'';const hasDuplicateText=()=>{const t=bodyText();return (t.includes('当前VIN码')&&t.includes('已在询价中'))||(t.includes('已在询价中')&&t.includes('追加询价需求'));};const findNewBtn=()=>{const nodes=[...document.querySelectorAll('.br-modal button,.br-modal a,[role=dialog] button,[role=dialog] a,button,a')].filter(visible);return nodes.find(el=>norm(el.textContent)==='不追加，发布新询价单')||nodes.find(el=>norm(el.textContent)==='不追加，发布新的询价单')||nodes.find(el=>norm(el.textContent).includes('不追加，发布新询价单'))||nodes.find(el=>norm(el.textContent).includes('不追加，发布新的询价单'));};for(let i=0;i<20;i++){if(hasDuplicateText()){const btn=findNewBtn();if(btn){btn.scrollIntoView({block:'center'});btn.click();await sleep(500);return 'duplicate_vin_new_inquiry_clicked';}}if(document.querySelector('table textarea, table input:not([disabled])'))return 'no_duplicate_vin_modal';await sleep(250);}return 'duplicate_vin_modal_not_present';})())
2026-05-11 15:23:04,851 [INFO] 执行 JS: (async()=>{const sleep=ms=>new Promise(r=>setTimeout(r,ms));const norm=s=>(s||'').replace(/\s+/g,'').trim();const visible=el=>!!el&&el.isConnected&&!!(el.offsetWidth||el.offsetHeight||el.getClientRect
2026-05-11 15:23:04,860 [INFO] JS 结果: no_duplicate_vin_modal
2026-05-11 15:23:04,860 [DEBUG] evaluate 成功
2026-05-11 15:23:04,860 [INFO] [STEP] action=evaluate model=- status=OK source=evaluate
2026-05-11 15:23:04,860 [DEBUG]   history[6]='no_duplicate_vin_modal'
2026-05-11 15:23:04,937 [DEBUG] 截图成功: D:\Documents\pythonProject\AICASS\examples\电商\维修厂\发布询价\result\rodski_20260511_152254\screenshots\garage_publish_inquiry_GARAGE_PUBLISH_001_INPUT_INQUIRY_录入_VIN_和两个配件名称\06_20260511_152304.png
2026-05-11 15:23:04,937 [DEBUG] 步骤截图: D:\Documents\pythonProject\AICASS\examples\电商\维修厂\发布询价\result\rodski_20260511_152254\screenshots\garage_publish_inquiry_GARAGE_PUBLISH_001_INPUT_INQUIRY_录入_VIN_和两个配件名称\06_20260511_152304.png
2026-05-11 15:23:04,937 [DEBUG] 步骤等待 0.3s
2026-05-11 15:23:05,238 [DEBUG]   [2] type
2026-05-11 15:23:05,238 [INFO] 执行关键字: type(model=InquiryPartForm, data=input_first_part_name)
2026-05-11 15:23:05,238 [INFO] 批量输入: 模型=InquiryPartForm, DataID=input_first_part_name
2026-05-11 15:23:05,238 [DEBUG] partNameInputFirst: xpath=//table//tbody/tr[1]/td[2]//*[self::textarea or self::input][not(@disabled)] <- '火花塞'
2026-05-11 15:23:05,239 [DEBUG] 输入文本: xpath=//table//tbody/tr[1]/td[2]//*[self::textarea or self::input][not(@disabled)] -> //table//tbody/tr[1]/td[2]//*[self::textarea or self::input][not(@disabled)]
2026-05-11 15:23:05,276 [DEBUG]   ↳ 定位器 xpath=//table//tbody/tr[1]/td[2]//*[self::textarea or self::input][not(@disabled)] 成功 (priority=1)
2026-05-11 15:23:05,276 [DEBUG] partNameInputFirstSubmit: 按键 'Enter'
2026-05-11 15:23:05,296 [DEBUG]   ↳ 定位器 xpath=//table//tbody/tr[1]/td[2]//*[self::textarea or self::input][not(@disabled)] 成功 (priority=1)
2026-05-11 15:23:05,297 [DEBUG] partNameInputSecond: xpath=//table//tbody/tr[2]/td[2]//*[self::textarea or self::input][not(@disabled)] <- '机油格'
2026-05-11 15:23:05,297 [DEBUG] 输入文本: xpath=//table//tbody/tr[2]/td[2]//*[self::textarea or self::input][not(@disabled)] -> //table//tbody/tr[2]/td[2]//*[self::textarea or self::input][not(@disabled)]
2026-05-11 15:23:05,334 [DEBUG]   ↳ 定位器 xpath=//table//tbody/tr[2]/td[2]//*[self::textarea or self::input][not(@disabled)] 成功 (priority=1)
2026-05-11 15:23:05,334 [DEBUG] partNameInputSecondSubmit: 按键 'Enter'
2026-05-11 15:23:05,354 [DEBUG]   ↳ 定位器 xpath=//table//tbody/tr[2]/td[2]//*[self::textarea or self::input][not(@disabled)] 成功 (priority=1)
2026-05-11 15:23:05,355 [DEBUG] type 成功
2026-05-11 15:23:05,355 [INFO] [STEP] action=type model=InquiryPartForm status=OK source=keyword_result
2026-05-11 15:23:05,355 [DEBUG]   history[7]={'partNameInputFirst': '火花塞', 'partNameInputFirstSubmit': 'key_press【Enter】', 'partNameInputSecond': '机油格', 'partNameInputSecondSubmit': 'key_press【Enter】'}
2026-05-11 15:23:05,487 [DEBUG] 截图成功: D:\Documents\pythonProject\AICASS\examples\电商\维修厂\发布询价\result\rodski_20260511_152254\screenshots\garage_publish_inquiry_GARAGE_PUBLISH_001_INPUT_INQUIRY_录入_VIN_和两个配件名称\07_20260511_152305.png
2026-05-11 15:23:05,487 [DEBUG] 步骤截图: D:\Documents\pythonProject\AICASS\examples\电商\维修厂\发布询价\result\rodski_20260511_152254\screenshots\garage_publish_inquiry_GARAGE_PUBLISH_001_INPUT_INQUIRY_录入_VIN_和两个配件名称\07_20260511_152305.png
2026-05-11 15:23:05,487 [DEBUG] 步骤等待 0.3s
2026-05-11 15:23:05,788 [INFO]   [3] scenario GARAGE_PUBLISH_001_SUBMIT - 提交发布询价 (group=garage_publish, tag=['inquiry', 'publish', 'p0', 'smoke', 'submit'])
2026-05-11 15:23:05,788 [DEBUG]   [3] evaluate
2026-05-11 15:23:05,788 [INFO] 执行关键字: evaluate(data=(async()=>{const sleep=ms=>new Promise(r=>setTimeout(r,ms));const visible=el=>!!el&&el.isConnected&&!!(el.offsetWidth||el.offsetHeight||el.getClientRects().length);const enabled=el=>visible(el)&&!el.disabled&&!String(el.className||'').includes('disabled');for(let i=0;i<80;i++){const btn=document.querySelector('.save-inquiry,input.save-inquiry')||[...document.querySelectorAll('button,input,span')].find(el=>visible(el)&&(el.value==='发布询价'||String(el.textContent||'').trim()==='发布询价'));if(enabled(btn))return 'publish_button_ready';await sleep(250);}throw new Error('发布询价按钮未就绪，页面文本='+(document.body.innerText||'').slice(0,300));})())
2026-05-11 15:23:05,789 [INFO] 执行 JS: (async()=>{const sleep=ms=>new Promise(r=>setTimeout(r,ms));const visible=el=>!!el&&el.isConnected&&!!(el.offsetWidth||el.offsetHeight||el.getClientRects().length);const enabled=el=>visible(el)&&!el.d
2026-05-11 15:23:05,798 [INFO] JS 结果: publish_button_ready
2026-05-11 15:23:05,798 [DEBUG] evaluate 成功
2026-05-11 15:23:05,798 [INFO] [STEP] action=evaluate model=- status=OK source=evaluate
2026-05-11 15:23:05,798 [DEBUG]   history[8]='publish_button_ready'
2026-05-11 15:23:05,888 [DEBUG] 截图成功: D:\Documents\pythonProject\AICASS\examples\电商\维修厂\发布询价\result\rodski_20260511_152254\screenshots\garage_publish_inquiry_GARAGE_PUBLISH_001_SUBMIT_提交发布询价\08_20260511_152305.png
2026-05-11 15:23:05,888 [DEBUG] 步骤截图: D:\Documents\pythonProject\AICASS\examples\电商\维修厂\发布询价\result\rodski_20260511_152254\screenshots\garage_publish_inquiry_GARAGE_PUBLISH_001_SUBMIT_提交发布询价\08_20260511_152305.png
2026-05-11 15:23:05,889 [DEBUG] 步骤等待 0.3s
2026-05-11 15:23:06,189 [DEBUG]   [3] type
2026-05-11 15:23:06,189 [INFO] 执行关键字: type(model=InquiryPublishAction, data=publish_inquiry)
2026-05-11 15:23:06,189 [INFO] 批量输入: 模型=InquiryPublishAction, DataID=publish_inquiry
2026-05-11 15:23:06,189 [DEBUG] publishInquiryBtn: click css=.save-inquiry
2026-05-11 15:23:06,189 [DEBUG] 点击元素: css=.save-inquiry -> .save-inquiry
2026-05-11 15:23:11,231 [DEBUG] 尝试滚动到元素位置...
2026-05-11 15:23:14,284 [DEBUG] 尝试强制点击...
2026-05-11 15:23:14,349 [DEBUG]   ↳ 定位器 css=.save-inquiry 成功 (priority=1)
2026-05-11 15:23:14,350 [DEBUG] type 成功
2026-05-11 15:23:14,350 [INFO] [STEP] action=type model=InquiryPublishAction status=OK source=keyword_result
2026-05-11 15:23:14,350 [DEBUG]   history[9]={'publishInquiryBtn': 'click'}
2026-05-11 15:23:14,453 [DEBUG] 截图成功: D:\Documents\pythonProject\AICASS\examples\电商\维修厂\发布询价\result\rodski_20260511_152254\screenshots\garage_publish_inquiry_GARAGE_PUBLISH_001_SUBMIT_提交发布询价\09_20260511_152314.png
2026-05-11 15:23:14,453 [DEBUG] 步骤截图: D:\Documents\pythonProject\AICASS\examples\电商\维修厂\发布询价\result\rodski_20260511_152254\screenshots\garage_publish_inquiry_GARAGE_PUBLISH_001_SUBMIT_提交发布询价\09_20260511_152314.png
2026-05-11 15:23:14,453 [DEBUG] 步骤等待 0.3s
2026-05-11 15:23:14,754 [DEBUG]   [3] wait
2026-05-11 15:23:14,754 [INFO] 执行关键字: wait(data=1)
2026-05-11 15:23:14,754 [INFO] 等待: 1秒
2026-05-11 15:23:15,754 [DEBUG] wait 成功
2026-05-11 15:23:15,754 [INFO] [STEP] action=wait model=- status=OK source=keyword_result
2026-05-11 15:23:15,754 [DEBUG]   history[10]=True
2026-05-11 15:23:15,755 [DEBUG]   [3] evaluate
2026-05-11 15:23:15,755 [INFO] 执行关键字: evaluate(data=(()=>{const norm=s=>(s||'').replace(/\s+/g,'').trim();const visible=el=>!!el&&el.isConnected&&!!(el.offsetWidth||el.offsetHeight||el.getClientRects().length);const text=document.body&&document.body.innerText?document.body.innerText:'';const hasDuplicateText=(text.includes('当前VIN码')&&text.includes('已在询价中'))||(text.includes('已在询价中')&&text.includes('追加询价需求'));if(!hasDuplicateText)return 'duplicate_vin_modal_not_present';const nodes=[...document.querySelectorAll('.br-modal button,.br-modal a,[role=dialog] button,[role=dialog] a,button,a')].filter(visible);const btn=nodes.find(el=>norm(el.textContent)==='不追加，发布新询价单')||nodes.find(el=>norm(el.textContent)==='不追加，发布新的询价单')||nodes.find(el=>norm(el.textContent).includes('不追加，发布新询价单'))||nodes.find(el=>norm(el.textContent).includes('不追加，发布新的询价单'));if(btn){btn.scrollIntoView({block:'center'});btn.click();return 'new_inquiry_choice_clicked';}throw new Error('出现当前VIN码已在询价中提示，但未找到“不追加，发布新询价单”按钮，页面文本='+text.slice(0,400));})())
2026-05-11 15:23:15,755 [INFO] 执行 JS: (()=>{const norm=s=>(s||'').replace(/\s+/g,'').trim();const visible=el=>!!el&&el.isConnected&&!!(el.offsetWidth||el.offsetHeight||el.getClientRects().length);const text=document.body&&document.body.in
2026-05-11 15:23:15,779 [INFO] JS 结果: new_inquiry_choice_clicked
2026-05-11 15:23:15,779 [DEBUG] evaluate 成功
2026-05-11 15:23:15,779 [INFO] [STEP] action=evaluate model=- status=OK source=evaluate
2026-05-11 15:23:15,779 [DEBUG]   history[11]='new_inquiry_choice_clicked'
2026-05-11 15:23:15,860 [DEBUG] 截图成功: D:\Documents\pythonProject\AICASS\examples\电商\维修厂\发布询价\result\rodski_20260511_152254\screenshots\garage_publish_inquiry_GARAGE_PUBLISH_001_SUBMIT_提交发布询价\10_20260511_152315.png
2026-05-11 15:23:15,860 [DEBUG] 步骤截图: D:\Documents\pythonProject\AICASS\examples\电商\维修厂\发布询价\result\rodski_20260511_152254\screenshots\garage_publish_inquiry_GARAGE_PUBLISH_001_SUBMIT_提交发布询价\10_20260511_152315.png
2026-05-11 15:23:15,860 [DEBUG] 步骤等待 0.3s
2026-05-11 15:23:16,161 [DEBUG]   [3] wait
2026-05-11 15:23:16,161 [INFO] 执行关键字: wait(data=5)
2026-05-11 15:23:16,161 [INFO] 等待: 5秒
2026-05-11 15:23:21,161 [DEBUG] wait 成功
2026-05-11 15:23:21,161 [INFO] [STEP] action=wait model=- status=OK source=keyword_result
2026-05-11 15:23:21,161 [DEBUG]   history[12]=True
2026-05-11 15:23:21,162 [INFO]   [4] scenario GARAGE_PUBLISH_001_ASSERT_SUCCESS - 校验发布成功并记录询价单号 (group=garage_publish, tag=['inquiry', 'publish', 'p0', 'smoke', 'assert'])
2026-05-11 15:23:21,162 [DEBUG]   [4] evaluate
2026-05-11 15:23:21,162 [INFO] 执行关键字: evaluate(data=(async()=>{const sleep=ms=>new Promise(r=>setTimeout(r,ms));const ready=()=>{const text=document.body.innerText||'';return text.includes('询价单：')&&text.includes('LBVFR790XBSD31722')&&text.includes('火花塞')&&text.includes('机油格');};for(let i=0;i<80;i++){if(ready())return 'publish_detail_ready';await sleep(500);}throw new Error('发布成功详情页未就绪，currentUrl='+location.href+'，页面文本='+(document.body.innerText||'').slice(0,500));})())
2026-05-11 15:23:21,162 [INFO] 执行 JS: (async()=>{const sleep=ms=>new Promise(r=>setTimeout(r,ms));const ready=()=>{const text=document.body.innerText||'';return text.includes('询价单：')&&text.includes('LBVFR790XBSD31722')&&text.includes('火花塞
2026-05-11 15:24:01,614 [ERROR] ❌ 驱动操作失败: [SKI302] JavaScript 执行失败: Page.evaluate: Error: 发布成功详情页未就绪，currentUrl=https://ec-hwbeta.casstime.com/agentBuy/，页面文本=开思商城
服务热线：400-168-6600
深圳市大德之星汽车服务有限公司1
李璐
待审批 0 单
购物车2
会员中心
售后记录
财务中心
商城
发布询价
查看报价
订单跟踪
电子目录
数据统计
1号车间
签约有礼
车辆信息
草稿箱（0）
备货询价
无VIN码，您可以
查看支持品牌
 VIN 码： 
宝马 535Li 2011 3.0T 手自一体
录入配件信息
按品类选择
按常用件选择
您还可以 自助查找配件
 清空配件信息
序号	配件信息	数量	备注	配件实物图片	
原厂零件号
标准名称
4S店参考价(¥)
配件图



拖拽工单图片到这里，或点击上传

支持手写、打印工单图片识别，每次上传1张，大小不超过15M


1	
		
	
12 12 0 037 582
火花塞
198.00

2	
		
	
11 42 7 953 129
机油格
191.00

3	
		
	
4	
		
	
其他要求
是否需要发票：
 不需要发票
 需要发票
是否需要替换件：
 不需要替换件
 需要替换件
期望配件品质：
原厂
品牌
原厂再制造
拆车件
其他
期望的商家  ： 
平台推荐
 
自行指
    at eval (eval at evaluate (:234:30), <anonymous>:1:315)
    at async <anonymous>:260:30
2026-05-11 15:24:01,615 [ERROR] ❌ 重试 1 次后仍失败: [SKI302] JavaScript 执行失败: Page.evaluate: Error: 发布成功详情页未就绪，currentUrl=https://ec-hwbeta.casstime.com/agentBuy/，页面文本=开思商城
服务热线：400-168-6600
深圳市大德之星汽车服务有限公司1
李璐
待审批 0 单
购物车2
会员中心
售后记录
财务中心
商城
发布询价
查看报价
订单跟踪
电子目录
数据统计
1号车间
签约有礼
车辆信息
草稿箱（0）
备货询价
无VIN码，您可以
查看支持品牌
 VIN 码： 
宝马 535Li 2011 3.0T 手自一体
录入配件信息
按品类选择
按常用件选择
您还可以 自助查找配件
 清空配件信息
序号	配件信息	数量	备注	配件实物图片	
原厂零件号
标准名称
4S店参考价(¥)
配件图



拖拽工单图片到这里，或点击上传

支持手写、打印工单图片识别，每次上传1张，大小不超过15M


1	
		
	
12 12 0 037 582
火花塞
198.00

2	
		
	
11 42 7 953 129
机油格
191.00

3	
		
	
4	
		
	
其他要求
是否需要发票：
 不需要发票
 需要发票
是否需要替换件：
 不需要替换件
 需要替换件
期望配件品质：
原厂
品牌
原厂再制造
拆车件
其他
期望的商家  ： 
平台推荐
 
自行指
    at eval (eval at evaluate (:234:30), <anonymous>:1:315)
    at async <anonymous>:260:30
2026-05-11 15:24:01,615 [ERROR] 用例阶段失败: [SKI313] 关键字 'evaluate' 重试 1 次后仍失败: [SKI302] JavaScript 执行失败: Page.evaluate: Error: 发布成功详情页未就绪，currentUrl=https://ec-hwbeta.casstime.com/agentBuy/，页面文本=开思商城
服务热线：400-168-6600
深圳市大德之星汽车服务有限公司1
李璐
待审批 0 单
购物车2
会员中心
售后记录
财务中心
商城
发布询价
查看报价
订单跟踪
电子目录
数据统计
1号车间
签约有礼
车辆信息
草稿箱（0）
备货询价
无VIN码，您可以
查看支持品牌
 VIN 码： 
宝马 535Li 2011 3.0T 手自一体
录入配件信息
按品类选择
按常用件选择
您还可以 自助查找配件
 清空配件信息
序号	配件信息	数量	备注	配件实物图片	
原厂零件号
标准名称
4S店参考价(¥)
配件图



拖拽工单图片到这里，或点击上传

支持手写、打印工单图片识别，每次上传1张，大小不超过15M


1	
		
	
12 12 0 037 582
火花塞
198.00

2	
		
	
11 42 7 953 129
机油格
191.00

3	
		
	
4	
		
	
其他要求
是否需要发票：
 不需要发票
 需要发票
是否需要替换件：
 不需要替换件
 需要替换件
期望配件品质：
原厂
品牌
原厂再制造
拆车件
其他
期望的商家  ： 
平台推荐
 
自行指
    at eval (eval at evaluate (:234:30), <anonymous>:1:315)
    at async <anonymous>:260:30
  keyword: evaluate
2026-05-11 15:24:01,681 [DEBUG] 截图成功: D:\Documents\pythonProject\AICASS\examples\电商\维修厂\发布询价\result\rodski_20260511_152254\screenshots\garage_publish_inquiry_20260511_152401_failure.png
2026-05-11 15:24:01,681 [INFO] 失败截图已保存: D:\Documents\pythonProject\AICASS\examples\电商\维修厂\发布询价\result\rodski_20260511_152254\screenshots\garage_publish_inquiry_20260511_152401_failure.png
2026-05-11 15:24:01,681 [DEBUG]   [1] close
2026-05-11 15:24:01,681 [INFO] 执行关键字: close()
2026-05-11 15:24:01,681 [INFO] 关闭浏览器
2026-05-11 15:24:01,879 [INFO] Playwright 原生录制已保存: D:\Documents\pythonProject\AICASS\examples\电商\维修厂\发布询价\result\rodski_20260511_152254\recordings\garage_publish_inquiry_20260511_152254_01.webm
2026-05-11 15:24:01,950 [DEBUG] close 成功
2026-05-11 15:24:01,950 [INFO] [STEP] action=close model=- status=OK source=keyword_result
2026-05-11 15:24:01,950 [DEBUG]   history[13]=True
2026-05-11 15:24:01,951 [INFO] 浏览器已关闭
2026-05-11 15:24:01,952 [INFO] execution_summary.json 已写入: D:\Documents\pythonProject\AICASS\examples\电商\维修厂\发布询价\result\rodski_20260511_152254\execution_summary.json
2026-05-11 15:24:01,952 [INFO]   FAIL (67.934s)
2026-05-11 15:24:01,952 [ERROR]   错误: [SKI313] 关键字 'evaluate' 重试 1 次后仍失败: [SKI302] JavaScript 执行失败: Page.evaluate: Error: 发布成功详情页未就绪，currentUrl=https://ec-hwbeta.casstime.com/agentBuy/，页面文本=开思商城
服务热线：400-168-6600
深圳市大德之星汽车服务有限公司1
李璐
待审批 0 单
购物车2
会员中心
售后记录
财务中心
商城
发布询价
查看报价
订单跟踪
电子目录
数据统计
1号车间
签约有礼
车辆信息
草稿箱（0）
备货询价
无VIN码，您可以
查看支持品牌
 VIN 码： 
宝马 535Li 2011 3.0T 手自一体
录入配件信息
按品类选择
按常用件选择
您还可以 自助查找配件
 清空配件信息
序号	配件信息	数量	备注	配件实物图片	
原厂零件号
标准名称
4S店参考价(¥)
配件图



拖拽工单图片到这里，或点击上传

支持手写、打印工单图片识别，每次上传1张，大小不超过15M


1	
		
	
12 12 0 037 582
火花塞
198.00

2	
		
	
11 42 7 953 129
机油格
191.00

3	
		
	
4	
		
	
其他要求
是否需要发票：
 不需要发票
 需要发票
是否需要替换件：
 不需要替换件
 需要替换件
期望配件品质：
原厂
品牌
原厂再制造
拆车件
其他
期望的商家  ： 
平台推荐
 
自行指
    at eval (eval at evaluate (:234:30), <anonymous>:1:315)
    at async <anonymous>:260:30
  keyword: evaluate
2026-05-11 15:24:01,973 [INFO] 结果已写入 rodski_20260511_152254/result.xml: 总计 1 条, 通过 0 条, 失败 1 条, 通过率 0.0%
