2026-05-08 10:41:57,508 [INFO] 执行用例 1/3: LOGIN_001 - 未登录直接访问管理中心首页应被认证拦截
2026-05-08 10:41:57,509 [DEBUG]   [1] navigate
2026-05-08 10:41:57,509 [DEBUG] 数据解析: 'GlobalValue.Env.admin_url' -> 'https://ec-hwbeta.casstime.com/admin#'
2026-05-08 10:41:57,509 [INFO] 执行关键字: navigate(data=https://ec-hwbeta.casstime.com/admin#)
2026-05-08 10:41:57,509 [INFO] 导航: https://ec-hwbeta.casstime.com/admin#
2026-05-08 10:41:59,550 [DEBUG] 导航成功: https://ec-hwbeta.casstime.com/admin#
2026-05-08 10:41:59,550 [DEBUG] navigate 成功
2026-05-08 10:41:59,550 [INFO] [STEP] action=navigate model=- status=OK source=keyword_result
2026-05-08 10:41:59,550 [DEBUG]   history[0]=True
2026-05-08 10:41:59,737 [DEBUG] 截图成功: D:\Documents\pythonProject\AICASS\examples\管理中心\登录\result\rodski_20260508_104157\screenshots\LOGIN_001_01_用例_20260508_104159.png
2026-05-08 10:41:59,737 [DEBUG] 步骤截图: D:\Documents\pythonProject\AICASS\examples\管理中心\登录\result\rodski_20260508_104157\screenshots\LOGIN_001_01_用例_20260508_104159.png
2026-05-08 10:41:59,737 [DEBUG] 步骤等待 0.001s
2026-05-08 10:41:59,739 [DEBUG]   [2] wait
2026-05-08 10:41:59,739 [INFO] 执行关键字: wait(data=2)
2026-05-08 10:41:59,739 [INFO] 等待: 2秒
2026-05-08 10:42:01,739 [DEBUG] wait 成功
2026-05-08 10:42:01,739 [INFO] [STEP] action=wait model=- status=OK source=keyword_result
2026-05-08 10:42:01,739 [DEBUG]   history[1]=True
2026-05-08 10:42:01,740 [DEBUG]   [3] evaluate
2026-05-08 10:42:01,740 [INFO] 执行关键字: evaluate(data=(() => { const text = document.body ? document.body.innerText : ''; const hasHomeFrame = !!document.querySelector('#iframeCon'); const hasLoginControl = !!document.querySelector('input[name="username"], input[name="password"], input[type="password"]'); const looksLikeLogin = hasLoginControl || /login|passport|登录|登入/i.test(location.href + ' ' + text); if (hasHomeFrame) { throw new Error('未登录访问 /systemMgr/admin 时不应进入管理中心首页'); } if (looksLikeLogin || text.trim() === '') { return 'unauthenticated-blocked'; } return 'unauthenticated-blocked-with-message'; })())
2026-05-08 10:42:01,740 [INFO] 执行 JS: (() => { const text = document.body ? document.body.innerText : ''; const hasHomeFrame = !!document.querySelector('#iframeCon'); const hasLoginControl = !!document.querySelector('input[name="username"
2026-05-08 10:42:01,745 [INFO] JS 结果: unauthenticated-blocked
2026-05-08 10:42:01,745 [DEBUG] evaluate 成功
2026-05-08 10:42:01,746 [INFO] [STEP] action=evaluate model=- status=OK source=evaluate
2026-05-08 10:42:01,746 [DEBUG]   history[2]='unauthenticated-blocked'
2026-05-08 10:42:01,911 [DEBUG] 截图成功: D:\Documents\pythonProject\AICASS\examples\管理中心\登录\result\rodski_20260508_104157\screenshots\LOGIN_001_02_用例_20260508_104201.png
2026-05-08 10:42:01,911 [DEBUG] 步骤截图: D:\Documents\pythonProject\AICASS\examples\管理中心\登录\result\rodski_20260508_104157\screenshots\LOGIN_001_02_用例_20260508_104201.png
2026-05-08 10:42:01,911 [DEBUG] 步骤等待 0.001s
2026-05-08 10:42:01,912 [DEBUG]   [1] close
2026-05-08 10:42:01,912 [INFO] 执行关键字: close()
2026-05-08 10:42:01,912 [INFO] 关闭浏览器
2026-05-08 10:42:02,218 [DEBUG] close 成功
2026-05-08 10:42:02,218 [INFO] [STEP] action=close model=- status=OK source=keyword_result
2026-05-08 10:42:02,218 [DEBUG]   history[3]=True
2026-05-08 10:42:02,218 [INFO] 浏览器已关闭
2026-05-08 10:42:02,219 [INFO] execution_summary.json 已写入: D:\Documents\pythonProject\AICASS\examples\管理中心\登录\result\rodski_20260508_104157\execution_summary.json
2026-05-08 10:42:02,219 [INFO]   PASS (4.71s)
2026-05-08 10:42:02,219 [INFO] 用例 2/3: 驱动已关闭，重新创建浏览器...
2026-05-08 10:42:02,219 [INFO] 驱动已关闭，重新创建驱动...
2026-05-08 10:42:02,797 [INFO] 驱动重新创建成功
2026-05-08 10:42:02,798 [INFO] 新浏览器已启动
2026-05-08 10:42:02,798 [INFO] 执行用例 2/3: LOGIN_002 - 使用有效账号登录后进入管理中心首页
2026-05-08 10:42:02,798 [DEBUG]   [1] navigate
2026-05-08 10:42:02,798 [DEBUG] 数据解析: 'GlobalValue.Env.admin_url' -> 'https://ec-hwbeta.casstime.com/admin#'
2026-05-08 10:42:02,798 [INFO] 执行关键字: navigate(data=https://ec-hwbeta.casstime.com/admin#)
2026-05-08 10:42:02,798 [INFO] 导航: https://ec-hwbeta.casstime.com/admin#
2026-05-08 10:42:04,488 [DEBUG] 导航成功: https://ec-hwbeta.casstime.com/admin#
2026-05-08 10:42:04,488 [DEBUG] navigate 成功
2026-05-08 10:42:04,488 [INFO] [STEP] action=navigate model=- status=OK source=keyword_result
2026-05-08 10:42:04,488 [DEBUG]   history[0]=True
2026-05-08 10:42:04,654 [DEBUG] 截图成功: D:\Documents\pythonProject\AICASS\examples\管理中心\登录\result\rodski_20260508_104157\screenshots\LOGIN_002_01_用例_20260508_104204.png
2026-05-08 10:42:04,655 [DEBUG] 步骤截图: D:\Documents\pythonProject\AICASS\examples\管理中心\登录\result\rodski_20260508_104157\screenshots\LOGIN_002_01_用例_20260508_104204.png
2026-05-08 10:42:04,655 [DEBUG] 步骤等待 0.001s
2026-05-08 10:42:04,656 [DEBUG]   [2] wait
2026-05-08 10:42:04,656 [INFO] 执行关键字: wait(data=2)
2026-05-08 10:42:04,656 [INFO] 等待: 2秒
2026-05-08 10:42:06,657 [DEBUG] wait 成功
2026-05-08 10:42:06,657 [INFO] [STEP] action=wait model=- status=OK source=keyword_result
2026-05-08 10:42:06,657 [DEBUG]   history[1]=True
2026-05-08 10:42:06,657 [DEBUG]   [3] type
2026-05-08 10:42:06,657 [INFO] 执行关键字: type(model=PassportLogin, data=ValidCredential)
2026-05-08 10:42:06,657 [INFO] 批量输入: 模型=PassportLogin, DataID=ValidCredential
2026-05-08 10:42:06,657 [DEBUG] username: name=username <- 'mandy'
2026-05-08 10:42:06,657 [DEBUG] 输入文本: name=username -> [name="username"]
2026-05-08 10:42:21,667 [DEBUG] 尝试清空后输入...
2026-05-08 10:42:24,685 [DEBUG] 尝试 JavaScript 输入...
2026-05-08 10:42:24,695 [DEBUG]   ↳ 定位器 name=username 成功 (priority=1)
2026-05-08 10:42:24,695 [DEBUG] password: name=password <- '***'
2026-05-08 10:42:24,695 [DEBUG] 输入文本: name=password -> [name="password"]
2026-05-08 10:42:39,716 [DEBUG] 尝试清空后输入...
2026-05-08 10:42:42,741 [DEBUG] 尝试 JavaScript 输入...
2026-05-08 10:42:42,750 [DEBUG]   ↳ 定位器 name=password 成功 (priority=1)
2026-05-08 10:42:42,750 [DEBUG] submit: click text=登录
2026-05-08 10:42:42,750 [DEBUG] 点击元素: text=登录 -> text=登录
2026-05-08 10:42:42,792 [DEBUG]   ↳ 定位器 text=登录 成功 (priority=1)
2026-05-08 10:42:42,792 [DEBUG] agreement: click css=input[type='checkbox']
2026-05-08 10:42:42,792 [DEBUG] 点击元素: css=input[type='checkbox'] -> input[type='checkbox']
2026-05-08 10:42:57,815 [DEBUG] 尝试滚动到元素位置...
2026-05-08 10:43:00,857 [DEBUG] 尝试强制点击...
2026-05-08 10:43:00,863 [DEBUG] 尝试 JavaScript 点击...
2026-05-08 10:43:00,866 [ERROR] click_locator 失败: css=input[type='checkbox'], 错误: Page.evaluate: SyntaxError: missing ) after argument list
    at eval (<anonymous>)
    at UtilityScript.evaluate (<anonymous>:234:30)
    at UtilityScript.<anonymous> (<anonymous>:1:44)
2026-05-08 10:43:00,866 [DEBUG]   ↳ 定位器 css=input[type='checkbox'] 异常: [SKI302] 点击失败: css=input[type='checkbox']
  locator: css=input[type='checkbox']，尝试下一个...
2026-05-08 10:43:00,866 [ERROR] ❌ 驱动操作失败: [SKI302] 元素 'agreement' 所有定位器均失败 [css=input[type='checkbox']]: [SKI302] 点击失败: css=input[type='checkbox']
  locator: css=input[type='checkbox']
2026-05-08 10:43:00,866 [ERROR] ❌ 重试 1 次后仍失败: [SKI302] 元素 'agreement' 所有定位器均失败 [css=input[type='checkbox']]: [SKI302] 点击失败: css=input[type='checkbox']
  locator: css=input[type='checkbox']
2026-05-08 10:43:00,866 [ERROR] 用例阶段失败: [SKI313] 关键字 'type' 重试 1 次后仍失败: [SKI302] 元素 'agreement' 所有定位器均失败 [css=input[type='checkbox']]: [SKI302] 点击失败: css=input[type='checkbox']
  locator: css=input[type='checkbox']
  keyword: type
2026-05-08 10:43:01,052 [DEBUG] 截图成功: D:\Documents\pythonProject\AICASS\examples\管理中心\登录\result\rodski_20260508_104157\screenshots\LOGIN_002_20260508_104300_failure.png
2026-05-08 10:43:01,052 [INFO] 失败截图已保存: D:\Documents\pythonProject\AICASS\examples\管理中心\登录\result\rodski_20260508_104157\screenshots\LOGIN_002_20260508_104300_failure.png
2026-05-08 10:43:01,052 [DEBUG]   [1] close
2026-05-08 10:43:01,052 [INFO] 执行关键字: close()
2026-05-08 10:43:01,052 [INFO] 关闭浏览器
2026-05-08 10:43:01,249 [DEBUG] close 成功
2026-05-08 10:43:01,249 [INFO] [STEP] action=close model=- status=OK source=keyword_result
2026-05-08 10:43:01,249 [DEBUG]   history[2]=True
2026-05-08 10:43:01,249 [INFO] 浏览器已关闭
2026-05-08 10:43:01,250 [INFO] execution_summary.json 已写入: D:\Documents\pythonProject\AICASS\examples\管理中心\登录\result\rodski_20260508_104157\execution_summary.json
2026-05-08 10:43:01,250 [INFO]   FAIL (58.452s)
2026-05-08 10:43:01,250 [ERROR]   错误: [SKI313] 关键字 'type' 重试 1 次后仍失败: [SKI302] 元素 'agreement' 所有定位器均失败 [css=input[type='checkbox']]: [SKI302] 点击失败: css=input[type='checkbox']
  locator: css=input[type='checkbox']
  keyword: type
2026-05-08 10:43:01,250 [INFO] 用例 3/3: 驱动已关闭，重新创建浏览器...
2026-05-08 10:43:01,250 [INFO] 驱动已关闭，重新创建驱动...
2026-05-08 10:43:01,823 [INFO] 驱动重新创建成功
2026-05-08 10:43:01,823 [INFO] 新浏览器已启动
2026-05-08 10:43:01,824 [INFO] 执行用例 3/3: LOGIN_003 - 登录后点击退出应清除会话并离开管理中心首页
2026-05-08 10:43:01,824 [DEBUG]   [1] navigate
2026-05-08 10:43:01,824 [DEBUG] 数据解析: 'GlobalValue.Env.admin_url' -> 'https://ec-hwbeta.casstime.com/admin#'
2026-05-08 10:43:01,824 [INFO] 执行关键字: navigate(data=https://ec-hwbeta.casstime.com/admin#)
2026-05-08 10:43:01,824 [INFO] 导航: https://ec-hwbeta.casstime.com/admin#
2026-05-08 10:43:03,837 [DEBUG] 导航成功: https://ec-hwbeta.casstime.com/admin#
2026-05-08 10:43:03,837 [DEBUG] navigate 成功
2026-05-08 10:43:03,837 [INFO] [STEP] action=navigate model=- status=OK source=keyword_result
2026-05-08 10:43:03,837 [DEBUG]   history[0]=True
2026-05-08 10:43:04,019 [DEBUG] 截图成功: D:\Documents\pythonProject\AICASS\examples\管理中心\登录\result\rodski_20260508_104157\screenshots\LOGIN_003_01_用例_20260508_104303.png
2026-05-08 10:43:04,019 [DEBUG] 步骤截图: D:\Documents\pythonProject\AICASS\examples\管理中心\登录\result\rodski_20260508_104157\screenshots\LOGIN_003_01_用例_20260508_104303.png
2026-05-08 10:43:04,019 [DEBUG] 步骤等待 0.001s
2026-05-08 10:43:04,020 [DEBUG]   [2] wait
2026-05-08 10:43:04,020 [INFO] 执行关键字: wait(data=2)
2026-05-08 10:43:04,020 [INFO] 等待: 2秒
2026-05-08 10:43:06,021 [DEBUG] wait 成功
2026-05-08 10:43:06,021 [INFO] [STEP] action=wait model=- status=OK source=keyword_result
2026-05-08 10:43:06,021 [DEBUG]   history[1]=True
2026-05-08 10:43:06,021 [DEBUG]   [3] type
2026-05-08 10:43:06,021 [INFO] 执行关键字: type(model=PassportLogin, data=ValidCredential)
2026-05-08 10:43:06,021 [INFO] 批量输入: 模型=PassportLogin, DataID=ValidCredential
2026-05-08 10:43:06,021 [DEBUG] username: name=username <- 'mandy'
2026-05-08 10:43:06,021 [DEBUG] 输入文本: name=username -> [name="username"]
2026-05-08 10:43:21,039 [DEBUG] 尝试清空后输入...
2026-05-08 10:43:24,060 [DEBUG] 尝试 JavaScript 输入...
2026-05-08 10:43:24,075 [DEBUG]   ↳ 定位器 name=username 成功 (priority=1)
2026-05-08 10:43:24,075 [DEBUG] password: name=password <- '***'
2026-05-08 10:43:24,075 [DEBUG] 输入文本: name=password -> [name="password"]
2026-05-08 10:43:39,102 [DEBUG] 尝试清空后输入...
2026-05-08 10:43:42,113 [DEBUG] 尝试 JavaScript 输入...
2026-05-08 10:43:42,119 [DEBUG]   ↳ 定位器 name=password 成功 (priority=1)
2026-05-08 10:43:42,120 [DEBUG] submit: click text=登录
2026-05-08 10:43:42,120 [DEBUG] 点击元素: text=登录 -> text=登录
2026-05-08 10:43:42,161 [DEBUG]   ↳ 定位器 text=登录 成功 (priority=1)
2026-05-08 10:43:42,161 [DEBUG] agreement: click css=input[type='checkbox']
2026-05-08 10:43:42,161 [DEBUG] 点击元素: css=input[type='checkbox'] -> input[type='checkbox']
2026-05-08 10:43:57,185 [DEBUG] 尝试滚动到元素位置...
2026-05-08 10:44:00,203 [DEBUG] 尝试强制点击...
2026-05-08 10:44:00,211 [DEBUG] 尝试 JavaScript 点击...
2026-05-08 10:44:00,214 [ERROR] click_locator 失败: css=input[type='checkbox'], 错误: Page.evaluate: SyntaxError: missing ) after argument list
    at eval (<anonymous>)
    at UtilityScript.evaluate (<anonymous>:234:30)
    at UtilityScript.<anonymous> (<anonymous>:1:44)
2026-05-08 10:44:00,214 [DEBUG]   ↳ 定位器 css=input[type='checkbox'] 异常: [SKI302] 点击失败: css=input[type='checkbox']
  locator: css=input[type='checkbox']，尝试下一个...
2026-05-08 10:44:00,214 [ERROR] ❌ 驱动操作失败: [SKI302] 元素 'agreement' 所有定位器均失败 [css=input[type='checkbox']]: [SKI302] 点击失败: css=input[type='checkbox']
  locator: css=input[type='checkbox']
2026-05-08 10:44:00,214 [ERROR] ❌ 重试 1 次后仍失败: [SKI302] 元素 'agreement' 所有定位器均失败 [css=input[type='checkbox']]: [SKI302] 点击失败: css=input[type='checkbox']
  locator: css=input[type='checkbox']
2026-05-08 10:44:00,214 [ERROR] 用例阶段失败: [SKI313] 关键字 'type' 重试 1 次后仍失败: [SKI302] 元素 'agreement' 所有定位器均失败 [css=input[type='checkbox']]: [SKI302] 点击失败: css=input[type='checkbox']
  locator: css=input[type='checkbox']
  keyword: type
2026-05-08 10:44:00,388 [DEBUG] 截图成功: D:\Documents\pythonProject\AICASS\examples\管理中心\登录\result\rodski_20260508_104157\screenshots\LOGIN_003_20260508_104400_failure.png
2026-05-08 10:44:00,388 [INFO] 失败截图已保存: D:\Documents\pythonProject\AICASS\examples\管理中心\登录\result\rodski_20260508_104157\screenshots\LOGIN_003_20260508_104400_failure.png
2026-05-08 10:44:00,388 [DEBUG]   [1] close
2026-05-08 10:44:00,388 [INFO] 执行关键字: close()
2026-05-08 10:44:00,388 [INFO] 关闭浏览器
2026-05-08 10:44:00,614 [DEBUG] close 成功
2026-05-08 10:44:00,614 [INFO] [STEP] action=close model=- status=OK source=keyword_result
2026-05-08 10:44:00,614 [DEBUG]   history[2]=True
2026-05-08 10:44:00,614 [INFO] 浏览器已关闭
2026-05-08 10:44:00,615 [INFO] execution_summary.json 已写入: D:\Documents\pythonProject\AICASS\examples\管理中心\登录\result\rodski_20260508_104157\execution_summary.json
2026-05-08 10:44:00,615 [INFO]   FAIL (58.791s)
2026-05-08 10:44:00,615 [ERROR]   错误: [SKI313] 关键字 'type' 重试 1 次后仍失败: [SKI302] 元素 'agreement' 所有定位器均失败 [css=input[type='checkbox']]: [SKI302] 点击失败: css=input[type='checkbox']
  locator: css=input[type='checkbox']
  keyword: type
2026-05-08 10:44:00,625 [INFO] 结果已写入 rodski_20260508_104157/result.xml: 总计 3 条, 通过 1 条, 失败 2 条, 通过率 33.3%
