2026-05-11 15:12:12,053 [INFO] 执行用例 1/1: garage_publish_inquiry - 维修厂发布询价
2026-05-11 15:12:12,601 [INFO] Playwright 原生录制已启动: D:\Documents\pythonProject\AICASS\examples\电商\维修厂\发布询价\result\rodski_20260511_151212\recordings\garage_publish_inquiry_20260511_151212_01.webm (分辨率: {'width': 1920, 'height': 1080})
2026-05-11 15:12:12,601 [DEBUG]   [1] navigate
2026-05-11 15:12:12,602 [DEBUG] 数据解析: 'GlobalValue.DefaultValue.ECAgentBuyURL' -> 'https://ec-hwbeta.casstime.com/agentBuy/'
2026-05-11 15:12:12,602 [INFO] 执行关键字: navigate(data=https://ec-hwbeta.casstime.com/agentBuy/)
2026-05-11 15:12:12,602 [INFO] 导航: https://ec-hwbeta.casstime.com/agentBuy/
2026-05-11 15:12:17,676 [DEBUG] 导航成功: https://ec-hwbeta.casstime.com/agentBuy/
2026-05-11 15:12:17,676 [DEBUG] navigate 成功
2026-05-11 15:12:17,676 [INFO] [STEP] action=navigate model=- status=OK source=keyword_result
2026-05-11 15:12:17,676 [DEBUG]   history[0]=True
2026-05-11 15:12:17,778 [DEBUG] 截图成功: D:\Documents\pythonProject\AICASS\examples\电商\维修厂\发布询价\result\rodski_20260511_151212\screenshots\garage_publish_inquiry_01_预处理_20260511_151217.png
2026-05-11 15:12:17,778 [DEBUG] 步骤截图: D:\Documents\pythonProject\AICASS\examples\电商\维修厂\发布询价\result\rodski_20260511_151212\screenshots\garage_publish_inquiry_01_预处理_20260511_151217.png
2026-05-11 15:12:17,778 [DEBUG] 步骤等待 0.3s
2026-05-11 15:12:18,078 [DEBUG]   [2] type
2026-05-11 15:12:18,078 [INFO] 执行关键字: type(model=ECAgentBuyLoginPage, data=ec_agent_buy_login)
2026-05-11 15:12:18,078 [INFO] 批量输入: 模型=ECAgentBuyLoginPage, DataID=ec_agent_buy_login
2026-05-11 15:12:18,079 [DEBUG] accountTab: click css=span[type=PASSWORD]
2026-05-11 15:12:18,079 [DEBUG] 点击元素: css=span[type=PASSWORD] -> span[type=PASSWORD]
2026-05-11 15:12:18,152 [DEBUG]   ↳ 定位器 css=span[type=PASSWORD] 成功 (priority=1)
2026-05-11 15:12:18,152 [DEBUG] username: css=#userName <- '13119909586'
2026-05-11 15:12:18,152 [DEBUG] 输入文本: css=#userName -> #userName
2026-05-11 15:12:18,176 [DEBUG]   ↳ 定位器 css=#userName 成功 (priority=1)
2026-05-11 15:12:18,176 [DEBUG] password: css=#password <- '123456Aa'
2026-05-11 15:12:18,176 [DEBUG] 输入文本: css=#password -> #password
2026-05-11 15:12:18,205 [DEBUG]   ↳ 定位器 css=#password 成功 (priority=1)
2026-05-11 15:12:18,205 [DEBUG] agreeCheckbox: click css=label.br-checkbox .br-checkbox__title
2026-05-11 15:12:18,205 [DEBUG] 点击元素: css=label.br-checkbox .br-checkbox__title -> label.br-checkbox .br-checkbox__title
2026-05-11 15:12:18,260 [DEBUG]   ↳ 定位器 css=label.br-checkbox .br-checkbox__title 成功 (priority=1)
2026-05-11 15:12:18,260 [DEBUG] loginBtn: click css=.btn-submit
2026-05-11 15:12:18,261 [DEBUG] 点击元素: css=.btn-submit -> .btn-submit
2026-05-11 15:12:18,304 [DEBUG]   ↳ 定位器 css=.btn-submit 成功 (priority=1)
2026-05-11 15:12:18,304 [DEBUG] type 成功
2026-05-11 15:12:18,304 [INFO] [STEP] action=type model=ECAgentBuyLoginPage status=OK source=keyword_result
2026-05-11 15:12:18,304 [DEBUG]   history[1]={'accountTab': 'click', 'username': '13119909586', 'password': '123456Aa', 'agreeCheckbox': 'click', 'loginBtn': 'click'}
2026-05-11 15:12:18,392 [DEBUG] 截图成功: D:\Documents\pythonProject\AICASS\examples\电商\维修厂\发布询价\result\rodski_20260511_151212\screenshots\garage_publish_inquiry_02_预处理_20260511_151218.png
2026-05-11 15:12:18,392 [DEBUG] 步骤截图: D:\Documents\pythonProject\AICASS\examples\电商\维修厂\发布询价\result\rodski_20260511_151212\screenshots\garage_publish_inquiry_02_预处理_20260511_151218.png
2026-05-11 15:12:18,392 [DEBUG] 步骤等待 0.3s
2026-05-11 15:12:18,693 [DEBUG]   [3] wait
2026-05-11 15:12:18,693 [INFO] 执行关键字: wait(data=1)
2026-05-11 15:12:18,693 [INFO] 等待: 1秒
2026-05-11 15:12:19,693 [DEBUG] wait 成功
2026-05-11 15:12:19,694 [INFO] [STEP] action=wait model=- status=OK source=keyword_result
2026-05-11 15:12:19,694 [DEBUG]   history[2]=True
2026-05-11 15:12:19,694 [DEBUG]   [4] verify
2026-05-11 15:12:19,694 [INFO] 执行关键字: verify(model=LoginSuccessCheck, data=login_success)
2026-05-11 15:12:19,694 [INFO] 批量验证: 模型=LoginSuccessCheck, 期望数据=login_success
2026-05-11 15:12:22,176 [DEBUG] publishInquiryTab: 实际='发布询价', 期望='发布询价' → OK
2026-05-11 15:12:22,176 [INFO] 批量验证通过: 1 个字段全部匹配
2026-05-11 15:12:22,176 [DEBUG] verify 成功
2026-05-11 15:12:22,176 [INFO] [STEP] action=verify model=LoginSuccessCheck status=OK source=keyword_result
2026-05-11 15:12:22,176 [DEBUG]   history[3]={'publishInquiryTab': '发布询价', '_verify_passed': True, 'passed': True}
2026-05-11 15:12:22,427 [DEBUG] 截图成功: D:\Documents\pythonProject\AICASS\examples\电商\维修厂\发布询价\result\rodski_20260511_151212\screenshots\garage_publish_inquiry_03_预处理_20260511_151222.png
2026-05-11 15:12:22,427 [DEBUG] 步骤截图: D:\Documents\pythonProject\AICASS\examples\电商\维修厂\发布询价\result\rodski_20260511_151212\screenshots\garage_publish_inquiry_03_预处理_20260511_151222.png
2026-05-11 15:12:22,427 [DEBUG] 步骤等待 0.3s
2026-05-11 15:12:22,727 [INFO]   [1] scenario GARAGE_PUBLISH_001_ASSERT_READY - 确认维修厂发布询价页面可用 (group=garage_publish, tag=['inquiry', 'publish', 'p0', 'smoke', 'assert'])
2026-05-11 15:12:22,727 [DEBUG]   [1] verify
2026-05-11 15:12:22,728 [INFO] 执行关键字: verify(model=InquiryPageCheck, data=inquiry_page_ready)
2026-05-11 15:12:22,728 [INFO] 批量验证: 模型=InquiryPageCheck, 期望数据=inquiry_page_ready
2026-05-11 15:12:22,737 [DEBUG] publishInquiryTab: 实际='发布询价', 期望='发布询价' → OK
2026-05-11 15:12:22,737 [INFO] 批量验证通过: 1 个字段全部匹配
2026-05-11 15:12:22,737 [DEBUG] verify 成功
2026-05-11 15:12:22,737 [INFO] [STEP] action=verify model=InquiryPageCheck status=OK source=keyword_result
2026-05-11 15:12:22,737 [DEBUG]   history[4]={'publishInquiryTab': '发布询价', '_verify_passed': True, 'passed': True}
2026-05-11 15:12:22,842 [DEBUG] 截图成功: D:\Documents\pythonProject\AICASS\examples\电商\维修厂\发布询价\result\rodski_20260511_151212\screenshots\garage_publish_inquiry_GARAGE_PUBLISH_001_ASSERT_READY_确认维修厂发布询价页面可用\04_20260511_151222.png
2026-05-11 15:12:22,842 [DEBUG] 步骤截图: D:\Documents\pythonProject\AICASS\examples\电商\维修厂\发布询价\result\rodski_20260511_151212\screenshots\garage_publish_inquiry_GARAGE_PUBLISH_001_ASSERT_READY_确认维修厂发布询价页面可用\04_20260511_151222.png
2026-05-11 15:12:22,842 [DEBUG] 步骤等待 0.3s
2026-05-11 15:12:23,143 [INFO]   [2] scenario GARAGE_PUBLISH_001_INPUT_INQUIRY - 录入 VIN 和首个配件名称 (group=garage_publish, tag=['inquiry', 'publish', 'p0', 'smoke', 'input'])
2026-05-11 15:12:23,143 [DEBUG]   [2] type
2026-05-11 15:12:23,143 [INFO] 执行关键字: type(model=InquiryVinForm, data=input_target_vin)
2026-05-11 15:12:23,143 [INFO] 批量输入: 模型=InquiryVinForm, DataID=input_target_vin
2026-05-11 15:12:23,143 [DEBUG] vinInput: xpath=//input[contains(translate(@placeholder,'vin','VIN'),'VIN')] <- 'LBVFR790XBSD31722'
2026-05-11 15:12:23,143 [DEBUG] 输入文本: xpath=//input[contains(translate(@placeholder,'vin','VIN'),'VIN')] -> //input[contains(translate(@placeholder,'vin','VIN'),'VIN')]
2026-05-11 15:12:23,165 [DEBUG]   ↳ 定位器 xpath=//input[contains(translate(@placeholder,'vin','VIN'),'VIN')] 成功 (priority=1)
2026-05-11 15:12:23,165 [DEBUG] vinInputSubmit: 按键 'Enter'
2026-05-11 15:12:23,187 [DEBUG]   ↳ 定位器 xpath=//input[contains(translate(@placeholder,'vin','VIN'),'VIN')] 成功 (priority=1)
2026-05-11 15:12:23,187 [DEBUG] type 成功
2026-05-11 15:12:23,187 [INFO] [STEP] action=type model=InquiryVinForm status=OK source=keyword_result
2026-05-11 15:12:23,187 [DEBUG]   history[5]={'vinInput': 'LBVFR790XBSD31722', 'vinInputSubmit': 'key_press【Enter】'}
2026-05-11 15:12:23,266 [DEBUG] 截图成功: D:\Documents\pythonProject\AICASS\examples\电商\维修厂\发布询价\result\rodski_20260511_151212\screenshots\garage_publish_inquiry_GARAGE_PUBLISH_001_INPUT_INQUIRY_录入_VIN_和首个配件名称\05_20260511_151223.png
2026-05-11 15:12:23,266 [DEBUG] 步骤截图: D:\Documents\pythonProject\AICASS\examples\电商\维修厂\发布询价\result\rodski_20260511_151212\screenshots\garage_publish_inquiry_GARAGE_PUBLISH_001_INPUT_INQUIRY_录入_VIN_和首个配件名称\05_20260511_151223.png
2026-05-11 15:12:23,266 [DEBUG] 步骤等待 0.3s
2026-05-11 15:12:23,566 [DEBUG]   [2] evaluate
2026-05-11 15:12:23,567 [INFO] 执行关键字: evaluate(data=(async()=>{const sleep=ms=>new Promise(r=>setTimeout(r,ms));const norm=s=>(s||'').replace(/\s+/g,'').trim();const visible=el=>!!el&&el.isConnected&&!!(el.offsetWidth||el.offsetHeight||el.getClientRects().length);for(let i=0;i<20;i++){const btn=[...document.querySelectorAll('.br-modal button,.br-modal a,[role=dialog] button,[role=dialog] a,button,a')].find(el=>visible(el)&&(norm(el.textContent).includes('不追加，发布新的询价单')||norm(el.textContent).includes('不追加')||norm(el.textContent).includes('发布新询价单')));if(btn){btn.scrollIntoView({block:'center'});btn.click();await sleep(500);return 'duplicate_vin_modal_confirmed';}if(document.querySelector('table textarea, table input:not([disabled])'))return 'no_duplicate_vin_modal';await sleep(250);}return 'duplicate_vin_modal_not_present';})())
2026-05-11 15:12:23,567 [INFO] 执行 JS: (async()=>{const sleep=ms=>new Promise(r=>setTimeout(r,ms));const norm=s=>(s||'').replace(/\s+/g,'').trim();const visible=el=>!!el&&el.isConnected&&!!(el.offsetWidth||el.offsetHeight||el.getClientRect
2026-05-11 15:12:23,572 [INFO] JS 结果: no_duplicate_vin_modal
2026-05-11 15:12:23,572 [DEBUG] evaluate 成功
2026-05-11 15:12:23,572 [INFO] [STEP] action=evaluate model=- status=OK source=evaluate
2026-05-11 15:12:23,572 [DEBUG]   history[6]='no_duplicate_vin_modal'
2026-05-11 15:12:23,644 [DEBUG] 截图成功: D:\Documents\pythonProject\AICASS\examples\电商\维修厂\发布询价\result\rodski_20260511_151212\screenshots\garage_publish_inquiry_GARAGE_PUBLISH_001_INPUT_INQUIRY_录入_VIN_和首个配件名称\06_20260511_151223.png
2026-05-11 15:12:23,644 [DEBUG] 步骤截图: D:\Documents\pythonProject\AICASS\examples\电商\维修厂\发布询价\result\rodski_20260511_151212\screenshots\garage_publish_inquiry_GARAGE_PUBLISH_001_INPUT_INQUIRY_录入_VIN_和首个配件名称\06_20260511_151223.png
2026-05-11 15:12:23,644 [DEBUG] 步骤等待 0.3s
2026-05-11 15:12:23,945 [DEBUG]   [2] type
2026-05-11 15:12:23,945 [INFO] 执行关键字: type(model=InquiryPartForm, data=input_first_part_name)
2026-05-11 15:12:23,945 [INFO] 批量输入: 模型=InquiryPartForm, DataID=input_first_part_name
2026-05-11 15:12:23,945 [DEBUG] partNameInputFirst: xpath=//table//tbody/tr[1]/td[2]//*[self::textarea or self::input][not(@disabled)] <- '火花塞'
2026-05-11 15:12:23,945 [DEBUG] 输入文本: xpath=//table//tbody/tr[1]/td[2]//*[self::textarea or self::input][not(@disabled)] -> //table//tbody/tr[1]/td[2]//*[self::textarea or self::input][not(@disabled)]
2026-05-11 15:12:23,966 [DEBUG]   ↳ 定位器 xpath=//table//tbody/tr[1]/td[2]//*[self::textarea or self::input][not(@disabled)] 成功 (priority=1)
2026-05-11 15:12:23,966 [DEBUG] partNameInputFirstSubmit: 按键 'Enter'
2026-05-11 15:12:23,977 [DEBUG]   ↳ 定位器 xpath=//table//tbody/tr[1]/td[2]//*[self::textarea or self::input][not(@disabled)] 成功 (priority=1)
2026-05-11 15:12:23,977 [DEBUG] type 成功
2026-05-11 15:12:23,977 [INFO] [STEP] action=type model=InquiryPartForm status=OK source=keyword_result
2026-05-11 15:12:23,977 [DEBUG]   history[7]={'partNameInputFirst': '火花塞', 'partNameInputFirstSubmit': 'key_press【Enter】'}
2026-05-11 15:12:24,063 [DEBUG] 截图成功: D:\Documents\pythonProject\AICASS\examples\电商\维修厂\发布询价\result\rodski_20260511_151212\screenshots\garage_publish_inquiry_GARAGE_PUBLISH_001_INPUT_INQUIRY_录入_VIN_和首个配件名称\07_20260511_151223.png
2026-05-11 15:12:24,063 [DEBUG] 步骤截图: D:\Documents\pythonProject\AICASS\examples\电商\维修厂\发布询价\result\rodski_20260511_151212\screenshots\garage_publish_inquiry_GARAGE_PUBLISH_001_INPUT_INQUIRY_录入_VIN_和首个配件名称\07_20260511_151223.png
2026-05-11 15:12:24,063 [DEBUG] 步骤等待 0.3s
2026-05-11 15:12:24,364 [INFO]   [3] scenario GARAGE_PUBLISH_001_SUBMIT - 提交发布询价 (group=garage_publish, tag=['inquiry', 'publish', 'p0', 'smoke', 'submit'])
2026-05-11 15:12:24,364 [DEBUG]   [3] evaluate
2026-05-11 15:12:24,365 [INFO] 执行关键字: evaluate(data=(async()=>{const sleep=ms=>new Promise(r=>setTimeout(r,ms));const visible=el=>!!el&&el.isConnected&&!!(el.offsetWidth||el.offsetHeight||el.getClientRects().length);const enabled=el=>visible(el)&&!el.disabled&&!String(el.className||'').includes('disabled');for(let i=0;i<80;i++){const btn=document.querySelector('.save-inquiry,input.save-inquiry')||[...document.querySelectorAll('button,input,span')].find(el=>visible(el)&&(el.value==='发布询价'||String(el.textContent||'').trim()==='发布询价'));if(enabled(btn))return 'publish_button_ready';await sleep(250);}throw new Error('发布询价按钮未就绪，页面文本='+(document.body.innerText||'').slice(0,300));})())
2026-05-11 15:12:24,365 [INFO] 执行 JS: (async()=>{const sleep=ms=>new Promise(r=>setTimeout(r,ms));const visible=el=>!!el&&el.isConnected&&!!(el.offsetWidth||el.offsetHeight||el.getClientRects().length);const enabled=el=>visible(el)&&!el.d
2026-05-11 15:12:24,376 [INFO] JS 结果: publish_button_ready
2026-05-11 15:12:24,376 [DEBUG] evaluate 成功
2026-05-11 15:12:24,376 [INFO] [STEP] action=evaluate model=- status=OK source=evaluate
2026-05-11 15:12:24,376 [DEBUG]   history[8]='publish_button_ready'
2026-05-11 15:12:24,452 [DEBUG] 截图成功: D:\Documents\pythonProject\AICASS\examples\电商\维修厂\发布询价\result\rodski_20260511_151212\screenshots\garage_publish_inquiry_GARAGE_PUBLISH_001_SUBMIT_提交发布询价\08_20260511_151224.png
2026-05-11 15:12:24,452 [DEBUG] 步骤截图: D:\Documents\pythonProject\AICASS\examples\电商\维修厂\发布询价\result\rodski_20260511_151212\screenshots\garage_publish_inquiry_GARAGE_PUBLISH_001_SUBMIT_提交发布询价\08_20260511_151224.png
2026-05-11 15:12:24,452 [DEBUG] 步骤等待 0.3s
2026-05-11 15:12:24,753 [DEBUG]   [3] type
2026-05-11 15:12:24,753 [INFO] 执行关键字: type(model=InquiryPublishAction, data=publish_inquiry)
2026-05-11 15:12:24,753 [INFO] 批量输入: 模型=InquiryPublishAction, DataID=publish_inquiry
2026-05-11 15:12:24,753 [DEBUG] publishInquiryBtn: click css=.save-inquiry
2026-05-11 15:12:24,753 [DEBUG] 点击元素: css=.save-inquiry -> .save-inquiry
2026-05-11 15:12:29,772 [DEBUG] 尝试滚动到元素位置...
2026-05-11 15:12:32,807 [DEBUG] 尝试强制点击...
2026-05-11 15:12:32,832 [DEBUG]   ↳ 定位器 css=.save-inquiry 成功 (priority=1)
2026-05-11 15:12:32,832 [DEBUG] type 成功
2026-05-11 15:12:32,832 [INFO] [STEP] action=type model=InquiryPublishAction status=OK source=keyword_result
2026-05-11 15:12:32,832 [DEBUG]   history[9]={'publishInquiryBtn': 'click'}
2026-05-11 15:12:32,913 [DEBUG] 截图成功: D:\Documents\pythonProject\AICASS\examples\电商\维修厂\发布询价\result\rodski_20260511_151212\screenshots\garage_publish_inquiry_GARAGE_PUBLISH_001_SUBMIT_提交发布询价\09_20260511_151232.png
2026-05-11 15:12:32,914 [DEBUG] 步骤截图: D:\Documents\pythonProject\AICASS\examples\电商\维修厂\发布询价\result\rodski_20260511_151212\screenshots\garage_publish_inquiry_GARAGE_PUBLISH_001_SUBMIT_提交发布询价\09_20260511_151232.png
2026-05-11 15:12:32,914 [DEBUG] 步骤等待 0.3s
2026-05-11 15:12:33,214 [DEBUG]   [3] wait
2026-05-11 15:12:33,214 [INFO] 执行关键字: wait(data=1)
2026-05-11 15:12:33,214 [INFO] 等待: 1秒
2026-05-11 15:12:34,215 [DEBUG] wait 成功
2026-05-11 15:12:34,215 [INFO] [STEP] action=wait model=- status=OK source=keyword_result
2026-05-11 15:12:34,215 [DEBUG]   history[10]=True
2026-05-11 15:12:34,215 [DEBUG]   [3] evaluate
2026-05-11 15:12:34,216 [INFO] 执行关键字: evaluate(data=(async()=>{const sleep=ms=>new Promise(r=>setTimeout(r,ms));const norm=s=>(s||'').replace(/\s+/g,'').trim();const visible=el=>!!el&&el.isConnected&&!!(el.offsetWidth||el.offsetHeight||el.getClientRects().length);const enabled=el=>visible(el)&&!el.disabled&&!String(el.className||'').includes('disabled');const bodyText=()=>document.body&&document.body.innerText?document.body.innerText:'';const hasSuccess=()=>bodyText().includes('询价单：')||/inquiry-detail|inquiryDetail/i.test(location.href);const findNewBtn=()=>{const nodes=[...document.querySelectorAll('.br-modal button,.br-modal a,[role=dialog] button,[role=dialog] a,button,a')].filter(visible);return nodes.find(el=>norm(el.textContent)==='不追加，发布新的询价单')||nodes.find(el=>norm(el.textContent)==='不追加，发布新询价单')||nodes.find(el=>norm(el.textContent).includes('不追加，发布新的询价单'))||nodes.find(el=>norm(el.textContent).includes('不追加，发布新询价单'));};const findPublishBtn=()=>document.querySelector('.save-inquiry,input.save-inquiry')||[...document.querySelectorAll('button,input,span')].find(el=>visible(el)&&(el.value==='发布询价'||norm(el.textContent)==='发布询价'));let clickedDuplicate=false;for(let i=0;i<120;i++){if(hasSuccess())return clickedDuplicate?'publish_success_after_new_inquiry_choice':'publish_success';const duplicateBtn=findNewBtn();if(duplicateBtn){duplicateBtn.scrollIntoView({block:'center'});duplicateBtn.click();clickedDuplicate=true;await sleep(1000);continue;}if(clickedDuplicate){const publishBtn=findPublishBtn();if(enabled(publishBtn)){publishBtn.scrollIntoView({block:'center'});publishBtn.click();await sleep(1500);continue;}}await sleep(250);}throw new Error('发布询价后未进入详情页，页面文本='+(bodyText()).slice(0,400));})())
2026-05-11 15:12:34,216 [INFO] 执行 JS: (async()=>{const sleep=ms=>new Promise(r=>setTimeout(r,ms));const norm=s=>(s||'').replace(/\s+/g,'').trim();const visible=el=>!!el&&el.isConnected&&!!(el.offsetWidth||el.offsetHeight||el.getClientRect
2026-05-11 15:12:36,556 [ERROR] ❌ 驱动操作失败: [SKI302] JavaScript 执行失败: Page.evaluate: Execution context was destroyed, most likely because of a navigation.
2026-05-11 15:12:36,556 [ERROR] ❌ 重试 1 次后仍失败: [SKI302] JavaScript 执行失败: Page.evaluate: Execution context was destroyed, most likely because of a navigation.
2026-05-11 15:12:36,556 [INFO]   [4] scenario GARAGE_PUBLISH_001_ASSERT_SUCCESS - 校验发布成功并记录询价单号 -> SKIP (depends not passed: GARAGE_PUBLISH_001_SUBMIT)
2026-05-11 15:12:36,556 [ERROR] 用例阶段失败: [SKI313] 关键字 'evaluate' 重试 1 次后仍失败: [SKI302] JavaScript 执行失败: Page.evaluate: Execution context was destroyed, most likely because of a navigation.
  keyword: evaluate
2026-05-11 15:12:36,903 [DEBUG] 截图成功: D:\Documents\pythonProject\AICASS\examples\电商\维修厂\发布询价\result\rodski_20260511_151212\screenshots\garage_publish_inquiry_20260511_151236_failure.png
2026-05-11 15:12:36,903 [INFO] 失败截图已保存: D:\Documents\pythonProject\AICASS\examples\电商\维修厂\发布询价\result\rodski_20260511_151212\screenshots\garage_publish_inquiry_20260511_151236_failure.png
2026-05-11 15:12:36,903 [DEBUG]   [1] close
2026-05-11 15:12:36,903 [INFO] 执行关键字: close()
2026-05-11 15:12:36,904 [INFO] 关闭浏览器
2026-05-11 15:12:37,028 [INFO] Playwright 原生录制已保存: D:\Documents\pythonProject\AICASS\examples\电商\维修厂\发布询价\result\rodski_20260511_151212\recordings\garage_publish_inquiry_20260511_151212_01.webm
2026-05-11 15:12:37,078 [DEBUG] close 成功
2026-05-11 15:12:37,078 [INFO] [STEP] action=close model=- status=OK source=keyword_result
2026-05-11 15:12:37,078 [DEBUG]   history[11]=True
2026-05-11 15:12:37,079 [INFO] 浏览器已关闭
2026-05-11 15:12:37,079 [INFO] execution_summary.json 已写入: D:\Documents\pythonProject\AICASS\examples\电商\维修厂\发布询价\result\rodski_20260511_151212\execution_summary.json
2026-05-11 15:12:37,080 [INFO]   FAIL (25.027s)
2026-05-11 15:12:37,080 [ERROR]   错误: [SKI313] 关键字 'evaluate' 重试 1 次后仍失败: [SKI302] JavaScript 执行失败: Page.evaluate: Execution context was destroyed, most likely because of a navigation.
  keyword: evaluate
2026-05-11 15:12:37,092 [INFO] 结果已写入 rodski_20260511_151212/result.xml: 总计 1 条, 通过 0 条, 失败 1 条, 通过率 0.0%
