2026-05-07 16:01:50,640 [INFO] 执行用例 1/1: garage_publish_inquiry - 维修厂发布询价
2026-05-07 16:01:50,641 [DEBUG]   [1] navigate
2026-05-07 16:01:50,641 [DEBUG] 数据解析: 'GlobalValue.DefaultValue.ECAgentBuyURL' -> 'https://ec-hwbeta.casstime.com/agentBuy/'
2026-05-07 16:01:50,641 [INFO] 执行关键字: navigate(data=https://ec-hwbeta.casstime.com/agentBuy/)
2026-05-07 16:01:50,641 [INFO] 导航: https://ec-hwbeta.casstime.com/agentBuy/
2026-05-07 16:01:55,651 [DEBUG] 导航成功: https://ec-hwbeta.casstime.com/agentBuy/
2026-05-07 16:01:55,652 [DEBUG] navigate 成功
2026-05-07 16:01:55,652 [INFO] [STEP] action=navigate model=- status=OK source=keyword_result
2026-05-07 16:01:55,652 [DEBUG]   history[0]=True
2026-05-07 16:01:55,884 [DEBUG] 截图成功: D:\Documents\pythonProject\AICASS\examples\维修厂\发布询价\result\rodski_20260507_160150\screenshots\garage_publish_inquiry_01_预处理_20260507_160155.png
2026-05-07 16:01:55,884 [DEBUG] 步骤截图: D:\Documents\pythonProject\AICASS\examples\维修厂\发布询价\result\rodski_20260507_160150\screenshots\garage_publish_inquiry_01_预处理_20260507_160155.png
2026-05-07 16:01:55,885 [DEBUG] 步骤等待 0.3s
2026-05-07 16:01:56,185 [DEBUG]   [2] type
2026-05-07 16:01:56,186 [INFO] 执行关键字: type(model=ECAgentBuyLoginPage, data=ec_agent_buy_login)
2026-05-07 16:01:56,186 [INFO] 批量输入: 模型=ECAgentBuyLoginPage, DataID=ec_agent_buy_login
2026-05-07 16:01:56,186 [DEBUG] accountTab: click css=span[type=PASSWORD]
2026-05-07 16:01:56,187 [DEBUG] 点击元素: css=span[type=PASSWORD] -> span[type=PASSWORD]
2026-05-07 16:01:56,300 [DEBUG]   ↳ 定位器 css=span[type=PASSWORD] 成功 (priority=1)
2026-05-07 16:01:56,300 [DEBUG] username: css=#userName <- '13119909586'
2026-05-07 16:01:56,300 [DEBUG] 输入文本: css=#userName -> #userName
2026-05-07 16:01:56,332 [DEBUG]   ↳ 定位器 css=#userName 成功 (priority=1)
2026-05-07 16:01:56,333 [DEBUG] password: css=#password <- '123456Aa'
2026-05-07 16:01:56,333 [DEBUG] 输入文本: css=#password -> #password
2026-05-07 16:01:56,388 [DEBUG]   ↳ 定位器 css=#password 成功 (priority=1)
2026-05-07 16:01:56,389 [DEBUG] agreeCheckbox: click css=label.br-checkbox .br-checkbox__title
2026-05-07 16:01:56,389 [DEBUG] 点击元素: css=label.br-checkbox .br-checkbox__title -> label.br-checkbox .br-checkbox__title
2026-05-07 16:01:56,440 [DEBUG]   ↳ 定位器 css=label.br-checkbox .br-checkbox__title 成功 (priority=1)
2026-05-07 16:01:56,440 [DEBUG] loginBtn: click css=.btn-submit
2026-05-07 16:01:56,440 [DEBUG] 点击元素: css=.btn-submit -> .btn-submit
2026-05-07 16:01:56,484 [DEBUG]   ↳ 定位器 css=.btn-submit 成功 (priority=1)
2026-05-07 16:01:56,484 [DEBUG] type 成功
2026-05-07 16:01:56,484 [INFO] [STEP] action=type model=ECAgentBuyLoginPage status=OK source=keyword_result
2026-05-07 16:01:56,484 [DEBUG]   history[1]={'accountTab': 'click', 'username': '13119909586', 'password': '123456Aa', 'agreeCheckbox': 'click', 'loginBtn': 'click'}
2026-05-07 16:01:56,779 [DEBUG] 截图成功: D:\Documents\pythonProject\AICASS\examples\维修厂\发布询价\result\rodski_20260507_160150\screenshots\garage_publish_inquiry_02_预处理_20260507_160156.png
2026-05-07 16:01:56,780 [DEBUG] 步骤截图: D:\Documents\pythonProject\AICASS\examples\维修厂\发布询价\result\rodski_20260507_160150\screenshots\garage_publish_inquiry_02_预处理_20260507_160156.png
2026-05-07 16:01:56,780 [DEBUG] 步骤等待 0.3s
2026-05-07 16:01:57,080 [DEBUG]   [3] wait
2026-05-07 16:01:57,080 [INFO] 执行关键字: wait(data=1)
2026-05-07 16:01:57,081 [INFO] 等待: 1秒
2026-05-07 16:01:58,081 [DEBUG] wait 成功
2026-05-07 16:01:58,081 [INFO] [STEP] action=wait model=- status=OK source=keyword_result
2026-05-07 16:01:58,082 [DEBUG]   history[2]=True
2026-05-07 16:01:58,082 [DEBUG]   [4] verify
2026-05-07 16:01:58,082 [INFO] 执行关键字: verify(model=LoginSuccessCheck, data=login_success)
2026-05-07 16:01:58,082 [INFO] 批量验证: 模型=LoginSuccessCheck, 期望数据=login_success
2026-05-07 16:02:02,080 [DEBUG] publishInquiryTab: 实际='发布询价', 期望='发布询价' → OK
2026-05-07 16:02:02,081 [INFO] 批量验证通过: 1 个字段全部匹配
2026-05-07 16:02:02,081 [DEBUG] verify 成功
2026-05-07 16:02:02,081 [INFO] [STEP] action=verify model=LoginSuccessCheck status=OK source=keyword_result
2026-05-07 16:02:02,081 [DEBUG]   history[3]={'publishInquiryTab': '发布询价', '_verify_passed': True, 'passed': True}
2026-05-07 16:02:02,262 [DEBUG] 截图成功: D:\Documents\pythonProject\AICASS\examples\维修厂\发布询价\result\rodski_20260507_160150\screenshots\garage_publish_inquiry_03_预处理_20260507_160202.png
2026-05-07 16:02:02,262 [DEBUG] 步骤截图: D:\Documents\pythonProject\AICASS\examples\维修厂\发布询价\result\rodski_20260507_160150\screenshots\garage_publish_inquiry_03_预处理_20260507_160202.png
2026-05-07 16:02:02,262 [DEBUG] 步骤等待 0.3s
2026-05-07 16:02:02,562 [DEBUG]   [1] verify
2026-05-07 16:02:02,563 [INFO] 执行关键字: verify(model=InquiryPageCheck, data=inquiry_page_ready)
2026-05-07 16:02:02,563 [INFO] 批量验证: 模型=InquiryPageCheck, 期望数据=inquiry_page_ready
2026-05-07 16:02:02,574 [DEBUG] publishInquiryTab: 实际='发布询价', 期望='发布询价' → OK
2026-05-07 16:02:02,574 [INFO] 批量验证通过: 1 个字段全部匹配
2026-05-07 16:02:02,574 [DEBUG] verify 成功
2026-05-07 16:02:02,574 [INFO] [STEP] action=verify model=InquiryPageCheck status=OK source=keyword_result
2026-05-07 16:02:02,574 [DEBUG]   history[4]={'publishInquiryTab': '发布询价', '_verify_passed': True, 'passed': True}
2026-05-07 16:02:02,702 [DEBUG] 截图成功: D:\Documents\pythonProject\AICASS\examples\维修厂\发布询价\result\rodski_20260507_160150\screenshots\garage_publish_inquiry_04_用例_20260507_160202.png
2026-05-07 16:02:02,702 [DEBUG] 步骤截图: D:\Documents\pythonProject\AICASS\examples\维修厂\发布询价\result\rodski_20260507_160150\screenshots\garage_publish_inquiry_04_用例_20260507_160202.png
2026-05-07 16:02:02,702 [DEBUG] 步骤等待 0.3s
2026-05-07 16:02:03,004 [DEBUG]   [2] type
2026-05-07 16:02:03,004 [INFO] 执行关键字: type(model=InquiryVinForm, data=input_target_vin)
2026-05-07 16:02:03,004 [INFO] 批量输入: 模型=InquiryVinForm, DataID=input_target_vin
2026-05-07 16:02:03,004 [DEBUG] vinInput: xpath=//input[contains(translate(@placeholder,'vin','VIN'),'VIN')] <- 'LBVFR790XBSD31722'
2026-05-07 16:02:03,004 [DEBUG] 输入文本: xpath=//input[contains(translate(@placeholder,'vin','VIN'),'VIN')] -> //input[contains(translate(@placeholder,'vin','VIN'),'VIN')]
2026-05-07 16:02:03,045 [DEBUG]   ↳ 定位器 xpath=//input[contains(translate(@placeholder,'vin','VIN'),'VIN')] 成功 (priority=1)
2026-05-07 16:02:03,045 [DEBUG] vinInputSubmit: 按键 'Enter'
2026-05-07 16:02:03,094 [DEBUG]   ↳ 定位器 xpath=//input[contains(translate(@placeholder,'vin','VIN'),'VIN')] 成功 (priority=1)
2026-05-07 16:02:03,094 [DEBUG] type 成功
2026-05-07 16:02:03,094 [INFO] [STEP] action=type model=InquiryVinForm status=OK source=keyword_result
2026-05-07 16:02:03,094 [DEBUG]   history[5]={'vinInput': 'LBVFR790XBSD31722', 'vinInputSubmit': 'key_press【Enter】'}
2026-05-07 16:02:03,232 [DEBUG] 截图成功: D:\Documents\pythonProject\AICASS\examples\维修厂\发布询价\result\rodski_20260507_160150\screenshots\garage_publish_inquiry_05_用例_20260507_160203.png
2026-05-07 16:02:03,232 [DEBUG] 步骤截图: D:\Documents\pythonProject\AICASS\examples\维修厂\发布询价\result\rodski_20260507_160150\screenshots\garage_publish_inquiry_05_用例_20260507_160203.png
2026-05-07 16:02:03,232 [DEBUG] 步骤等待 0.3s
2026-05-07 16:02:03,532 [DEBUG]   [3] evaluate
2026-05-07 16:02:03,533 [INFO] 执行关键字: evaluate(data=(async()=>{const sleep=ms=>new Promise(r=>setTimeout(r,ms));const norm=s=>(s||'').replace(/\s+/g,'').trim();const visible=el=>!!el&&el.isConnected&&!!(el.offsetWidth||el.offsetHeight||el.getClientRects().length);for(let i=0;i<20;i++){const btn=[...document.querySelectorAll('.br-modal button,.br-modal a,[role=dialog] button,[role=dialog] a,button,a')].find(el=>visible(el)&&(norm(el.textContent).includes('不追加，发布新的询价单')||norm(el.textContent).includes('不追加')||norm(el.textContent).includes('发布新询价单')));if(btn){btn.scrollIntoView({block:'center'});btn.click();await sleep(500);return 'duplicate_vin_modal_confirmed';}if(document.querySelector('table textarea, table input:not([disabled])'))return 'no_duplicate_vin_modal';await sleep(250);}return 'duplicate_vin_modal_not_present';})())
2026-05-07 16:02:03,533 [INFO] 执行 JS: (async()=>{const sleep=ms=>new Promise(r=>setTimeout(r,ms));const norm=s=>(s||'').replace(/\s+/g,'').trim();const visible=el=>!!el&&el.isConnected&&!!(el.offsetWidth||el.offsetHeight||el.getClientRect
2026-05-07 16:02:03,546 [INFO] JS 结果: no_duplicate_vin_modal
2026-05-07 16:02:03,546 [DEBUG] evaluate 成功
2026-05-07 16:02:03,546 [INFO] [STEP] action=evaluate model=- status=OK source=evaluate
2026-05-07 16:02:03,546 [DEBUG]   history[6]='no_duplicate_vin_modal'
2026-05-07 16:02:03,678 [DEBUG] 截图成功: D:\Documents\pythonProject\AICASS\examples\维修厂\发布询价\result\rodski_20260507_160150\screenshots\garage_publish_inquiry_06_用例_20260507_160203.png
2026-05-07 16:02:03,678 [DEBUG] 步骤截图: D:\Documents\pythonProject\AICASS\examples\维修厂\发布询价\result\rodski_20260507_160150\screenshots\garage_publish_inquiry_06_用例_20260507_160203.png
2026-05-07 16:02:03,679 [DEBUG] 步骤等待 0.3s
2026-05-07 16:02:03,981 [DEBUG]   [4] type
2026-05-07 16:02:03,981 [INFO] 执行关键字: type(model=InquiryPartForm, data=input_first_part_name)
2026-05-07 16:02:03,982 [INFO] 批量输入: 模型=InquiryPartForm, DataID=input_first_part_name
2026-05-07 16:02:03,983 [DEBUG] partNameInputFirst: xpath=//table//tbody/tr[1]/td[2]//*[self::textarea or self::input][not(@disabled)] <- '火花塞'
2026-05-07 16:02:03,984 [DEBUG] 输入文本: xpath=//table//tbody/tr[1]/td[2]//*[self::textarea or self::input][not(@disabled)] -> //table//tbody/tr[1]/td[2]//*[self::textarea or self::input][not(@disabled)]
2026-05-07 16:02:04,020 [DEBUG]   ↳ 定位器 xpath=//table//tbody/tr[1]/td[2]//*[self::textarea or self::input][not(@disabled)] 成功 (priority=1)
2026-05-07 16:02:04,021 [DEBUG] partNameInputFirstSubmit: 按键 'Enter'
2026-05-07 16:02:04,045 [DEBUG]   ↳ 定位器 xpath=//table//tbody/tr[1]/td[2]//*[self::textarea or self::input][not(@disabled)] 成功 (priority=1)
2026-05-07 16:02:04,045 [DEBUG] type 成功
2026-05-07 16:02:04,045 [INFO] [STEP] action=type model=InquiryPartForm status=OK source=keyword_result
2026-05-07 16:02:04,046 [DEBUG]   history[7]={'partNameInputFirst': '火花塞', 'partNameInputFirstSubmit': 'key_press【Enter】'}
2026-05-07 16:02:04,208 [DEBUG] 截图成功: D:\Documents\pythonProject\AICASS\examples\维修厂\发布询价\result\rodski_20260507_160150\screenshots\garage_publish_inquiry_07_用例_20260507_160204.png
2026-05-07 16:02:04,208 [DEBUG] 步骤截图: D:\Documents\pythonProject\AICASS\examples\维修厂\发布询价\result\rodski_20260507_160150\screenshots\garage_publish_inquiry_07_用例_20260507_160204.png
2026-05-07 16:02:04,208 [DEBUG] 步骤等待 0.3s
2026-05-07 16:02:04,509 [DEBUG]   [5] evaluate
2026-05-07 16:02:04,509 [INFO] 执行关键字: evaluate(data=(async()=>{const sleep=ms=>new Promise(r=>setTimeout(r,ms));const visible=el=>!!el&&el.isConnected&&!!(el.offsetWidth||el.offsetHeight||el.getClientRects().length);const enabled=el=>visible(el)&&!el.disabled&&!String(el.className||'').includes('disabled');for(let i=0;i<80;i++){const btn=document.querySelector('.save-inquiry,input.save-inquiry')||[...document.querySelectorAll('button,input,span')].find(el=>visible(el)&&(el.value==='发布询价'||String(el.textContent||'').trim()==='发布询价'));if(enabled(btn))return 'publish_button_ready';await sleep(250);}throw new Error('发布询价按钮未就绪，页面文本='+(document.body.innerText||'').slice(0,300));})())
2026-05-07 16:02:04,510 [INFO] 执行 JS: (async()=>{const sleep=ms=>new Promise(r=>setTimeout(r,ms));const visible=el=>!!el&&el.isConnected&&!!(el.offsetWidth||el.offsetHeight||el.getClientRects().length);const enabled=el=>visible(el)&&!el.d
2026-05-07 16:02:04,519 [INFO] JS 结果: publish_button_ready
2026-05-07 16:02:04,519 [DEBUG] evaluate 成功
2026-05-07 16:02:04,519 [INFO] [STEP] action=evaluate model=- status=OK source=evaluate
2026-05-07 16:02:04,519 [DEBUG]   history[8]='publish_button_ready'
2026-05-07 16:02:04,696 [DEBUG] 截图成功: D:\Documents\pythonProject\AICASS\examples\维修厂\发布询价\result\rodski_20260507_160150\screenshots\garage_publish_inquiry_08_用例_20260507_160204.png
2026-05-07 16:02:04,696 [DEBUG] 步骤截图: D:\Documents\pythonProject\AICASS\examples\维修厂\发布询价\result\rodski_20260507_160150\screenshots\garage_publish_inquiry_08_用例_20260507_160204.png
2026-05-07 16:02:04,696 [DEBUG] 步骤等待 0.3s
2026-05-07 16:02:04,996 [DEBUG]   [6] type
2026-05-07 16:02:04,996 [INFO] 执行关键字: type(model=InquiryPublishAction, data=publish_inquiry)
2026-05-07 16:02:04,997 [INFO] 批量输入: 模型=InquiryPublishAction, DataID=publish_inquiry
2026-05-07 16:02:04,997 [DEBUG] publishInquiryBtn: click css=.save-inquiry
2026-05-07 16:02:04,997 [DEBUG] 点击元素: css=.save-inquiry -> .save-inquiry
2026-05-07 16:02:10,043 [DEBUG] 尝试滚动到元素位置...
2026-05-07 16:02:13,182 [DEBUG] 尝试强制点击...
2026-05-07 16:02:13,206 [DEBUG]   ↳ 定位器 css=.save-inquiry 成功 (priority=1)
2026-05-07 16:02:13,206 [DEBUG] type 成功
2026-05-07 16:02:13,206 [INFO] [STEP] action=type model=InquiryPublishAction status=OK source=keyword_result
2026-05-07 16:02:13,206 [DEBUG]   history[9]={'publishInquiryBtn': 'click'}
2026-05-07 16:02:13,331 [DEBUG] 截图成功: D:\Documents\pythonProject\AICASS\examples\维修厂\发布询价\result\rodski_20260507_160150\screenshots\garage_publish_inquiry_09_用例_20260507_160213.png
2026-05-07 16:02:13,331 [DEBUG] 步骤截图: D:\Documents\pythonProject\AICASS\examples\维修厂\发布询价\result\rodski_20260507_160150\screenshots\garage_publish_inquiry_09_用例_20260507_160213.png
2026-05-07 16:02:13,331 [DEBUG] 步骤等待 0.3s
2026-05-07 16:02:13,632 [DEBUG]   [7] verify
2026-05-07 16:02:13,632 [INFO] 执行关键字: verify(model=InquiryPublishSuccessCheck, data=publish_success_generated_inquiry_id)
2026-05-07 16:02:13,633 [INFO] 批量验证: 模型=InquiryPublishSuccessCheck, 期望数据=publish_success_generated_inquiry_id
2026-05-07 16:02:43,648 [ERROR] get_text_locator 失败: xpath=//span[contains(@class,'header_inquiryId') and normalize-space(.)='询价单：'], 错误: Page.text_content: Timeout 30000ms exceeded.
Call log:
  - waiting for locator("//span[contains(@class,'header_inquiryId') and normalize-space(.)='询价单：']")

2026-05-07 16:02:43,648 [DEBUG] inquiryIdLabelWithGeneratedNo: 实际='', 期望='询价单：' → FAIL
2026-05-07 16:02:43,648 [ERROR] 批量验证失败: inquiryIdLabelWithGeneratedNo(期望='询价单：', 实际='')
2026-05-07 16:02:43,648 [ERROR] ❌ 断言失败: [SKI331] 批量验证失败: inquiryIdLabelWithGeneratedNo(期望='询价单：', 实际='')
  mismatches: [{'element': 'inquiryIdLabelWithGeneratedNo', 'expected': '询价单：', 'actual': ''}]
2026-05-07 16:02:43,649 [ERROR] 用例阶段失败: [SKI331] 批量验证失败: inquiryIdLabelWithGeneratedNo(期望='询价单：', 实际='')
  mismatches: [{'element': 'inquiryIdLabelWithGeneratedNo', 'expected': '询价单：', 'actual': ''}]
2026-05-07 16:02:43,936 [DEBUG] 截图成功: D:\Documents\pythonProject\AICASS\examples\维修厂\发布询价\result\rodski_20260507_160150\screenshots\garage_publish_inquiry_20260507_160243_failure.png
2026-05-07 16:02:43,936 [INFO] 失败截图已保存: D:\Documents\pythonProject\AICASS\examples\维修厂\发布询价\result\rodski_20260507_160150\screenshots\garage_publish_inquiry_20260507_160243_failure.png
2026-05-07 16:02:43,936 [DEBUG]   [1] close
2026-05-07 16:02:43,936 [INFO] 执行关键字: close()
2026-05-07 16:02:43,936 [INFO] 关闭浏览器
2026-05-07 16:02:44,189 [DEBUG] close 成功
2026-05-07 16:02:44,190 [INFO] [STEP] action=close model=- status=OK source=keyword_result
2026-05-07 16:02:44,190 [DEBUG]   history[11]=True
2026-05-07 16:02:44,190 [INFO] 浏览器已关闭
2026-05-07 16:02:44,191 [INFO] execution_summary.json 已写入: D:\Documents\pythonProject\AICASS\examples\维修厂\发布询价\result\rodski_20260507_160150\execution_summary.json
2026-05-07 16:02:44,191 [INFO]   FAIL (53.55s)
2026-05-07 16:02:44,191 [ERROR]   错误: [SKI331] 批量验证失败: inquiryIdLabelWithGeneratedNo(期望='询价单：', 实际='')
  mismatches: [{'element': 'inquiryIdLabelWithGeneratedNo', 'expected': '询价单：', 'actual': ''}]
2026-05-07 16:02:44,203 [INFO] 结果已写入 rodski_20260507_160150/result.xml: 总计 1 条, 通过 0 条, 失败 1 条, 通过率 0.0%
