2026-05-11 10:06:57,961 [INFO] 执行用例 1/3: LOGIN_001 - 未登录直接访问管理中心首页应被认证拦截
2026-05-11 10:06:58,494 [INFO] Playwright 原生录制已启动: D:\Documents\pythonProject\AICASS\examples\电商\管理中心\登录\result\rodski_20260511_100657\recordings\LOGIN_001_20260511_100657_01.webm (分辨率: {'width': 1920, 'height': 1080})
2026-05-11 10:06:58,494 [INFO]   [1] scenario LOGIN_001_ACCESS_ADMIN - 未登录访问管理中心首页 (group=auth, tag=['login', 'p0', 'smoke', 'unauthenticated'])
2026-05-11 10:06:58,495 [DEBUG]   [1] navigate
2026-05-11 10:06:58,495 [DEBUG] 数据解析: 'GlobalValue.Env.admin_url' -> 'https://ec-hwbeta.casstime.com/admin#'
2026-05-11 10:06:58,495 [INFO] 执行关键字: navigate(data=https://ec-hwbeta.casstime.com/admin#)
2026-05-11 10:06:58,496 [INFO] 导航: https://ec-hwbeta.casstime.com/admin#
2026-05-11 10:07:00,587 [DEBUG] 导航成功: https://ec-hwbeta.casstime.com/admin#
2026-05-11 10:07:00,587 [DEBUG] navigate 成功
2026-05-11 10:07:00,587 [INFO] [STEP] action=navigate model=- status=OK source=keyword_result
2026-05-11 10:07:00,587 [DEBUG]   history[0]=True
2026-05-11 10:07:00,696 [DEBUG] 截图成功: D:\Documents\pythonProject\AICASS\examples\电商\管理中心\登录\result\rodski_20260511_100657\screenshots\LOGIN_001_LOGIN_001_ACCESS_ADMIN_未登录访问管理中心首页\01_20260511_100700.png
2026-05-11 10:07:00,696 [DEBUG] 步骤截图: D:\Documents\pythonProject\AICASS\examples\电商\管理中心\登录\result\rodski_20260511_100657\screenshots\LOGIN_001_LOGIN_001_ACCESS_ADMIN_未登录访问管理中心首页\01_20260511_100700.png
2026-05-11 10:07:00,696 [DEBUG] 步骤等待 0.001s
2026-05-11 10:07:00,697 [DEBUG]   [1] wait
2026-05-11 10:07:00,698 [INFO] 执行关键字: wait(data=2)
2026-05-11 10:07:00,698 [INFO] 等待: 2秒
2026-05-11 10:07:02,698 [DEBUG] wait 成功
2026-05-11 10:07:02,698 [INFO] [STEP] action=wait model=- status=OK source=keyword_result
2026-05-11 10:07:02,698 [DEBUG]   history[1]=True
2026-05-11 10:07:02,699 [INFO]   [2] scenario LOGIN_001_ASSERT_BLOCKED - 校验未登录访问被认证拦截 (group=auth, tag=['login', 'p0', 'smoke', 'assert'])
2026-05-11 10:07:02,699 [DEBUG]   [2] evaluate
2026-05-11 10:07:02,699 [INFO] 执行关键字: evaluate(data=(() => { const text = document.body ? document.body.innerText : ''; const url = location.href; const hasHomeShell = !!document.querySelector('#iframeCon, .main-sidebar, .sidebar, .content-wrapper, .main-header'); const hasLoginControl = !!document.querySelector('input[name="username"], input[name="password"], input[type="password"]'); const hasLogout = !!document.querySelector('a[href="/logout"], a[href$="/logout"]'); const blocked = hasLoginControl || /login|passport|登录|登入|认证|未登录|403|forbidden|unauthor/i.test(url + ' ' + text) || text.trim() === ''; if (hasHomeShell && hasLogout) { throw new Error('未登录访问管理中心时进入了已登录首页，currentUrl=' + url); } if (blocked || !hasHomeShell) { return 'unauthenticated-blocked'; } throw new Error('未登录访问后的页面状态无法确认，currentUrl=' + url); })())
2026-05-11 10:07:02,699 [INFO] 执行 JS: (() => { const text = document.body ? document.body.innerText : ''; const url = location.href; const hasHomeShell = !!document.querySelector('#iframeCon, .main-sidebar, .sidebar, .content-wrapper, .ma
2026-05-11 10:07:02,704 [INFO] JS 结果: unauthenticated-blocked
2026-05-11 10:07:02,704 [DEBUG] evaluate 成功
2026-05-11 10:07:02,704 [INFO] [STEP] action=evaluate model=- status=OK source=evaluate
2026-05-11 10:07:02,704 [DEBUG]   history[2]='unauthenticated-blocked'
2026-05-11 10:07:02,806 [DEBUG] 截图成功: D:\Documents\pythonProject\AICASS\examples\电商\管理中心\登录\result\rodski_20260511_100657\screenshots\LOGIN_001_LOGIN_001_ASSERT_BLOCKED_校验未登录访问被认证拦截\02_20260511_100702.png
2026-05-11 10:07:02,806 [DEBUG] 步骤截图: D:\Documents\pythonProject\AICASS\examples\电商\管理中心\登录\result\rodski_20260511_100657\screenshots\LOGIN_001_LOGIN_001_ASSERT_BLOCKED_校验未登录访问被认证拦截\02_20260511_100702.png
2026-05-11 10:07:02,807 [DEBUG] 步骤等待 0.001s
2026-05-11 10:07:02,808 [DEBUG]   [1] close
2026-05-11 10:07:02,808 [INFO] 执行关键字: close()
2026-05-11 10:07:02,808 [INFO] 关闭浏览器
2026-05-11 10:07:03,417 [INFO] Playwright 原生录制已保存: D:\Documents\pythonProject\AICASS\examples\电商\管理中心\登录\result\rodski_20260511_100657\recordings\LOGIN_001_20260511_100657_01.webm
2026-05-11 10:07:03,485 [DEBUG] close 成功
2026-05-11 10:07:03,486 [INFO] [STEP] action=close model=- status=OK source=keyword_result
2026-05-11 10:07:03,486 [DEBUG]   history[3]=True
2026-05-11 10:07:03,487 [INFO] 浏览器已关闭
2026-05-11 10:07:03,488 [INFO] execution_summary.json 已写入: D:\Documents\pythonProject\AICASS\examples\电商\管理中心\登录\result\rodski_20260511_100657\execution_summary.json
2026-05-11 10:07:03,488 [INFO]   PASS (5.526s)
2026-05-11 10:07:03,488 [INFO] 用例 2/3: 驱动已关闭，重新创建浏览器...
2026-05-11 10:07:03,488 [INFO] 驱动已关闭，重新创建驱动...
2026-05-11 10:07:03,488 [INFO] 驱动重新创建成功
2026-05-11 10:07:03,488 [INFO] 新浏览器已启动
2026-05-11 10:07:03,488 [INFO] 执行用例 2/3: LOGIN_002 - 使用有效账号登录后进入管理中心首页
2026-05-11 10:07:03,943 [INFO] Playwright 原生录制已启动: D:\Documents\pythonProject\AICASS\examples\电商\管理中心\登录\result\rodski_20260511_100657\recordings\LOGIN_002_20260511_100703_01.webm (分辨率: {'width': 1920, 'height': 1080})
2026-05-11 10:07:03,944 [INFO]   [1] scenario LOGIN_002_OPEN_LOGIN - 打开管理中心登录入口 (group=positive, tag=['login', 'p0', 'smoke', 'navigate'])
2026-05-11 10:07:03,944 [DEBUG]   [1] navigate
2026-05-11 10:07:03,944 [DEBUG] 数据解析: 'GlobalValue.Env.admin_url' -> 'https://ec-hwbeta.casstime.com/admin#'
2026-05-11 10:07:03,944 [INFO] 执行关键字: navigate(data=https://ec-hwbeta.casstime.com/admin#)
2026-05-11 10:07:03,944 [INFO] 导航: https://ec-hwbeta.casstime.com/admin#
2026-05-11 10:07:07,841 [DEBUG] 导航成功: https://ec-hwbeta.casstime.com/admin#
2026-05-11 10:07:07,841 [DEBUG] navigate 成功
2026-05-11 10:07:07,841 [INFO] [STEP] action=navigate model=- status=OK source=keyword_result
2026-05-11 10:07:07,841 [DEBUG]   history[0]=True
2026-05-11 10:07:07,962 [DEBUG] 截图成功: D:\Documents\pythonProject\AICASS\examples\电商\管理中心\登录\result\rodski_20260511_100657\screenshots\LOGIN_002_LOGIN_002_OPEN_LOGIN_打开管理中心登录入口\01_20260511_100707.png
2026-05-11 10:07:07,963 [DEBUG] 步骤截图: D:\Documents\pythonProject\AICASS\examples\电商\管理中心\登录\result\rodski_20260511_100657\screenshots\LOGIN_002_LOGIN_002_OPEN_LOGIN_打开管理中心登录入口\01_20260511_100707.png
2026-05-11 10:07:07,963 [DEBUG] 步骤等待 0.001s
2026-05-11 10:07:07,964 [DEBUG]   [1] wait
2026-05-11 10:07:07,964 [INFO] 执行关键字: wait(data=2)
2026-05-11 10:07:07,964 [INFO] 等待: 2秒
2026-05-11 10:07:09,964 [DEBUG] wait 成功
2026-05-11 10:07:09,965 [INFO] [STEP] action=wait model=- status=OK source=keyword_result
2026-05-11 10:07:09,965 [DEBUG]   history[1]=True
2026-05-11 10:07:09,965 [INFO]   [2] scenario LOGIN_002_SUBMIT_VALID - 使用有效账号提交登录 (group=positive, tag=['login', 'p0', 'smoke', 'submit'])
2026-05-11 10:07:09,965 [DEBUG]   [2] type
2026-05-11 10:07:09,965 [INFO] 执行关键字: type(model=PassportLogin, data=ValidCredential)
2026-05-11 10:07:09,965 [INFO] 批量输入: 模型=PassportLogin, DataID=ValidCredential
2026-05-11 10:07:09,965 [DEBUG] loginModePassword: click css=span[type='PASSWORD']
2026-05-11 10:07:09,965 [DEBUG] 点击元素: css=span[type='PASSWORD'] -> span[type='PASSWORD']
2026-05-11 10:07:10,029 [DEBUG]   ↳ 定位器 css=span[type='PASSWORD'] 成功 (priority=1)
2026-05-11 10:07:10,029 [DEBUG] username: id=userName <- 'mandy'
2026-05-11 10:07:10,029 [DEBUG] 输入文本: id=userName -> #userName
2026-05-11 10:07:10,059 [DEBUG]   ↳ 定位器 id=userName 成功 (priority=1)
2026-05-11 10:07:10,059 [DEBUG] password: name=password <- '***'
2026-05-11 10:07:10,059 [DEBUG] 输入文本: name=password -> [name="password"]
2026-05-11 10:07:10,093 [DEBUG]   ↳ 定位器 name=password 成功 (priority=1)
2026-05-11 10:07:10,093 [DEBUG] agreement: click css=.bre-login-privacy-modal_entry-checkbox
2026-05-11 10:07:10,093 [DEBUG] 点击元素: css=.bre-login-privacy-modal_entry-checkbox -> .bre-login-privacy-modal_entry-checkbox
2026-05-11 10:07:10,152 [DEBUG]   ↳ 定位器 css=.bre-login-privacy-modal_entry-checkbox 成功 (priority=1)
2026-05-11 10:07:10,152 [DEBUG] submit: click css=input.btn-submit
2026-05-11 10:07:10,152 [DEBUG] 点击元素: css=input.btn-submit -> input.btn-submit
2026-05-11 10:07:10,190 [DEBUG]   ↳ 定位器 css=input.btn-submit 成功 (priority=1)
2026-05-11 10:07:10,190 [DEBUG] type 成功
2026-05-11 10:07:10,191 [INFO] [STEP] action=type model=PassportLogin status=OK source=keyword_result
2026-05-11 10:07:10,191 [DEBUG]   history[2]={'loginModePassword': 'click', 'username': 'mandy', 'password': 'Init@1125!@#$.Password', 'agreement': 'click', 'submit': 'click'}
2026-05-11 10:07:10,446 [DEBUG] 截图成功: D:\Documents\pythonProject\AICASS\examples\电商\管理中心\登录\result\rodski_20260511_100657\screenshots\LOGIN_002_LOGIN_002_SUBMIT_VALID_使用有效账号提交登录\02_20260511_100710.png
2026-05-11 10:07:10,446 [DEBUG] 步骤截图: D:\Documents\pythonProject\AICASS\examples\电商\管理中心\登录\result\rodski_20260511_100657\screenshots\LOGIN_002_LOGIN_002_SUBMIT_VALID_使用有效账号提交登录\02_20260511_100710.png
2026-05-11 10:07:10,446 [DEBUG] 步骤等待 0.001s
2026-05-11 10:07:10,448 [DEBUG]   [2] wait
2026-05-11 10:07:10,448 [INFO] 执行关键字: wait(data=5)
2026-05-11 10:07:10,448 [INFO] 等待: 5秒
2026-05-11 10:07:15,448 [DEBUG] wait 成功
2026-05-11 10:07:15,449 [INFO] [STEP] action=wait model=- status=OK source=keyword_result
2026-05-11 10:07:15,449 [DEBUG]   history[3]=True
2026-05-11 10:07:15,449 [INFO]   [3] scenario LOGIN_002_ASSERT_HOME - 校验进入管理中心首页 (group=positive, tag=['login', 'p0', 'smoke', 'assert'])
2026-05-11 10:07:15,449 [DEBUG]   [3] evaluate
2026-05-11 10:07:15,450 [INFO] 执行关键字: evaluate(data=(() => { const text = document.body ? document.body.innerText : ''; const url = location.href; const hasLogout = !!document.querySelector('a[href="/logout"], a[href$="/logout"]'); const hasUserLogin = !!document.querySelector('#userLogin'); const hasHomeShell = !!document.querySelector('#iframeCon, .main-sidebar, .sidebar, .content-wrapper, .main-header'); const stillOnLogin = !!document.querySelector('input[name="username"], input[name="password"], input[type="password"]') || /passport\/login|\/login/i.test(url); if ((hasLogout || hasUserLogin) && hasHomeShell && !stillOnLogin) { return 'login-success'; } throw new Error('登录成功页断言失败: currentUrl=' + url + ', hasLogout=' + hasLogout + ', hasUserLogin=' + hasUserLogin + ', hasHomeShell=' + hasHomeShell + ', stillOnLogin=' + stillOnLogin + ', text=' + text.slice(0, 120)); })())
2026-05-11 10:07:15,450 [INFO] 执行 JS: (() => { const text = document.body ? document.body.innerText : ''; const url = location.href; const hasLogout = !!document.querySelector('a[href="/logout"], a[href$="/logout"]'); const hasUserLogin =
2026-05-11 10:07:15,486 [INFO] JS 结果: login-success
2026-05-11 10:07:15,486 [DEBUG] evaluate 成功
2026-05-11 10:07:15,486 [INFO] [STEP] action=evaluate model=- status=OK source=evaluate
2026-05-11 10:07:15,487 [DEBUG]   history[4]='login-success'
2026-05-11 10:07:15,584 [DEBUG] 截图成功: D:\Documents\pythonProject\AICASS\examples\电商\管理中心\登录\result\rodski_20260511_100657\screenshots\LOGIN_002_LOGIN_002_ASSERT_HOME_校验进入管理中心首页\03_20260511_100715.png
2026-05-11 10:07:15,585 [DEBUG] 步骤截图: D:\Documents\pythonProject\AICASS\examples\电商\管理中心\登录\result\rodski_20260511_100657\screenshots\LOGIN_002_LOGIN_002_ASSERT_HOME_校验进入管理中心首页\03_20260511_100715.png
2026-05-11 10:07:15,585 [DEBUG] 步骤等待 0.001s
2026-05-11 10:07:15,586 [DEBUG]   [1] close
2026-05-11 10:07:15,586 [INFO] 执行关键字: close()
2026-05-11 10:07:15,586 [INFO] 关闭浏览器
2026-05-11 10:07:16,957 [INFO] Playwright 原生录制已保存: D:\Documents\pythonProject\AICASS\examples\电商\管理中心\登录\result\rodski_20260511_100657\recordings\LOGIN_002_20260511_100703_01.webm
2026-05-11 10:07:17,013 [DEBUG] close 成功
2026-05-11 10:07:17,013 [INFO] [STEP] action=close model=- status=OK source=keyword_result
2026-05-11 10:07:17,013 [DEBUG]   history[5]=True
2026-05-11 10:07:17,014 [INFO] 浏览器已关闭
2026-05-11 10:07:17,014 [INFO] execution_summary.json 已写入: D:\Documents\pythonProject\AICASS\examples\电商\管理中心\登录\result\rodski_20260511_100657\execution_summary.json
2026-05-11 10:07:17,014 [INFO]   PASS (13.526s)
2026-05-11 10:07:17,014 [INFO] 用例 3/3: 驱动已关闭，重新创建浏览器...
2026-05-11 10:07:17,014 [INFO] 驱动已关闭，重新创建驱动...
2026-05-11 10:07:17,014 [INFO] 驱动重新创建成功
2026-05-11 10:07:17,014 [INFO] 新浏览器已启动
2026-05-11 10:07:17,014 [INFO] 执行用例 3/3: LOGIN_003 - 登录后点击退出应清除会话并离开管理中心首页
2026-05-11 10:07:17,470 [INFO] Playwright 原生录制已启动: D:\Documents\pythonProject\AICASS\examples\电商\管理中心\登录\result\rodski_20260511_100657\recordings\LOGIN_003_20260511_100717_01.webm (分辨率: {'width': 1920, 'height': 1080})
2026-05-11 10:07:17,471 [INFO]   [1] scenario LOGIN_003_LOGIN_FIRST - 先登录进入管理中心首页 (group=logout, tag=['login', 'p0', 'smoke', 'prepare'])
2026-05-11 10:07:17,471 [DEBUG]   [1] navigate
2026-05-11 10:07:17,472 [DEBUG] 数据解析: 'GlobalValue.Env.admin_url' -> 'https://ec-hwbeta.casstime.com/admin#'
2026-05-11 10:07:17,472 [INFO] 执行关键字: navigate(data=https://ec-hwbeta.casstime.com/admin#)
2026-05-11 10:07:17,472 [INFO] 导航: https://ec-hwbeta.casstime.com/admin#
2026-05-11 10:07:20,436 [DEBUG] 导航成功: https://ec-hwbeta.casstime.com/admin#
2026-05-11 10:07:20,436 [DEBUG] navigate 成功
2026-05-11 10:07:20,436 [INFO] [STEP] action=navigate model=- status=OK source=keyword_result
2026-05-11 10:07:20,436 [DEBUG]   history[0]=True
2026-05-11 10:07:20,570 [DEBUG] 截图成功: D:\Documents\pythonProject\AICASS\examples\电商\管理中心\登录\result\rodski_20260511_100657\screenshots\LOGIN_003_LOGIN_003_LOGIN_FIRST_先登录进入管理中心首页\01_20260511_100720.png
2026-05-11 10:07:20,570 [DEBUG] 步骤截图: D:\Documents\pythonProject\AICASS\examples\电商\管理中心\登录\result\rodski_20260511_100657\screenshots\LOGIN_003_LOGIN_003_LOGIN_FIRST_先登录进入管理中心首页\01_20260511_100720.png
2026-05-11 10:07:20,571 [DEBUG] 步骤等待 0.001s
2026-05-11 10:07:20,572 [DEBUG]   [1] wait
2026-05-11 10:07:20,572 [INFO] 执行关键字: wait(data=2)
2026-05-11 10:07:20,572 [INFO] 等待: 2秒
2026-05-11 10:07:22,573 [DEBUG] wait 成功
2026-05-11 10:07:22,573 [INFO] [STEP] action=wait model=- status=OK source=keyword_result
2026-05-11 10:07:22,573 [DEBUG]   history[1]=True
2026-05-11 10:07:22,573 [DEBUG]   [1] type
2026-05-11 10:07:22,573 [INFO] 执行关键字: type(model=PassportLogin, data=ValidCredential)
2026-05-11 10:07:22,573 [INFO] 批量输入: 模型=PassportLogin, DataID=ValidCredential
2026-05-11 10:07:22,573 [DEBUG] loginModePassword: click css=span[type='PASSWORD']
2026-05-11 10:07:22,573 [DEBUG] 点击元素: css=span[type='PASSWORD'] -> span[type='PASSWORD']
2026-05-11 10:07:22,669 [DEBUG]   ↳ 定位器 css=span[type='PASSWORD'] 成功 (priority=1)
2026-05-11 10:07:22,669 [DEBUG] username: id=userName <- 'mandy'
2026-05-11 10:07:22,669 [DEBUG] 输入文本: id=userName -> #userName
2026-05-11 10:07:22,697 [DEBUG]   ↳ 定位器 id=userName 成功 (priority=1)
2026-05-11 10:07:22,697 [DEBUG] password: name=password <- '***'
2026-05-11 10:07:22,698 [DEBUG] 输入文本: name=password -> [name="password"]
2026-05-11 10:07:22,729 [DEBUG]   ↳ 定位器 name=password 成功 (priority=1)
2026-05-11 10:07:22,729 [DEBUG] agreement: click css=.bre-login-privacy-modal_entry-checkbox
2026-05-11 10:07:22,729 [DEBUG] 点击元素: css=.bre-login-privacy-modal_entry-checkbox -> .bre-login-privacy-modal_entry-checkbox
2026-05-11 10:07:22,777 [DEBUG]   ↳ 定位器 css=.bre-login-privacy-modal_entry-checkbox 成功 (priority=1)
2026-05-11 10:07:22,777 [DEBUG] submit: click css=input.btn-submit
2026-05-11 10:07:22,777 [DEBUG] 点击元素: css=input.btn-submit -> input.btn-submit
2026-05-11 10:07:22,826 [DEBUG]   ↳ 定位器 css=input.btn-submit 成功 (priority=1)
2026-05-11 10:07:22,826 [DEBUG] type 成功
2026-05-11 10:07:22,826 [INFO] [STEP] action=type model=PassportLogin status=OK source=keyword_result
2026-05-11 10:07:22,826 [DEBUG]   history[2]={'loginModePassword': 'click', 'username': 'mandy', 'password': 'Init@1125!@#$.Password', 'agreement': 'click', 'submit': 'click'}
2026-05-11 10:07:23,030 [DEBUG] 截图成功: D:\Documents\pythonProject\AICASS\examples\电商\管理中心\登录\result\rodski_20260511_100657\screenshots\LOGIN_003_LOGIN_003_LOGIN_FIRST_先登录进入管理中心首页\02_20260511_100722.png
2026-05-11 10:07:23,031 [DEBUG] 步骤截图: D:\Documents\pythonProject\AICASS\examples\电商\管理中心\登录\result\rodski_20260511_100657\screenshots\LOGIN_003_LOGIN_003_LOGIN_FIRST_先登录进入管理中心首页\02_20260511_100722.png
2026-05-11 10:07:23,031 [DEBUG] 步骤等待 0.001s
2026-05-11 10:07:23,032 [DEBUG]   [1] wait
2026-05-11 10:07:23,032 [INFO] 执行关键字: wait(data=5)
2026-05-11 10:07:23,033 [INFO] 等待: 5秒
2026-05-11 10:07:28,033 [DEBUG] wait 成功
2026-05-11 10:07:28,033 [INFO] [STEP] action=wait model=- status=OK source=keyword_result
2026-05-11 10:07:28,033 [DEBUG]   history[3]=True
2026-05-11 10:07:28,034 [INFO]   [2] scenario LOGIN_003_CLICK_LOGOUT - 点击管理中心退出入口 (group=logout, tag=['login', 'p0', 'smoke', 'logout'])
2026-05-11 10:07:28,034 [DEBUG]   [2] type
2026-05-11 10:07:28,034 [INFO] 执行关键字: type(model=AdminHome, data=LogoutClick)
2026-05-11 10:07:28,034 [INFO] 批量输入: 模型=AdminHome, DataID=LogoutClick
2026-05-11 10:07:28,034 [DEBUG] logout: click css=a[href='/logout']
2026-05-11 10:07:28,034 [DEBUG] 点击元素: css=a[href='/logout'] -> a[href='/logout']
2026-05-11 10:07:28,322 [DEBUG]   ↳ 定位器 css=a[href='/logout'] 成功 (priority=1)
2026-05-11 10:07:28,322 [DEBUG] type 成功
2026-05-11 10:07:28,322 [INFO] [STEP] action=type model=AdminHome status=OK source=keyword_result
2026-05-11 10:07:28,322 [DEBUG]   history[4]={'logout': 'click'}
2026-05-11 10:07:31,872 [DEBUG] 截图成功: D:\Documents\pythonProject\AICASS\examples\电商\管理中心\登录\result\rodski_20260511_100657\screenshots\LOGIN_003_LOGIN_003_CLICK_LOGOUT_点击管理中心退出入口\03_20260511_100728.png
2026-05-11 10:07:31,872 [DEBUG] 步骤截图: D:\Documents\pythonProject\AICASS\examples\电商\管理中心\登录\result\rodski_20260511_100657\screenshots\LOGIN_003_LOGIN_003_CLICK_LOGOUT_点击管理中心退出入口\03_20260511_100728.png
2026-05-11 10:07:31,872 [DEBUG] 步骤等待 0.001s
2026-05-11 10:07:31,874 [DEBUG]   [2] wait
2026-05-11 10:07:31,874 [INFO] 执行关键字: wait(data=3)
2026-05-11 10:07:31,874 [INFO] 等待: 3秒
2026-05-11 10:07:34,875 [DEBUG] wait 成功
2026-05-11 10:07:34,875 [INFO] [STEP] action=wait model=- status=OK source=keyword_result
2026-05-11 10:07:34,875 [DEBUG]   history[5]=True
2026-05-11 10:07:34,875 [INFO]   [3] scenario LOGIN_003_ASSERT_LOGOUT - 校验退出后离开已登录状态 (group=logout, tag=['login', 'p0', 'smoke', 'assert'])
2026-05-11 10:07:34,875 [DEBUG]   [3] evaluate
2026-05-11 10:07:34,876 [INFO] 执行关键字: evaluate(data=(() => { const text = document.body ? document.body.innerText : ''; const url = location.href; const hasHomeShell = !!document.querySelector('#iframeCon, .main-sidebar, .sidebar, .content-wrapper, .main-header'); const hasLogout = !!document.querySelector('a[href="/logout"], a[href$="/logout"]'); const hasLoginControl = !!document.querySelector('input[name="username"], input[name="password"], input[type="password"]'); const loggedOut = hasLoginControl || /login|passport|登录|登入|logout|认证|未登录/i.test(url + ' ' + text) || !hasHomeShell; if (loggedOut && !hasLogout) { return 'logout-success'; } throw new Error('退出后仍可能停留在管理中心已登录状态，currentUrl=' + url + ', hasHomeShell=' + hasHomeShell + ', hasLogout=' + hasLogout); })())
2026-05-11 10:07:34,876 [INFO] 执行 JS: (() => { const text = document.body ? document.body.innerText : ''; const url = location.href; const hasHomeShell = !!document.querySelector('#iframeCon, .main-sidebar, .sidebar, .content-wrapper, .ma
2026-05-11 10:07:34,884 [INFO] JS 结果: logout-success
2026-05-11 10:07:34,884 [DEBUG] evaluate 成功
2026-05-11 10:07:34,884 [INFO] [STEP] action=evaluate model=- status=OK source=evaluate
2026-05-11 10:07:34,884 [DEBUG]   history[6]='logout-success'
2026-05-11 10:07:34,987 [DEBUG] 截图成功: D:\Documents\pythonProject\AICASS\examples\电商\管理中心\登录\result\rodski_20260511_100657\screenshots\LOGIN_003_LOGIN_003_ASSERT_LOGOUT_校验退出后离开已登录状态\04_20260511_100734.png
2026-05-11 10:07:34,988 [DEBUG] 步骤截图: D:\Documents\pythonProject\AICASS\examples\电商\管理中心\登录\result\rodski_20260511_100657\screenshots\LOGIN_003_LOGIN_003_ASSERT_LOGOUT_校验退出后离开已登录状态\04_20260511_100734.png
2026-05-11 10:07:34,988 [DEBUG] 步骤等待 0.001s
2026-05-11 10:07:34,989 [DEBUG]   [1] close
2026-05-11 10:07:34,989 [INFO] 执行关键字: close()
2026-05-11 10:07:34,989 [INFO] 关闭浏览器
2026-05-11 10:07:35,698 [INFO] Playwright 原生录制已保存: D:\Documents\pythonProject\AICASS\examples\电商\管理中心\登录\result\rodski_20260511_100657\recordings\LOGIN_003_20260511_100717_01.webm
2026-05-11 10:07:35,754 [DEBUG] close 成功
2026-05-11 10:07:35,754 [INFO] [STEP] action=close model=- status=OK source=keyword_result
2026-05-11 10:07:35,754 [DEBUG]   history[7]=True
2026-05-11 10:07:35,755 [INFO] 浏览器已关闭
2026-05-11 10:07:35,756 [INFO] execution_summary.json 已写入: D:\Documents\pythonProject\AICASS\examples\电商\管理中心\登录\result\rodski_20260511_100657\execution_summary.json
2026-05-11 10:07:35,756 [INFO]   PASS (18.742s)
2026-05-11 10:07:35,769 [INFO] 结果已写入 rodski_20260511_100657/result.xml: 总计 3 条, 通过 3 条, 失败 0 条, 通过率 100.0%
