2026-05-09 14:38:45,333 [INFO] 执行用例 1/3: LOGIN_001 - 未登录直接访问管理中心首页应被认证拦截
2026-05-09 14:38:45,829 [INFO] Playwright 原生录制已启动: D:\Documents\pythonProject\AICASS\examples\管理中心\登录\result\rodski_20260509_143845\recordings\LOGIN_001_20260509_143845_01.webm (分辨率: {'width': 1920, 'height': 1080})
2026-05-09 14:38:45,830 [DEBUG]   [1] navigate
2026-05-09 14:38:45,830 [DEBUG] 数据解析: 'GlobalValue.Env.admin_url' -> 'https://ec-hwbeta.casstime.com/admin#'
2026-05-09 14:38:45,830 [INFO] 执行关键字: navigate(data=https://ec-hwbeta.casstime.com/admin#)
2026-05-09 14:38:45,830 [INFO] 导航: https://ec-hwbeta.casstime.com/admin#
2026-05-09 14:38:47,818 [DEBUG] 导航成功: https://ec-hwbeta.casstime.com/admin#
2026-05-09 14:38:47,819 [DEBUG] navigate 成功
2026-05-09 14:38:47,819 [INFO] [STEP] action=navigate model=- status=OK source=keyword_result
2026-05-09 14:38:47,819 [DEBUG]   history[0]=True
2026-05-09 14:38:47,925 [DEBUG] 截图成功: D:\Documents\pythonProject\AICASS\examples\管理中心\登录\result\rodski_20260509_143845\screenshots\LOGIN_001_01_用例_20260509_143847.png
2026-05-09 14:38:47,925 [DEBUG] 步骤截图: D:\Documents\pythonProject\AICASS\examples\管理中心\登录\result\rodski_20260509_143845\screenshots\LOGIN_001_01_用例_20260509_143847.png
2026-05-09 14:38:47,925 [DEBUG] 步骤等待 0.001s
2026-05-09 14:38:47,926 [DEBUG]   [2] wait
2026-05-09 14:38:47,927 [INFO] 执行关键字: wait(data=2)
2026-05-09 14:38:47,927 [INFO] 等待: 2秒
2026-05-09 14:38:49,927 [DEBUG] wait 成功
2026-05-09 14:38:49,927 [INFO] [STEP] action=wait model=- status=OK source=keyword_result
2026-05-09 14:38:49,927 [DEBUG]   history[1]=True
2026-05-09 14:38:49,927 [DEBUG]   [3] evaluate
2026-05-09 14:38:49,927 [INFO] 执行关键字: evaluate(data=(() => { const text = document.body ? document.body.innerText : ''; const url = location.href; const hasHomeShell = !!document.querySelector('#iframeCon, .main-sidebar, .sidebar, .content-wrapper, .main-header'); const hasLoginControl = !!document.querySelector('input[name="username"], input[name="password"], input[type="password"]'); const hasLogout = !!document.querySelector('a[href="/logout"], a[href$="/logout"]'); const blocked = hasLoginControl || /login|passport|登录|登入|认证|未登录|403|forbidden|unauthor/i.test(url + ' ' + text) || text.trim() === ''; if (hasHomeShell && hasLogout) { throw new Error('未登录访问管理中心时进入了已登录首页，currentUrl=' + url); } if (blocked || !hasHomeShell) { return 'unauthenticated-blocked'; } throw new Error('未登录访问后的页面状态无法确认，currentUrl=' + url); })())
2026-05-09 14:38:49,927 [INFO] 执行 JS: (() => { const text = document.body ? document.body.innerText : ''; const url = location.href; const hasHomeShell = !!document.querySelector('#iframeCon, .main-sidebar, .sidebar, .content-wrapper, .ma
2026-05-09 14:38:49,933 [INFO] JS 结果: unauthenticated-blocked
2026-05-09 14:38:49,933 [DEBUG] evaluate 成功
2026-05-09 14:38:49,933 [INFO] [STEP] action=evaluate model=- status=OK source=evaluate
2026-05-09 14:38:49,933 [DEBUG]   history[2]='unauthenticated-blocked'
2026-05-09 14:38:50,026 [DEBUG] 截图成功: D:\Documents\pythonProject\AICASS\examples\管理中心\登录\result\rodski_20260509_143845\screenshots\LOGIN_001_02_用例_20260509_143849.png
2026-05-09 14:38:50,026 [DEBUG] 步骤截图: D:\Documents\pythonProject\AICASS\examples\管理中心\登录\result\rodski_20260509_143845\screenshots\LOGIN_001_02_用例_20260509_143849.png
2026-05-09 14:38:50,026 [DEBUG] 步骤等待 0.001s
2026-05-09 14:38:50,027 [DEBUG]   [1] close
2026-05-09 14:38:50,027 [INFO] 执行关键字: close()
2026-05-09 14:38:50,027 [INFO] 关闭浏览器
2026-05-09 14:38:50,527 [INFO] Playwright 原生录制已保存: D:\Documents\pythonProject\AICASS\examples\管理中心\登录\result\rodski_20260509_143845\recordings\LOGIN_001_20260509_143845_01.webm
2026-05-09 14:38:50,590 [DEBUG] close 成功
2026-05-09 14:38:50,590 [INFO] [STEP] action=close model=- status=OK source=keyword_result
2026-05-09 14:38:50,590 [DEBUG]   history[3]=True
2026-05-09 14:38:50,591 [INFO] 浏览器已关闭
2026-05-09 14:38:50,591 [INFO] execution_summary.json 已写入: D:\Documents\pythonProject\AICASS\examples\管理中心\登录\result\rodski_20260509_143845\execution_summary.json
2026-05-09 14:38:50,591 [INFO]   PASS (5.258s)
2026-05-09 14:38:50,591 [INFO] 用例 2/3: 驱动已关闭，重新创建浏览器...
2026-05-09 14:38:50,591 [INFO] 驱动已关闭，重新创建驱动...
2026-05-09 14:38:50,591 [INFO] 驱动重新创建成功
2026-05-09 14:38:50,591 [INFO] 新浏览器已启动
2026-05-09 14:38:50,591 [INFO] 执行用例 2/3: LOGIN_002 - 使用有效账号登录后进入管理中心首页
2026-05-09 14:38:51,070 [INFO] Playwright 原生录制已启动: D:\Documents\pythonProject\AICASS\examples\管理中心\登录\result\rodski_20260509_143845\recordings\LOGIN_002_20260509_143850_01.webm (分辨率: {'width': 1920, 'height': 1080})
2026-05-09 14:38:51,071 [DEBUG]   [1] navigate
2026-05-09 14:38:51,071 [DEBUG] 数据解析: 'GlobalValue.Env.admin_url' -> 'https://ec-hwbeta.casstime.com/admin#'
2026-05-09 14:38:51,071 [INFO] 执行关键字: navigate(data=https://ec-hwbeta.casstime.com/admin#)
2026-05-09 14:38:51,071 [INFO] 导航: https://ec-hwbeta.casstime.com/admin#
2026-05-09 14:38:54,699 [DEBUG] 导航成功: https://ec-hwbeta.casstime.com/admin#
2026-05-09 14:38:54,699 [DEBUG] navigate 成功
2026-05-09 14:38:54,699 [INFO] [STEP] action=navigate model=- status=OK source=keyword_result
2026-05-09 14:38:54,699 [DEBUG]   history[0]=True
2026-05-09 14:38:54,790 [DEBUG] 截图成功: D:\Documents\pythonProject\AICASS\examples\管理中心\登录\result\rodski_20260509_143845\screenshots\LOGIN_002_01_用例_20260509_143854.png
2026-05-09 14:38:54,790 [DEBUG] 步骤截图: D:\Documents\pythonProject\AICASS\examples\管理中心\登录\result\rodski_20260509_143845\screenshots\LOGIN_002_01_用例_20260509_143854.png
2026-05-09 14:38:54,790 [DEBUG] 步骤等待 0.001s
2026-05-09 14:38:54,792 [DEBUG]   [2] wait
2026-05-09 14:38:54,792 [INFO] 执行关键字: wait(data=2)
2026-05-09 14:38:54,792 [INFO] 等待: 2秒
2026-05-09 14:38:56,792 [DEBUG] wait 成功
2026-05-09 14:38:56,792 [INFO] [STEP] action=wait model=- status=OK source=keyword_result
2026-05-09 14:38:56,792 [DEBUG]   history[1]=True
2026-05-09 14:38:56,792 [DEBUG]   [3] type
2026-05-09 14:38:56,793 [INFO] 执行关键字: type(model=PassportLogin, data=ValidCredential)
2026-05-09 14:38:56,793 [INFO] 批量输入: 模型=PassportLogin, DataID=ValidCredential
2026-05-09 14:38:56,793 [DEBUG] loginModePassword: click css=span[type='PASSWORD']
2026-05-09 14:38:56,793 [DEBUG] 点击元素: css=span[type='PASSWORD'] -> span[type='PASSWORD']
2026-05-09 14:38:56,863 [DEBUG]   ↳ 定位器 css=span[type='PASSWORD'] 成功 (priority=1)
2026-05-09 14:38:56,863 [DEBUG] username: id=userName <- 'mandy'
2026-05-09 14:38:56,863 [DEBUG] 输入文本: id=userName -> #userName
2026-05-09 14:38:56,891 [DEBUG]   ↳ 定位器 id=userName 成功 (priority=1)
2026-05-09 14:38:56,891 [DEBUG] password: name=password <- '***'
2026-05-09 14:38:56,891 [DEBUG] 输入文本: name=password -> [name="password"]
2026-05-09 14:38:56,917 [DEBUG]   ↳ 定位器 name=password 成功 (priority=1)
2026-05-09 14:38:56,917 [DEBUG] agreement: click css=.bre-login-privacy-modal_entry-checkbox
2026-05-09 14:38:56,917 [DEBUG] 点击元素: css=.bre-login-privacy-modal_entry-checkbox -> .bre-login-privacy-modal_entry-checkbox
2026-05-09 14:38:56,974 [DEBUG]   ↳ 定位器 css=.bre-login-privacy-modal_entry-checkbox 成功 (priority=1)
2026-05-09 14:38:56,974 [DEBUG] submit: click css=input.btn-submit
2026-05-09 14:38:56,974 [DEBUG] 点击元素: css=input.btn-submit -> input.btn-submit
2026-05-09 14:38:57,018 [DEBUG]   ↳ 定位器 css=input.btn-submit 成功 (priority=1)
2026-05-09 14:38:57,018 [DEBUG] type 成功
2026-05-09 14:38:57,018 [INFO] [STEP] action=type model=PassportLogin status=OK source=keyword_result
2026-05-09 14:38:57,018 [DEBUG]   history[2]={'loginModePassword': 'click', 'username': 'mandy', 'password': 'Init@1125!@#$.Password', 'agreement': 'click', 'submit': 'click'}
2026-05-09 14:38:57,104 [DEBUG] 截图成功: D:\Documents\pythonProject\AICASS\examples\管理中心\登录\result\rodski_20260509_143845\screenshots\LOGIN_002_02_用例_20260509_143857.png
2026-05-09 14:38:57,104 [DEBUG] 步骤截图: D:\Documents\pythonProject\AICASS\examples\管理中心\登录\result\rodski_20260509_143845\screenshots\LOGIN_002_02_用例_20260509_143857.png
2026-05-09 14:38:57,104 [DEBUG] 步骤等待 0.001s
2026-05-09 14:38:57,105 [DEBUG]   [4] wait
2026-05-09 14:38:57,106 [INFO] 执行关键字: wait(data=5)
2026-05-09 14:38:57,106 [INFO] 等待: 5秒
2026-05-09 14:39:02,106 [DEBUG] wait 成功
2026-05-09 14:39:02,106 [INFO] [STEP] action=wait model=- status=OK source=keyword_result
2026-05-09 14:39:02,106 [DEBUG]   history[3]=True
2026-05-09 14:39:02,106 [DEBUG]   [5] evaluate
2026-05-09 14:39:02,107 [INFO] 执行关键字: evaluate(data=(() => { const text = document.body ? document.body.innerText : ''; const url = location.href; const hasLogout = !!document.querySelector('a[href="/logout"], a[href$="/logout"]'); const hasUserLogin = !!document.querySelector('#userLogin'); const hasHomeShell = !!document.querySelector('#iframeCon, .main-sidebar, .sidebar, .content-wrapper, .main-header'); const stillOnLogin = !!document.querySelector('input[name="username"], input[name="password"], input[type="password"]') || /passport\/login|\/login/i.test(url); if ((hasLogout || hasUserLogin) && hasHomeShell && !stillOnLogin) { return 'login-success'; } throw new Error('登录成功页断言失败: currentUrl=' + url + ', hasLogout=' + hasLogout + ', hasUserLogin=' + hasUserLogin + ', hasHomeShell=' + hasHomeShell + ', stillOnLogin=' + stillOnLogin + ', text=' + text.slice(0, 120)); })())
2026-05-09 14:39:02,107 [INFO] 执行 JS: (() => { const text = document.body ? document.body.innerText : ''; const url = location.href; const hasLogout = !!document.querySelector('a[href="/logout"], a[href$="/logout"]'); const hasUserLogin =
2026-05-09 14:39:02,140 [INFO] JS 结果: login-success
2026-05-09 14:39:02,140 [DEBUG] evaluate 成功
2026-05-09 14:39:02,140 [INFO] [STEP] action=evaluate model=- status=OK source=evaluate
2026-05-09 14:39:02,140 [DEBUG]   history[4]='login-success'
2026-05-09 14:39:02,207 [DEBUG] 截图成功: D:\Documents\pythonProject\AICASS\examples\管理中心\登录\result\rodski_20260509_143845\screenshots\LOGIN_002_03_用例_20260509_143902.png
2026-05-09 14:39:02,207 [DEBUG] 步骤截图: D:\Documents\pythonProject\AICASS\examples\管理中心\登录\result\rodski_20260509_143845\screenshots\LOGIN_002_03_用例_20260509_143902.png
2026-05-09 14:39:02,207 [DEBUG] 步骤等待 0.001s
2026-05-09 14:39:02,208 [DEBUG]   [1] close
2026-05-09 14:39:02,209 [INFO] 执行关键字: close()
2026-05-09 14:39:02,209 [INFO] 关闭浏览器
2026-05-09 14:39:03,257 [INFO] Playwright 原生录制已保存: D:\Documents\pythonProject\AICASS\examples\管理中心\登录\result\rodski_20260509_143845\recordings\LOGIN_002_20260509_143850_01.webm
2026-05-09 14:39:03,313 [DEBUG] close 成功
2026-05-09 14:39:03,313 [INFO] [STEP] action=close model=- status=OK source=keyword_result
2026-05-09 14:39:03,313 [DEBUG]   history[5]=True
2026-05-09 14:39:03,314 [INFO] 浏览器已关闭
2026-05-09 14:39:03,314 [INFO] execution_summary.json 已写入: D:\Documents\pythonProject\AICASS\examples\管理中心\登录\result\rodski_20260509_143845\execution_summary.json
2026-05-09 14:39:03,315 [INFO]   PASS (12.723s)
2026-05-09 14:39:03,315 [INFO] 用例 3/3: 驱动已关闭，重新创建浏览器...
2026-05-09 14:39:03,315 [INFO] 驱动已关闭，重新创建驱动...
2026-05-09 14:39:03,315 [INFO] 驱动重新创建成功
2026-05-09 14:39:03,315 [INFO] 新浏览器已启动
2026-05-09 14:39:03,315 [INFO] 执行用例 3/3: LOGIN_003 - 登录后点击退出应清除会话并离开管理中心首页
2026-05-09 14:39:03,758 [INFO] Playwright 原生录制已启动: D:\Documents\pythonProject\AICASS\examples\管理中心\登录\result\rodski_20260509_143845\recordings\LOGIN_003_20260509_143903_01.webm (分辨率: {'width': 1920, 'height': 1080})
2026-05-09 14:39:03,759 [DEBUG]   [1] navigate
2026-05-09 14:39:03,759 [DEBUG] 数据解析: 'GlobalValue.Env.admin_url' -> 'https://ec-hwbeta.casstime.com/admin#'
2026-05-09 14:39:03,759 [INFO] 执行关键字: navigate(data=https://ec-hwbeta.casstime.com/admin#)
2026-05-09 14:39:03,759 [INFO] 导航: https://ec-hwbeta.casstime.com/admin#
2026-05-09 14:39:08,743 [DEBUG] 导航成功: https://ec-hwbeta.casstime.com/admin#
2026-05-09 14:39:08,743 [DEBUG] navigate 成功
2026-05-09 14:39:08,743 [INFO] [STEP] action=navigate model=- status=OK source=keyword_result
2026-05-09 14:39:08,743 [DEBUG]   history[0]=True
2026-05-09 14:39:08,840 [DEBUG] 截图成功: D:\Documents\pythonProject\AICASS\examples\管理中心\登录\result\rodski_20260509_143845\screenshots\LOGIN_003_01_用例_20260509_143908.png
2026-05-09 14:39:08,840 [DEBUG] 步骤截图: D:\Documents\pythonProject\AICASS\examples\管理中心\登录\result\rodski_20260509_143845\screenshots\LOGIN_003_01_用例_20260509_143908.png
2026-05-09 14:39:08,840 [DEBUG] 步骤等待 0.001s
2026-05-09 14:39:08,842 [DEBUG]   [2] wait
2026-05-09 14:39:08,842 [INFO] 执行关键字: wait(data=2)
2026-05-09 14:39:08,842 [INFO] 等待: 2秒
2026-05-09 14:39:10,842 [DEBUG] wait 成功
2026-05-09 14:39:10,843 [INFO] [STEP] action=wait model=- status=OK source=keyword_result
2026-05-09 14:39:10,843 [DEBUG]   history[1]=True
2026-05-09 14:39:10,843 [DEBUG]   [3] type
2026-05-09 14:39:10,843 [INFO] 执行关键字: type(model=PassportLogin, data=ValidCredential)
2026-05-09 14:39:10,843 [INFO] 批量输入: 模型=PassportLogin, DataID=ValidCredential
2026-05-09 14:39:10,843 [DEBUG] loginModePassword: click css=span[type='PASSWORD']
2026-05-09 14:39:10,843 [DEBUG] 点击元素: css=span[type='PASSWORD'] -> span[type='PASSWORD']
2026-05-09 14:39:10,909 [DEBUG]   ↳ 定位器 css=span[type='PASSWORD'] 成功 (priority=1)
2026-05-09 14:39:10,909 [DEBUG] username: id=userName <- 'mandy'
2026-05-09 14:39:10,909 [DEBUG] 输入文本: id=userName -> #userName
2026-05-09 14:39:10,931 [DEBUG]   ↳ 定位器 id=userName 成功 (priority=1)
2026-05-09 14:39:10,931 [DEBUG] password: name=password <- '***'
2026-05-09 14:39:10,931 [DEBUG] 输入文本: name=password -> [name="password"]
2026-05-09 14:39:10,955 [DEBUG]   ↳ 定位器 name=password 成功 (priority=1)
2026-05-09 14:39:10,955 [DEBUG] agreement: click css=.bre-login-privacy-modal_entry-checkbox
2026-05-09 14:39:10,955 [DEBUG] 点击元素: css=.bre-login-privacy-modal_entry-checkbox -> .bre-login-privacy-modal_entry-checkbox
2026-05-09 14:39:11,009 [DEBUG]   ↳ 定位器 css=.bre-login-privacy-modal_entry-checkbox 成功 (priority=1)
2026-05-09 14:39:11,009 [DEBUG] submit: click css=input.btn-submit
2026-05-09 14:39:11,009 [DEBUG] 点击元素: css=input.btn-submit -> input.btn-submit
2026-05-09 14:39:11,050 [DEBUG]   ↳ 定位器 css=input.btn-submit 成功 (priority=1)
2026-05-09 14:39:11,050 [DEBUG] type 成功
2026-05-09 14:39:11,050 [INFO] [STEP] action=type model=PassportLogin status=OK source=keyword_result
2026-05-09 14:39:11,050 [DEBUG]   history[2]={'loginModePassword': 'click', 'username': 'mandy', 'password': 'Init@1125!@#$.Password', 'agreement': 'click', 'submit': 'click'}
2026-05-09 14:39:11,257 [DEBUG] 截图成功: D:\Documents\pythonProject\AICASS\examples\管理中心\登录\result\rodski_20260509_143845\screenshots\LOGIN_003_02_用例_20260509_143911.png
2026-05-09 14:39:11,257 [DEBUG] 步骤截图: D:\Documents\pythonProject\AICASS\examples\管理中心\登录\result\rodski_20260509_143845\screenshots\LOGIN_003_02_用例_20260509_143911.png
2026-05-09 14:39:11,257 [DEBUG] 步骤等待 0.001s
2026-05-09 14:39:11,259 [DEBUG]   [4] wait
2026-05-09 14:39:11,259 [INFO] 执行关键字: wait(data=5)
2026-05-09 14:39:11,259 [INFO] 等待: 5秒
2026-05-09 14:39:16,259 [DEBUG] wait 成功
2026-05-09 14:39:16,259 [INFO] [STEP] action=wait model=- status=OK source=keyword_result
2026-05-09 14:39:16,259 [DEBUG]   history[3]=True
2026-05-09 14:39:16,260 [DEBUG]   [5] type
2026-05-09 14:39:16,260 [INFO] 执行关键字: type(model=AdminHome, data=LogoutClick)
2026-05-09 14:39:16,260 [INFO] 批量输入: 模型=AdminHome, DataID=LogoutClick
2026-05-09 14:39:16,260 [DEBUG] logout: click css=a[href='/logout']
2026-05-09 14:39:16,260 [DEBUG] 点击元素: css=a[href='/logout'] -> a[href='/logout']
2026-05-09 14:39:16,501 [DEBUG]   ↳ 定位器 css=a[href='/logout'] 成功 (priority=1)
2026-05-09 14:39:16,501 [DEBUG] type 成功
2026-05-09 14:39:16,501 [INFO] [STEP] action=type model=AdminHome status=OK source=keyword_result
2026-05-09 14:39:16,501 [DEBUG]   history[4]={'logout': 'click'}
2026-05-09 14:39:20,193 [DEBUG] 截图成功: D:\Documents\pythonProject\AICASS\examples\管理中心\登录\result\rodski_20260509_143845\screenshots\LOGIN_003_03_用例_20260509_143916.png
2026-05-09 14:39:20,193 [DEBUG] 步骤截图: D:\Documents\pythonProject\AICASS\examples\管理中心\登录\result\rodski_20260509_143845\screenshots\LOGIN_003_03_用例_20260509_143916.png
2026-05-09 14:39:20,194 [DEBUG] 步骤等待 0.001s
2026-05-09 14:39:20,196 [DEBUG]   [6] wait
2026-05-09 14:39:20,196 [INFO] 执行关键字: wait(data=3)
2026-05-09 14:39:20,196 [INFO] 等待: 3秒
2026-05-09 14:39:23,198 [DEBUG] wait 成功
2026-05-09 14:39:23,198 [INFO] [STEP] action=wait model=- status=OK source=keyword_result
2026-05-09 14:39:23,198 [DEBUG]   history[5]=True
2026-05-09 14:39:23,198 [DEBUG]   [7] evaluate
2026-05-09 14:39:23,198 [INFO] 执行关键字: evaluate(data=(() => { const text = document.body ? document.body.innerText : ''; const url = location.href; const hasHomeShell = !!document.querySelector('#iframeCon, .main-sidebar, .sidebar, .content-wrapper, .main-header'); const hasLogout = !!document.querySelector('a[href="/logout"], a[href$="/logout"]'); const hasLoginControl = !!document.querySelector('input[name="username"], input[name="password"], input[type="password"]'); const loggedOut = hasLoginControl || /login|passport|登录|登入|logout|认证|未登录/i.test(url + ' ' + text) || !hasHomeShell; if (loggedOut && !hasLogout) { return 'logout-success'; } throw new Error('退出后仍可能停留在管理中心已登录状态，currentUrl=' + url + ', hasHomeShell=' + hasHomeShell + ', hasLogout=' + hasLogout); })())
2026-05-09 14:39:23,198 [INFO] 执行 JS: (() => { const text = document.body ? document.body.innerText : ''; const url = location.href; const hasHomeShell = !!document.querySelector('#iframeCon, .main-sidebar, .sidebar, .content-wrapper, .ma
2026-05-09 14:39:23,208 [INFO] JS 结果: logout-success
2026-05-09 14:39:23,208 [DEBUG] evaluate 成功
2026-05-09 14:39:23,208 [INFO] [STEP] action=evaluate model=- status=OK source=evaluate
2026-05-09 14:39:23,208 [DEBUG]   history[6]='logout-success'
2026-05-09 14:39:23,432 [DEBUG] 截图成功: D:\Documents\pythonProject\AICASS\examples\管理中心\登录\result\rodski_20260509_143845\screenshots\LOGIN_003_04_用例_20260509_143923.png
2026-05-09 14:39:23,432 [DEBUG] 步骤截图: D:\Documents\pythonProject\AICASS\examples\管理中心\登录\result\rodski_20260509_143845\screenshots\LOGIN_003_04_用例_20260509_143923.png
2026-05-09 14:39:23,432 [DEBUG] 步骤等待 0.001s
2026-05-09 14:39:23,434 [DEBUG]   [1] close
2026-05-09 14:39:23,434 [INFO] 执行关键字: close()
2026-05-09 14:39:23,435 [INFO] 关闭浏览器
2026-05-09 14:39:24,936 [INFO] Playwright 原生录制已保存: D:\Documents\pythonProject\AICASS\examples\管理中心\登录\result\rodski_20260509_143845\recordings\LOGIN_003_20260509_143903_01.webm
2026-05-09 14:39:25,021 [DEBUG] close 成功
2026-05-09 14:39:25,022 [INFO] [STEP] action=close model=- status=OK source=keyword_result
2026-05-09 14:39:25,022 [DEBUG]   history[7]=True
2026-05-09 14:39:25,023 [INFO] 浏览器已关闭
2026-05-09 14:39:25,025 [INFO] execution_summary.json 已写入: D:\Documents\pythonProject\AICASS\examples\管理中心\登录\result\rodski_20260509_143845\execution_summary.json
2026-05-09 14:39:25,025 [INFO]   PASS (21.711s)
2026-05-09 14:39:25,055 [INFO] 结果已写入 rodski_20260509_143845/result.xml: 总计 3 条, 通过 3 条, 失败 0 条, 通过率 100.0%
