2026-05-09 16:03:26,471 [INFO] 执行用例 1/1: PROMO_ADD_COMBO_003 - 商城业务排除客户和排除店铺，满立减叠加
2026-05-09 16:03:26,991 [INFO] Playwright 原生录制已启动: D:\Documents\pythonProject\AICASS\examples\管理中心\促销活动\result\rodski_20260509_160326\recordings\PROMO_ADD_COMBO_003_20260509_160326_01.webm (分辨率: {'width': 1920, 'height': 1080})
2026-05-09 16:03:26,991 [DEBUG]   [1] navigate
2026-05-09 16:03:26,992 [DEBUG] 数据解析: 'GlobalValue.Env.platform_promotion_add_url' -> 'https://ec-hwbeta.casstime.com/admin#/?menuId=platform_promotions&iframeUrl=/admin/merchant#/platform-promotions/add-edit'
2026-05-09 16:03:26,992 [INFO] 执行关键字: navigate(data=https://ec-hwbeta.casstime.com/admin#/?menuId=platform_promotions&iframeUrl=/admin/merchant#/platform-promotions/add-edit)
2026-05-09 16:03:26,993 [INFO] 导航: https://ec-hwbeta.casstime.com/admin#/?menuId=platform_promotions&iframeUrl=/admin/merchant#/platform-promotions/add-edit
2026-05-09 16:03:29,001 [DEBUG] 导航成功: https://ec-hwbeta.casstime.com/admin#/?menuId=platform_promotions&iframeUrl=/admin/merchant#/platform-promotions/add-edit
2026-05-09 16:03:29,001 [DEBUG] navigate 成功
2026-05-09 16:03:29,001 [INFO] [STEP] action=navigate model=- status=OK source=keyword_result
2026-05-09 16:03:29,001 [DEBUG]   history[0]=True
2026-05-09 16:03:29,105 [DEBUG] 截图成功: D:\Documents\pythonProject\AICASS\examples\管理中心\促销活动\result\rodski_20260509_160326\screenshots\PROMO_ADD_COMBO_003_01_预处理_20260509_160329.png
2026-05-09 16:03:29,105 [DEBUG] 步骤截图: D:\Documents\pythonProject\AICASS\examples\管理中心\促销活动\result\rodski_20260509_160326\screenshots\PROMO_ADD_COMBO_003_01_预处理_20260509_160329.png
2026-05-09 16:03:29,105 [DEBUG] 步骤等待 0.001s
2026-05-09 16:03:29,106 [DEBUG]   [2] wait
2026-05-09 16:03:29,107 [INFO] 执行关键字: wait(data=2)
2026-05-09 16:03:29,107 [INFO] 等待: 2秒
2026-05-09 16:03:31,107 [DEBUG] wait 成功
2026-05-09 16:03:31,107 [INFO] [STEP] action=wait model=- status=OK source=keyword_result
2026-05-09 16:03:31,107 [DEBUG]   history[1]=True
2026-05-09 16:03:31,107 [DEBUG]   [3] type
2026-05-09 16:03:31,107 [INFO] 执行关键字: type(model=PassportLogin, data=ValidCredential)
2026-05-09 16:03:31,107 [INFO] 批量输入: 模型=PassportLogin, DataID=ValidCredential
2026-05-09 16:03:31,108 [DEBUG] loginModePassword: click css=span[type='PASSWORD']
2026-05-09 16:03:31,108 [DEBUG] 点击元素: css=span[type='PASSWORD'] -> span[type='PASSWORD']
2026-05-09 16:03:31,174 [DEBUG]   ↳ 定位器 css=span[type='PASSWORD'] 成功 (priority=1)
2026-05-09 16:03:31,174 [DEBUG] username: id=userName <- 'mandy'
2026-05-09 16:03:31,174 [DEBUG] 输入文本: id=userName -> #userName
2026-05-09 16:03:31,196 [DEBUG]   ↳ 定位器 id=userName 成功 (priority=1)
2026-05-09 16:03:31,196 [DEBUG] password: id=password <- '***'
2026-05-09 16:03:31,197 [DEBUG] 输入文本: id=password -> #password
2026-05-09 16:03:31,221 [DEBUG]   ↳ 定位器 id=password 成功 (priority=1)
2026-05-09 16:03:31,221 [DEBUG] agreement: click css=.bre-login-privacy-modal_entry-checkbox
2026-05-09 16:03:31,221 [DEBUG] 点击元素: css=.bre-login-privacy-modal_entry-checkbox -> .bre-login-privacy-modal_entry-checkbox
2026-05-09 16:03:31,271 [DEBUG]   ↳ 定位器 css=.bre-login-privacy-modal_entry-checkbox 成功 (priority=1)
2026-05-09 16:03:31,271 [DEBUG] submit: click css=input.btn-submit
2026-05-09 16:03:31,271 [DEBUG] 点击元素: css=input.btn-submit -> input.btn-submit
2026-05-09 16:03:31,314 [DEBUG]   ↳ 定位器 css=input.btn-submit 成功 (priority=1)
2026-05-09 16:03:31,315 [DEBUG] type 成功
2026-05-09 16:03:31,315 [INFO] [STEP] action=type model=PassportLogin status=OK source=keyword_result
2026-05-09 16:03:31,315 [DEBUG]   history[2]={'loginModePassword': 'click', 'username': 'mandy', 'password': 'Init@1125!@#$.Password', 'agreement': 'click', 'submit': 'click'}
2026-05-09 16:03:31,541 [DEBUG] 截图成功: D:\Documents\pythonProject\AICASS\examples\管理中心\促销活动\result\rodski_20260509_160326\screenshots\PROMO_ADD_COMBO_003_02_预处理_20260509_160331.png
2026-05-09 16:03:31,541 [DEBUG] 步骤截图: D:\Documents\pythonProject\AICASS\examples\管理中心\促销活动\result\rodski_20260509_160326\screenshots\PROMO_ADD_COMBO_003_02_预处理_20260509_160331.png
2026-05-09 16:03:31,541 [DEBUG] 步骤等待 0.001s
2026-05-09 16:03:31,543 [DEBUG]   [4] wait
2026-05-09 16:03:31,543 [INFO] 执行关键字: wait(data=5)
2026-05-09 16:03:31,543 [INFO] 等待: 5秒
2026-05-09 16:03:36,543 [DEBUG] wait 成功
2026-05-09 16:03:36,544 [INFO] [STEP] action=wait model=- status=OK source=keyword_result
2026-05-09 16:03:36,544 [DEBUG]   history[3]=True
2026-05-09 16:03:36,544 [DEBUG]   [1] evaluate
2026-05-09 16:03:36,544 [DEBUG] 数据解析: 'PromoCombo.COMBO_003.script' -> '(async()=>{

const sleep=ms=>new Promise(r=>setTimeout(r,ms));
const S={sections:['\u57fa\u7840\u4fe1\u606f','\u6d3b\u52a8\u5bf9\u8c61','\u4fc3\u9500\u73a9\u6cd5','\u6d3b\u52a8\u5e97\u94fa','\u6d3b\u52a8\u5546\u54c1'],save:'\u4fdd\u5b58',cancel:'\u53d6\u6d88',activityName:'\u6d3b\u52a8\u540d\u79f0',activityTime:'\u6d3b\u52a8\u65f6\u95f4',businessScope:'\u4e1a\u52a1\u8303\u56f4',businessLine:'\u4e1a\u52a1\u7ebf',mall:'\u5546\u57ce\u4e1a\u52a1',inquiry:'\u8be2\u4ef7\u4e1a\u52a1',area:'\u6d3b\u52a8\u533a\u57df',unlimitedArea:'\u4e0d\u9650\u533a\u57df',byArea:'\u6309\u533a\u57df\u8bbe\u7f6e',beijing:'\u5317\u4eac\u5e02',target:'\u6d3b\u52a8\u5bf9\u8c61',allCustomers:'\u5168\u90e8\u5ba2\u6237',includeCustomer:'\u6307\u5b9a\u53c2\u4e0e\u5ba2\u6237',excludeCustomer:'\u6307\u5b9a\u4e0d\u53c2\u4e0e\u5ba2\u6237',promoType:'\u4fc3\u9500\u7c7b\u578b',discount:'\u6ee1\u7acb\u6298',reduction:'\u6ee1\u7acb\u51cf',orderAmount:'\u8ba2\u5355\u91d1\u989d',discountField:'\u6298\u6263',reductionAmount:'\u4f18\u60e0\u91d1\u989d',platformShare:'\u5e73\u53f0\u5206\u644a\u6bd4\u4f8b',storeShare:'\u5e97\u94fa\u5206\u644a\u6bd4\u4f8b',budget:'\u8425\u9500\u8d39\u7528',noLimit:'\u4e0d\u8bbe\u4e0a\u9650',budgetLimit:'\u8425\u9500\u8d39\u7528\u4e0a\u9650',stackRule:'\u4fc3\u9500\u53e0\u52a0\u89c4\u5219',noStack:'\u4e0d\u53e0\u52a0',stack:'\u53e0\u52a0',store:'\u6d3b\u52a8\u5e97\u94fa',unlimitedStore:'\u4e0d\u9650\u5e97\u94fa',includeStore:'\u6307\u5b9a\u53ef\u53c2\u4e0e\u5e97\u94fa',excludeStore:'\u6307\u5b9a\u4e0d\u53ef\u53c2\u4e0e\u5e97\u94fa',goodsScope:'\u5546\u54c1\u8303\u56f4',byCategory:'\u6309\u54c1\u7c7b\u914d\u7f6e',byProduct:'\u6309\u5546\u54c1',quality:'\u9002\u7528\u54c1\u8d28',unlimitedQuality:'\u4e0d\u9650\u54c1\u8d28',specifiedQuality:'\u6307\u5b9a\u54c1\u8d28',original:'\u539f\u5382\u4ef6',brand:'\u9002\u7528\u914d\u4ef6\u54c1\u724c',unlimitedBrand:'\u4e0d\u9650\u54c1\u724c',specifiedBrand:'\u6307\u5b9a\u54c1\u724c',category:'\u9002\u7528\u54c1\u7c7b',unlimitedCategory:'\u4e0d\u9650\u54c1\u7c7b',specifiedCategory:'\u6307\u5b9a\u54c1\u7c7b',addRule:'\u65b0\u589e\u4e00\u9879\u914d\u7f6e',select:'\u8bf7\u9009\u62e9',required:'\u5fc5\u586b',success:'\u6210\u529f'};
function norm(s){return String(s||'').replace(/\s+/g,'').trim();}
function visible(el){return !!el&&el.isConnected&&!!(el.offsetWidth||el.offsetHeight||el.getClientRects().length);}
function textOf(el){return norm((el.innerText||el.textContent||el.value||el.getAttribute('title')||el.getAttribute('placeholder')||''));}
function q(doc,sel){return Array.from(doc.querySelectorAll(sel));}
async function promoDoc(timeout=30000){for(let i=0;i<Math.ceil(timeout/250);i++){const f=document.querySelector('#iframeCon,iframe[name="iframeCon"]');let d=null;try{d=f?(f.contentDocument||f.contentWindow.document):document;}catch(e){d=document;}const body=d&&d.body;const txt=body?body.innerText:'';const url=[location.href,f&&f.getAttribute('src'),d&&d.location&&d.location.href].filter(Boolean).join(' ');if(body&&(/platform-promotions\/add-edit/.test(url)||S.sections.some(x=>txt.includes(x))||txt.includes(S.activityName))){return d;}await sleep(250);}throw new Error('platform promotion add page not loaded or iframeCon unavailable');}
function bodyText(doc){return doc.body?doc.body.innerText:'';}
function requireText(doc,arr,scope){const txt=bodyText(doc);const missing=arr.filter(x=>!txt.includes(x));if(missing.length)throw new Error((scope||'page')+' missing text: '+missing.join(','));return true;}
function elementsByText(doc,label,sel){const nodes=q(doc,sel||'label,button,a,span,div,li,input,textarea').filter(visible).map(el=>({el,t:textOf(el)})).filter(x=>x.t&&x.t.includes(norm(label)));nodes.sort((a,b)=>a.t.length-b.t.length);return nodes.map(x=>x.el);}
async function clickText(doc,label,required=false){const candidates=Array.isArray(label)?label:[label];for(const item of candidates){const nodes=elementsByText(doc,item,'label,button,a,span,div,li,input');for(const node of nodes){const target=node.closest('label,button,a,li')||node;try{target.scrollIntoView({block:'center',inline:'center'});target.click();await sleep(300);return true;}catch(e){}}}if(required)throw new Error('click target not found: '+candidates.join('/'));return false;}
function nearbyInputs(doc,label){const anchors=elementsByText(doc,label,'label,span,div,p,td,th');const seen=new Set(), out=[];for(const a of anchors){let root=a;for(let i=0;i<4&&root;i++,root=root.parentElement){q(root,'input:not([type=hidden]):not([disabled]),textarea:not([disabled]),select:not([disabled])').filter(visible).forEach(el=>{if(!seen.has(el)){seen.add(el);out.push(el);}});}}return out;}
function setValue(el,value){el.scrollIntoView({block:'center',inline:'center'});el.focus&&el.focus();if(el.tagName==='SELECT'){const opts=Array.from(el.options);let opt=opts.find(o=>textOf(o).includes(norm(value))||String(o.value)===String(value))||opts.find(o=>o.value);if(opt)el.value=opt.value;}else{const proto=Object.getPrototypeOf(el);const desc=Object.getOwnPropertyDescriptor(proto,'value');if(desc&&desc.set)desc.set.call(el,String(value));else el.value=String(value);}el.dispatchEvent(new Event('input',{bubbles:true}));el.dispatchEvent(new Event('change',{bubbles:true}));el.blur&&el.blur();}
function inputByLabel(doc,label,value,idx=0){let inputs=nearbyInputs(doc,label).filter(el=>el.type!=='radio'&&el.type!=='checkbox');if(!inputs.length){inputs=q(doc,'input:not([type=hidden]):not([disabled]),textarea:not([disabled])').filter(visible);}const el=inputs[idx]||inputs[0];if(!el)throw new Error('input not found: '+label);setValue(el,value);return true;}
function fillFirstNumbers(doc,values){const inputs=q(doc,'table input:not([type=hidden]):not([disabled]),tbody input:not([type=hidden]):not([disabled])').filter(visible).filter(el=>!/(date|time)/i.test(el.type||''));if(inputs.length<values.length){const all=q(doc,'input:not([type=hidden]):not([disabled])').filter(visible);for(const el of all){if(!inputs.includes(el))inputs.push(el);}}
values.forEach((v,i)=>{if(inputs[i])setValue(inputs[i],v);});return inputs.length;}
function formatDate(d){const p=n=>String(n).padStart(2,'0');return d.getFullYear()+'-'+p(d.getMonth()+1)+'-'+p(d.getDate())+' '+p(d.getHours())+':'+p(d.getMinutes())+':'+p(d.getSeconds());}
function fillActivityTime(doc){const start=new Date(), end=new Date(start.getTime()+10*60*1000);let inputs=nearbyInputs(doc,S.activityTime).filter(el=>el.type!=='radio'&&el.type!=='checkbox');if(inputs.length<2){inputs=q(doc,'input:not([type=hidden]):not([disabled])').filter(visible).filter(el=>/(date|time|yyyy|YYYY)/i.test([el.type,el.placeholder,el.className,el.name].join(' ')));}if(inputs[0])setValue(inputs[0],formatDate(start));if(inputs[1])setValue(inputs[1],formatDate(end));return {start:formatDate(start),end:formatDate(end)};}
async function chooseBusinessLine(doc,line){const target=norm(line||'B2b-\u57fa\u7840\u4e1a\u52a1');const loose=s=>norm(s).replace(/[-_\uff0d]/g,'').toLowerCase();const targetLoose=loose(target);const isTarget=t=>{const v=norm(t),l=loose(v);return v.includes(target)||target.includes(v)||l.includes(targetLoose)||targetLoose.includes(l)||(/b2b/i.test(v)&&v.includes('\u57fa\u7840\u4e1a\u52a1'));};let inputs=nearbyInputs(doc,S.businessLine).filter(el=>el.type!=='radio'&&el.type!=='checkbox');for(const ctrl of inputs){try{ctrl.scrollIntoView({block:'center',inline:'center'});ctrl.click();await sleep(800);if(ctrl.tagName==='SELECT'){const opt=Array.from(ctrl.options).find(o=>isTarget(o.textContent)||isTarget(o.value));if(opt){ctrl.value=opt.value;ctrl.dispatchEvent(new Event('input',{bubbles:true}));ctrl.dispatchEvent(new Event('change',{bubbles:true}));return true;}}const options=q(doc,'li,div,span,a').filter(visible).map(el=>({el,t:textOf(el)})).filter(x=>x.t&&isTarget(x.t));options.sort((a,b)=>a.t.length-b.t.length);if(options[0]){options[0].el.scrollIntoView({block:'center',inline:'center'});options[0].el.click();await sleep(500);return true;}}catch(e){}}const fallback=q(doc,'li,div,span,a').filter(visible).map(el=>({el,t:textOf(el)})).filter(x=>x.t&&isTarget(x.t));fallback.sort((a,b)=>a.t.length-b.t.length);if(fallback[0]){fallback[0].el.scrollIntoView({block:'center',inline:'center'});fallback[0].el.click();await sleep(500);return true;}throw new Error('business line option not found: '+target);}
async function clickOption(doc,option,required=false){return clickText(doc,option,required);}
async function addCode(doc,code){let inputs=q(doc,'input:not([type=hidden]):not([disabled]),textarea:not([disabled])').filter(visible).filter(el=>!/(date|time)/i.test([el.type,el.placeholder,el.className,el.name].join(' ')));let el=inputs.reverse().find(el=>!el.value&&/(\u8bf7\u8f93\u5165|\u8f93\u5165|\u7f16\u7801|\u4ee3\u7801|\u5ba2\u6237|\u5e97\u94fa|\u641c\u7d22|\u67e5\u8be2)/.test([el.placeholder,el.getAttribute('aria-label'),el.name,el.className].join(''))) || inputs[0];if(el){setValue(el,code);el.dispatchEvent(new KeyboardEvent('keydown',{key:'Enter',bubbles:true}));el.dispatchEvent(new KeyboardEvent('keyup',{key:'Enter',bubbles:true}));await sleep(600);}await clickText(doc,['\u6dfb\u52a0','\u786e\u5b9a','\u641c\u7d22','\u67e5\u8be2'],false);return true;}
async function configureCombo(doc,cfg){requireText(doc,S.sections,'combo configuration page');const activityName='\u81ea\u52a8\u5316-\u5e73\u53f0\u4fc3\u9500-\u7ec4\u5408-'+Date.now()+'-'+cfg.caseId;inputByLabel(doc,S.activityName,activityName);const time=fillActivityTime(doc);await clickOption(doc,cfg.business==='inquiry'?S.inquiry:S.mall,false);await chooseBusinessLine(doc,cfg.businessLine||'B2b-\u57fa\u7840\u4e1a\u52a1');await clickOption(doc,cfg.area==='byArea'?S.byArea:S.unlimitedArea,true);if(cfg.area==='byArea'&&cfg.regionCode)await clickOption(doc,S.beijing,false);await clickOption(doc,cfg.customerMode==='include'?S.includeCustomer:cfg.customerMode==='exclude'?S.excludeCustomer:S.allCustomers,true);if((cfg.customerMode==='include'||cfg.customerMode==='exclude')&&cfg.customerCode)await addCode(doc,cfg.customerCode);await clickOption(doc,cfg.promoType==='reduction'?S.reduction:S.discount,true);fillFirstNumbers(doc,cfg.promoType==='reduction'?[cfg.threshold,cfg.reduction,cfg.share]:[cfg.threshold,cfg.discount,cfg.share]);await clickOption(doc,cfg.budgetMode==='limit'?S.budgetLimit:S.noLimit,true);if(cfg.budgetMode==='limit')inputByLabel(doc,S.budget,String(cfg.budgetValue||1000));await clickOption(doc,cfg.stack?S.stack:S.noStack,true);await clickOption(doc,cfg.storeMode==='include'?S.includeStore:cfg.storeMode==='exclude'?S.excludeStore:S.unlimitedStore,true);if((cfg.storeMode==='include'||cfg.storeMode==='exclude')&&cfg.storeCode)await addCode(doc,cfg.storeCode);await clickOption(doc,S.byCategory,true);await clickOption(doc,cfg.qualityMode==='specified'?S.specifiedQuality:S.unlimitedQuality,true);if(cfg.qualityMode==='specified'&&cfg.qualityName)await clickOption(doc,S.original,false);await clickOption(doc,cfg.brandMode==='specified'?S.specifiedBrand:S.unlimitedBrand,false);if(cfg.brandMode==='specified')await clickText(doc,['\u7b2c\u4e00\u4e2a\u54c1\u724c',S.select],false);await clickOption(doc,cfg.categoryMode==='specified'?S.specifiedCategory:S.unlimitedCategory,false);if(cfg.categoryMode==='specified')await clickText(doc,[S.select,'\u7b2c\u4e00\u4e2a\u54c1\u7c7b'],false);window.__promoAutomation=Object.assign(window.__promoAutomation||{},{lastCombo:cfg,lastActivityName:activityName,lastActivityTime:time});return {caseId:cfg.caseId,activityName,time};}
async function clickSave(doc){await clickText(doc,S.save,true);await sleep(1600);return bodyText(doc);}
function hasSuccess(text){return /\u4fdd\u5b58\u6210\u529f|\u64cd\u4f5c\u6210\u529f|\u6210\u529f/.test(text);}
function hasValidation(text){return /\u5fc5\u586b|\u8bf7\u9009\u62e9|\u4e0d\u80fd\u4e3a\u7a7a|\u4e0d\u53ef\u4e3a\u7a7a|\u8303\u56f4|0\.01|9\.99|\u5927\u4e8e|\u4e0d\u5408\u6cd5|\u9519\u8bef|\u5931\u8d25/.test(text);}

const cfg={"business":"mall","businessLine":"B2b-\u57fa\u7840\u4e1a\u52a1","area":"unlimited","regionCode":null,"customerMode":"exclude","customerCode":"C0012278","promoType":"reduction","threshold":"100","discount":"8","reduction":"10","share":"40","budgetMode":"limit","budgetValue":"1000","stack":true,"storeMode":"exclude","storeCode":"GZJD0001","qualityMode":"unlimited","qualityName":null,"brandMode":"unlimited","categoryMode":"unlimited","caseId":"PROMO_ADD_COMBO_003"};
const doc=await promoDoc();
return await configureCombo(doc,cfg);
})()'
2026-05-09 16:03:36,545 [INFO] 执行关键字: evaluate(data=(async()=>{

const sleep=ms=>new Promise(r=>setTimeout(r,ms));
const S={sections:['\u57fa\u7840\u4fe1\u606f','\u6d3b\u52a8\u5bf9\u8c61','\u4fc3\u9500\u73a9\u6cd5','\u6d3b\u52a8\u5e97\u94fa','\u6d3b\u52a8\u5546\u54c1'],save:'\u4fdd\u5b58',cancel:'\u53d6\u6d88',activityName:'\u6d3b\u52a8\u540d\u79f0',activityTime:'\u6d3b\u52a8\u65f6\u95f4',businessScope:'\u4e1a\u52a1\u8303\u56f4',businessLine:'\u4e1a\u52a1\u7ebf',mall:'\u5546\u57ce\u4e1a\u52a1',inquiry:'\u8be2\u4ef7\u4e1a\u52a1',area:'\u6d3b\u52a8\u533a\u57df',unlimitedArea:'\u4e0d\u9650\u533a\u57df',byArea:'\u6309\u533a\u57df\u8bbe\u7f6e',beijing:'\u5317\u4eac\u5e02',target:'\u6d3b\u52a8\u5bf9\u8c61',allCustomers:'\u5168\u90e8\u5ba2\u6237',includeCustomer:'\u6307\u5b9a\u53c2\u4e0e\u5ba2\u6237',excludeCustomer:'\u6307\u5b9a\u4e0d\u53c2\u4e0e\u5ba2\u6237',promoType:'\u4fc3\u9500\u7c7b\u578b',discount:'\u6ee1\u7acb\u6298',reduction:'\u6ee1\u7acb\u51cf',orderAmount:'\u8ba2\u5355\u91d1\u989d',discountField:'\u6298\u6263',reductionAmount:'\u4f18\u60e0\u91d1\u989d',platformShare:'\u5e73\u53f0\u5206\u644a\u6bd4\u4f8b',storeShare:'\u5e97\u94fa\u5206\u644a\u6bd4\u4f8b',budget:'\u8425\u9500\u8d39\u7528',noLimit:'\u4e0d\u8bbe\u4e0a\u9650',budgetLimit:'\u8425\u9500\u8d39\u7528\u4e0a\u9650',stackRule:'\u4fc3\u9500\u53e0\u52a0\u89c4\u5219',noStack:'\u4e0d\u53e0\u52a0',stack:'\u53e0\u52a0',store:'\u6d3b\u52a8\u5e97\u94fa',unlimitedStore:'\u4e0d\u9650\u5e97\u94fa',includeStore:'\u6307\u5b9a\u53ef\u53c2\u4e0e\u5e97\u94fa',excludeStore:'\u6307\u5b9a\u4e0d\u53ef\u53c2\u4e0e\u5e97\u94fa',goodsScope:'\u5546\u54c1\u8303\u56f4',byCategory:'\u6309\u54c1\u7c7b\u914d\u7f6e',byProduct:'\u6309\u5546\u54c1',quality:'\u9002\u7528\u54c1\u8d28',unlimitedQuality:'\u4e0d\u9650\u54c1\u8d28',specifiedQuality:'\u6307\u5b9a\u54c1\u8d28',original:'\u539f\u5382\u4ef6',brand:'\u9002\u7528\u914d\u4ef6\u54c1\u724c',unlimitedBrand:'\u4e0d\u9650\u54c1\u724c',specifiedBrand:'\u6307\u5b9a\u54c1\u724c',category:'\u9002\u7528\u54c1\u7c7b',unlimitedCategory:'\u4e0d\u9650\u54c1\u7c7b',specifiedCategory:'\u6307\u5b9a\u54c1\u7c7b',addRule:'\u65b0\u589e\u4e00\u9879\u914d\u7f6e',select:'\u8bf7\u9009\u62e9',required:'\u5fc5\u586b',success:'\u6210\u529f'};
function norm(s){return String(s||'').replace(/\s+/g,'').trim();}
function visible(el){return !!el&&el.isConnected&&!!(el.offsetWidth||el.offsetHeight||el.getClientRects().length);}
function textOf(el){return norm((el.innerText||el.textContent||el.value||el.getAttribute('title')||el.getAttribute('placeholder')||''));}
function q(doc,sel){return Array.from(doc.querySelectorAll(sel));}
async function promoDoc(timeout=30000){for(let i=0;i<Math.ceil(timeout/250);i++){const f=document.querySelector('#iframeCon,iframe[name="iframeCon"]');let d=null;try{d=f?(f.contentDocument||f.contentWindow.document):document;}catch(e){d=document;}const body=d&&d.body;const txt=body?body.innerText:'';const url=[location.href,f&&f.getAttribute('src'),d&&d.location&&d.location.href].filter(Boolean).join(' ');if(body&&(/platform-promotions\/add-edit/.test(url)||S.sections.some(x=>txt.includes(x))||txt.includes(S.activityName))){return d;}await sleep(250);}throw new Error('platform promotion add page not loaded or iframeCon unavailable');}
function bodyText(doc){return doc.body?doc.body.innerText:'';}
function requireText(doc,arr,scope){const txt=bodyText(doc);const missing=arr.filter(x=>!txt.includes(x));if(missing.length)throw new Error((scope||'page')+' missing text: '+missing.join(','));return true;}
function elementsByText(doc,label,sel){const nodes=q(doc,sel||'label,button,a,span,div,li,input,textarea').filter(visible).map(el=>({el,t:textOf(el)})).filter(x=>x.t&&x.t.includes(norm(label)));nodes.sort((a,b)=>a.t.length-b.t.length);return nodes.map(x=>x.el);}
async function clickText(doc,label,required=false){const candidates=Array.isArray(label)?label:[label];for(const item of candidates){const nodes=elementsByText(doc,item,'label,button,a,span,div,li,input');for(const node of nodes){const target=node.closest('label,button,a,li')||node;try{target.scrollIntoView({block:'center',inline:'center'});target.click();await sleep(300);return true;}catch(e){}}}if(required)throw new Error('click target not found: '+candidates.join('/'));return false;}
function nearbyInputs(doc,label){const anchors=elementsByText(doc,label,'label,span,div,p,td,th');const seen=new Set(), out=[];for(const a of anchors){let root=a;for(let i=0;i<4&&root;i++,root=root.parentElement){q(root,'input:not([type=hidden]):not([disabled]),textarea:not([disabled]),select:not([disabled])').filter(visible).forEach(el=>{if(!seen.has(el)){seen.add(el);out.push(el);}});}}return out;}
function setValue(el,value){el.scrollIntoView({block:'center',inline:'center'});el.focus&&el.focus();if(el.tagName==='SELECT'){const opts=Array.from(el.options);let opt=opts.find(o=>textOf(o).includes(norm(value))||String(o.value)===String(value))||opts.find(o=>o.value);if(opt)el.value=opt.value;}else{const proto=Object.getPrototypeOf(el);const desc=Object.getOwnPropertyDescriptor(proto,'value');if(desc&&desc.set)desc.set.call(el,String(value));else el.value=String(value);}el.dispatchEvent(new Event('input',{bubbles:true}));el.dispatchEvent(new Event('change',{bubbles:true}));el.blur&&el.blur();}
function inputByLabel(doc,label,value,idx=0){let inputs=nearbyInputs(doc,label).filter(el=>el.type!=='radio'&&el.type!=='checkbox');if(!inputs.length){inputs=q(doc,'input:not([type=hidden]):not([disabled]),textarea:not([disabled])').filter(visible);}const el=inputs[idx]||inputs[0];if(!el)throw new Error('input not found: '+label);setValue(el,value);return true;}
function fillFirstNumbers(doc,values){const inputs=q(doc,'table input:not([type=hidden]):not([disabled]),tbody input:not([type=hidden]):not([disabled])').filter(visible).filter(el=>!/(date|time)/i.test(el.type||''));if(inputs.length<values.length){const all=q(doc,'input:not([type=hidden]):not([disabled])').filter(visible);for(const el of all){if(!inputs.includes(el))inputs.push(el);}}
values.forEach((v,i)=>{if(inputs[i])setValue(inputs[i],v);});return inputs.length;}
function formatDate(d){const p=n=>String(n).padStart(2,'0');return d.getFullYear()+'-'+p(d.getMonth()+1)+'-'+p(d.getDate())+' '+p(d.getHours())+':'+p(d.getMinutes())+':'+p(d.getSeconds());}
function fillActivityTime(doc){const start=new Date(), end=new Date(start.getTime()+10*60*1000);let inputs=nearbyInputs(doc,S.activityTime).filter(el=>el.type!=='radio'&&el.type!=='checkbox');if(inputs.length<2){inputs=q(doc,'input:not([type=hidden]):not([disabled])').filter(visible).filter(el=>/(date|time|yyyy|YYYY)/i.test([el.type,el.placeholder,el.className,el.name].join(' ')));}if(inputs[0])setValue(inputs[0],formatDate(start));if(inputs[1])setValue(inputs[1],formatDate(end));return {start:formatDate(start),end:formatDate(end)};}
async function chooseBusinessLine(doc,line){const target=norm(line||'B2b-\u57fa\u7840\u4e1a\u52a1');const loose=s=>norm(s).replace(/[-_\uff0d]/g,'').toLowerCase();const targetLoose=loose(target);const isTarget=t=>{const v=norm(t),l=loose(v);return v.includes(target)||target.includes(v)||l.includes(targetLoose)||targetLoose.includes(l)||(/b2b/i.test(v)&&v.includes('\u57fa\u7840\u4e1a\u52a1'));};let inputs=nearbyInputs(doc,S.businessLine).filter(el=>el.type!=='radio'&&el.type!=='checkbox');for(const ctrl of inputs){try{ctrl.scrollIntoView({block:'center',inline:'center'});ctrl.click();await sleep(800);if(ctrl.tagName==='SELECT'){const opt=Array.from(ctrl.options).find(o=>isTarget(o.textContent)||isTarget(o.value));if(opt){ctrl.value=opt.value;ctrl.dispatchEvent(new Event('input',{bubbles:true}));ctrl.dispatchEvent(new Event('change',{bubbles:true}));return true;}}const options=q(doc,'li,div,span,a').filter(visible).map(el=>({el,t:textOf(el)})).filter(x=>x.t&&isTarget(x.t));options.sort((a,b)=>a.t.length-b.t.length);if(options[0]){options[0].el.scrollIntoView({block:'center',inline:'center'});options[0].el.click();await sleep(500);return true;}}catch(e){}}const fallback=q(doc,'li,div,span,a').filter(visible).map(el=>({el,t:textOf(el)})).filter(x=>x.t&&isTarget(x.t));fallback.sort((a,b)=>a.t.length-b.t.length);if(fallback[0]){fallback[0].el.scrollIntoView({block:'center',inline:'center'});fallback[0].el.click();await sleep(500);return true;}throw new Error('business line option not found: '+target);}
async function clickOption(doc,option,required=false){return clickText(doc,option,required);}
async function addCode(doc,code){let inputs=q(doc,'input:not([type=hidden]):not([disabled]),textarea:not([disabled])').filter(visible).filter(el=>!/(date|time)/i.test([el.type,el.placeholder,el.className,el.name].join(' ')));let el=inputs.reverse().find(el=>!el.value&&/(\u8bf7\u8f93\u5165|\u8f93\u5165|\u7f16\u7801|\u4ee3\u7801|\u5ba2\u6237|\u5e97\u94fa|\u641c\u7d22|\u67e5\u8be2)/.test([el.placeholder,el.getAttribute('aria-label'),el.name,el.className].join(''))) || inputs[0];if(el){setValue(el,code);el.dispatchEvent(new KeyboardEvent('keydown',{key:'Enter',bubbles:true}));el.dispatchEvent(new KeyboardEvent('keyup',{key:'Enter',bubbles:true}));await sleep(600);}await clickText(doc,['\u6dfb\u52a0','\u786e\u5b9a','\u641c\u7d22','\u67e5\u8be2'],false);return true;}
async function configureCombo(doc,cfg){requireText(doc,S.sections,'combo configuration page');const activityName='\u81ea\u52a8\u5316-\u5e73\u53f0\u4fc3\u9500-\u7ec4\u5408-'+Date.now()+'-'+cfg.caseId;inputByLabel(doc,S.activityName,activityName);const time=fillActivityTime(doc);await clickOption(doc,cfg.business==='inquiry'?S.inquiry:S.mall,false);await chooseBusinessLine(doc,cfg.businessLine||'B2b-\u57fa\u7840\u4e1a\u52a1');await clickOption(doc,cfg.area==='byArea'?S.byArea:S.unlimitedArea,true);if(cfg.area==='byArea'&&cfg.regionCode)await clickOption(doc,S.beijing,false);await clickOption(doc,cfg.customerMode==='include'?S.includeCustomer:cfg.customerMode==='exclude'?S.excludeCustomer:S.allCustomers,true);if((cfg.customerMode==='include'||cfg.customerMode==='exclude')&&cfg.customerCode)await addCode(doc,cfg.customerCode);await clickOption(doc,cfg.promoType==='reduction'?S.reduction:S.discount,true);fillFirstNumbers(doc,cfg.promoType==='reduction'?[cfg.threshold,cfg.reduction,cfg.share]:[cfg.threshold,cfg.discount,cfg.share]);await clickOption(doc,cfg.budgetMode==='limit'?S.budgetLimit:S.noLimit,true);if(cfg.budgetMode==='limit')inputByLabel(doc,S.budget,String(cfg.budgetValue||1000));await clickOption(doc,cfg.stack?S.stack:S.noStack,true);await clickOption(doc,cfg.storeMode==='include'?S.includeStore:cfg.storeMode==='exclude'?S.excludeStore:S.unlimitedStore,true);if((cfg.storeMode==='include'||cfg.storeMode==='exclude')&&cfg.storeCode)await addCode(doc,cfg.storeCode);await clickOption(doc,S.byCategory,true);await clickOption(doc,cfg.qualityMode==='specified'?S.specifiedQuality:S.unlimitedQuality,true);if(cfg.qualityMode==='specified'&&cfg.qualityName)await clickOption(doc,S.original,false);await clickOption(doc,cfg.brandMode==='specified'?S.specifiedBrand:S.unlimitedBrand,false);if(cfg.brandMode==='specified')await clickText(doc,['\u7b2c\u4e00\u4e2a\u54c1\u724c',S.select],false);await clickOption(doc,cfg.categoryMode==='specified'?S.specifiedCategory:S.unlimitedCategory,false);if(cfg.categoryMode==='specified')await clickText(doc,[S.select,'\u7b2c\u4e00\u4e2a\u54c1\u7c7b'],false);window.__promoAutomation=Object.assign(window.__promoAutomation||{},{lastCombo:cfg,lastActivityName:activityName,lastActivityTime:time});return {caseId:cfg.caseId,activityName,time};}
async function clickSave(doc){await clickText(doc,S.save,true);await sleep(1600);return bodyText(doc);}
function hasSuccess(text){return /\u4fdd\u5b58\u6210\u529f|\u64cd\u4f5c\u6210\u529f|\u6210\u529f/.test(text);}
function hasValidation(text){return /\u5fc5\u586b|\u8bf7\u9009\u62e9|\u4e0d\u80fd\u4e3a\u7a7a|\u4e0d\u53ef\u4e3a\u7a7a|\u8303\u56f4|0\.01|9\.99|\u5927\u4e8e|\u4e0d\u5408\u6cd5|\u9519\u8bef|\u5931\u8d25/.test(text);}

const cfg={"business":"mall","businessLine":"B2b-\u57fa\u7840\u4e1a\u52a1","area":"unlimited","regionCode":null,"customerMode":"exclude","customerCode":"C0012278","promoType":"reduction","threshold":"100","discount":"8","reduction":"10","share":"40","budgetMode":"limit","budgetValue":"1000","stack":true,"storeMode":"exclude","storeCode":"GZJD0001","qualityMode":"unlimited","qualityName":null,"brandMode":"unlimited","categoryMode":"unlimited","caseId":"PROMO_ADD_COMBO_003"};
const doc=await promoDoc();
return await configureCombo(doc,cfg);
})())
2026-05-09 16:03:36,546 [INFO] 执行 JS: (async()=>{

const sleep=ms=>new Promise(r=>setTimeout(r,ms));
const S={sections:['\u57fa\u7840\u4fe1\u606f','\u6d3b\u52a8\u5bf9\u8c61','\u4fc3\u9500\u73a9\u6cd5','\u6d3b\u52a8\u5e97\u94fa','\u6d3b\u5
2026-05-09 16:03:41,777 [ERROR] ❌ 驱动操作失败: [SKI302] JavaScript 执行失败: Page.evaluate: Error: business line option not found: B2b-基础业务
    at chooseBusinessLine (eval at evaluate (:234:30), <anonymous>:21:1468)
    at async configureCombo (eval at evaluate (:234:30), <anonymous>:24:350)
    at async eval (eval at evaluate (:234:30), <anonymous>:31:8)
    at async <anonymous>:260:30
2026-05-09 16:03:41,777 [ERROR] ❌ 重试 1 次后仍失败: [SKI302] JavaScript 执行失败: Page.evaluate: Error: business line option not found: B2b-基础业务
    at chooseBusinessLine (eval at evaluate (:234:30), <anonymous>:21:1468)
    at async configureCombo (eval at evaluate (:234:30), <anonymous>:24:350)
    at async eval (eval at evaluate (:234:30), <anonymous>:31:8)
    at async <anonymous>:260:30
2026-05-09 16:03:41,777 [ERROR] 用例阶段失败: [SKI313] 关键字 'evaluate' 重试 1 次后仍失败: [SKI302] JavaScript 执行失败: Page.evaluate: Error: business line option not found: B2b-基础业务
    at chooseBusinessLine (eval at evaluate (:234:30), <anonymous>:21:1468)
    at async configureCombo (eval at evaluate (:234:30), <anonymous>:24:350)
    at async eval (eval at evaluate (:234:30), <anonymous>:31:8)
    at async <anonymous>:260:30
  keyword: evaluate
2026-05-09 16:03:41,839 [DEBUG] 截图成功: D:\Documents\pythonProject\AICASS\examples\管理中心\促销活动\result\rodski_20260509_160326\screenshots\PROMO_ADD_COMBO_003_20260509_160341_failure.png
2026-05-09 16:03:41,839 [INFO] 失败截图已保存: D:\Documents\pythonProject\AICASS\examples\管理中心\促销活动\result\rodski_20260509_160326\screenshots\PROMO_ADD_COMBO_003_20260509_160341_failure.png
2026-05-09 16:03:41,839 [DEBUG]   [1] close
2026-05-09 16:03:41,839 [INFO] 执行关键字: close()
2026-05-09 16:03:41,839 [INFO] 关闭浏览器
2026-05-09 16:03:42,068 [INFO] Playwright 原生录制已保存: D:\Documents\pythonProject\AICASS\examples\管理中心\促销活动\result\rodski_20260509_160326\recordings\PROMO_ADD_COMBO_003_20260509_160326_01.webm
2026-05-09 16:03:42,129 [DEBUG] close 成功
2026-05-09 16:03:42,129 [INFO] [STEP] action=close model=- status=OK source=keyword_result
2026-05-09 16:03:42,129 [DEBUG]   history[4]=True
2026-05-09 16:03:42,130 [INFO] 浏览器已关闭
2026-05-09 16:03:42,131 [INFO] execution_summary.json 已写入: D:\Documents\pythonProject\AICASS\examples\管理中心\促销活动\result\rodski_20260509_160326\execution_summary.json
2026-05-09 16:03:42,131 [INFO]   FAIL (15.659s)
2026-05-09 16:03:42,131 [ERROR]   错误: [SKI313] 关键字 'evaluate' 重试 1 次后仍失败: [SKI302] JavaScript 执行失败: Page.evaluate: Error: business line option not found: B2b-基础业务
    at chooseBusinessLine (eval at evaluate (:234:30), <anonymous>:21:1468)
    at async configureCombo (eval at evaluate (:234:30), <anonymous>:24:350)
    at async eval (eval at evaluate (:234:30), <anonymous>:31:8)
    at async <anonymous>:260:30
  keyword: evaluate
2026-05-09 16:03:42,150 [INFO] 结果已写入 rodski_20260509_160326/result.xml: 总计 1 条, 通过 0 条, 失败 1 条, 通过率 0.0%
