2026-05-11 15:25:18,309 [INFO] 执行用例 1/1: garage_publish_inquiry - 维修厂发布询价
2026-05-11 15:25:18,895 [INFO] Playwright 原生录制已启动: D:\Documents\pythonProject\AICASS\examples\电商\维修厂\发布询价\result\rodski_20260511_152518\recordings\garage_publish_inquiry_20260511_152518_01.webm (分辨率: {'width': 1920, 'height': 1080})
2026-05-11 15:25:18,896 [DEBUG]   [1] navigate
2026-05-11 15:25:18,896 [DEBUG] 数据解析: 'GlobalValue.DefaultValue.ECAgentBuyURL' -> 'https://ec-hwbeta.casstime.com/agentBuy/'
2026-05-11 15:25:18,896 [INFO] 执行关键字: navigate(data=https://ec-hwbeta.casstime.com/agentBuy/)
2026-05-11 15:25:18,896 [INFO] 导航: https://ec-hwbeta.casstime.com/agentBuy/
2026-05-11 15:25:20,833 [DEBUG] 导航成功: https://ec-hwbeta.casstime.com/agentBuy/
2026-05-11 15:25:20,833 [DEBUG] navigate 成功
2026-05-11 15:25:20,833 [INFO] [STEP] action=navigate model=- status=OK source=keyword_result
2026-05-11 15:25:20,833 [DEBUG]   history[0]=True
2026-05-11 15:25:20,934 [DEBUG] 截图成功: D:\Documents\pythonProject\AICASS\examples\电商\维修厂\发布询价\result\rodski_20260511_152518\screenshots\garage_publish_inquiry_01_预处理_20260511_152520.png
2026-05-11 15:25:20,934 [DEBUG] 步骤截图: D:\Documents\pythonProject\AICASS\examples\电商\维修厂\发布询价\result\rodski_20260511_152518\screenshots\garage_publish_inquiry_01_预处理_20260511_152520.png
2026-05-11 15:25:20,934 [DEBUG] 步骤等待 0.3s
2026-05-11 15:25:21,235 [DEBUG]   [2] type
2026-05-11 15:25:21,235 [INFO] 执行关键字: type(model=ECAgentBuyLoginPage, data=ec_agent_buy_login)
2026-05-11 15:25:21,235 [INFO] 批量输入: 模型=ECAgentBuyLoginPage, DataID=ec_agent_buy_login
2026-05-11 15:25:21,236 [DEBUG] accountTab: click css=span[type=PASSWORD]
2026-05-11 15:25:21,236 [DEBUG] 点击元素: css=span[type=PASSWORD] -> span[type=PASSWORD]
2026-05-11 15:25:21,301 [DEBUG]   ↳ 定位器 css=span[type=PASSWORD] 成功 (priority=1)
2026-05-11 15:25:21,302 [DEBUG] username: css=#userName <- '13119909586'
2026-05-11 15:25:21,302 [DEBUG] 输入文本: css=#userName -> #userName
2026-05-11 15:25:21,333 [DEBUG]   ↳ 定位器 css=#userName 成功 (priority=1)
2026-05-11 15:25:21,333 [DEBUG] password: css=#password <- '123456Aa'
2026-05-11 15:25:21,333 [DEBUG] 输入文本: css=#password -> #password
2026-05-11 15:25:21,363 [DEBUG]   ↳ 定位器 css=#password 成功 (priority=1)
2026-05-11 15:25:21,364 [DEBUG] agreeCheckbox: click css=label.br-checkbox .br-checkbox__title
2026-05-11 15:25:21,364 [DEBUG] 点击元素: css=label.br-checkbox .br-checkbox__title -> label.br-checkbox .br-checkbox__title
2026-05-11 15:25:21,415 [DEBUG]   ↳ 定位器 css=label.br-checkbox .br-checkbox__title 成功 (priority=1)
2026-05-11 15:25:21,415 [DEBUG] loginBtn: click css=.btn-submit
2026-05-11 15:25:21,415 [DEBUG] 点击元素: css=.btn-submit -> .btn-submit
2026-05-11 15:25:21,459 [DEBUG]   ↳ 定位器 css=.btn-submit 成功 (priority=1)
2026-05-11 15:25:21,459 [DEBUG] type 成功
2026-05-11 15:25:21,459 [INFO] [STEP] action=type model=ECAgentBuyLoginPage status=OK source=keyword_result
2026-05-11 15:25:21,459 [DEBUG]   history[1]={'accountTab': 'click', 'username': '13119909586', 'password': '123456Aa', 'agreeCheckbox': 'click', 'loginBtn': 'click'}
2026-05-11 15:25:21,568 [DEBUG] 截图成功: D:\Documents\pythonProject\AICASS\examples\电商\维修厂\发布询价\result\rodski_20260511_152518\screenshots\garage_publish_inquiry_02_预处理_20260511_152521.png
2026-05-11 15:25:21,568 [DEBUG] 步骤截图: D:\Documents\pythonProject\AICASS\examples\电商\维修厂\发布询价\result\rodski_20260511_152518\screenshots\garage_publish_inquiry_02_预处理_20260511_152521.png
2026-05-11 15:25:21,568 [DEBUG] 步骤等待 0.3s
2026-05-11 15:25:21,868 [DEBUG]   [3] wait
2026-05-11 15:25:21,869 [INFO] 执行关键字: wait(data=1)
2026-05-11 15:25:21,869 [INFO] 等待: 1秒
2026-05-11 15:25:22,869 [DEBUG] wait 成功
2026-05-11 15:25:22,869 [INFO] [STEP] action=wait model=- status=OK source=keyword_result
2026-05-11 15:25:22,869 [DEBUG]   history[2]=True
2026-05-11 15:25:22,869 [DEBUG]   [4] verify
2026-05-11 15:25:22,870 [INFO] 执行关键字: verify(model=LoginSuccessCheck, data=login_success)
2026-05-11 15:25:22,870 [INFO] 批量验证: 模型=LoginSuccessCheck, 期望数据=login_success
2026-05-11 15:25:25,822 [DEBUG] publishInquiryTab: 实际='发布询价', 期望='发布询价' → OK
2026-05-11 15:25:25,822 [INFO] 批量验证通过: 1 个字段全部匹配
2026-05-11 15:25:25,822 [DEBUG] verify 成功
2026-05-11 15:25:25,822 [INFO] [STEP] action=verify model=LoginSuccessCheck status=OK source=keyword_result
2026-05-11 15:25:25,822 [DEBUG]   history[3]={'publishInquiryTab': '发布询价', '_verify_passed': True, 'passed': True}
2026-05-11 15:25:26,013 [DEBUG] 截图成功: D:\Documents\pythonProject\AICASS\examples\电商\维修厂\发布询价\result\rodski_20260511_152518\screenshots\garage_publish_inquiry_03_预处理_20260511_152525.png
2026-05-11 15:25:26,013 [DEBUG] 步骤截图: D:\Documents\pythonProject\AICASS\examples\电商\维修厂\发布询价\result\rodski_20260511_152518\screenshots\garage_publish_inquiry_03_预处理_20260511_152525.png
2026-05-11 15:25:26,013 [DEBUG] 步骤等待 0.3s
2026-05-11 15:25:26,314 [INFO]   [1] scenario GARAGE_PUBLISH_001_ASSERT_READY - 确认维修厂发布询价页面可用 (group=garage_publish, tag=['inquiry', 'publish', 'p0', 'smoke', 'assert'])
2026-05-11 15:25:26,314 [DEBUG]   [1] verify
2026-05-11 15:25:26,314 [INFO] 执行关键字: verify(model=InquiryPageCheck, data=inquiry_page_ready)
2026-05-11 15:25:26,315 [INFO] 批量验证: 模型=InquiryPageCheck, 期望数据=inquiry_page_ready
2026-05-11 15:25:26,323 [DEBUG] publishInquiryTab: 实际='发布询价', 期望='发布询价' → OK
2026-05-11 15:25:26,324 [INFO] 批量验证通过: 1 个字段全部匹配
2026-05-11 15:25:26,324 [DEBUG] verify 成功
2026-05-11 15:25:26,324 [INFO] [STEP] action=verify model=InquiryPageCheck status=OK source=keyword_result
2026-05-11 15:25:26,324 [DEBUG]   history[4]={'publishInquiryTab': '发布询价', '_verify_passed': True, 'passed': True}
2026-05-11 15:25:26,434 [DEBUG] 截图成功: D:\Documents\pythonProject\AICASS\examples\电商\维修厂\发布询价\result\rodski_20260511_152518\screenshots\garage_publish_inquiry_GARAGE_PUBLISH_001_ASSERT_READY_确认维修厂发布询价页面可用\04_20260511_152526.png
2026-05-11 15:25:26,434 [DEBUG] 步骤截图: D:\Documents\pythonProject\AICASS\examples\电商\维修厂\发布询价\result\rodski_20260511_152518\screenshots\garage_publish_inquiry_GARAGE_PUBLISH_001_ASSERT_READY_确认维修厂发布询价页面可用\04_20260511_152526.png
2026-05-11 15:25:26,434 [DEBUG] 步骤等待 0.3s
2026-05-11 15:25:26,735 [INFO]   [2] scenario GARAGE_PUBLISH_001_INPUT_INQUIRY - 录入 VIN 和两个配件名称 (group=garage_publish, tag=['inquiry', 'publish', 'p0', 'smoke', 'input'])
2026-05-11 15:25:26,735 [DEBUG]   [2] type
2026-05-11 15:25:26,735 [INFO] 执行关键字: type(model=InquiryVinForm, data=input_target_vin)
2026-05-11 15:25:26,735 [INFO] 批量输入: 模型=InquiryVinForm, DataID=input_target_vin
2026-05-11 15:25:26,735 [DEBUG] vinInput: xpath=//input[contains(translate(@placeholder,'vin','VIN'),'VIN')] <- 'LBVFR790XBSD31722'
2026-05-11 15:25:26,735 [DEBUG] 输入文本: xpath=//input[contains(translate(@placeholder,'vin','VIN'),'VIN')] -> //input[contains(translate(@placeholder,'vin','VIN'),'VIN')]
2026-05-11 15:25:26,769 [DEBUG]   ↳ 定位器 xpath=//input[contains(translate(@placeholder,'vin','VIN'),'VIN')] 成功 (priority=1)
2026-05-11 15:25:26,769 [DEBUG] vinInputSubmit: 按键 'Enter'
2026-05-11 15:25:26,807 [DEBUG]   ↳ 定位器 xpath=//input[contains(translate(@placeholder,'vin','VIN'),'VIN')] 成功 (priority=1)
2026-05-11 15:25:26,807 [DEBUG] type 成功
2026-05-11 15:25:26,807 [INFO] [STEP] action=type model=InquiryVinForm status=OK source=keyword_result
2026-05-11 15:25:26,807 [DEBUG]   history[5]={'vinInput': 'LBVFR790XBSD31722', 'vinInputSubmit': 'key_press【Enter】'}
2026-05-11 15:25:26,893 [DEBUG] 截图成功: D:\Documents\pythonProject\AICASS\examples\电商\维修厂\发布询价\result\rodski_20260511_152518\screenshots\garage_publish_inquiry_GARAGE_PUBLISH_001_INPUT_INQUIRY_录入_VIN_和两个配件名称\05_20260511_152526.png
2026-05-11 15:25:26,893 [DEBUG] 步骤截图: D:\Documents\pythonProject\AICASS\examples\电商\维修厂\发布询价\result\rodski_20260511_152518\screenshots\garage_publish_inquiry_GARAGE_PUBLISH_001_INPUT_INQUIRY_录入_VIN_和两个配件名称\05_20260511_152526.png
2026-05-11 15:25:26,893 [DEBUG] 步骤等待 0.3s
2026-05-11 15:25:27,193 [DEBUG]   [2] evaluate
2026-05-11 15:25:27,194 [INFO] 执行关键字: evaluate(data=(async()=>{const sleep=ms=>new Promise(r=>setTimeout(r,ms));const norm=s=>(s||'').replace(/\s+/g,'').trim();const visible=el=>!!el&&el.isConnected&&!!(el.offsetWidth||el.offsetHeight||el.getClientRects().length);const bodyText=()=>document.body&&document.body.innerText?document.body.innerText:'';const hasDuplicateText=()=>{const t=bodyText();return (t.includes('当前VIN码')&&t.includes('已在询价中'))||(t.includes('已在询价中')&&t.includes('追加询价需求'));};const findNewBtn=()=>{const nodes=[...document.querySelectorAll('.br-modal button,.br-modal a,[role=dialog] button,[role=dialog] a,button,a')].filter(visible);return nodes.find(el=>norm(el.textContent)==='不追加，发布新询价单')||nodes.find(el=>norm(el.textContent)==='不追加，发布新的询价单')||nodes.find(el=>norm(el.textContent).includes('不追加，发布新询价单'))||nodes.find(el=>norm(el.textContent).includes('不追加，发布新的询价单'));};for(let i=0;i<20;i++){if(hasDuplicateText()){const btn=findNewBtn();if(btn){btn.scrollIntoView({block:'center'});btn.click();await sleep(500);return 'duplicate_vin_new_inquiry_clicked';}}if(document.querySelector('table textarea, table input:not([disabled])'))return 'no_duplicate_vin_modal';await sleep(250);}return 'duplicate_vin_modal_not_present';})())
2026-05-11 15:25:27,194 [INFO] 执行 JS: (async()=>{const sleep=ms=>new Promise(r=>setTimeout(r,ms));const norm=s=>(s||'').replace(/\s+/g,'').trim();const visible=el=>!!el&&el.isConnected&&!!(el.offsetWidth||el.offsetHeight||el.getClientRect
2026-05-11 15:25:27,204 [INFO] JS 结果: no_duplicate_vin_modal
2026-05-11 15:25:27,204 [DEBUG] evaluate 成功
2026-05-11 15:25:27,204 [INFO] [STEP] action=evaluate model=- status=OK source=evaluate
2026-05-11 15:25:27,204 [DEBUG]   history[6]='no_duplicate_vin_modal'
2026-05-11 15:25:27,303 [DEBUG] 截图成功: D:\Documents\pythonProject\AICASS\examples\电商\维修厂\发布询价\result\rodski_20260511_152518\screenshots\garage_publish_inquiry_GARAGE_PUBLISH_001_INPUT_INQUIRY_录入_VIN_和两个配件名称\06_20260511_152527.png
2026-05-11 15:25:27,303 [DEBUG] 步骤截图: D:\Documents\pythonProject\AICASS\examples\电商\维修厂\发布询价\result\rodski_20260511_152518\screenshots\garage_publish_inquiry_GARAGE_PUBLISH_001_INPUT_INQUIRY_录入_VIN_和两个配件名称\06_20260511_152527.png
2026-05-11 15:25:27,303 [DEBUG] 步骤等待 0.3s
2026-05-11 15:25:27,603 [DEBUG]   [2] type
2026-05-11 15:25:27,603 [INFO] 执行关键字: type(model=InquiryPartForm, data=input_first_part_name)
2026-05-11 15:25:27,603 [INFO] 批量输入: 模型=InquiryPartForm, DataID=input_first_part_name
2026-05-11 15:25:27,603 [DEBUG] partNameInputFirst: xpath=//table//tbody/tr[1]/td[2]//*[self::textarea or self::input][not(@disabled)] <- '火花塞'
2026-05-11 15:25:27,603 [DEBUG] 输入文本: xpath=//table//tbody/tr[1]/td[2]//*[self::textarea or self::input][not(@disabled)] -> //table//tbody/tr[1]/td[2]//*[self::textarea or self::input][not(@disabled)]
2026-05-11 15:25:27,627 [DEBUG]   ↳ 定位器 xpath=//table//tbody/tr[1]/td[2]//*[self::textarea or self::input][not(@disabled)] 成功 (priority=1)
2026-05-11 15:25:27,627 [DEBUG] partNameInputFirstSubmit: 按键 'Enter'
2026-05-11 15:25:27,639 [DEBUG]   ↳ 定位器 xpath=//table//tbody/tr[1]/td[2]//*[self::textarea or self::input][not(@disabled)] 成功 (priority=1)
2026-05-11 15:25:27,640 [DEBUG] partNameInputSecond: xpath=//table//tbody/tr[2]/td[2]//*[self::textarea or self::input][not(@disabled)] <- '机油格'
2026-05-11 15:25:27,640 [DEBUG] 输入文本: xpath=//table//tbody/tr[2]/td[2]//*[self::textarea or self::input][not(@disabled)] -> //table//tbody/tr[2]/td[2]//*[self::textarea or self::input][not(@disabled)]
2026-05-11 15:25:27,665 [DEBUG]   ↳ 定位器 xpath=//table//tbody/tr[2]/td[2]//*[self::textarea or self::input][not(@disabled)] 成功 (priority=1)
2026-05-11 15:25:27,665 [DEBUG] partNameInputSecondSubmit: 按键 'Enter'
2026-05-11 15:25:27,683 [DEBUG]   ↳ 定位器 xpath=//table//tbody/tr[2]/td[2]//*[self::textarea or self::input][not(@disabled)] 成功 (priority=1)
2026-05-11 15:25:27,684 [DEBUG] type 成功
2026-05-11 15:25:27,684 [INFO] [STEP] action=type model=InquiryPartForm status=OK source=keyword_result
2026-05-11 15:25:27,684 [DEBUG]   history[7]={'partNameInputFirst': '火花塞', 'partNameInputFirstSubmit': 'key_press【Enter】', 'partNameInputSecond': '机油格', 'partNameInputSecondSubmit': 'key_press【Enter】'}
2026-05-11 15:25:27,792 [DEBUG] 截图成功: D:\Documents\pythonProject\AICASS\examples\电商\维修厂\发布询价\result\rodski_20260511_152518\screenshots\garage_publish_inquiry_GARAGE_PUBLISH_001_INPUT_INQUIRY_录入_VIN_和两个配件名称\07_20260511_152527.png
2026-05-11 15:25:27,792 [DEBUG] 步骤截图: D:\Documents\pythonProject\AICASS\examples\电商\维修厂\发布询价\result\rodski_20260511_152518\screenshots\garage_publish_inquiry_GARAGE_PUBLISH_001_INPUT_INQUIRY_录入_VIN_和两个配件名称\07_20260511_152527.png
2026-05-11 15:25:27,792 [DEBUG] 步骤等待 0.3s
2026-05-11 15:25:28,092 [INFO]   [3] scenario GARAGE_PUBLISH_001_SUBMIT - 提交发布询价 (group=garage_publish, tag=['inquiry', 'publish', 'p0', 'smoke', 'submit'])
2026-05-11 15:25:28,092 [DEBUG]   [3] evaluate
2026-05-11 15:25:28,092 [INFO] 执行关键字: evaluate(data=(async()=>{const sleep=ms=>new Promise(r=>setTimeout(r,ms));const visible=el=>!!el&&el.isConnected&&!!(el.offsetWidth||el.offsetHeight||el.getClientRects().length);const enabled=el=>visible(el)&&!el.disabled&&!String(el.className||'').includes('disabled');for(let i=0;i<80;i++){const btn=document.querySelector('.save-inquiry,input.save-inquiry')||[...document.querySelectorAll('button,input,span')].find(el=>visible(el)&&(el.value==='发布询价'||String(el.textContent||'').trim()==='发布询价'));if(enabled(btn))return 'publish_button_ready';await sleep(250);}throw new Error('发布询价按钮未就绪，页面文本='+(document.body.innerText||'').slice(0,300));})())
2026-05-11 15:25:28,093 [INFO] 执行 JS: (async()=>{const sleep=ms=>new Promise(r=>setTimeout(r,ms));const visible=el=>!!el&&el.isConnected&&!!(el.offsetWidth||el.offsetHeight||el.getClientRects().length);const enabled=el=>visible(el)&&!el.d
2026-05-11 15:25:28,098 [INFO] JS 结果: publish_button_ready
2026-05-11 15:25:28,099 [DEBUG] evaluate 成功
2026-05-11 15:25:28,099 [INFO] [STEP] action=evaluate model=- status=OK source=evaluate
2026-05-11 15:25:28,099 [DEBUG]   history[8]='publish_button_ready'
2026-05-11 15:25:28,167 [DEBUG] 截图成功: D:\Documents\pythonProject\AICASS\examples\电商\维修厂\发布询价\result\rodski_20260511_152518\screenshots\garage_publish_inquiry_GARAGE_PUBLISH_001_SUBMIT_提交发布询价\08_20260511_152528.png
2026-05-11 15:25:28,167 [DEBUG] 步骤截图: D:\Documents\pythonProject\AICASS\examples\电商\维修厂\发布询价\result\rodski_20260511_152518\screenshots\garage_publish_inquiry_GARAGE_PUBLISH_001_SUBMIT_提交发布询价\08_20260511_152528.png
2026-05-11 15:25:28,167 [DEBUG] 步骤等待 0.3s
2026-05-11 15:25:28,467 [DEBUG]   [3] type
2026-05-11 15:25:28,468 [INFO] 执行关键字: type(model=InquiryPublishAction, data=publish_inquiry)
2026-05-11 15:25:28,468 [INFO] 批量输入: 模型=InquiryPublishAction, DataID=publish_inquiry
2026-05-11 15:25:28,468 [DEBUG] publishInquiryBtn: click css=.save-inquiry
2026-05-11 15:25:28,468 [DEBUG] 点击元素: css=.save-inquiry -> .save-inquiry
2026-05-11 15:25:33,489 [DEBUG] 尝试滚动到元素位置...
2026-05-11 15:25:36,537 [DEBUG] 尝试强制点击...
2026-05-11 15:25:36,560 [DEBUG]   ↳ 定位器 css=.save-inquiry 成功 (priority=1)
2026-05-11 15:25:36,560 [DEBUG] type 成功
2026-05-11 15:25:36,560 [INFO] [STEP] action=type model=InquiryPublishAction status=OK source=keyword_result
2026-05-11 15:25:36,560 [DEBUG]   history[9]={'publishInquiryBtn': 'click'}
2026-05-11 15:25:36,650 [DEBUG] 截图成功: D:\Documents\pythonProject\AICASS\examples\电商\维修厂\发布询价\result\rodski_20260511_152518\screenshots\garage_publish_inquiry_GARAGE_PUBLISH_001_SUBMIT_提交发布询价\09_20260511_152536.png
2026-05-11 15:25:36,651 [DEBUG] 步骤截图: D:\Documents\pythonProject\AICASS\examples\电商\维修厂\发布询价\result\rodski_20260511_152518\screenshots\garage_publish_inquiry_GARAGE_PUBLISH_001_SUBMIT_提交发布询价\09_20260511_152536.png
2026-05-11 15:25:36,651 [DEBUG] 步骤等待 0.3s
2026-05-11 15:25:36,951 [DEBUG]   [3] wait
2026-05-11 15:25:36,951 [INFO] 执行关键字: wait(data=1)
2026-05-11 15:25:36,951 [INFO] 等待: 1秒
2026-05-11 15:25:37,952 [DEBUG] wait 成功
2026-05-11 15:25:37,952 [INFO] [STEP] action=wait model=- status=OK source=keyword_result
2026-05-11 15:25:37,952 [DEBUG]   history[10]=True
2026-05-11 15:25:37,952 [DEBUG]   [3] evaluate
2026-05-11 15:25:37,953 [INFO] 执行关键字: evaluate(data=(()=>{const norm=s=>(s||'').replace(/\s+/g,'').trim();const visible=el=>!!el&&el.isConnected&&!!(el.offsetWidth||el.offsetHeight||el.getClientRects().length);const text=document.body&&document.body.innerText?document.body.innerText:'';const hasDuplicateText=(text.includes('当前VIN码')&&text.includes('已在询价中'))||(text.includes('已在询价中')&&text.includes('追加询价需求'));if(!hasDuplicateText)return 'duplicate_vin_modal_not_present';const nodes=[...document.querySelectorAll('.br-modal button,.br-modal a,[role=dialog] button,[role=dialog] a,button,a')].filter(visible);const btn=nodes.find(el=>norm(el.textContent)==='不追加，发布新询价单')||nodes.find(el=>norm(el.textContent)==='不追加，发布新的询价单')||nodes.find(el=>norm(el.textContent).includes('不追加，发布新询价单'))||nodes.find(el=>norm(el.textContent).includes('不追加，发布新的询价单'));if(btn){btn.scrollIntoView({block:'center'});btn.click();return 'new_inquiry_choice_clicked';}throw new Error('出现当前VIN码已在询价中提示，但未找到“不追加，发布新询价单”按钮，页面文本='+text.slice(0,400));})())
2026-05-11 15:25:37,953 [INFO] 执行 JS: (()=>{const norm=s=>(s||'').replace(/\s+/g,'').trim();const visible=el=>!!el&&el.isConnected&&!!(el.offsetWidth||el.offsetHeight||el.getClientRects().length);const text=document.body&&document.body.in
2026-05-11 15:25:37,965 [INFO] JS 结果: new_inquiry_choice_clicked
2026-05-11 15:25:37,965 [DEBUG] evaluate 成功
2026-05-11 15:25:37,966 [INFO] [STEP] action=evaluate model=- status=OK source=evaluate
2026-05-11 15:25:37,966 [DEBUG]   history[11]='new_inquiry_choice_clicked'
2026-05-11 15:25:38,053 [DEBUG] 截图成功: D:\Documents\pythonProject\AICASS\examples\电商\维修厂\发布询价\result\rodski_20260511_152518\screenshots\garage_publish_inquiry_GARAGE_PUBLISH_001_SUBMIT_提交发布询价\10_20260511_152537.png
2026-05-11 15:25:38,053 [DEBUG] 步骤截图: D:\Documents\pythonProject\AICASS\examples\电商\维修厂\发布询价\result\rodski_20260511_152518\screenshots\garage_publish_inquiry_GARAGE_PUBLISH_001_SUBMIT_提交发布询价\10_20260511_152537.png
2026-05-11 15:25:38,053 [DEBUG] 步骤等待 0.3s
2026-05-11 15:25:38,354 [DEBUG]   [3] wait
2026-05-11 15:25:38,354 [INFO] 执行关键字: wait(data=5)
2026-05-11 15:25:38,354 [INFO] 等待: 5秒
2026-05-11 15:25:43,355 [DEBUG] wait 成功
2026-05-11 15:25:43,355 [INFO] [STEP] action=wait model=- status=OK source=keyword_result
2026-05-11 15:25:43,355 [DEBUG]   history[12]=True
2026-05-11 15:25:43,355 [DEBUG]   [3] evaluate
2026-05-11 15:25:43,355 [INFO] 执行关键字: evaluate(data=(()=>{const norm=s=>(s||'').replace(/\s+/g,'').trim();const visible=el=>!!el&&el.isConnected&&!!(el.offsetWidth||el.offsetHeight||el.getClientRects().length);const enabled=el=>visible(el)&&!el.disabled&&!String(el.className||'').includes('disabled');const text=document.body&&document.body.innerText?document.body.innerText:'';if(text.includes('询价单：')||/inquiry-detail|inquiryDetail/i.test(location.href))return 'publish_detail_already_loaded';const btn=document.querySelector('.save-inquiry,input.save-inquiry')||[...document.querySelectorAll('button,input,span')].find(el=>visible(el)&&(el.value==='发布询价'||norm(el.textContent)==='发布询价'));if(enabled(btn)){btn.scrollIntoView({block:'center'});btn.click();return 'publish_retry_clicked_after_new_inquiry_choice';}return 'publish_retry_not_needed';})())
2026-05-11 15:25:43,355 [INFO] 执行 JS: (()=>{const norm=s=>(s||'').replace(/\s+/g,'').trim();const visible=el=>!!el&&el.isConnected&&!!(el.offsetWidth||el.offsetHeight||el.getClientRects().length);const enabled=el=>visible(el)&&!el.disable
2026-05-11 15:25:43,368 [INFO] JS 结果: publish_retry_clicked_after_new_inquiry_choice
2026-05-11 15:25:43,368 [DEBUG] evaluate 成功
2026-05-11 15:25:43,368 [INFO] [STEP] action=evaluate model=- status=OK source=evaluate
2026-05-11 15:25:43,368 [DEBUG]   history[13]='publish_retry_clicked_after_new_inquiry_choice'
2026-05-11 15:25:43,447 [DEBUG] 截图成功: D:\Documents\pythonProject\AICASS\examples\电商\维修厂\发布询价\result\rodski_20260511_152518\screenshots\garage_publish_inquiry_GARAGE_PUBLISH_001_SUBMIT_提交发布询价\11_20260511_152543.png
2026-05-11 15:25:43,447 [DEBUG] 步骤截图: D:\Documents\pythonProject\AICASS\examples\电商\维修厂\发布询价\result\rodski_20260511_152518\screenshots\garage_publish_inquiry_GARAGE_PUBLISH_001_SUBMIT_提交发布询价\11_20260511_152543.png
2026-05-11 15:25:43,447 [DEBUG] 步骤等待 0.3s
2026-05-11 15:25:43,747 [DEBUG]   [3] wait
2026-05-11 15:25:43,748 [INFO] 执行关键字: wait(data=8)
2026-05-11 15:25:43,748 [INFO] 等待: 8秒
2026-05-11 15:25:51,748 [DEBUG] wait 成功
2026-05-11 15:25:51,748 [INFO] [STEP] action=wait model=- status=OK source=keyword_result
2026-05-11 15:25:51,748 [DEBUG]   history[14]=True
2026-05-11 15:25:51,748 [INFO]   [4] scenario GARAGE_PUBLISH_001_ASSERT_SUCCESS - 校验发布成功并记录询价单号 (group=garage_publish, tag=['inquiry', 'publish', 'p0', 'smoke', 'assert'])
2026-05-11 15:25:51,748 [DEBUG]   [4] evaluate
2026-05-11 15:25:51,749 [INFO] 执行关键字: evaluate(data=(async()=>{const sleep=ms=>new Promise(r=>setTimeout(r,ms));const ready=()=>{const text=document.body.innerText||'';return text.includes('询价单：')&&text.includes('LBVFR790XBSD31722')&&text.includes('火花塞')&&text.includes('机油格');};for(let i=0;i<80;i++){if(ready())return 'publish_detail_ready';await sleep(500);}throw new Error('发布成功详情页未就绪，currentUrl='+location.href+'，页面文本='+(document.body.innerText||'').slice(0,500));})())
2026-05-11 15:25:51,749 [INFO] 执行 JS: (async()=>{const sleep=ms=>new Promise(r=>setTimeout(r,ms));const ready=()=>{const text=document.body.innerText||'';return text.includes('询价单：')&&text.includes('LBVFR790XBSD31722')&&text.includes('火花塞
2026-05-11 15:25:51,774 [INFO] JS 结果: publish_detail_ready
2026-05-11 15:25:51,774 [DEBUG] evaluate 成功
2026-05-11 15:25:51,774 [INFO] [STEP] action=evaluate model=- status=OK source=evaluate
2026-05-11 15:25:51,774 [DEBUG]   history[15]='publish_detail_ready'
2026-05-11 15:25:51,868 [DEBUG] 截图成功: D:\Documents\pythonProject\AICASS\examples\电商\维修厂\发布询价\result\rodski_20260511_152518\screenshots\garage_publish_inquiry_GARAGE_PUBLISH_001_ASSERT_SUCCESS_校验发布成功并记录询价单号\12_20260511_152551.png
2026-05-11 15:25:51,868 [DEBUG] 步骤截图: D:\Documents\pythonProject\AICASS\examples\电商\维修厂\发布询价\result\rodski_20260511_152518\screenshots\garage_publish_inquiry_GARAGE_PUBLISH_001_ASSERT_SUCCESS_校验发布成功并记录询价单号\12_20260511_152551.png
2026-05-11 15:25:51,868 [DEBUG] 步骤等待 0.3s
2026-05-11 15:25:52,169 [DEBUG]   [4] verify
2026-05-11 15:25:52,169 [INFO] 执行关键字: verify(model=InquiryPublishSuccessCheck, data=publish_success_generated_inquiry_id)
2026-05-11 15:25:52,169 [INFO] 批量验证: 模型=InquiryPublishSuccessCheck, 期望数据=publish_success_generated_inquiry_id
2026-05-11 15:25:52,180 [DEBUG] inquiryIdLabelWithGeneratedNo: 实际='询价单：', 期望='询价单：' → OK
2026-05-11 15:25:52,180 [INFO] 批量验证通过: 1 个字段全部匹配
2026-05-11 15:25:52,180 [DEBUG] verify 成功
2026-05-11 15:25:52,180 [INFO] [STEP] action=verify model=InquiryPublishSuccessCheck status=OK source=keyword_result
2026-05-11 15:25:52,180 [DEBUG]   history[16]={'inquiryIdLabelWithGeneratedNo': '询价单：', '_verify_passed': True, 'passed': True}
2026-05-11 15:25:52,282 [DEBUG] 截图成功: D:\Documents\pythonProject\AICASS\examples\电商\维修厂\发布询价\result\rodski_20260511_152518\screenshots\garage_publish_inquiry_GARAGE_PUBLISH_001_ASSERT_SUCCESS_校验发布成功并记录询价单号\13_20260511_152552.png
2026-05-11 15:25:52,282 [DEBUG] 步骤截图: D:\Documents\pythonProject\AICASS\examples\电商\维修厂\发布询价\result\rodski_20260511_152518\screenshots\garage_publish_inquiry_GARAGE_PUBLISH_001_ASSERT_SUCCESS_校验发布成功并记录询价单号\13_20260511_152552.png
2026-05-11 15:25:52,282 [DEBUG] 步骤等待 0.3s
2026-05-11 15:25:52,583 [DEBUG]   [4] evaluate
2026-05-11 15:25:52,583 [INFO] 执行关键字: evaluate(data=(()=>{const text=document.body.innerText||'';if(!text.includes('LBVFR790XBSD31722'))throw new Error('发布成功页未展示目标VIN：LBVFR790XBSD31722');if(!text.includes('火花塞'))throw new Error('发布成功页未展示配件：火花塞');if(!text.includes('机油格'))throw new Error('发布成功页未展示配件：机油格');const m=text.match(/询价单[：:\s]*(B[A-Za-z0-9]+)/)||text.match(/\b(B[A-Za-z0-9]{6,})\b/);if(!m)throw new Error('未提取到B开头询价单号，页面文本='+text.slice(0,300));return m[1];})())
2026-05-11 15:25:52,583 [INFO] 执行 JS: (()=>{const text=document.body.innerText||'';if(!text.includes('LBVFR790XBSD31722'))throw new Error('发布成功页未展示目标VIN：LBVFR790XBSD31722');if(!text.includes('火花塞'))throw new Error('发布成功页未展示配件：火花塞');if(!te
2026-05-11 15:25:52,587 [INFO] JS 结果: B26051106307
2026-05-11 15:25:52,587 [DEBUG] evaluate 成功
2026-05-11 15:25:52,587 [INFO] [STEP] action=evaluate model=- status=OK source=evaluate
2026-05-11 15:25:52,587 [DEBUG]   history[17]='B26051106307'
2026-05-11 15:25:52,668 [DEBUG] 截图成功: D:\Documents\pythonProject\AICASS\examples\电商\维修厂\发布询价\result\rodski_20260511_152518\screenshots\garage_publish_inquiry_GARAGE_PUBLISH_001_ASSERT_SUCCESS_校验发布成功并记录询价单号\14_20260511_152552.png
2026-05-11 15:25:52,668 [DEBUG] 步骤截图: D:\Documents\pythonProject\AICASS\examples\电商\维修厂\发布询价\result\rodski_20260511_152518\screenshots\garage_publish_inquiry_GARAGE_PUBLISH_001_ASSERT_SUCCESS_校验发布成功并记录询价单号\14_20260511_152552.png
2026-05-11 15:25:52,668 [DEBUG] 步骤等待 0.3s
2026-05-11 15:25:52,968 [DEBUG]   [4] set
2026-05-11 15:25:52,968 [INFO] 执行关键字: set(value=published_inquiry_no=${Return[-1]})
2026-05-11 15:25:52,968 [INFO] set: published_inquiry_no = 'B26051106307'
2026-05-11 15:25:52,968 [DEBUG] set 成功
2026-05-11 15:25:52,968 [INFO] [STEP] action=set model=- status=OK source=keyword_result
2026-05-11 15:25:52,968 [DEBUG]   history[18]='B26051106307'
2026-05-11 15:25:52,968 [DEBUG]   named={'published_inquiry_no': 'B26051106307'}
2026-05-11 15:25:53,054 [DEBUG] 截图成功: D:\Documents\pythonProject\AICASS\examples\电商\维修厂\发布询价\result\rodski_20260511_152518\screenshots\garage_publish_inquiry_GARAGE_PUBLISH_001_ASSERT_SUCCESS_校验发布成功并记录询价单号\15_20260511_152552.png
2026-05-11 15:25:53,054 [DEBUG] 步骤截图: D:\Documents\pythonProject\AICASS\examples\电商\维修厂\发布询价\result\rodski_20260511_152518\screenshots\garage_publish_inquiry_GARAGE_PUBLISH_001_ASSERT_SUCCESS_校验发布成功并记录询价单号\15_20260511_152552.png
2026-05-11 15:25:53,054 [DEBUG] 步骤等待 0.3s
2026-05-11 15:25:53,354 [DEBUG]   [4] screenshot
2026-05-11 15:25:53,354 [INFO] 执行关键字: screenshot(data=01_publish_inquiry_success.png)
2026-05-11 15:25:53,354 [INFO] 截图: D:\Documents\pythonProject\AICASS\examples\电商\维修厂\发布询价\01_publish_inquiry_success.png
2026-05-11 15:25:53,452 [DEBUG] 截图成功: D:\Documents\pythonProject\AICASS\examples\电商\维修厂\发布询价\01_publish_inquiry_success.png
2026-05-11 15:25:53,453 [DEBUG] screenshot 成功
2026-05-11 15:25:53,453 [INFO] [STEP] action=screenshot model=- status=OK source=keyword_result
2026-05-11 15:25:53,453 [DEBUG]   history[18]='B26051106307'
2026-05-11 15:25:53,453 [DEBUG]   named={'published_inquiry_no': 'B26051106307'}
2026-05-11 15:25:53,543 [DEBUG] 截图成功: D:\Documents\pythonProject\AICASS\examples\电商\维修厂\发布询价\result\rodski_20260511_152518\screenshots\garage_publish_inquiry_GARAGE_PUBLISH_001_ASSERT_SUCCESS_校验发布成功并记录询价单号\16_20260511_152553.png
2026-05-11 15:25:53,543 [DEBUG] 步骤截图: D:\Documents\pythonProject\AICASS\examples\电商\维修厂\发布询价\result\rodski_20260511_152518\screenshots\garage_publish_inquiry_GARAGE_PUBLISH_001_ASSERT_SUCCESS_校验发布成功并记录询价单号\16_20260511_152553.png
2026-05-11 15:25:53,543 [DEBUG] 步骤等待 0.3s
2026-05-11 15:25:53,843 [DEBUG]   [1] close
2026-05-11 15:25:53,843 [INFO] 执行关键字: close()
2026-05-11 15:25:53,843 [INFO] 关闭浏览器
2026-05-11 15:25:54,204 [INFO] Playwright 原生录制已保存: D:\Documents\pythonProject\AICASS\examples\电商\维修厂\发布询价\result\rodski_20260511_152518\recordings\garage_publish_inquiry_20260511_152518_01.webm
2026-05-11 15:25:54,264 [DEBUG] close 成功
2026-05-11 15:25:54,264 [INFO] [STEP] action=close model=- status=OK source=keyword_result
2026-05-11 15:25:54,264 [DEBUG]   history[19]=True
2026-05-11 15:25:54,264 [DEBUG]   named={'published_inquiry_no': 'B26051106307'}
2026-05-11 15:25:54,265 [INFO] 浏览器已关闭
2026-05-11 15:25:54,266 [INFO] execution_summary.json 已写入: D:\Documents\pythonProject\AICASS\examples\电商\维修厂\发布询价\result\rodski_20260511_152518\execution_summary.json
2026-05-11 15:25:54,266 [INFO]   PASS (35.956s)
2026-05-11 15:25:54,278 [INFO] 结果已写入 rodski_20260511_152518/result.xml: 总计 1 条, 通过 1 条, 失败 0 条, 通过率 100.0%
