2026-05-11 17:13:06,240 [INFO]   SKIP (plan_not_selected)
2026-05-11 17:13:06,240 [INFO]   SKIP (plan_not_selected)
2026-05-11 17:13:06,240 [INFO]   SKIP (plan_not_selected)
2026-05-11 17:13:06,240 [INFO]   SKIP (plan_not_selected)
2026-05-11 17:13:06,240 [INFO]   SKIP (plan_not_selected)
2026-05-11 17:13:06,240 [INFO]   SKIP (plan_not_selected)
2026-05-11 17:13:06,240 [INFO] 执行用例 7/7: PC-001 - 商城-满立减-设一条-不限区域-全部客户-叠加-不限店铺-按品类
2026-05-11 17:13:08,306 [INFO] Playwright 原生录制已启动: D:\Documents\pythonProject\AICASS\examples\电商\管理中心\促销活动\result\rodski_20260511_171306\recordings\PC-001_20260511_171306_01.webm (分辨率: {'width': 1920, 'height': 1080})
2026-05-11 17:13:08,307 [DEBUG]   [1] navigate
2026-05-11 17:13:08,307 [DEBUG] 数据解析: 'GlobalValue.Env.platform_promotion_add_url' -> 'https://ec-hwbeta.casstime.com/admin#/?menuId=platform_promotions&iframeUrl=/admin/merchant#/platform-promotions/add-edit'
2026-05-11 17:13:08,307 [INFO] 执行关键字: navigate(data=https://ec-hwbeta.casstime.com/admin#/?menuId=platform_promotions&iframeUrl=/admin/merchant#/platform-promotions/add-edit)
2026-05-11 17:13:08,307 [INFO] 导航: https://ec-hwbeta.casstime.com/admin#/?menuId=platform_promotions&iframeUrl=/admin/merchant#/platform-promotions/add-edit
2026-05-11 17:13:10,680 [DEBUG] 导航成功: https://ec-hwbeta.casstime.com/admin#/?menuId=platform_promotions&iframeUrl=/admin/merchant#/platform-promotions/add-edit
2026-05-11 17:13:10,681 [DEBUG] navigate 成功
2026-05-11 17:13:10,681 [INFO] [STEP] action=navigate model=- status=OK source=keyword_result
2026-05-11 17:13:10,681 [DEBUG]   history[0]=True
2026-05-11 17:13:10,902 [DEBUG] 截图成功: D:\Documents\pythonProject\AICASS\examples\电商\管理中心\促销活动\result\rodski_20260511_171306\screenshots\PC-001_01_预处理_20260511_171310.png
2026-05-11 17:13:10,902 [DEBUG] 步骤截图: D:\Documents\pythonProject\AICASS\examples\电商\管理中心\促销活动\result\rodski_20260511_171306\screenshots\PC-001_01_预处理_20260511_171310.png
2026-05-11 17:13:10,902 [DEBUG] 步骤等待 0.001s
2026-05-11 17:13:10,904 [DEBUG]   [2] wait
2026-05-11 17:13:10,904 [INFO] 执行关键字: wait(data=2)
2026-05-11 17:13:10,904 [INFO] 等待: 2秒
2026-05-11 17:13:12,905 [DEBUG] wait 成功
2026-05-11 17:13:12,905 [INFO] [STEP] action=wait model=- status=OK source=keyword_result
2026-05-11 17:13:12,905 [DEBUG]   history[1]=True
2026-05-11 17:13:12,905 [DEBUG]   [3] type
2026-05-11 17:13:12,906 [INFO] 执行关键字: type(model=PassportLogin, data=ValidCredential)
2026-05-11 17:13:12,906 [INFO] 批量输入: 模型=PassportLogin, DataID=ValidCredential
2026-05-11 17:13:12,907 [DEBUG] loginModePassword: click css=span[type='PASSWORD']
2026-05-11 17:13:12,907 [DEBUG] 点击元素: css=span[type='PASSWORD'] -> span[type='PASSWORD']
2026-05-11 17:13:13,002 [DEBUG]   ↳ 定位器 css=span[type='PASSWORD'] 成功 (priority=1)
2026-05-11 17:13:13,002 [DEBUG] username: id=userName <- 'mandy'
2026-05-11 17:13:13,002 [DEBUG] 输入文本: id=userName -> #userName
2026-05-11 17:13:13,041 [DEBUG]   ↳ 定位器 id=userName 成功 (priority=1)
2026-05-11 17:13:13,041 [DEBUG] password: id=password <- '***'
2026-05-11 17:13:13,041 [DEBUG] 输入文本: id=password -> #password
2026-05-11 17:13:13,090 [DEBUG]   ↳ 定位器 id=password 成功 (priority=1)
2026-05-11 17:13:13,090 [DEBUG] agreement: click css=.bre-login-privacy-modal_entry-checkbox
2026-05-11 17:13:13,090 [DEBUG] 点击元素: css=.bre-login-privacy-modal_entry-checkbox -> .bre-login-privacy-modal_entry-checkbox
2026-05-11 17:13:13,156 [DEBUG]   ↳ 定位器 css=.bre-login-privacy-modal_entry-checkbox 成功 (priority=1)
2026-05-11 17:13:13,156 [DEBUG] submit: click css=input.btn-submit
2026-05-11 17:13:13,156 [DEBUG] 点击元素: css=input.btn-submit -> input.btn-submit
2026-05-11 17:13:13,249 [DEBUG]   ↳ 定位器 css=input.btn-submit 成功 (priority=1)
2026-05-11 17:13:13,249 [DEBUG] type 成功
2026-05-11 17:13:13,250 [INFO] [STEP] action=type model=PassportLogin status=OK source=keyword_result
2026-05-11 17:13:13,250 [DEBUG]   history[2]={'loginModePassword': 'click', 'username': 'mandy', 'password': 'Init@1125!@#$.Password', 'agreement': 'click', 'submit': 'click'}
2026-05-11 17:13:13,495 [DEBUG] 截图成功: D:\Documents\pythonProject\AICASS\examples\电商\管理中心\促销活动\result\rodski_20260511_171306\screenshots\PC-001_02_预处理_20260511_171313.png
2026-05-11 17:13:13,495 [DEBUG] 步骤截图: D:\Documents\pythonProject\AICASS\examples\电商\管理中心\促销活动\result\rodski_20260511_171306\screenshots\PC-001_02_预处理_20260511_171313.png
2026-05-11 17:13:13,495 [DEBUG] 步骤等待 0.001s
2026-05-11 17:13:13,497 [DEBUG]   [4] wait
2026-05-11 17:13:13,497 [INFO] 执行关键字: wait(data=5)
2026-05-11 17:13:13,497 [INFO] 等待: 5秒
2026-05-11 17:13:18,499 [DEBUG] wait 成功
2026-05-11 17:13:18,499 [INFO] [STEP] action=wait model=- status=OK source=keyword_result
2026-05-11 17:13:18,499 [DEBUG]   history[3]=True
2026-05-11 17:13:18,499 [INFO]   [1] scenario S001 - load scenario engine (group=prepare, tag=['engine', 'page'])
2026-05-11 17:13:18,499 [DEBUG]   [1] evaluate
2026-05-11 17:13:18,499 [DEBUG] 数据解析: 'PromoScript.ScenarioEngine.script' -> '(async()=>{

const sleep=ms=>new Promise(r=>setTimeout(r,ms));
const S={sections:['\u57fa\u7840\u4fe1\u606f','\u6d3b\u52a8\u5bf9\u8c61','\u4fc3\u9500\u73a9\u6cd5','\u6d3b\u52a8\u5e97\u94fa','\u6d3b\u52a8\u5546\u54c1'],save:'\u4fdd\u5b58',cancel:'\u53d6\u6d88',activityName:'\u6d3b\u52a8\u540d\u79f0',activityTime:'\u6d3b\u52a8\u65f6\u95f4',businessScope:'\u4e1a\u52a1\u8303\u56f4',businessLine:'\u4e1a\u52a1\u7ebf',mall:'\u5546\u57ce\u4e1a\u52a1',inquiry:'\u8be2\u4ef7\u4e1a\u52a1',area:'\u6d3b\u52a8\u533a\u57df',unlimitedArea:'\u4e0d\u9650\u533a\u57df',byArea:'\u6309\u533a\u57df\u8bbe\u7f6e',beijing:'\u5317\u4eac\u5e02',target:'\u6d3b\u52a8\u5bf9\u8c61',allCustomers:'\u5168\u90e8\u5ba2\u6237',includeCustomer:'\u6307\u5b9a\u53c2\u4e0e\u5ba2\u6237',excludeCustomer:'\u6307\u5b9a\u4e0d\u53c2\u4e0e\u5ba2\u6237',promoType:'\u4fc3\u9500\u7c7b\u578b',discount:'\u6ee1\u7acb\u6298',reduction:'\u6ee1\u7acb\u51cf',orderAmount:'\u8ba2\u5355\u91d1\u989d',discountField:'\u6298\u6263',reductionAmount:'\u4f18\u60e0\u91d1\u989d',platformShare:'\u5e73\u53f0\u5206\u644a\u6bd4\u4f8b',storeShare:'\u5e97\u94fa\u5206\u644a\u6bd4\u4f8b',budget:'\u8425\u9500\u8d39\u7528',noLimit:'\u4e0d\u8bbe\u4e0a\u9650',budgetLimit:'\u8425\u9500\u8d39\u7528\u4e0a\u9650',stackRule:'\u4fc3\u9500\u53e0\u52a0\u89c4\u5219',noStack:'\u4e0d\u53e0\u52a0',stack:'\u53e0\u52a0',store:'\u6d3b\u52a8\u5e97\u94fa',unlimitedStore:'\u4e0d\u9650\u5e97\u94fa',includeStore:'\u6307\u5b9a\u53ef\u53c2\u4e0e\u5e97\u94fa',excludeStore:'\u6307\u5b9a\u4e0d\u53ef\u53c2\u4e0e\u5e97\u94fa',goodsScope:'\u5546\u54c1\u8303\u56f4',byCategory:'\u6309\u54c1\u7c7b\u914d\u7f6e',byProduct:'\u6309\u5546\u54c1',quality:'\u9002\u7528\u54c1\u8d28',unlimitedQuality:'\u4e0d\u9650\u54c1\u8d28',specifiedQuality:'\u6307\u5b9a\u54c1\u8d28',original:'\u539f\u5382\u4ef6',brand:'\u9002\u7528\u914d\u4ef6\u54c1\u724c',unlimitedBrand:'\u4e0d\u9650\u54c1\u724c',specifiedBrand:'\u6307\u5b9a\u54c1\u724c',category:'\u9002\u7528\u54c1\u7c7b',unlimitedCategory:'\u4e0d\u9650\u54c1\u7c7b',specifiedCategory:'\u6307\u5b9a\u54c1\u7c7b',addRule:'\u65b0\u589e\u4e00\u9879\u914d\u7f6e',select:'\u8bf7\u9009\u62e9',required:'\u5fc5\u586b',success:'\u6210\u529f'};
function norm(s){return String(s||'').replace(/\s+/g,'').trim();}
function visible(el){return !!el&&el.isConnected&&!!(el.offsetWidth||el.offsetHeight||el.getClientRects().length);}
function textOf(el){return norm((el.innerText||el.textContent||el.value||el.getAttribute('title')||el.getAttribute('placeholder')||''));}
function q(doc,sel){return Array.from(doc.querySelectorAll(sel));}
async function promoDoc(timeout=30000){for(let i=0;i<Math.ceil(timeout/250);i++){const f=document.querySelector('#iframeCon,iframe[name="iframeCon"]');let d=null;try{d=f?(f.contentDocument||f.contentWindow.document):document;}catch(e){d=document;}const body=d&&d.body;const txt=body?body.innerText:'';const url=[location.href,f&&f.getAttribute('src'),d&&d.location&&d.location.href].filter(Boolean).join(' ');if(body&&(/platform-promotions\/add-edit/.test(url)||S.sections.some(x=>txt.includes(x))||txt.includes(S.activityName))){return d;}await sleep(250);}throw new Error('platform promotion add page not loaded or iframeCon unavailable');}
function bodyText(doc){return doc.body?doc.body.innerText:'';}
function requireText(doc,arr,scope){const txt=bodyText(doc);const missing=arr.filter(x=>!txt.includes(x));if(missing.length)throw new Error((scope||'page')+' missing text: '+missing.join(','));return true;}
function elementsByText(doc,label,sel){const nodes=q(doc,sel||'label,button,a,span,div,li,input,textarea').filter(visible).map(el=>({el,t:textOf(el)})).filter(x=>x.t&&x.t.includes(norm(label)));nodes.sort((a,b)=>a.t.length-b.t.length);return nodes.map(x=>x.el);}
async function clickText(doc,label,required=false){const candidates=Array.isArray(label)?label:[label];for(const item of candidates){const nodes=elementsByText(doc,item,'label,button,a,span,div,li,input');for(const node of nodes){const target=node.closest('label,button,a,li')||node;try{target.scrollIntoView({block:'center',inline:'center'});target.click();await sleep(300);return true;}catch(e){}}}if(required)throw new Error('click target not found: '+candidates.join('/'));return false;}
function nearbyInputs(doc,label){const anchors=elementsByText(doc,label,'label,span,div,p,td,th');const seen=new Set(), out=[];for(const a of anchors){let root=a;for(let i=0;i<4&&root;i++,root=root.parentElement){q(root,'input:not([type=hidden]):not([disabled]),textarea:not([disabled]),select:not([disabled])').filter(visible).forEach(el=>{if(!seen.has(el)){seen.add(el);out.push(el);}});}}return out;}
function setValue(el,value){el.scrollIntoView({block:'center',inline:'center'});el.focus&&el.focus();if(el.tagName==='SELECT'){const opts=Array.from(el.options);let opt=opts.find(o=>textOf(o).includes(norm(value))||String(o.value)===String(value))||opts.find(o=>o.value);if(opt)el.value=opt.value;}else{const proto=Object.getPrototypeOf(el);const desc=Object.getOwnPropertyDescriptor(proto,'value');if(desc&&desc.set)desc.set.call(el,String(value));else el.value=String(value);}el.dispatchEvent(new Event('input',{bubbles:true}));el.dispatchEvent(new Event('change',{bubbles:true}));el.blur&&el.blur();}
function inputByLabel(doc,label,value,idx=0){let inputs=nearbyInputs(doc,label).filter(el=>el.type!=='radio'&&el.type!=='checkbox');if(!inputs.length){inputs=q(doc,'input:not([type=hidden]):not([disabled]),textarea:not([disabled])').filter(visible);}const el=inputs[idx]||inputs[0];if(!el)throw new Error('input not found: '+label);setValue(el,value);return true;}
function fillFirstNumbers(doc,values){
  function numberInputs(root){
    return q(root,'input:not([type=hidden]):not([disabled]),textarea:not([disabled])')
      .filter(visible)
      .filter(el=>!/(date|time)/i.test([el.type,el.placeholder,el.className,el.name].join(' ')));
  }
  function amountShareValue(table){
    const tableText=textOf(table);
    const benefit=Number(values[1]);
    const share=Number(values[2]);
    if(/\u5206\u644a\u91d1\u989d/.test(tableText)&&Number.isFinite(benefit)&&Number.isFinite(share)&&share>benefit&&share<=100){
      const amount=Math.round(benefit*share)/100;
      return String(amount).replace(/\.0+$/,'');
    }
    return values[2];
  }
  const tables=q(doc,'table').filter(visible);
  let table=tables.find(t=>textOf(t).includes(S.orderAmount)&&(/\u5e73\u53f0\u5206\u644a/.test(textOf(t))||textOf(t).includes(S.platformShare))) || tables[0];
  if(table){
    const headers=q(table,'thead th,thead td,th').filter(visible).map((el,i)=>({el,i,t:textOf(el)}));
    const bodyRows=q(table,'tbody tr,tr').filter(visible);
    const row=bodyRows.find(r=>numberInputs(r).length)||table;
    const inputs=numberInputs(row);
    function setByHeader(pattern,value,fallbackIndex){
      let header=headers.find(h=>pattern.test(h.t));
      let input=null;
      if(header&&header.i>=0){
        const cells=q(row,'td,th').filter(visible);
        const cell=cells[header.i];
        if(cell)input=numberInputs(cell)[0];
      }
      if(!input)input=inputs[fallbackIndex];
      if(input)setValue(input,value);
      return !!input;
    }
    const isReduction=String(values[1])==='10'||textOf(table).includes(S.reductionAmount)||textOf(table).includes('\u4f18\u60e0\u91d1\u989d')||textOf(table).includes('\u7acb\u51cf\u91d1\u989d');
    const shareValue=amountShareValue(table);
    setByHeader(/\u8ba2\u5355\u91d1\u989d/,values[0],0);
    setByHeader(isReduction?/(\u4f18\u60e0\u91d1\u989d|\u7acb\u51cf|\u51cf)/:/(\u6298\u6263)/,values[1],1);
    setByHeader(/\u5e73\u53f0\u5206\u644a/,shareValue,2);
    return {count:inputs.length,values:inputs.map(el=>el.value),shareValue};
  }
  const inputs=q(doc,'table input:not([type=hidden]):not([disabled]),tbody input:not([type=hidden]):not([disabled])')
    .filter(visible)
    .filter(el=>!/(date|time)/i.test(el.type||''));
  if(inputs.length<values.length){
    const all=q(doc,'input:not([type=hidden]):not([disabled])').filter(visible);
    for(const el of all){if(!inputs.includes(el))inputs.push(el);}
  }
  values.forEach((v,i)=>{if(inputs[i])setValue(inputs[i],v);});
  return {count:inputs.length,values:inputs.map(el=>el.value),shareValue:values[2]};
}
function formatDate(d){const p=n=>String(n).padStart(2,'0');return d.getFullYear()+'-'+p(d.getMonth()+1)+'-'+p(d.getDate())+' '+p(d.getHours())+':'+p(d.getMinutes())+':'+p(d.getSeconds());}
function fillActivityTime(doc){
  const start=new Date(), end=new Date(start.getTime()+10*60*1000);
  const startText=formatDate(start), endText=formatDate(end);
  function day(d){
    const p=n=>String(n).padStart(2,'0');
    return d.getFullYear()+'-'+p(d.getMonth()+1)+'-'+p(d.getDate());
  }
  function fiber(el){
    const key=Object.keys(el).find(k=>k.startsWith('__reactInternalInstance')||k.startsWith('__reactFiber'));
    return key?el[key]:null;
  }
  function mk(gen,d){
    let x=gen.getFixedDate(day(d));
    x=gen.setHour(x,d.getHours());
    x=gen.setMinute(x,d.getMinutes());
    x=gen.setSecond(x,d.getSeconds());
    return x;
  }
  const range=doc.querySelector('.br-datepicker-range,.br-rangepicker,.br-datepicker');
  if(range){
    let f=fiber(range);
    for(let i=0;i<15&&f;i++,f=f.return){
      const p=f.memoizedProps||{};
      if(typeof p.onChange==='function'&&Array.isArray(p.value)&&p.format==='YYYY-MM-DD HH:mm:ss'&&p.generateConfig){
        const value=[mk(p.generateConfig,start),mk(p.generateConfig,end)];
        p.onChange(value,[startText,endText]);
        const inputs=Array.from(range.querySelectorAll('input'));
        if(inputs[0]&&inputs[1]){
          setValue(inputs[0],startText);
          setValue(inputs[1],endText);
        }
        return {start:startText,end:endText};
      }
    }
  }
  let inputs=nearbyInputs(doc,S.activityTime).filter(el=>el.type!=='radio'&&el.type!=='checkbox');
  if(inputs.length<2){
    inputs=q(doc,'input:not([type=hidden]):not([disabled]),input[readonly],textarea:not([disabled])')
      .filter(visible)
      .filter(el=>/(date|time|yyyy|YYYY|\u65e5\u671f)/i.test([el.type,el.placeholder,el.className,el.name].join(' ')));
  }
  if(inputs[0])setValue(inputs[0],startText);
  if(inputs[1])setValue(inputs[1],endText);
  return {start:startText,end:endText};
}
async function chooseBusinessLine(doc,line){
  const target=norm(line||'B2b-\u57fa\u7840\u4e1a\u52a1');
  const loose=s=>norm(s).replace(/[-_\uff0d]/g,'').toLowerCase();
  const targetLoose=loose(target);
  const isTarget=t=>{
    const v=norm(t),l=loose(v);
    return v&&(v===target||v.includes(target)||target.includes(v)||l===targetLoose||l.includes(targetLoose)||targetLoose.includes(l)||(/b2b/i.test(v)&&v.includes('\u57fa\u7840\u4e1a\u52a1')));
  };
  const docs=()=>Array.from(new Set([doc,document].filter(Boolean)));
  const add=(arr,el)=>{if(el&&visible(el)&&!arr.includes(el))arr.push(el);};
  const controls=[];
  const anchors=elementsByText(doc,S.businessLine,'label,span,div,p,td,th').filter(el=>textOf(el).length<200);
  for(const a of anchors){
    let root=a;
    for(let i=0;i<7&&root;i++,root=root.parentElement){
      q(root,'.br-multiselect,.br-multiselect__controller,.br-popover__target,.br-select,[class*=select],[class*=Select],[class*=dropdown],[class*=Dropdown],[role=combobox],input:not([type=hidden]):not([disabled]),textarea:not([disabled]),select:not([disabled])').forEach(el=>add(controls,el));
    }
  }
  nearbyInputs(doc,S.businessLine).filter(el=>el.type!=='radio'&&el.type!=='checkbox').forEach(el=>add(controls,el));

  async function pickOpenedOption(){
    for(const d of docs()){
      const opts=q(d,'[role=option],li,div,span,a,[class*=option],[class*=Option],[class*=item],[class*=Item]')
        .filter(visible)
        .map(el=>({el,t:textOf(el)}))
        .filter(x=>x.t&&isTarget(x.t));
      opts.sort((a,b)=>{
        const ae=a.t===target?0:1,be=b.t===target?0:1;
        if(ae!==be)return ae-be;
        return a.t.length-b.t.length;
      });
      if(opts[0]){
        const el=opts[0].el;
        const targetEl=el.closest('[role=option],li,[class*=option],[class*=Option],[class*=item],[class*=Item]')||el;
        targetEl.scrollIntoView({block:'center',inline:'center'});
        targetEl.click();
        await sleep(500);
        return true;
      }
    }
    return false;
  }

  for(const ctrl of controls){
    try{
      ctrl.scrollIntoView({block:'center',inline:'center'});
      if(ctrl.tagName==='SELECT'){
        const opt=Array.from(ctrl.options).find(o=>isTarget(o.textContent)||isTarget(o.value));
        if(opt){
          ctrl.value=opt.value;
          ctrl.dispatchEvent(new Event('input',{bubbles:true}));
          ctrl.dispatchEvent(new Event('change',{bubbles:true}));
          return true;
        }
      }
      ctrl.click();
      await sleep(800);
      if(await pickOpenedOption())return true;
    }catch(e){}
  }
  if(await pickOpenedOption())return true;
  throw new Error('business line option not found: '+target);
}
async function clickOption(doc,option,required=false){return clickText(doc,option,required);}
async function addCode(doc,code,kind){
  function modalRoots(){
    const candidates=q(doc,'.br-modal,.br-dialog,[class*=modal],[class*=Modal],[class*=dialog],[class*=Dialog],body')
      .filter(visible);
    const withInput=candidates.filter(root=>q(root,'input:not([type=hidden]):not([disabled]),textarea:not([disabled])').filter(visible).length);
    return (withInput.length?withInput:candidates)
      .sort((a,b)=>a.getBoundingClientRect().width*a.getBoundingClientRect().height-b.getBoundingClientRect().width*b.getBoundingClientRect().height);
  }
  async function waitForModal(timeout=4000){
    for(let i=0;i<Math.ceil(timeout/200);i++){
      const roots=modalRoots();
      if(roots.length)return roots[0];
      await sleep(200);
    }
    return null;
  }
  async function waitModalClosed(root,timeout=5000){
    for(let i=0;i<Math.ceil(timeout/250);i++){
      if(!root||!root.isConnected||!visible(root))return true;
      if(!textOf(root).includes(code)&&!textOf(root).includes('\u6dfb\u52a0'))return true;
      await sleep(250);
    }
    return false;
  }
  function confirmButton(root){
    const buttons=q(root,'button').filter(visible).map(el=>({el,t:textOf(el)})).filter(x=>x.t==='\u786e\u5b9a');
    if(buttons.length)return buttons[buttons.length-1].el;
    const spans=q(root,'span,a,div').filter(visible).map(el=>({el,t:textOf(el)})).filter(x=>x.t==='\u786e\u5b9a');
    return spans.length?(spans[spans.length-1].el.closest('button,a')||spans[spans.length-1].el):null;
  }
  async function fillModal(root){
    let inputs=q(root,'input:not([type=hidden]):not([disabled]),textarea:not([disabled])')
      .filter(visible)
      .filter(el=>!/(date|time)/i.test([el.type,el.placeholder,el.className,el.name].join(' ')));
    if(!inputs.length){
      inputs=q(doc,'input:not([type=hidden]):not([disabled]),textarea:not([disabled])').filter(visible)
        .filter(el=>!/(date|time)/i.test([el.type,el.placeholder,el.className,el.name].join(' ')));
    }
    const empty=inputs.find(el=>!el.value)||inputs[0];
    if(!empty)throw new Error('code input not found in modal for '+code);
    setValue(empty,code);
    empty.dispatchEvent(new KeyboardEvent('keydown',{key:'Enter',bubbles:true}));
    empty.dispatchEvent(new KeyboardEvent('keyup',{key:'Enter',bubbles:true}));
    empty.blur&&empty.blur();
    await sleep(1800);
    for(let attempt=0;attempt<3;attempt++){
      const txt=textOf(root);
      if(/未找到|不存在|错误/.test(txt))throw new Error('add code validation failed for '+code+': '+txt.slice(0,220));
      const ok=confirmButton(root)||confirmButton(doc.body);
      if(!ok)throw new Error('modal confirm button not found for '+code);
      ok.click();
      await sleep(1200);
      if(await waitModalClosed(root,1500))return true;
    }
    throw new Error('modal did not close after adding '+code+': '+textOf(root).slice(0,220));
  }
  let root=modalRoots()[0];
  if(!root||root===doc.body){
    const openLabels=kind==='store'?['\u6dfb\u52a0\u5e97\u94fa','\u6dfb\u52a0']:['\u6dfb\u52a0\u7ef4\u4fee\u5382','\u6dfb\u52a0\u5ba2\u6237','\u6dfb\u52a0'];
    await clickText(doc,openLabels,false);
    root=await waitForModal(5000);
  }
  if(!root)throw new Error('add code modal not opened for '+code);
  return await fillModal(root);
}
async function configureCombo(doc,cfg){requireText(doc,S.sections,'combo configuration page');const activityName='\u81ea\u52a8\u5316-\u5e73\u53f0\u4fc3\u9500-\u7ec4\u5408-'+Date.now()+'-'+cfg.caseId;inputByLabel(doc,S.activityName,activityName);const time=fillActivityTime(doc);await clickOption(doc,cfg.business==='inquiry'?S.inquiry:S.mall,false);await chooseBusinessLine(doc,cfg.businessLine||'B2b-\u57fa\u7840\u4e1a\u52a1');await clickOption(doc,cfg.area==='byArea'?S.byArea:S.unlimitedArea,true);if(cfg.area==='byArea'&&cfg.regionCode)await clickOption(doc,S.beijing,false);await clickOption(doc,cfg.customerMode==='include'?S.includeCustomer:cfg.customerMode==='exclude'?S.excludeCustomer:S.allCustomers,true);if((cfg.customerMode==='include'||cfg.customerMode==='exclude')&&cfg.customerCode)await addCode(doc,cfg.customerCode,'customer');await clickOption(doc,cfg.promoType==='reduction'?S.reduction:S.discount,true);fillFirstNumbers(doc,cfg.promoType==='reduction'?[cfg.threshold,cfg.reduction,cfg.share]:[cfg.threshold,cfg.discount,cfg.share]);await clickOption(doc,cfg.budgetMode==='limit'?S.budgetLimit:S.noLimit,true);if(cfg.budgetMode==='limit')inputByLabel(doc,S.budget,String(cfg.budgetValue||1000));await clickOption(doc,cfg.stack?S.stack:S.noStack,true);await clickOption(doc,cfg.storeMode==='include'?S.includeStore:cfg.storeMode==='exclude'?S.excludeStore:S.unlimitedStore,true);if((cfg.storeMode==='include'||cfg.storeMode==='exclude')&&cfg.storeCode)await addCode(doc,cfg.storeCode,'store');await clickOption(doc,S.byCategory,true);await clickOption(doc,cfg.qualityMode==='specified'?S.specifiedQuality:S.unlimitedQuality,true);if(cfg.qualityMode==='specified'&&cfg.qualityName)await clickOption(doc,S.original,false);await clickOption(doc,cfg.brandMode==='specified'?S.specifiedBrand:S.unlimitedBrand,false);if(cfg.brandMode==='specified')await clickText(doc,['\u7b2c\u4e00\u4e2a\u54c1\u724c',S.select],false);await clickOption(doc,cfg.categoryMode==='specified'?S.specifiedCategory:S.unlimitedCategory,false);if(cfg.categoryMode==='specified')await clickText(doc,[S.select,'\u7b2c\u4e00\u4e2a\u54c1\u7c7b'],false);window.__promoAutomation=Object.assign(window.__promoAutomation||{},{lastCombo:cfg,lastActivityName:activityName,lastActivityTime:time});return {caseId:cfg.caseId,activityName,time};}
async function clickSave(doc){await clickText(doc,S.save,true);await sleep(1600);return bodyText(doc);}
function hasSuccess(text){return /\u4fdd\u5b58\u6210\u529f|\u64cd\u4f5c\u6210\u529f|\u6210\u529f/.test(text);}
function hasValidation(text){return /\u5fc5\u586b|\u8bf7\u9009\u62e9|\u4e0d\u80fd\u4e3a\u7a7a|\u4e0d\u53ef\u4e3a\u7a7a|\u8303\u56f4|0\.01|9\.99|\u5927\u4e8e|\u4e0d\u5408\u6cd5|\u9519\u8bef|\u5931\u8d25/.test(text);}


function promoItems(value){
  if(!value)return [];
  return String(value).split(';').map(x=>x.trim()).filter(x=>x && x!=='null' && x!=='None' && x!=='\u4e0d\u9002\u7528');
}
function itemCode(value){
  const text=String(value||'').trim();
  if(!text)return '';
  const m=text.match(/[A-Za-z0-9_-]+/);
  return m?m[0]:text;
}
function ruleSize(cfg){
  const text=String(cfg.ruleCount||'');
  if(/\u4e24|2/.test(text))return 2;
  const sizes=[cfg.orderAmounts,cfg.benefitValues,cfg.platformShares].map(v=>String(v||'').split(';').length);
  return Math.max(1,...sizes);
}
function numberInputs(root){
  return q(root,'input:not([type=hidden]):not([disabled]),textarea:not([disabled])')
    .filter(visible)
    .filter(el=>!/(date|time)/i.test([el.type,el.placeholder,el.className,el.name].join(' ')));
}
function promoRuleTable(doc){
  const tables=q(doc,'table').filter(visible);
  return tables.find(t=>textOf(t).includes(S.orderAmount)&&(/\u5e73\u53f0\u5206\u644a/.test(textOf(t))||textOf(t).includes(S.platformShare))) || tables[0] || null;
}
async function ensureRuleRows(doc,table,count){
  for(let i=0;i<count;i++){
    let rows=q(table,'tbody tr,tr').filter(visible).filter(r=>numberInputs(r).length);
    if(rows.length>=count)return rows;
    await clickText(doc,[S.addRule,'\u65b0\u589e','\u6dfb\u52a0'],false);
    await sleep(400);
  }
  return q(table,'tbody tr,tr').filter(visible).filter(r=>numberInputs(r).length);
}
async function fillRules(doc,cfg){
  const table=promoRuleTable(doc);
  const amounts=String(cfg.orderAmounts||'').split(';');
  const benefits=String(cfg.benefitValues||'').split(';');
  const shares=String(cfg.platformShares||'').split(';');
  const count=ruleSize(cfg);
  if(table){
    const rows=await ensureRuleRows(doc,table,count);
    for(let i=0;i<count;i++){
      const row=rows[i]||rows[rows.length-1]||table;
      const inputs=numberInputs(row);
      const vals=[amounts[i]||'',benefits[i]||'',shares[i]||''];
      vals.forEach((v,idx)=>{ if(v!==''&&inputs[idx])setValue(inputs[idx],v); });
    }
    return {mode:'table',count,rows:rows.length};
  }
  const inputs=numberInputs(doc);
  const vals=[];
  for(let i=0;i<count;i++)vals.push(amounts[i]||'',benefits[i]||'',shares[i]||'');
  vals.forEach((v,idx)=>{ if(v!==''&&inputs[idx])setValue(inputs[idx],v); });
  return {mode:'fallback',count,inputs:inputs.length};
}
async function chooseExactOrToken(doc,value,fallback,required=false){
  if(value&&await clickText(doc,value,false))return true;
  if(fallback&&await clickText(doc,fallback,false))return true;
  if(required)throw new Error('option not found: '+(value||fallback));
  return false;
}
async function chooseDetails(doc,value,kind){
  const items=promoItems(value);
  for(const item of items){
    if(await clickText(doc,item,false))continue;
    if(kind==='code'){
      await addCode(doc,itemCode(item),kind);
    }else{
      await clickText(doc,[S.select,itemCode(item)],false);
    }
  }
}
async function applyException(doc,value,kind){
  if(!value)return;
  await clickText(doc,['\u4f8b\u5916','\u6dfb\u52a0\u4f8b\u5916','\u8bbe\u7f6e\u4f8b\u5916'],false);
  if(String(value).includes('\u5df2\u5f00\u542f'))return;
  const cleaned=String(value).replace(/^\u4f8b\u5916:/,'');
  for(const item of promoItems(cleaned)){
    await addCode(doc,itemCode(item),kind);
  }
}
async function configureScenario(cfg){
  const doc=await promoDoc();
  requireText(doc,S.sections,'scenario page');
  const base=cfg.activityBaseName;
  const activityName=base?('\u81ea\u52a8\u5316-\u5e73\u53f0\u4fc3\u9500-'+base+'-'+Date.now()):'';
  if(activityName)inputByLabel(doc,S.activityName,activityName);
  const time=fillActivityTime(doc);
  await chooseExactOrToken(doc,cfg.businessScope,null,!!cfg.businessScope);
  if(cfg.businessLine)await chooseBusinessLine(doc,cfg.businessLine);
  await chooseExactOrToken(doc,cfg.vehicleBrandMode,null,false);
  await chooseDetails(doc,cfg.vehicleBrandDetails,'text');
  await chooseExactOrToken(doc,cfg.areaMode,null,false);
  if(cfg.areaDetails){
    for(const part of String(cfg.areaDetails).split('>').map(x=>x.trim()).filter(Boolean)){
      await clickText(doc,part,false);
      await sleep(150);
    }
  }
  await chooseExactOrToken(doc,cfg.customerMode,null,false);
  await chooseExactOrToken(doc,cfg.customerConfigMode,null,false);
  await chooseDetails(doc,cfg.customerItems,'code');
  await applyException(doc,cfg.customerException,'customer');
  await chooseExactOrToken(doc,cfg.promoType,null,!!cfg.promoType);
  const ruleInfo=await fillRules(doc,cfg);
  await chooseExactOrToken(doc,cfg.budgetMode,null,false);
  if(cfg.budgetLimit)inputByLabel(doc,S.budget,String(cfg.budgetLimit));
  await chooseExactOrToken(doc,cfg.stackMode,null,false);
  await chooseExactOrToken(doc,cfg.storeMode,null,false);
  await chooseExactOrToken(doc,cfg.storeConfigMode,null,false);
  await chooseDetails(doc,cfg.storeItems,'code');
  await applyException(doc,cfg.storeException,'store');
  const goodsFallback=String(cfg.goodsScope||'').includes('\u6309\u5546\u54c1')?S.byProduct:S.byCategory;
  await chooseExactOrToken(doc,cfg.goodsScope,goodsFallback,false);
  await chooseExactOrToken(doc,cfg.goodsLimitType,null,false);
  await chooseExactOrToken(doc,cfg.qualityMode,null,false);
  await chooseDetails(doc,cfg.qualityDetails,'text');
  await chooseExactOrToken(doc,cfg.partBrandMode,null,false);
  await chooseDetails(doc,cfg.partBrandDetails,'text');
  await chooseExactOrToken(doc,cfg.categoryMode,null,false);
  await chooseDetails(doc,cfg.categoryDetails,'text');
  await chooseDetails(doc,cfg.productDetails,'code');
  window.__promoAutomation=Object.assign(window.__promoAutomation||{},{lastScenario:cfg,lastActivityName:activityName,lastActivityTime:time});
  window.__promoScenarioAutomation.lastScenario=cfg;
  return {status:'scenario-configured',caseId:cfg.caseId,activityName,time,ruleInfo};
}
async function saveExpectSuccess(){
  const doc=await promoDoc();
  const before=window.__promoAutomation&&window.__promoAutomation.lastActivityName||'';
  const txt=await clickSave(doc);
  const topText=document.body?document.body.innerText:'';
  const combined=txt+'\n'+topText;
  const onList=/\u6d3b\u52a8\u5217\u8868|\u65b0\u589e\u6d3b\u52a8|\u4e0b\u8f7d\u6d3b\u52a8\u6e05\u5355|\u4e3a\u60a8\u627e\u5230/.test(combined);
  const created=before&&combined.includes(before.slice(0,Math.min(before.length,28)));
  if(hasSuccess(combined)||onList||created){
    return {status:'save-submitted',activityName:before,onList,created};
  }
  if(hasValidation(combined))throw new Error('save validation: '+combined.slice(0,400));
  throw new Error('save result unknown, activityName='+before+', text='+combined.slice(0,400));
}
async function saveExpectValidation(){
  const doc=await promoDoc();
  const txt=await clickSave(doc);
  const topText=document.body?document.body.innerText:'';
  const combined=txt+'\n'+topText;
  if(hasSuccess(combined))throw new Error('negative scenario saved unexpectedly');
  if(!hasValidation(combined))throw new Error('validation message not found: '+combined.slice(0,400));
  return {status:'validation-rejected',caseId:(window.__promoAutomation&&window.__promoAutomation.lastScenario&&window.__promoAutomation.lastScenario.caseId)||''};
}
window.__promoScenarioAutomation={promoDoc,configureScenario,saveExpectSuccess,saveExpectValidation,clickSave,hasSuccess,hasValidation};
return {status:'scenario-engine-ready'};
})()
'
2026-05-11 17:13:18,500 [INFO] 执行关键字: evaluate(data=(async()=>{

const sleep=ms=>new Promise(r=>setTimeout(r,ms));
const S={sections:['\u57fa\u7840\u4fe1\u606f','\u6d3b\u52a8\u5bf9\u8c61','\u4fc3\u9500\u73a9\u6cd5','\u6d3b\u52a8\u5e97\u94fa','\u6d3b\u52a8\u5546\u54c1'],save:'\u4fdd\u5b58',cancel:'\u53d6\u6d88',activityName:'\u6d3b\u52a8\u540d\u79f0',activityTime:'\u6d3b\u52a8\u65f6\u95f4',businessScope:'\u4e1a\u52a1\u8303\u56f4',businessLine:'\u4e1a\u52a1\u7ebf',mall:'\u5546\u57ce\u4e1a\u52a1',inquiry:'\u8be2\u4ef7\u4e1a\u52a1',area:'\u6d3b\u52a8\u533a\u57df',unlimitedArea:'\u4e0d\u9650\u533a\u57df',byArea:'\u6309\u533a\u57df\u8bbe\u7f6e',beijing:'\u5317\u4eac\u5e02',target:'\u6d3b\u52a8\u5bf9\u8c61',allCustomers:'\u5168\u90e8\u5ba2\u6237',includeCustomer:'\u6307\u5b9a\u53c2\u4e0e\u5ba2\u6237',excludeCustomer:'\u6307\u5b9a\u4e0d\u53c2\u4e0e\u5ba2\u6237',promoType:'\u4fc3\u9500\u7c7b\u578b',discount:'\u6ee1\u7acb\u6298',reduction:'\u6ee1\u7acb\u51cf',orderAmount:'\u8ba2\u5355\u91d1\u989d',discountField:'\u6298\u6263',reductionAmount:'\u4f18\u60e0\u91d1\u989d',platformShare:'\u5e73\u53f0\u5206\u644a\u6bd4\u4f8b',storeShare:'\u5e97\u94fa\u5206\u644a\u6bd4\u4f8b',budget:'\u8425\u9500\u8d39\u7528',noLimit:'\u4e0d\u8bbe\u4e0a\u9650',budgetLimit:'\u8425\u9500\u8d39\u7528\u4e0a\u9650',stackRule:'\u4fc3\u9500\u53e0\u52a0\u89c4\u5219',noStack:'\u4e0d\u53e0\u52a0',stack:'\u53e0\u52a0',store:'\u6d3b\u52a8\u5e97\u94fa',unlimitedStore:'\u4e0d\u9650\u5e97\u94fa',includeStore:'\u6307\u5b9a\u53ef\u53c2\u4e0e\u5e97\u94fa',excludeStore:'\u6307\u5b9a\u4e0d\u53ef\u53c2\u4e0e\u5e97\u94fa',goodsScope:'\u5546\u54c1\u8303\u56f4',byCategory:'\u6309\u54c1\u7c7b\u914d\u7f6e',byProduct:'\u6309\u5546\u54c1',quality:'\u9002\u7528\u54c1\u8d28',unlimitedQuality:'\u4e0d\u9650\u54c1\u8d28',specifiedQuality:'\u6307\u5b9a\u54c1\u8d28',original:'\u539f\u5382\u4ef6',brand:'\u9002\u7528\u914d\u4ef6\u54c1\u724c',unlimitedBrand:'\u4e0d\u9650\u54c1\u724c',specifiedBrand:'\u6307\u5b9a\u54c1\u724c',category:'\u9002\u7528\u54c1\u7c7b',unlimitedCategory:'\u4e0d\u9650\u54c1\u7c7b',specifiedCategory:'\u6307\u5b9a\u54c1\u7c7b',addRule:'\u65b0\u589e\u4e00\u9879\u914d\u7f6e',select:'\u8bf7\u9009\u62e9',required:'\u5fc5\u586b',success:'\u6210\u529f'};
function norm(s){return String(s||'').replace(/\s+/g,'').trim();}
function visible(el){return !!el&&el.isConnected&&!!(el.offsetWidth||el.offsetHeight||el.getClientRects().length);}
function textOf(el){return norm((el.innerText||el.textContent||el.value||el.getAttribute('title')||el.getAttribute('placeholder')||''));}
function q(doc,sel){return Array.from(doc.querySelectorAll(sel));}
async function promoDoc(timeout=30000){for(let i=0;i<Math.ceil(timeout/250);i++){const f=document.querySelector('#iframeCon,iframe[name="iframeCon"]');let d=null;try{d=f?(f.contentDocument||f.contentWindow.document):document;}catch(e){d=document;}const body=d&&d.body;const txt=body?body.innerText:'';const url=[location.href,f&&f.getAttribute('src'),d&&d.location&&d.location.href].filter(Boolean).join(' ');if(body&&(/platform-promotions\/add-edit/.test(url)||S.sections.some(x=>txt.includes(x))||txt.includes(S.activityName))){return d;}await sleep(250);}throw new Error('platform promotion add page not loaded or iframeCon unavailable');}
function bodyText(doc){return doc.body?doc.body.innerText:'';}
function requireText(doc,arr,scope){const txt=bodyText(doc);const missing=arr.filter(x=>!txt.includes(x));if(missing.length)throw new Error((scope||'page')+' missing text: '+missing.join(','));return true;}
function elementsByText(doc,label,sel){const nodes=q(doc,sel||'label,button,a,span,div,li,input,textarea').filter(visible).map(el=>({el,t:textOf(el)})).filter(x=>x.t&&x.t.includes(norm(label)));nodes.sort((a,b)=>a.t.length-b.t.length);return nodes.map(x=>x.el);}
async function clickText(doc,label,required=false){const candidates=Array.isArray(label)?label:[label];for(const item of candidates){const nodes=elementsByText(doc,item,'label,button,a,span,div,li,input');for(const node of nodes){const target=node.closest('label,button,a,li')||node;try{target.scrollIntoView({block:'center',inline:'center'});target.click();await sleep(300);return true;}catch(e){}}}if(required)throw new Error('click target not found: '+candidates.join('/'));return false;}
function nearbyInputs(doc,label){const anchors=elementsByText(doc,label,'label,span,div,p,td,th');const seen=new Set(), out=[];for(const a of anchors){let root=a;for(let i=0;i<4&&root;i++,root=root.parentElement){q(root,'input:not([type=hidden]):not([disabled]),textarea:not([disabled]),select:not([disabled])').filter(visible).forEach(el=>{if(!seen.has(el)){seen.add(el);out.push(el);}});}}return out;}
function setValue(el,value){el.scrollIntoView({block:'center',inline:'center'});el.focus&&el.focus();if(el.tagName==='SELECT'){const opts=Array.from(el.options);let opt=opts.find(o=>textOf(o).includes(norm(value))||String(o.value)===String(value))||opts.find(o=>o.value);if(opt)el.value=opt.value;}else{const proto=Object.getPrototypeOf(el);const desc=Object.getOwnPropertyDescriptor(proto,'value');if(desc&&desc.set)desc.set.call(el,String(value));else el.value=String(value);}el.dispatchEvent(new Event('input',{bubbles:true}));el.dispatchEvent(new Event('change',{bubbles:true}));el.blur&&el.blur();}
function inputByLabel(doc,label,value,idx=0){let inputs=nearbyInputs(doc,label).filter(el=>el.type!=='radio'&&el.type!=='checkbox');if(!inputs.length){inputs=q(doc,'input:not([type=hidden]):not([disabled]),textarea:not([disabled])').filter(visible);}const el=inputs[idx]||inputs[0];if(!el)throw new Error('input not found: '+label);setValue(el,value);return true;}
function fillFirstNumbers(doc,values){
  function numberInputs(root){
    return q(root,'input:not([type=hidden]):not([disabled]),textarea:not([disabled])')
      .filter(visible)
      .filter(el=>!/(date|time)/i.test([el.type,el.placeholder,el.className,el.name].join(' ')));
  }
  function amountShareValue(table){
    const tableText=textOf(table);
    const benefit=Number(values[1]);
    const share=Number(values[2]);
    if(/\u5206\u644a\u91d1\u989d/.test(tableText)&&Number.isFinite(benefit)&&Number.isFinite(share)&&share>benefit&&share<=100){
      const amount=Math.round(benefit*share)/100;
      return String(amount).replace(/\.0+$/,'');
    }
    return values[2];
  }
  const tables=q(doc,'table').filter(visible);
  let table=tables.find(t=>textOf(t).includes(S.orderAmount)&&(/\u5e73\u53f0\u5206\u644a/.test(textOf(t))||textOf(t).includes(S.platformShare))) || tables[0];
  if(table){
    const headers=q(table,'thead th,thead td,th').filter(visible).map((el,i)=>({el,i,t:textOf(el)}));
    const bodyRows=q(table,'tbody tr,tr').filter(visible);
    const row=bodyRows.find(r=>numberInputs(r).length)||table;
    const inputs=numberInputs(row);
    function setByHeader(pattern,value,fallbackIndex){
      let header=headers.find(h=>pattern.test(h.t));
      let input=null;
      if(header&&header.i>=0){
        const cells=q(row,'td,th').filter(visible);
        const cell=cells[header.i];
        if(cell)input=numberInputs(cell)[0];
      }
      if(!input)input=inputs[fallbackIndex];
      if(input)setValue(input,value);
      return !!input;
    }
    const isReduction=String(values[1])==='10'||textOf(table).includes(S.reductionAmount)||textOf(table).includes('\u4f18\u60e0\u91d1\u989d')||textOf(table).includes('\u7acb\u51cf\u91d1\u989d');
    const shareValue=amountShareValue(table);
    setByHeader(/\u8ba2\u5355\u91d1\u989d/,values[0],0);
    setByHeader(isReduction?/(\u4f18\u60e0\u91d1\u989d|\u7acb\u51cf|\u51cf)/:/(\u6298\u6263)/,values[1],1);
    setByHeader(/\u5e73\u53f0\u5206\u644a/,shareValue,2);
    return {count:inputs.length,values:inputs.map(el=>el.value),shareValue};
  }
  const inputs=q(doc,'table input:not([type=hidden]):not([disabled]),tbody input:not([type=hidden]):not([disabled])')
    .filter(visible)
    .filter(el=>!/(date|time)/i.test(el.type||''));
  if(inputs.length<values.length){
    const all=q(doc,'input:not([type=hidden]):not([disabled])').filter(visible);
    for(const el of all){if(!inputs.includes(el))inputs.push(el);}
  }
  values.forEach((v,i)=>{if(inputs[i])setValue(inputs[i],v);});
  return {count:inputs.length,values:inputs.map(el=>el.value),shareValue:values[2]};
}
function formatDate(d){const p=n=>String(n).padStart(2,'0');return d.getFullYear()+'-'+p(d.getMonth()+1)+'-'+p(d.getDate())+' '+p(d.getHours())+':'+p(d.getMinutes())+':'+p(d.getSeconds());}
function fillActivityTime(doc){
  const start=new Date(), end=new Date(start.getTime()+10*60*1000);
  const startText=formatDate(start), endText=formatDate(end);
  function day(d){
    const p=n=>String(n).padStart(2,'0');
    return d.getFullYear()+'-'+p(d.getMonth()+1)+'-'+p(d.getDate());
  }
  function fiber(el){
    const key=Object.keys(el).find(k=>k.startsWith('__reactInternalInstance')||k.startsWith('__reactFiber'));
    return key?el[key]:null;
  }
  function mk(gen,d){
    let x=gen.getFixedDate(day(d));
    x=gen.setHour(x,d.getHours());
    x=gen.setMinute(x,d.getMinutes());
    x=gen.setSecond(x,d.getSeconds());
    return x;
  }
  const range=doc.querySelector('.br-datepicker-range,.br-rangepicker,.br-datepicker');
  if(range){
    let f=fiber(range);
    for(let i=0;i<15&&f;i++,f=f.return){
      const p=f.memoizedProps||{};
      if(typeof p.onChange==='function'&&Array.isArray(p.value)&&p.format==='YYYY-MM-DD HH:mm:ss'&&p.generateConfig){
        const value=[mk(p.generateConfig,start),mk(p.generateConfig,end)];
        p.onChange(value,[startText,endText]);
        const inputs=Array.from(range.querySelectorAll('input'));
        if(inputs[0]&&inputs[1]){
          setValue(inputs[0],startText);
          setValue(inputs[1],endText);
        }
        return {start:startText,end:endText};
      }
    }
  }
  let inputs=nearbyInputs(doc,S.activityTime).filter(el=>el.type!=='radio'&&el.type!=='checkbox');
  if(inputs.length<2){
    inputs=q(doc,'input:not([type=hidden]):not([disabled]),input[readonly],textarea:not([disabled])')
      .filter(visible)
      .filter(el=>/(date|time|yyyy|YYYY|\u65e5\u671f)/i.test([el.type,el.placeholder,el.className,el.name].join(' ')));
  }
  if(inputs[0])setValue(inputs[0],startText);
  if(inputs[1])setValue(inputs[1],endText);
  return {start:startText,end:endText};
}
async function chooseBusinessLine(doc,line){
  const target=norm(line||'B2b-\u57fa\u7840\u4e1a\u52a1');
  const loose=s=>norm(s).replace(/[-_\uff0d]/g,'').toLowerCase();
  const targetLoose=loose(target);
  const isTarget=t=>{
    const v=norm(t),l=loose(v);
    return v&&(v===target||v.includes(target)||target.includes(v)||l===targetLoose||l.includes(targetLoose)||targetLoose.includes(l)||(/b2b/i.test(v)&&v.includes('\u57fa\u7840\u4e1a\u52a1')));
  };
  const docs=()=>Array.from(new Set([doc,document].filter(Boolean)));
  const add=(arr,el)=>{if(el&&visible(el)&&!arr.includes(el))arr.push(el);};
  const controls=[];
  const anchors=elementsByText(doc,S.businessLine,'label,span,div,p,td,th').filter(el=>textOf(el).length<200);
  for(const a of anchors){
    let root=a;
    for(let i=0;i<7&&root;i++,root=root.parentElement){
      q(root,'.br-multiselect,.br-multiselect__controller,.br-popover__target,.br-select,[class*=select],[class*=Select],[class*=dropdown],[class*=Dropdown],[role=combobox],input:not([type=hidden]):not([disabled]),textarea:not([disabled]),select:not([disabled])').forEach(el=>add(controls,el));
    }
  }
  nearbyInputs(doc,S.businessLine).filter(el=>el.type!=='radio'&&el.type!=='checkbox').forEach(el=>add(controls,el));

  async function pickOpenedOption(){
    for(const d of docs()){
      const opts=q(d,'[role=option],li,div,span,a,[class*=option],[class*=Option],[class*=item],[class*=Item]')
        .filter(visible)
        .map(el=>({el,t:textOf(el)}))
        .filter(x=>x.t&&isTarget(x.t));
      opts.sort((a,b)=>{
        const ae=a.t===target?0:1,be=b.t===target?0:1;
        if(ae!==be)return ae-be;
        return a.t.length-b.t.length;
      });
      if(opts[0]){
        const el=opts[0].el;
        const targetEl=el.closest('[role=option],li,[class*=option],[class*=Option],[class*=item],[class*=Item]')||el;
        targetEl.scrollIntoView({block:'center',inline:'center'});
        targetEl.click();
        await sleep(500);
        return true;
      }
    }
    return false;
  }

  for(const ctrl of controls){
    try{
      ctrl.scrollIntoView({block:'center',inline:'center'});
      if(ctrl.tagName==='SELECT'){
        const opt=Array.from(ctrl.options).find(o=>isTarget(o.textContent)||isTarget(o.value));
        if(opt){
          ctrl.value=opt.value;
          ctrl.dispatchEvent(new Event('input',{bubbles:true}));
          ctrl.dispatchEvent(new Event('change',{bubbles:true}));
          return true;
        }
      }
      ctrl.click();
      await sleep(800);
      if(await pickOpenedOption())return true;
    }catch(e){}
  }
  if(await pickOpenedOption())return true;
  throw new Error('business line option not found: '+target);
}
async function clickOption(doc,option,required=false){return clickText(doc,option,required);}
async function addCode(doc,code,kind){
  function modalRoots(){
    const candidates=q(doc,'.br-modal,.br-dialog,[class*=modal],[class*=Modal],[class*=dialog],[class*=Dialog],body')
      .filter(visible);
    const withInput=candidates.filter(root=>q(root,'input:not([type=hidden]):not([disabled]),textarea:not([disabled])').filter(visible).length);
    return (withInput.length?withInput:candidates)
      .sort((a,b)=>a.getBoundingClientRect().width*a.getBoundingClientRect().height-b.getBoundingClientRect().width*b.getBoundingClientRect().height);
  }
  async function waitForModal(timeout=4000){
    for(let i=0;i<Math.ceil(timeout/200);i++){
      const roots=modalRoots();
      if(roots.length)return roots[0];
      await sleep(200);
    }
    return null;
  }
  async function waitModalClosed(root,timeout=5000){
    for(let i=0;i<Math.ceil(timeout/250);i++){
      if(!root||!root.isConnected||!visible(root))return true;
      if(!textOf(root).includes(code)&&!textOf(root).includes('\u6dfb\u52a0'))return true;
      await sleep(250);
    }
    return false;
  }
  function confirmButton(root){
    const buttons=q(root,'button').filter(visible).map(el=>({el,t:textOf(el)})).filter(x=>x.t==='\u786e\u5b9a');
    if(buttons.length)return buttons[buttons.length-1].el;
    const spans=q(root,'span,a,div').filter(visible).map(el=>({el,t:textOf(el)})).filter(x=>x.t==='\u786e\u5b9a');
    return spans.length?(spans[spans.length-1].el.closest('button,a')||spans[spans.length-1].el):null;
  }
  async function fillModal(root){
    let inputs=q(root,'input:not([type=hidden]):not([disabled]),textarea:not([disabled])')
      .filter(visible)
      .filter(el=>!/(date|time)/i.test([el.type,el.placeholder,el.className,el.name].join(' ')));
    if(!inputs.length){
      inputs=q(doc,'input:not([type=hidden]):not([disabled]),textarea:not([disabled])').filter(visible)
        .filter(el=>!/(date|time)/i.test([el.type,el.placeholder,el.className,el.name].join(' ')));
    }
    const empty=inputs.find(el=>!el.value)||inputs[0];
    if(!empty)throw new Error('code input not found in modal for '+code);
    setValue(empty,code);
    empty.dispatchEvent(new KeyboardEvent('keydown',{key:'Enter',bubbles:true}));
    empty.dispatchEvent(new KeyboardEvent('keyup',{key:'Enter',bubbles:true}));
    empty.blur&&empty.blur();
    await sleep(1800);
    for(let attempt=0;attempt<3;attempt++){
      const txt=textOf(root);
      if(/未找到|不存在|错误/.test(txt))throw new Error('add code validation failed for '+code+': '+txt.slice(0,220));
      const ok=confirmButton(root)||confirmButton(doc.body);
      if(!ok)throw new Error('modal confirm button not found for '+code);
      ok.click();
      await sleep(1200);
      if(await waitModalClosed(root,1500))return true;
    }
    throw new Error('modal did not close after adding '+code+': '+textOf(root).slice(0,220));
  }
  let root=modalRoots()[0];
  if(!root||root===doc.body){
    const openLabels=kind==='store'?['\u6dfb\u52a0\u5e97\u94fa','\u6dfb\u52a0']:['\u6dfb\u52a0\u7ef4\u4fee\u5382','\u6dfb\u52a0\u5ba2\u6237','\u6dfb\u52a0'];
    await clickText(doc,openLabels,false);
    root=await waitForModal(5000);
  }
  if(!root)throw new Error('add code modal not opened for '+code);
  return await fillModal(root);
}
async function configureCombo(doc,cfg){requireText(doc,S.sections,'combo configuration page');const activityName='\u81ea\u52a8\u5316-\u5e73\u53f0\u4fc3\u9500-\u7ec4\u5408-'+Date.now()+'-'+cfg.caseId;inputByLabel(doc,S.activityName,activityName);const time=fillActivityTime(doc);await clickOption(doc,cfg.business==='inquiry'?S.inquiry:S.mall,false);await chooseBusinessLine(doc,cfg.businessLine||'B2b-\u57fa\u7840\u4e1a\u52a1');await clickOption(doc,cfg.area==='byArea'?S.byArea:S.unlimitedArea,true);if(cfg.area==='byArea'&&cfg.regionCode)await clickOption(doc,S.beijing,false);await clickOption(doc,cfg.customerMode==='include'?S.includeCustomer:cfg.customerMode==='exclude'?S.excludeCustomer:S.allCustomers,true);if((cfg.customerMode==='include'||cfg.customerMode==='exclude')&&cfg.customerCode)await addCode(doc,cfg.customerCode,'customer');await clickOption(doc,cfg.promoType==='reduction'?S.reduction:S.discount,true);fillFirstNumbers(doc,cfg.promoType==='reduction'?[cfg.threshold,cfg.reduction,cfg.share]:[cfg.threshold,cfg.discount,cfg.share]);await clickOption(doc,cfg.budgetMode==='limit'?S.budgetLimit:S.noLimit,true);if(cfg.budgetMode==='limit')inputByLabel(doc,S.budget,String(cfg.budgetValue||1000));await clickOption(doc,cfg.stack?S.stack:S.noStack,true);await clickOption(doc,cfg.storeMode==='include'?S.includeStore:cfg.storeMode==='exclude'?S.excludeStore:S.unlimitedStore,true);if((cfg.storeMode==='include'||cfg.storeMode==='exclude')&&cfg.storeCode)await addCode(doc,cfg.storeCode,'store');await clickOption(doc,S.byCategory,true);await clickOption(doc,cfg.qualityMode==='specified'?S.specifiedQuality:S.unlimitedQuality,true);if(cfg.qualityMode==='specified'&&cfg.qualityName)await clickOption(doc,S.original,false);await clickOption(doc,cfg.brandMode==='specified'?S.specifiedBrand:S.unlimitedBrand,false);if(cfg.brandMode==='specified')await clickText(doc,['\u7b2c\u4e00\u4e2a\u54c1\u724c',S.select],false);await clickOption(doc,cfg.categoryMode==='specified'?S.specifiedCategory:S.unlimitedCategory,false);if(cfg.categoryMode==='specified')await clickText(doc,[S.select,'\u7b2c\u4e00\u4e2a\u54c1\u7c7b'],false);window.__promoAutomation=Object.assign(window.__promoAutomation||{},{lastCombo:cfg,lastActivityName:activityName,lastActivityTime:time});return {caseId:cfg.caseId,activityName,time};}
async function clickSave(doc){await clickText(doc,S.save,true);await sleep(1600);return bodyText(doc);}
function hasSuccess(text){return /\u4fdd\u5b58\u6210\u529f|\u64cd\u4f5c\u6210\u529f|\u6210\u529f/.test(text);}
function hasValidation(text){return /\u5fc5\u586b|\u8bf7\u9009\u62e9|\u4e0d\u80fd\u4e3a\u7a7a|\u4e0d\u53ef\u4e3a\u7a7a|\u8303\u56f4|0\.01|9\.99|\u5927\u4e8e|\u4e0d\u5408\u6cd5|\u9519\u8bef|\u5931\u8d25/.test(text);}


function promoItems(value){
  if(!value)return [];
  return String(value).split(';').map(x=>x.trim()).filter(x=>x && x!=='null' && x!=='None' && x!=='\u4e0d\u9002\u7528');
}
function itemCode(value){
  const text=String(value||'').trim();
  if(!text)return '';
  const m=text.match(/[A-Za-z0-9_-]+/);
  return m?m[0]:text;
}
function ruleSize(cfg){
  const text=String(cfg.ruleCount||'');
  if(/\u4e24|2/.test(text))return 2;
  const sizes=[cfg.orderAmounts,cfg.benefitValues,cfg.platformShares].map(v=>String(v||'').split(';').length);
  return Math.max(1,...sizes);
}
function numberInputs(root){
  return q(root,'input:not([type=hidden]):not([disabled]),textarea:not([disabled])')
    .filter(visible)
    .filter(el=>!/(date|time)/i.test([el.type,el.placeholder,el.className,el.name].join(' ')));
}
function promoRuleTable(doc){
  const tables=q(doc,'table').filter(visible);
  return tables.find(t=>textOf(t).includes(S.orderAmount)&&(/\u5e73\u53f0\u5206\u644a/.test(textOf(t))||textOf(t).includes(S.platformShare))) || tables[0] || null;
}
async function ensureRuleRows(doc,table,count){
  for(let i=0;i<count;i++){
    let rows=q(table,'tbody tr,tr').filter(visible).filter(r=>numberInputs(r).length);
    if(rows.length>=count)return rows;
    await clickText(doc,[S.addRule,'\u65b0\u589e','\u6dfb\u52a0'],false);
    await sleep(400);
  }
  return q(table,'tbody tr,tr').filter(visible).filter(r=>numberInputs(r).length);
}
async function fillRules(doc,cfg){
  const table=promoRuleTable(doc);
  const amounts=String(cfg.orderAmounts||'').split(';');
  const benefits=String(cfg.benefitValues||'').split(';');
  const shares=String(cfg.platformShares||'').split(';');
  const count=ruleSize(cfg);
  if(table){
    const rows=await ensureRuleRows(doc,table,count);
    for(let i=0;i<count;i++){
      const row=rows[i]||rows[rows.length-1]||table;
      const inputs=numberInputs(row);
      const vals=[amounts[i]||'',benefits[i]||'',shares[i]||''];
      vals.forEach((v,idx)=>{ if(v!==''&&inputs[idx])setValue(inputs[idx],v); });
    }
    return {mode:'table',count,rows:rows.length};
  }
  const inputs=numberInputs(doc);
  const vals=[];
  for(let i=0;i<count;i++)vals.push(amounts[i]||'',benefits[i]||'',shares[i]||'');
  vals.forEach((v,idx)=>{ if(v!==''&&inputs[idx])setValue(inputs[idx],v); });
  return {mode:'fallback',count,inputs:inputs.length};
}
async function chooseExactOrToken(doc,value,fallback,required=false){
  if(value&&await clickText(doc,value,false))return true;
  if(fallback&&await clickText(doc,fallback,false))return true;
  if(required)throw new Error('option not found: '+(value||fallback));
  return false;
}
async function chooseDetails(doc,value,kind){
  const items=promoItems(value);
  for(const item of items){
    if(await clickText(doc,item,false))continue;
    if(kind==='code'){
      await addCode(doc,itemCode(item),kind);
    }else{
      await clickText(doc,[S.select,itemCode(item)],false);
    }
  }
}
async function applyException(doc,value,kind){
  if(!value)return;
  await clickText(doc,['\u4f8b\u5916','\u6dfb\u52a0\u4f8b\u5916','\u8bbe\u7f6e\u4f8b\u5916'],false);
  if(String(value).includes('\u5df2\u5f00\u542f'))return;
  const cleaned=String(value).replace(/^\u4f8b\u5916:/,'');
  for(const item of promoItems(cleaned)){
    await addCode(doc,itemCode(item),kind);
  }
}
async function configureScenario(cfg){
  const doc=await promoDoc();
  requireText(doc,S.sections,'scenario page');
  const base=cfg.activityBaseName;
  const activityName=base?('\u81ea\u52a8\u5316-\u5e73\u53f0\u4fc3\u9500-'+base+'-'+Date.now()):'';
  if(activityName)inputByLabel(doc,S.activityName,activityName);
  const time=fillActivityTime(doc);
  await chooseExactOrToken(doc,cfg.businessScope,null,!!cfg.businessScope);
  if(cfg.businessLine)await chooseBusinessLine(doc,cfg.businessLine);
  await chooseExactOrToken(doc,cfg.vehicleBrandMode,null,false);
  await chooseDetails(doc,cfg.vehicleBrandDetails,'text');
  await chooseExactOrToken(doc,cfg.areaMode,null,false);
  if(cfg.areaDetails){
    for(const part of String(cfg.areaDetails).split('>').map(x=>x.trim()).filter(Boolean)){
      await clickText(doc,part,false);
      await sleep(150);
    }
  }
  await chooseExactOrToken(doc,cfg.customerMode,null,false);
  await chooseExactOrToken(doc,cfg.customerConfigMode,null,false);
  await chooseDetails(doc,cfg.customerItems,'code');
  await applyException(doc,cfg.customerException,'customer');
  await chooseExactOrToken(doc,cfg.promoType,null,!!cfg.promoType);
  const ruleInfo=await fillRules(doc,cfg);
  await chooseExactOrToken(doc,cfg.budgetMode,null,false);
  if(cfg.budgetLimit)inputByLabel(doc,S.budget,String(cfg.budgetLimit));
  await chooseExactOrToken(doc,cfg.stackMode,null,false);
  await chooseExactOrToken(doc,cfg.storeMode,null,false);
  await chooseExactOrToken(doc,cfg.storeConfigMode,null,false);
  await chooseDetails(doc,cfg.storeItems,'code');
  await applyException(doc,cfg.storeException,'store');
  const goodsFallback=String(cfg.goodsScope||'').includes('\u6309\u5546\u54c1')?S.byProduct:S.byCategory;
  await chooseExactOrToken(doc,cfg.goodsScope,goodsFallback,false);
  await chooseExactOrToken(doc,cfg.goodsLimitType,null,false);
  await chooseExactOrToken(doc,cfg.qualityMode,null,false);
  await chooseDetails(doc,cfg.qualityDetails,'text');
  await chooseExactOrToken(doc,cfg.partBrandMode,null,false);
  await chooseDetails(doc,cfg.partBrandDetails,'text');
  await chooseExactOrToken(doc,cfg.categoryMode,null,false);
  await chooseDetails(doc,cfg.categoryDetails,'text');
  await chooseDetails(doc,cfg.productDetails,'code');
  window.__promoAutomation=Object.assign(window.__promoAutomation||{},{lastScenario:cfg,lastActivityName:activityName,lastActivityTime:time});
  window.__promoScenarioAutomation.lastScenario=cfg;
  return {status:'scenario-configured',caseId:cfg.caseId,activityName,time,ruleInfo};
}
async function saveExpectSuccess(){
  const doc=await promoDoc();
  const before=window.__promoAutomation&&window.__promoAutomation.lastActivityName||'';
  const txt=await clickSave(doc);
  const topText=document.body?document.body.innerText:'';
  const combined=txt+'\n'+topText;
  const onList=/\u6d3b\u52a8\u5217\u8868|\u65b0\u589e\u6d3b\u52a8|\u4e0b\u8f7d\u6d3b\u52a8\u6e05\u5355|\u4e3a\u60a8\u627e\u5230/.test(combined);
  const created=before&&combined.includes(before.slice(0,Math.min(before.length,28)));
  if(hasSuccess(combined)||onList||created){
    return {status:'save-submitted',activityName:before,onList,created};
  }
  if(hasValidation(combined))throw new Error('save validation: '+combined.slice(0,400));
  throw new Error('save result unknown, activityName='+before+', text='+combined.slice(0,400));
}
async function saveExpectValidation(){
  const doc=await promoDoc();
  const txt=await clickSave(doc);
  const topText=document.body?document.body.innerText:'';
  const combined=txt+'\n'+topText;
  if(hasSuccess(combined))throw new Error('negative scenario saved unexpectedly');
  if(!hasValidation(combined))throw new Error('validation message not found: '+combined.slice(0,400));
  return {status:'validation-rejected',caseId:(window.__promoAutomation&&window.__promoAutomation.lastScenario&&window.__promoAutomation.lastScenario.caseId)||''};
}
window.__promoScenarioAutomation={promoDoc,configureScenario,saveExpectSuccess,saveExpectValidation,clickSave,hasSuccess,hasValidation};
return {status:'scenario-engine-ready'};
})()
)
2026-05-11 17:13:18,504 [INFO] 执行 JS: (async()=>{

const sleep=ms=>new Promise(r=>setTimeout(r,ms));
const S={sections:['\u57fa\u7840\u4fe1\u606f','\u6d3b\u52a8\u5bf9\u8c61','\u4fc3\u9500\u73a9\u6cd5','\u6d3b\u52a8\u5e97\u94fa','\u6d3b\u5
2026-05-11 17:13:18,938 [INFO] JS 结果: {'status': 'scenario-engine-ready'}
2026-05-11 17:13:18,939 [DEBUG] evaluate 成功
2026-05-11 17:13:18,939 [INFO] [STEP] action=evaluate model=- status=OK source=evaluate
2026-05-11 17:13:18,939 [DEBUG]   history[4]={'status': 'scenario-engine-ready'}
2026-05-11 17:13:19,133 [DEBUG] 截图成功: D:\Documents\pythonProject\AICASS\examples\电商\管理中心\促销活动\result\rodski_20260511_171306\screenshots\PC-001_S001_load_scenario_engine\03_20260511_171318.png
2026-05-11 17:13:19,133 [DEBUG] 步骤截图: D:\Documents\pythonProject\AICASS\examples\电商\管理中心\促销活动\result\rodski_20260511_171306\screenshots\PC-001_S001_load_scenario_engine\03_20260511_171318.png
2026-05-11 17:13:19,133 [DEBUG] 步骤等待 0.001s
2026-05-11 17:13:19,135 [DEBUG]   [1] evaluate
2026-05-11 17:13:19,135 [DEBUG] 数据解析: 'PromoScript.PageLoadReady.script' -> '(async()=>{

const sleep=ms=>new Promise(r=>setTimeout(r,ms));
const S={sections:['\u57fa\u7840\u4fe1\u606f','\u6d3b\u52a8\u5bf9\u8c61','\u4fc3\u9500\u73a9\u6cd5','\u6d3b\u52a8\u5e97\u94fa','\u6d3b\u52a8\u5546\u54c1'],save:'\u4fdd\u5b58',cancel:'\u53d6\u6d88',activityName:'\u6d3b\u52a8\u540d\u79f0',activityTime:'\u6d3b\u52a8\u65f6\u95f4',businessScope:'\u4e1a\u52a1\u8303\u56f4',businessLine:'\u4e1a\u52a1\u7ebf',mall:'\u5546\u57ce\u4e1a\u52a1',inquiry:'\u8be2\u4ef7\u4e1a\u52a1',area:'\u6d3b\u52a8\u533a\u57df',unlimitedArea:'\u4e0d\u9650\u533a\u57df',byArea:'\u6309\u533a\u57df\u8bbe\u7f6e',beijing:'\u5317\u4eac\u5e02',target:'\u6d3b\u52a8\u5bf9\u8c61',allCustomers:'\u5168\u90e8\u5ba2\u6237',includeCustomer:'\u6307\u5b9a\u53c2\u4e0e\u5ba2\u6237',excludeCustomer:'\u6307\u5b9a\u4e0d\u53c2\u4e0e\u5ba2\u6237',promoType:'\u4fc3\u9500\u7c7b\u578b',discount:'\u6ee1\u7acb\u6298',reduction:'\u6ee1\u7acb\u51cf',orderAmount:'\u8ba2\u5355\u91d1\u989d',discountField:'\u6298\u6263',reductionAmount:'\u4f18\u60e0\u91d1\u989d',platformShare:'\u5e73\u53f0\u5206\u644a\u6bd4\u4f8b',storeShare:'\u5e97\u94fa\u5206\u644a\u6bd4\u4f8b',budget:'\u8425\u9500\u8d39\u7528',noLimit:'\u4e0d\u8bbe\u4e0a\u9650',budgetLimit:'\u8425\u9500\u8d39\u7528\u4e0a\u9650',stackRule:'\u4fc3\u9500\u53e0\u52a0\u89c4\u5219',noStack:'\u4e0d\u53e0\u52a0',stack:'\u53e0\u52a0',store:'\u6d3b\u52a8\u5e97\u94fa',unlimitedStore:'\u4e0d\u9650\u5e97\u94fa',includeStore:'\u6307\u5b9a\u53ef\u53c2\u4e0e\u5e97\u94fa',excludeStore:'\u6307\u5b9a\u4e0d\u53ef\u53c2\u4e0e\u5e97\u94fa',goodsScope:'\u5546\u54c1\u8303\u56f4',byCategory:'\u6309\u54c1\u7c7b\u914d\u7f6e',byProduct:'\u6309\u5546\u54c1',quality:'\u9002\u7528\u54c1\u8d28',unlimitedQuality:'\u4e0d\u9650\u54c1\u8d28',specifiedQuality:'\u6307\u5b9a\u54c1\u8d28',original:'\u539f\u5382\u4ef6',brand:'\u9002\u7528\u914d\u4ef6\u54c1\u724c',unlimitedBrand:'\u4e0d\u9650\u54c1\u724c',specifiedBrand:'\u6307\u5b9a\u54c1\u724c',category:'\u9002\u7528\u54c1\u7c7b',unlimitedCategory:'\u4e0d\u9650\u54c1\u7c7b',specifiedCategory:'\u6307\u5b9a\u54c1\u7c7b',addRule:'\u65b0\u589e\u4e00\u9879\u914d\u7f6e',select:'\u8bf7\u9009\u62e9',required:'\u5fc5\u586b',success:'\u6210\u529f'};
function norm(s){return String(s||'').replace(/\s+/g,'').trim();}
function visible(el){return !!el&&el.isConnected&&!!(el.offsetWidth||el.offsetHeight||el.getClientRects().length);}
function textOf(el){return norm((el.innerText||el.textContent||el.value||el.getAttribute('title')||el.getAttribute('placeholder')||''));}
function q(doc,sel){return Array.from(doc.querySelectorAll(sel));}
async function promoDoc(timeout=30000){for(let i=0;i<Math.ceil(timeout/250);i++){const f=document.querySelector('#iframeCon,iframe[name="iframeCon"]');let d=null;try{d=f?(f.contentDocument||f.contentWindow.document):document;}catch(e){d=document;}const body=d&&d.body;const txt=body?body.innerText:'';const url=[location.href,f&&f.getAttribute('src'),d&&d.location&&d.location.href].filter(Boolean).join(' ');if(body&&(/platform-promotions\/add-edit/.test(url)||S.sections.some(x=>txt.includes(x))||txt.includes(S.activityName))){return d;}await sleep(250);}throw new Error('platform promotion add page not loaded or iframeCon unavailable');}
function bodyText(doc){return doc.body?doc.body.innerText:'';}
function requireText(doc,arr,scope){const txt=bodyText(doc);const missing=arr.filter(x=>!txt.includes(x));if(missing.length)throw new Error((scope||'page')+' missing text: '+missing.join(','));return true;}
function elementsByText(doc,label,sel){const nodes=q(doc,sel||'label,button,a,span,div,li,input,textarea').filter(visible).map(el=>({el,t:textOf(el)})).filter(x=>x.t&&x.t.includes(norm(label)));nodes.sort((a,b)=>a.t.length-b.t.length);return nodes.map(x=>x.el);}
async function clickText(doc,label,required=false){const candidates=Array.isArray(label)?label:[label];for(const item of candidates){const nodes=elementsByText(doc,item,'label,button,a,span,div,li,input');for(const node of nodes){const target=node.closest('label,button,a,li')||node;try{target.scrollIntoView({block:'center',inline:'center'});target.click();await sleep(300);return true;}catch(e){}}}if(required)throw new Error('click target not found: '+candidates.join('/'));return false;}
function nearbyInputs(doc,label){const anchors=elementsByText(doc,label,'label,span,div,p,td,th');const seen=new Set(), out=[];for(const a of anchors){let root=a;for(let i=0;i<4&&root;i++,root=root.parentElement){q(root,'input:not([type=hidden]):not([disabled]),textarea:not([disabled]),select:not([disabled])').filter(visible).forEach(el=>{if(!seen.has(el)){seen.add(el);out.push(el);}});}}return out;}
function setValue(el,value){el.scrollIntoView({block:'center',inline:'center'});el.focus&&el.focus();if(el.tagName==='SELECT'){const opts=Array.from(el.options);let opt=opts.find(o=>textOf(o).includes(norm(value))||String(o.value)===String(value))||opts.find(o=>o.value);if(opt)el.value=opt.value;}else{const proto=Object.getPrototypeOf(el);const desc=Object.getOwnPropertyDescriptor(proto,'value');if(desc&&desc.set)desc.set.call(el,String(value));else el.value=String(value);}el.dispatchEvent(new Event('input',{bubbles:true}));el.dispatchEvent(new Event('change',{bubbles:true}));el.blur&&el.blur();}
function inputByLabel(doc,label,value,idx=0){let inputs=nearbyInputs(doc,label).filter(el=>el.type!=='radio'&&el.type!=='checkbox');if(!inputs.length){inputs=q(doc,'input:not([type=hidden]):not([disabled]),textarea:not([disabled])').filter(visible);}const el=inputs[idx]||inputs[0];if(!el)throw new Error('input not found: '+label);setValue(el,value);return true;}
function fillFirstNumbers(doc,values){const inputs=q(doc,'table input:not([type=hidden]):not([disabled]),tbody input:not([type=hidden]):not([disabled])').filter(visible).filter(el=>!/(date|time)/i.test(el.type||''));if(inputs.length<values.length){const all=q(doc,'input:not([type=hidden]):not([disabled])').filter(visible);for(const el of all){if(!inputs.includes(el))inputs.push(el);}}
values.forEach((v,i)=>{if(inputs[i])setValue(inputs[i],v);});return inputs.length;}
function formatDate(d){const p=n=>String(n).padStart(2,'0');return d.getFullYear()+'-'+p(d.getMonth()+1)+'-'+p(d.getDate())+' '+p(d.getHours())+':'+p(d.getMinutes())+':'+p(d.getSeconds());}
function fillActivityTime(doc){const start=new Date(Date.now()+86400000), end=new Date(Date.now()+8*86400000);let inputs=nearbyInputs(doc,S.activityTime).filter(el=>el.type!=='radio'&&el.type!=='checkbox');if(inputs.length<2){inputs=q(doc,'input:not([type=hidden]):not([disabled])').filter(visible).filter(el=>/(date|time|yyyy|YYYY)/i.test([el.type,el.placeholder,el.className,el.name].join(' ')));}if(inputs[0])setValue(inputs[0],formatDate(start));if(inputs[1])setValue(inputs[1],formatDate(end));return {start:formatDate(start),end:formatDate(end)};}
async function chooseBusinessLine(doc){let inputs=nearbyInputs(doc,S.businessLine);if(inputs[0]){try{inputs[0].scrollIntoView({block:'center'});inputs[0].click();await sleep(600);const opts=q(doc,'li,div,span').filter(visible).map(el=>({el,t:textOf(el)})).filter(x=>x.t&&x.t!==norm(S.select)&&x.t.length<30&&!new RegExp(S.businessLine+'|'+S.select).test(x.t));if(opts[0]){opts[0].el.click();await sleep(300);return true;}if(inputs[0].tagName==='SELECT'){const opt=Array.from(inputs[0].options).find(o=>o.value);if(opt){inputs[0].value=opt.value;inputs[0].dispatchEvent(new Event('change',{bubbles:true}));return true;}}}catch(e){}}
return false;}
async function clickOption(doc,option,required=false){return clickText(doc,option,required);}
async function addCode(doc,code){let inputs=q(doc,'input:not([type=hidden]):not([disabled]),textarea:not([disabled])').filter(visible).filter(el=>!/(date|time)/i.test([el.type,el.placeholder,el.className,el.name].join(' ')));let el=inputs.reverse().find(el=>!el.value&&/(\u8bf7\u8f93\u5165|\u8f93\u5165|\u7f16\u7801|\u4ee3\u7801|\u5ba2\u6237|\u5e97\u94fa|\u641c\u7d22|\u67e5\u8be2)/.test([el.placeholder,el.getAttribute('aria-label'),el.name,el.className].join(''))) || inputs[0];if(el){setValue(el,code);el.dispatchEvent(new KeyboardEvent('keydown',{key:'Enter',bubbles:true}));el.dispatchEvent(new KeyboardEvent('keyup',{key:'Enter',bubbles:true}));await sleep(600);}await clickText(doc,['\u6dfb\u52a0','\u786e\u5b9a','\u641c\u7d22','\u67e5\u8be2'],false);return true;}
async function configureCombo(doc,cfg){requireText(doc,S.sections,'combo configuration page');const activityName='\u81ea\u52a8\u5316-\u5e73\u53f0\u4fc3\u9500-\u7ec4\u5408-'+Date.now()+'-'+cfg.caseId;inputByLabel(doc,S.activityName,activityName);const time=fillActivityTime(doc);await clickOption(doc,cfg.business==='inquiry'?S.inquiry:S.mall,false);await chooseBusinessLine(doc);await clickOption(doc,cfg.area==='byArea'?S.byArea:S.unlimitedArea,true);if(cfg.area==='byArea'&&cfg.regionCode)await clickOption(doc,S.beijing,false);await clickOption(doc,cfg.customerMode==='include'?S.includeCustomer:cfg.customerMode==='exclude'?S.excludeCustomer:S.allCustomers,true);if((cfg.customerMode==='include'||cfg.customerMode==='exclude')&&cfg.customerCode)await addCode(doc,cfg.customerCode);await clickOption(doc,cfg.promoType==='reduction'?S.reduction:S.discount,true);fillFirstNumbers(doc,cfg.promoType==='reduction'?[cfg.threshold,cfg.reduction,cfg.share]:[cfg.threshold,cfg.discount,cfg.share]);await clickOption(doc,cfg.budgetMode==='limit'?S.budgetLimit:S.noLimit,true);if(cfg.budgetMode==='limit')inputByLabel(doc,S.budget,String(cfg.budgetValue||1000));await clickOption(doc,cfg.stack?S.stack:S.noStack,true);await clickOption(doc,cfg.storeMode==='include'?S.includeStore:cfg.storeMode==='exclude'?S.excludeStore:S.unlimitedStore,true);if((cfg.storeMode==='include'||cfg.storeMode==='exclude')&&cfg.storeCode)await addCode(doc,cfg.storeCode);await clickOption(doc,S.byCategory,true);await clickOption(doc,cfg.qualityMode==='specified'?S.specifiedQuality:S.unlimitedQuality,true);if(cfg.qualityMode==='specified'&&cfg.qualityName)await clickOption(doc,S.original,false);await clickOption(doc,cfg.brandMode==='specified'?S.specifiedBrand:S.unlimitedBrand,false);if(cfg.brandMode==='specified')await clickText(doc,['\u7b2c\u4e00\u4e2a\u54c1\u724c',S.select],false);await clickOption(doc,cfg.categoryMode==='specified'?S.specifiedCategory:S.unlimitedCategory,false);if(cfg.categoryMode==='specified')await clickText(doc,[S.select,'\u7b2c\u4e00\u4e2a\u54c1\u7c7b'],false);window.__promoAutomation=Object.assign(window.__promoAutomation||{},{lastCombo:cfg,lastActivityName:activityName,lastActivityTime:time});return {caseId:cfg.caseId,activityName,time};}
async function clickSave(doc){await clickText(doc,S.save,true);await sleep(1600);return bodyText(doc);}
function hasSuccess(text){return /\u4fdd\u5b58\u6210\u529f|\u64cd\u4f5c\u6210\u529f|\u6210\u529f/.test(text);}
function hasValidation(text){return /\u5fc5\u586b|\u8bf7\u9009\u62e9|\u4e0d\u80fd\u4e3a\u7a7a|\u4e0d\u53ef\u4e3a\u7a7a|\u8303\u56f4|0\.01|9\.99|\u5927\u4e8e|\u4e0d\u5408\u6cd5|\u9519\u8bef|\u5931\u8d25/.test(text);}

const cfg=null;
const doc=await promoDoc();
requireText(doc,S.sections,'?????????');
const f=document.querySelector('#iframeCon,iframe[name="iframeCon"]');
const src=f&&f.getAttribute('src')||'';
if(!/\/admin\/merchant#\/platform-promotions\/add-edit/.test(src+(doc.location&&doc.location.href||'')))throw new Error('iframeCon ??????????: '+src);
return {status:'page-ready',iframeSrc:src,sections:S.sections};
})()'
2026-05-11 17:13:19,135 [INFO] 执行关键字: evaluate(data=(async()=>{

const sleep=ms=>new Promise(r=>setTimeout(r,ms));
const S={sections:['\u57fa\u7840\u4fe1\u606f','\u6d3b\u52a8\u5bf9\u8c61','\u4fc3\u9500\u73a9\u6cd5','\u6d3b\u52a8\u5e97\u94fa','\u6d3b\u52a8\u5546\u54c1'],save:'\u4fdd\u5b58',cancel:'\u53d6\u6d88',activityName:'\u6d3b\u52a8\u540d\u79f0',activityTime:'\u6d3b\u52a8\u65f6\u95f4',businessScope:'\u4e1a\u52a1\u8303\u56f4',businessLine:'\u4e1a\u52a1\u7ebf',mall:'\u5546\u57ce\u4e1a\u52a1',inquiry:'\u8be2\u4ef7\u4e1a\u52a1',area:'\u6d3b\u52a8\u533a\u57df',unlimitedArea:'\u4e0d\u9650\u533a\u57df',byArea:'\u6309\u533a\u57df\u8bbe\u7f6e',beijing:'\u5317\u4eac\u5e02',target:'\u6d3b\u52a8\u5bf9\u8c61',allCustomers:'\u5168\u90e8\u5ba2\u6237',includeCustomer:'\u6307\u5b9a\u53c2\u4e0e\u5ba2\u6237',excludeCustomer:'\u6307\u5b9a\u4e0d\u53c2\u4e0e\u5ba2\u6237',promoType:'\u4fc3\u9500\u7c7b\u578b',discount:'\u6ee1\u7acb\u6298',reduction:'\u6ee1\u7acb\u51cf',orderAmount:'\u8ba2\u5355\u91d1\u989d',discountField:'\u6298\u6263',reductionAmount:'\u4f18\u60e0\u91d1\u989d',platformShare:'\u5e73\u53f0\u5206\u644a\u6bd4\u4f8b',storeShare:'\u5e97\u94fa\u5206\u644a\u6bd4\u4f8b',budget:'\u8425\u9500\u8d39\u7528',noLimit:'\u4e0d\u8bbe\u4e0a\u9650',budgetLimit:'\u8425\u9500\u8d39\u7528\u4e0a\u9650',stackRule:'\u4fc3\u9500\u53e0\u52a0\u89c4\u5219',noStack:'\u4e0d\u53e0\u52a0',stack:'\u53e0\u52a0',store:'\u6d3b\u52a8\u5e97\u94fa',unlimitedStore:'\u4e0d\u9650\u5e97\u94fa',includeStore:'\u6307\u5b9a\u53ef\u53c2\u4e0e\u5e97\u94fa',excludeStore:'\u6307\u5b9a\u4e0d\u53ef\u53c2\u4e0e\u5e97\u94fa',goodsScope:'\u5546\u54c1\u8303\u56f4',byCategory:'\u6309\u54c1\u7c7b\u914d\u7f6e',byProduct:'\u6309\u5546\u54c1',quality:'\u9002\u7528\u54c1\u8d28',unlimitedQuality:'\u4e0d\u9650\u54c1\u8d28',specifiedQuality:'\u6307\u5b9a\u54c1\u8d28',original:'\u539f\u5382\u4ef6',brand:'\u9002\u7528\u914d\u4ef6\u54c1\u724c',unlimitedBrand:'\u4e0d\u9650\u54c1\u724c',specifiedBrand:'\u6307\u5b9a\u54c1\u724c',category:'\u9002\u7528\u54c1\u7c7b',unlimitedCategory:'\u4e0d\u9650\u54c1\u7c7b',specifiedCategory:'\u6307\u5b9a\u54c1\u7c7b',addRule:'\u65b0\u589e\u4e00\u9879\u914d\u7f6e',select:'\u8bf7\u9009\u62e9',required:'\u5fc5\u586b',success:'\u6210\u529f'};
function norm(s){return String(s||'').replace(/\s+/g,'').trim();}
function visible(el){return !!el&&el.isConnected&&!!(el.offsetWidth||el.offsetHeight||el.getClientRects().length);}
function textOf(el){return norm((el.innerText||el.textContent||el.value||el.getAttribute('title')||el.getAttribute('placeholder')||''));}
function q(doc,sel){return Array.from(doc.querySelectorAll(sel));}
async function promoDoc(timeout=30000){for(let i=0;i<Math.ceil(timeout/250);i++){const f=document.querySelector('#iframeCon,iframe[name="iframeCon"]');let d=null;try{d=f?(f.contentDocument||f.contentWindow.document):document;}catch(e){d=document;}const body=d&&d.body;const txt=body?body.innerText:'';const url=[location.href,f&&f.getAttribute('src'),d&&d.location&&d.location.href].filter(Boolean).join(' ');if(body&&(/platform-promotions\/add-edit/.test(url)||S.sections.some(x=>txt.includes(x))||txt.includes(S.activityName))){return d;}await sleep(250);}throw new Error('platform promotion add page not loaded or iframeCon unavailable');}
function bodyText(doc){return doc.body?doc.body.innerText:'';}
function requireText(doc,arr,scope){const txt=bodyText(doc);const missing=arr.filter(x=>!txt.includes(x));if(missing.length)throw new Error((scope||'page')+' missing text: '+missing.join(','));return true;}
function elementsByText(doc,label,sel){const nodes=q(doc,sel||'label,button,a,span,div,li,input,textarea').filter(visible).map(el=>({el,t:textOf(el)})).filter(x=>x.t&&x.t.includes(norm(label)));nodes.sort((a,b)=>a.t.length-b.t.length);return nodes.map(x=>x.el);}
async function clickText(doc,label,required=false){const candidates=Array.isArray(label)?label:[label];for(const item of candidates){const nodes=elementsByText(doc,item,'label,button,a,span,div,li,input');for(const node of nodes){const target=node.closest('label,button,a,li')||node;try{target.scrollIntoView({block:'center',inline:'center'});target.click();await sleep(300);return true;}catch(e){}}}if(required)throw new Error('click target not found: '+candidates.join('/'));return false;}
function nearbyInputs(doc,label){const anchors=elementsByText(doc,label,'label,span,div,p,td,th');const seen=new Set(), out=[];for(const a of anchors){let root=a;for(let i=0;i<4&&root;i++,root=root.parentElement){q(root,'input:not([type=hidden]):not([disabled]),textarea:not([disabled]),select:not([disabled])').filter(visible).forEach(el=>{if(!seen.has(el)){seen.add(el);out.push(el);}});}}return out;}
function setValue(el,value){el.scrollIntoView({block:'center',inline:'center'});el.focus&&el.focus();if(el.tagName==='SELECT'){const opts=Array.from(el.options);let opt=opts.find(o=>textOf(o).includes(norm(value))||String(o.value)===String(value))||opts.find(o=>o.value);if(opt)el.value=opt.value;}else{const proto=Object.getPrototypeOf(el);const desc=Object.getOwnPropertyDescriptor(proto,'value');if(desc&&desc.set)desc.set.call(el,String(value));else el.value=String(value);}el.dispatchEvent(new Event('input',{bubbles:true}));el.dispatchEvent(new Event('change',{bubbles:true}));el.blur&&el.blur();}
function inputByLabel(doc,label,value,idx=0){let inputs=nearbyInputs(doc,label).filter(el=>el.type!=='radio'&&el.type!=='checkbox');if(!inputs.length){inputs=q(doc,'input:not([type=hidden]):not([disabled]),textarea:not([disabled])').filter(visible);}const el=inputs[idx]||inputs[0];if(!el)throw new Error('input not found: '+label);setValue(el,value);return true;}
function fillFirstNumbers(doc,values){const inputs=q(doc,'table input:not([type=hidden]):not([disabled]),tbody input:not([type=hidden]):not([disabled])').filter(visible).filter(el=>!/(date|time)/i.test(el.type||''));if(inputs.length<values.length){const all=q(doc,'input:not([type=hidden]):not([disabled])').filter(visible);for(const el of all){if(!inputs.includes(el))inputs.push(el);}}
values.forEach((v,i)=>{if(inputs[i])setValue(inputs[i],v);});return inputs.length;}
function formatDate(d){const p=n=>String(n).padStart(2,'0');return d.getFullYear()+'-'+p(d.getMonth()+1)+'-'+p(d.getDate())+' '+p(d.getHours())+':'+p(d.getMinutes())+':'+p(d.getSeconds());}
function fillActivityTime(doc){const start=new Date(Date.now()+86400000), end=new Date(Date.now()+8*86400000);let inputs=nearbyInputs(doc,S.activityTime).filter(el=>el.type!=='radio'&&el.type!=='checkbox');if(inputs.length<2){inputs=q(doc,'input:not([type=hidden]):not([disabled])').filter(visible).filter(el=>/(date|time|yyyy|YYYY)/i.test([el.type,el.placeholder,el.className,el.name].join(' ')));}if(inputs[0])setValue(inputs[0],formatDate(start));if(inputs[1])setValue(inputs[1],formatDate(end));return {start:formatDate(start),end:formatDate(end)};}
async function chooseBusinessLine(doc){let inputs=nearbyInputs(doc,S.businessLine);if(inputs[0]){try{inputs[0].scrollIntoView({block:'center'});inputs[0].click();await sleep(600);const opts=q(doc,'li,div,span').filter(visible).map(el=>({el,t:textOf(el)})).filter(x=>x.t&&x.t!==norm(S.select)&&x.t.length<30&&!new RegExp(S.businessLine+'|'+S.select).test(x.t));if(opts[0]){opts[0].el.click();await sleep(300);return true;}if(inputs[0].tagName==='SELECT'){const opt=Array.from(inputs[0].options).find(o=>o.value);if(opt){inputs[0].value=opt.value;inputs[0].dispatchEvent(new Event('change',{bubbles:true}));return true;}}}catch(e){}}
return false;}
async function clickOption(doc,option,required=false){return clickText(doc,option,required);}
async function addCode(doc,code){let inputs=q(doc,'input:not([type=hidden]):not([disabled]),textarea:not([disabled])').filter(visible).filter(el=>!/(date|time)/i.test([el.type,el.placeholder,el.className,el.name].join(' ')));let el=inputs.reverse().find(el=>!el.value&&/(\u8bf7\u8f93\u5165|\u8f93\u5165|\u7f16\u7801|\u4ee3\u7801|\u5ba2\u6237|\u5e97\u94fa|\u641c\u7d22|\u67e5\u8be2)/.test([el.placeholder,el.getAttribute('aria-label'),el.name,el.className].join(''))) || inputs[0];if(el){setValue(el,code);el.dispatchEvent(new KeyboardEvent('keydown',{key:'Enter',bubbles:true}));el.dispatchEvent(new KeyboardEvent('keyup',{key:'Enter',bubbles:true}));await sleep(600);}await clickText(doc,['\u6dfb\u52a0','\u786e\u5b9a','\u641c\u7d22','\u67e5\u8be2'],false);return true;}
async function configureCombo(doc,cfg){requireText(doc,S.sections,'combo configuration page');const activityName='\u81ea\u52a8\u5316-\u5e73\u53f0\u4fc3\u9500-\u7ec4\u5408-'+Date.now()+'-'+cfg.caseId;inputByLabel(doc,S.activityName,activityName);const time=fillActivityTime(doc);await clickOption(doc,cfg.business==='inquiry'?S.inquiry:S.mall,false);await chooseBusinessLine(doc);await clickOption(doc,cfg.area==='byArea'?S.byArea:S.unlimitedArea,true);if(cfg.area==='byArea'&&cfg.regionCode)await clickOption(doc,S.beijing,false);await clickOption(doc,cfg.customerMode==='include'?S.includeCustomer:cfg.customerMode==='exclude'?S.excludeCustomer:S.allCustomers,true);if((cfg.customerMode==='include'||cfg.customerMode==='exclude')&&cfg.customerCode)await addCode(doc,cfg.customerCode);await clickOption(doc,cfg.promoType==='reduction'?S.reduction:S.discount,true);fillFirstNumbers(doc,cfg.promoType==='reduction'?[cfg.threshold,cfg.reduction,cfg.share]:[cfg.threshold,cfg.discount,cfg.share]);await clickOption(doc,cfg.budgetMode==='limit'?S.budgetLimit:S.noLimit,true);if(cfg.budgetMode==='limit')inputByLabel(doc,S.budget,String(cfg.budgetValue||1000));await clickOption(doc,cfg.stack?S.stack:S.noStack,true);await clickOption(doc,cfg.storeMode==='include'?S.includeStore:cfg.storeMode==='exclude'?S.excludeStore:S.unlimitedStore,true);if((cfg.storeMode==='include'||cfg.storeMode==='exclude')&&cfg.storeCode)await addCode(doc,cfg.storeCode);await clickOption(doc,S.byCategory,true);await clickOption(doc,cfg.qualityMode==='specified'?S.specifiedQuality:S.unlimitedQuality,true);if(cfg.qualityMode==='specified'&&cfg.qualityName)await clickOption(doc,S.original,false);await clickOption(doc,cfg.brandMode==='specified'?S.specifiedBrand:S.unlimitedBrand,false);if(cfg.brandMode==='specified')await clickText(doc,['\u7b2c\u4e00\u4e2a\u54c1\u724c',S.select],false);await clickOption(doc,cfg.categoryMode==='specified'?S.specifiedCategory:S.unlimitedCategory,false);if(cfg.categoryMode==='specified')await clickText(doc,[S.select,'\u7b2c\u4e00\u4e2a\u54c1\u7c7b'],false);window.__promoAutomation=Object.assign(window.__promoAutomation||{},{lastCombo:cfg,lastActivityName:activityName,lastActivityTime:time});return {caseId:cfg.caseId,activityName,time};}
async function clickSave(doc){await clickText(doc,S.save,true);await sleep(1600);return bodyText(doc);}
function hasSuccess(text){return /\u4fdd\u5b58\u6210\u529f|\u64cd\u4f5c\u6210\u529f|\u6210\u529f/.test(text);}
function hasValidation(text){return /\u5fc5\u586b|\u8bf7\u9009\u62e9|\u4e0d\u80fd\u4e3a\u7a7a|\u4e0d\u53ef\u4e3a\u7a7a|\u8303\u56f4|0\.01|9\.99|\u5927\u4e8e|\u4e0d\u5408\u6cd5|\u9519\u8bef|\u5931\u8d25/.test(text);}

const cfg=null;
const doc=await promoDoc();
requireText(doc,S.sections,'?????????');
const f=document.querySelector('#iframeCon,iframe[name="iframeCon"]');
const src=f&&f.getAttribute('src')||'';
if(!/\/admin\/merchant#\/platform-promotions\/add-edit/.test(src+(doc.location&&doc.location.href||'')))throw new Error('iframeCon ??????????: '+src);
return {status:'page-ready',iframeSrc:src,sections:S.sections};
})())
2026-05-11 17:13:19,136 [INFO] 执行 JS: (async()=>{

const sleep=ms=>new Promise(r=>setTimeout(r,ms));
const S={sections:['\u57fa\u7840\u4fe1\u606f','\u6d3b\u52a8\u5bf9\u8c61','\u4fc3\u9500\u73a9\u6cd5','\u6d3b\u52a8\u5e97\u94fa','\u6d3b\u5
2026-05-11 17:13:19,257 [INFO] JS 结果: {'status': 'page-ready', 'iframeSrc': '/admin/merchant#/platform-promotions/add-edit', 'sections': ['基础信息', '活动对象', '促销玩法', '活动店铺', '活动商品']}
2026-05-11 17:13:19,258 [DEBUG] evaluate 成功
2026-05-11 17:13:19,258 [INFO] [STEP] action=evaluate model=- status=OK source=evaluate
2026-05-11 17:13:19,258 [DEBUG]   history[5]={'status': 'page-ready', 'iframeSrc': '/admin/merchant#/platform-promotions/add-edit', 'sections': ['基础信息', '活动对象', '促销玩法', '活动店铺', '活动商品']}
2026-05-11 17:13:19,410 [DEBUG] 截图成功: D:\Documents\pythonProject\AICASS\examples\电商\管理中心\促销活动\result\rodski_20260511_171306\screenshots\PC-001_S001_load_scenario_engine\04_20260511_171319.png
2026-05-11 17:13:19,410 [DEBUG] 步骤截图: D:\Documents\pythonProject\AICASS\examples\电商\管理中心\促销活动\result\rodski_20260511_171306\screenshots\PC-001_S001_load_scenario_engine\04_20260511_171319.png
2026-05-11 17:13:19,411 [DEBUG] 步骤等待 0.001s
2026-05-11 17:13:19,412 [INFO]   [2] scenario S002 - fill Excel scenario data (group=success, tag=['excel', 'success', 'p0'])
2026-05-11 17:13:19,412 [DEBUG]   [2] evaluate
2026-05-11 17:13:19,413 [DEBUG] 数据解析: 'PromoCombo.PC_001.script' -> '(async()=>{
if(!window.__promoScenarioAutomation)throw new Error('Promo scenario engine is not loaded');
const cfg={"caseId":"PC-001","dataId":"PC_001","scene":"商城-满立减-设一条-不限区域-全部客户-叠加-不限店铺-按品类","activityBaseName":"商城满立减测试001","businessScope":"商城业务","businessLine":"F2B - 工厂件","vehicleBrandMode":"不限车辆品牌","vehicleBrandDetails":"","areaMode":"不限区域","areaDetails":"","customerMode":"全部客户","customerConfigMode":"","customerItems":"","customerException":"","promoType":"满立减","ruleCount":"设一条","orderAmounts":"100","benefitValues":"10","platformShares":"5","platformShareType":"金额","budgetMode":"不设上限","budgetLimit":"","stackMode":"叠加","storeMode":"不限店铺","storeConfigMode":"","storeItems":"","storeException":"","goodsScope":"按品类配置","goodsLimitType":"","qualityMode":"不限品质","qualityDetails":"","partBrandMode":"不限品牌","partBrandDetails":"","categoryMode":"不限品类","categoryDetails":"","productDetails":"","note":"将满立减平台分摊从“50%”修正为5元，并补充分摊类型列","negative":false};
return await window.__promoScenarioAutomation.configureScenario(cfg);
})()'
2026-05-11 17:13:19,413 [INFO] 执行关键字: evaluate(data=(async()=>{
if(!window.__promoScenarioAutomation)throw new Error('Promo scenario engine is not loaded');
const cfg={"caseId":"PC-001","dataId":"PC_001","scene":"商城-满立减-设一条-不限区域-全部客户-叠加-不限店铺-按品类","activityBaseName":"商城满立减测试001","businessScope":"商城业务","businessLine":"F2B - 工厂件","vehicleBrandMode":"不限车辆品牌","vehicleBrandDetails":"","areaMode":"不限区域","areaDetails":"","customerMode":"全部客户","customerConfigMode":"","customerItems":"","customerException":"","promoType":"满立减","ruleCount":"设一条","orderAmounts":"100","benefitValues":"10","platformShares":"5","platformShareType":"金额","budgetMode":"不设上限","budgetLimit":"","stackMode":"叠加","storeMode":"不限店铺","storeConfigMode":"","storeItems":"","storeException":"","goodsScope":"按品类配置","goodsLimitType":"","qualityMode":"不限品质","qualityDetails":"","partBrandMode":"不限品牌","partBrandDetails":"","categoryMode":"不限品类","categoryDetails":"","productDetails":"","note":"将满立减平台分摊从“50%”修正为5元，并补充分摊类型列","negative":false};
return await window.__promoScenarioAutomation.configureScenario(cfg);
})())
2026-05-11 17:13:19,413 [INFO] 执行 JS: (async()=>{
if(!window.__promoScenarioAutomation)throw new Error('Promo scenario engine is not loaded');
const cfg={"caseId":"PC-001","dataId":"PC_001","scene":"商城-满立减-设一条-不限区域-全部客户-叠加-不限店铺-按品类","acti
2026-05-11 17:13:26,669 [INFO] JS 结果: {'status': 'scenario-configured', 'caseId': 'PC-001', 'activityName': '自动化-平台促销-商城满立减测试001-1778490799423', 'time': {'start': '2026-05-11 17:13:19', 'end': '2026-05-11 17:23:19'}, 'ruleInfo': {'mode': 
2026-05-11 17:13:26,670 [DEBUG] evaluate 成功
2026-05-11 17:13:26,670 [INFO] [STEP] action=evaluate model=- status=OK source=evaluate
2026-05-11 17:13:26,670 [DEBUG]   history[6]={'status': 'scenario-configured', 'caseId': 'PC-001', 'activityName': '自动化-平台促销-商城满立减测试001-1778490799423', 'time': {'start': '2026-05-11 17:13:19', 'end': '2026-05-11 17:23:19'}, 'ruleInfo': {'mode': 
2026-05-11 17:13:26,816 [DEBUG] 截图成功: D:\Documents\pythonProject\AICASS\examples\电商\管理中心\促销活动\result\rodski_20260511_171306\screenshots\PC-001_S002_fill_Excel_scenario_data\05_20260511_171326.png
2026-05-11 17:13:26,816 [DEBUG] 步骤截图: D:\Documents\pythonProject\AICASS\examples\电商\管理中心\促销活动\result\rodski_20260511_171306\screenshots\PC-001_S002_fill_Excel_scenario_data\05_20260511_171326.png
2026-05-11 17:13:26,816 [DEBUG] 步骤等待 0.001s
2026-05-11 17:13:26,818 [INFO]   [3] scenario S003 - assert save result (group=success, tag=['save', 'assertion'])
2026-05-11 17:13:26,818 [DEBUG]   [3] evaluate
2026-05-11 17:13:26,818 [DEBUG] 数据解析: 'PromoScript.SaveExpectSuccess.script' -> '(async()=>{
if(!window.__promoScenarioAutomation)throw new Error('Promo scenario engine is not loaded');
return await window.__promoScenarioAutomation.saveExpectSuccess();
})()'
2026-05-11 17:13:26,818 [INFO] 执行关键字: evaluate(data=(async()=>{
if(!window.__promoScenarioAutomation)throw new Error('Promo scenario engine is not loaded');
return await window.__promoScenarioAutomation.saveExpectSuccess();
})())
2026-05-11 17:13:26,818 [INFO] 执行 JS: (async()=>{
if(!window.__promoScenarioAutomation)throw new Error('Promo scenario engine is not loaded');
return await window.__promoScenarioAutomation.saveExpectSuccess();
})()
2026-05-11 17:13:28,767 [INFO] JS 结果: {'status': 'save-submitted', 'activityName': '自动化-平台促销-商城满立减测试001-1778490799423', 'onList': True, 'created': False}
2026-05-11 17:13:28,767 [DEBUG] evaluate 成功
2026-05-11 17:13:28,767 [INFO] [STEP] action=evaluate model=- status=OK source=evaluate
2026-05-11 17:13:28,767 [DEBUG]   history[7]={'status': 'save-submitted', 'activityName': '自动化-平台促销-商城满立减测试001-1778490799423', 'onList': True, 'created': False}
2026-05-11 17:13:28,913 [DEBUG] 截图成功: D:\Documents\pythonProject\AICASS\examples\电商\管理中心\促销活动\result\rodski_20260511_171306\screenshots\PC-001_S003_assert_save_result\06_20260511_171328.png
2026-05-11 17:13:28,913 [DEBUG] 步骤截图: D:\Documents\pythonProject\AICASS\examples\电商\管理中心\促销活动\result\rodski_20260511_171306\screenshots\PC-001_S003_assert_save_result\06_20260511_171328.png
2026-05-11 17:13:28,913 [DEBUG] 步骤等待 0.001s
2026-05-11 17:13:28,915 [INFO]   [4] scenario S004 - capture evidence (group=evidence, tag=['screenshot'])
2026-05-11 17:13:28,915 [DEBUG]   [4] screenshot
2026-05-11 17:13:28,915 [INFO] 执行关键字: screenshot(data=screenshots/PC_001.png)
2026-05-11 17:13:28,915 [INFO] 截图: D:\Documents\pythonProject\AICASS\examples\电商\管理中心\促销活动\screenshots\PC_001.png
2026-05-11 17:13:29,167 [DEBUG] 截图成功: D:\Documents\pythonProject\AICASS\examples\电商\管理中心\促销活动\screenshots\PC_001.png
2026-05-11 17:13:29,167 [DEBUG] screenshot 成功
2026-05-11 17:13:29,167 [INFO] [STEP] action=screenshot model=- status=OK source=keyword_result
2026-05-11 17:13:29,167 [DEBUG]   history[7]={'status': 'save-submitted', 'activityName': '自动化-平台促销-商城满立减测试001-1778490799423', 'onList': True, 'created': False}
2026-05-11 17:13:29,330 [DEBUG] 截图成功: D:\Documents\pythonProject\AICASS\examples\电商\管理中心\促销活动\result\rodski_20260511_171306\screenshots\PC-001_S004_capture_evidence\07_20260511_171329.png
2026-05-11 17:13:29,330 [DEBUG] 步骤截图: D:\Documents\pythonProject\AICASS\examples\电商\管理中心\促销活动\result\rodski_20260511_171306\screenshots\PC-001_S004_capture_evidence\07_20260511_171329.png
2026-05-11 17:13:29,330 [DEBUG] 步骤等待 0.001s
2026-05-11 17:13:29,332 [DEBUG]   [1] close
2026-05-11 17:13:29,332 [INFO] 执行关键字: close()
2026-05-11 17:13:29,332 [INFO] 关闭浏览器
2026-05-11 17:13:29,518 [INFO] Playwright 原生录制已保存: D:\Documents\pythonProject\AICASS\examples\电商\管理中心\促销活动\result\rodski_20260511_171306\recordings\PC-001_20260511_171306_01.webm
2026-05-11 17:13:29,784 [DEBUG] close 成功
2026-05-11 17:13:29,784 [INFO] [STEP] action=close model=- status=OK source=keyword_result
2026-05-11 17:13:29,784 [DEBUG]   history[8]=True
2026-05-11 17:13:29,785 [INFO] 浏览器已关闭
2026-05-11 17:13:29,785 [INFO] execution_summary.json 已写入: D:\Documents\pythonProject\AICASS\examples\电商\管理中心\促销活动\result\rodski_20260511_171306\execution_summary.json
2026-05-11 17:13:29,786 [INFO]   PASS (23.545s)
2026-05-11 17:13:29,799 [INFO] 结果已写入 rodski_20260511_171306/result.xml: 总计 7 条, 通过 1 条, 失败 0 条, 通过率 14.3%
