2026-05-09 16:53:12,717 [INFO] 执行用例 1/1: PROMO_ADD_COMBO_003_TABLE_PROBE - PROMO_ADD_COMBO_003 table probe
2026-05-09 16:53:13,227 [INFO] Playwright 原生录制已启动: D:\Documents\pythonProject\AICASS\examples\管理中心\促销活动\result\rodski_20260509_165312\recordings\PROMO_ADD_COMBO_003_TABLE_PROBE_20260509_165312_01.webm (分辨率: {'width': 1920, 'height': 1080})
2026-05-09 16:53:13,228 [DEBUG]   [1] navigate
2026-05-09 16:53:13,228 [DEBUG] 数据解析: 'GlobalValue.Env.platform_promotion_add_url' -> 'https://ec-hwbeta.casstime.com/admin#/?menuId=platform_promotions&iframeUrl=/admin/merchant#/platform-promotions/add-edit'
2026-05-09 16:53:13,228 [INFO] 执行关键字: navigate(data=https://ec-hwbeta.casstime.com/admin#/?menuId=platform_promotions&iframeUrl=/admin/merchant#/platform-promotions/add-edit)
2026-05-09 16:53:13,229 [INFO] 导航: https://ec-hwbeta.casstime.com/admin#/?menuId=platform_promotions&iframeUrl=/admin/merchant#/platform-promotions/add-edit
2026-05-09 16:53:15,143 [DEBUG] 导航成功: https://ec-hwbeta.casstime.com/admin#/?menuId=platform_promotions&iframeUrl=/admin/merchant#/platform-promotions/add-edit
2026-05-09 16:53:15,143 [DEBUG] navigate 成功
2026-05-09 16:53:15,143 [INFO] [STEP] action=navigate model=- status=OK source=keyword_result
2026-05-09 16:53:15,143 [DEBUG]   history[0]=True
2026-05-09 16:53:15,255 [DEBUG] 截图成功: D:\Documents\pythonProject\AICASS\examples\管理中心\促销活动\result\rodski_20260509_165312\screenshots\PROMO_ADD_COMBO_003_TABLE_PROBE_01_预处理_20260509_165315.png
2026-05-09 16:53:15,255 [DEBUG] 步骤截图: D:\Documents\pythonProject\AICASS\examples\管理中心\促销活动\result\rodski_20260509_165312\screenshots\PROMO_ADD_COMBO_003_TABLE_PROBE_01_预处理_20260509_165315.png
2026-05-09 16:53:15,256 [DEBUG] 步骤等待 10.0s
2026-05-09 16:53:25,256 [DEBUG]   [2] wait
2026-05-09 16:53:25,256 [INFO] 执行关键字: wait(data=2)
2026-05-09 16:53:25,256 [INFO] 等待: 2秒
2026-05-09 16:53:27,257 [DEBUG] wait 成功
2026-05-09 16:53:27,257 [INFO] [STEP] action=wait model=- status=OK source=keyword_result
2026-05-09 16:53:27,257 [DEBUG]   history[1]=True
2026-05-09 16:53:27,258 [DEBUG]   [3] type
2026-05-09 16:53:27,258 [INFO] 执行关键字: type(model=PassportLogin, data=ValidCredential)
2026-05-09 16:53:27,258 [INFO] 批量输入: 模型=PassportLogin, DataID=ValidCredential
2026-05-09 16:53:27,259 [DEBUG] loginModePassword: click css=span[type='PASSWORD']
2026-05-09 16:53:27,259 [DEBUG] 点击元素: css=span[type='PASSWORD'] -> span[type='PASSWORD']
2026-05-09 16:53:27,325 [DEBUG]   ↳ 定位器 css=span[type='PASSWORD'] 成功 (priority=1)
2026-05-09 16:53:27,325 [DEBUG] username: id=userName <- 'mandy'
2026-05-09 16:53:27,325 [DEBUG] 输入文本: id=userName -> #userName
2026-05-09 16:53:27,362 [DEBUG]   ↳ 定位器 id=userName 成功 (priority=1)
2026-05-09 16:53:27,362 [DEBUG] password: id=password <- '***'
2026-05-09 16:53:27,362 [DEBUG] 输入文本: id=password -> #password
2026-05-09 16:53:27,395 [DEBUG]   ↳ 定位器 id=password 成功 (priority=1)
2026-05-09 16:53:27,395 [DEBUG] agreement: click css=.bre-login-privacy-modal_entry-checkbox
2026-05-09 16:53:27,395 [DEBUG] 点击元素: css=.bre-login-privacy-modal_entry-checkbox -> .bre-login-privacy-modal_entry-checkbox
2026-05-09 16:53:27,459 [DEBUG]   ↳ 定位器 css=.bre-login-privacy-modal_entry-checkbox 成功 (priority=1)
2026-05-09 16:53:27,459 [DEBUG] submit: click css=input.btn-submit
2026-05-09 16:53:27,459 [DEBUG] 点击元素: css=input.btn-submit -> input.btn-submit
2026-05-09 16:53:27,494 [DEBUG]   ↳ 定位器 css=input.btn-submit 成功 (priority=1)
2026-05-09 16:53:27,495 [DEBUG] type 成功
2026-05-09 16:53:27,495 [INFO] [STEP] action=type model=PassportLogin status=OK source=keyword_result
2026-05-09 16:53:27,495 [DEBUG]   history[2]={'loginModePassword': 'click', 'username': 'mandy', 'password': 'Init@1125!@#$.Password', 'agreement': 'click', 'submit': 'click'}
2026-05-09 16:53:27,590 [DEBUG] 截图成功: D:\Documents\pythonProject\AICASS\examples\管理中心\促销活动\result\rodski_20260509_165312\screenshots\PROMO_ADD_COMBO_003_TABLE_PROBE_02_预处理_20260509_165327.png
2026-05-09 16:53:27,591 [DEBUG] 步骤截图: D:\Documents\pythonProject\AICASS\examples\管理中心\促销活动\result\rodski_20260509_165312\screenshots\PROMO_ADD_COMBO_003_TABLE_PROBE_02_预处理_20260509_165327.png
2026-05-09 16:53:27,591 [DEBUG] 步骤等待 10.0s
2026-05-09 16:53:37,591 [DEBUG]   [4] wait
2026-05-09 16:53:37,591 [INFO] 执行关键字: wait(data=5)
2026-05-09 16:53:37,591 [INFO] 等待: 5秒
2026-05-09 16:53:42,592 [DEBUG] wait 成功
2026-05-09 16:53:42,592 [INFO] [STEP] action=wait model=- status=OK source=keyword_result
2026-05-09 16:53:42,592 [DEBUG]   history[3]=True
2026-05-09 16:53:42,592 [DEBUG]   [1] evaluate
2026-05-09 16:53:42,593 [DEBUG] 数据解析: 'PromoCombo.COMBO_003.script' -> '(async()=>{

const sleep=ms=>new Promise(r=>setTimeout(r,ms));
const S={sections:['\u57fa\u7840\u4fe1\u606f','\u6d3b\u52a8\u5bf9\u8c61','\u4fc3\u9500\u73a9\u6cd5','\u6d3b\u52a8\u5e97\u94fa','\u6d3b\u52a8\u5546\u54c1'],save:'\u4fdd\u5b58',cancel:'\u53d6\u6d88',activityName:'\u6d3b\u52a8\u540d\u79f0',activityTime:'\u6d3b\u52a8\u65f6\u95f4',businessScope:'\u4e1a\u52a1\u8303\u56f4',businessLine:'\u4e1a\u52a1\u7ebf',mall:'\u5546\u57ce\u4e1a\u52a1',inquiry:'\u8be2\u4ef7\u4e1a\u52a1',area:'\u6d3b\u52a8\u533a\u57df',unlimitedArea:'\u4e0d\u9650\u533a\u57df',byArea:'\u6309\u533a\u57df\u8bbe\u7f6e',beijing:'\u5317\u4eac\u5e02',target:'\u6d3b\u52a8\u5bf9\u8c61',allCustomers:'\u5168\u90e8\u5ba2\u6237',includeCustomer:'\u6307\u5b9a\u53c2\u4e0e\u5ba2\u6237',excludeCustomer:'\u6307\u5b9a\u4e0d\u53c2\u4e0e\u5ba2\u6237',promoType:'\u4fc3\u9500\u7c7b\u578b',discount:'\u6ee1\u7acb\u6298',reduction:'\u6ee1\u7acb\u51cf',orderAmount:'\u8ba2\u5355\u91d1\u989d',discountField:'\u6298\u6263',reductionAmount:'\u4f18\u60e0\u91d1\u989d',platformShare:'\u5e73\u53f0\u5206\u644a\u6bd4\u4f8b',storeShare:'\u5e97\u94fa\u5206\u644a\u6bd4\u4f8b',budget:'\u8425\u9500\u8d39\u7528',noLimit:'\u4e0d\u8bbe\u4e0a\u9650',budgetLimit:'\u8425\u9500\u8d39\u7528\u4e0a\u9650',stackRule:'\u4fc3\u9500\u53e0\u52a0\u89c4\u5219',noStack:'\u4e0d\u53e0\u52a0',stack:'\u53e0\u52a0',store:'\u6d3b\u52a8\u5e97\u94fa',unlimitedStore:'\u4e0d\u9650\u5e97\u94fa',includeStore:'\u6307\u5b9a\u53ef\u53c2\u4e0e\u5e97\u94fa',excludeStore:'\u6307\u5b9a\u4e0d\u53ef\u53c2\u4e0e\u5e97\u94fa',goodsScope:'\u5546\u54c1\u8303\u56f4',byCategory:'\u6309\u54c1\u7c7b\u914d\u7f6e',byProduct:'\u6309\u5546\u54c1',quality:'\u9002\u7528\u54c1\u8d28',unlimitedQuality:'\u4e0d\u9650\u54c1\u8d28',specifiedQuality:'\u6307\u5b9a\u54c1\u8d28',original:'\u539f\u5382\u4ef6',brand:'\u9002\u7528\u914d\u4ef6\u54c1\u724c',unlimitedBrand:'\u4e0d\u9650\u54c1\u724c',specifiedBrand:'\u6307\u5b9a\u54c1\u724c',category:'\u9002\u7528\u54c1\u7c7b',unlimitedCategory:'\u4e0d\u9650\u54c1\u7c7b',specifiedCategory:'\u6307\u5b9a\u54c1\u7c7b',addRule:'\u65b0\u589e\u4e00\u9879\u914d\u7f6e',select:'\u8bf7\u9009\u62e9',required:'\u5fc5\u586b',success:'\u6210\u529f'};
function norm(s){return String(s||'').replace(/\s+/g,'').trim();}
function visible(el){return !!el&&el.isConnected&&!!(el.offsetWidth||el.offsetHeight||el.getClientRects().length);}
function textOf(el){return norm((el.innerText||el.textContent||el.value||el.getAttribute('title')||el.getAttribute('placeholder')||''));}
function q(doc,sel){return Array.from(doc.querySelectorAll(sel));}
async function promoDoc(timeout=30000){for(let i=0;i<Math.ceil(timeout/250);i++){const f=document.querySelector('#iframeCon,iframe[name="iframeCon"]');let d=null;try{d=f?(f.contentDocument||f.contentWindow.document):document;}catch(e){d=document;}const body=d&&d.body;const txt=body?body.innerText:'';const url=[location.href,f&&f.getAttribute('src'),d&&d.location&&d.location.href].filter(Boolean).join(' ');if(body&&(/platform-promotions\/add-edit/.test(url)||S.sections.some(x=>txt.includes(x))||txt.includes(S.activityName))){return d;}await sleep(250);}throw new Error('platform promotion add page not loaded or iframeCon unavailable');}
function bodyText(doc){return doc.body?doc.body.innerText:'';}
function requireText(doc,arr,scope){const txt=bodyText(doc);const missing=arr.filter(x=>!txt.includes(x));if(missing.length)throw new Error((scope||'page')+' missing text: '+missing.join(','));return true;}
function elementsByText(doc,label,sel){const nodes=q(doc,sel||'label,button,a,span,div,li,input,textarea').filter(visible).map(el=>({el,t:textOf(el)})).filter(x=>x.t&&x.t.includes(norm(label)));nodes.sort((a,b)=>a.t.length-b.t.length);return nodes.map(x=>x.el);}
async function clickText(doc,label,required=false){const candidates=Array.isArray(label)?label:[label];for(const item of candidates){const nodes=elementsByText(doc,item,'label,button,a,span,div,li,input');for(const node of nodes){const target=node.closest('label,button,a,li')||node;try{target.scrollIntoView({block:'center',inline:'center'});target.click();await sleep(300);return true;}catch(e){}}}if(required)throw new Error('click target not found: '+candidates.join('/'));return false;}
function nearbyInputs(doc,label){const anchors=elementsByText(doc,label,'label,span,div,p,td,th');const seen=new Set(), out=[];for(const a of anchors){let root=a;for(let i=0;i<4&&root;i++,root=root.parentElement){q(root,'input:not([type=hidden]):not([disabled]),textarea:not([disabled]),select:not([disabled])').filter(visible).forEach(el=>{if(!seen.has(el)){seen.add(el);out.push(el);}});}}return out;}
function setValue(el,value){el.scrollIntoView({block:'center',inline:'center'});el.focus&&el.focus();if(el.tagName==='SELECT'){const opts=Array.from(el.options);let opt=opts.find(o=>textOf(o).includes(norm(value))||String(o.value)===String(value))||opts.find(o=>o.value);if(opt)el.value=opt.value;}else{const proto=Object.getPrototypeOf(el);const desc=Object.getOwnPropertyDescriptor(proto,'value');if(desc&&desc.set)desc.set.call(el,String(value));else el.value=String(value);}el.dispatchEvent(new Event('input',{bubbles:true}));el.dispatchEvent(new Event('change',{bubbles:true}));el.blur&&el.blur();}
function inputByLabel(doc,label,value,idx=0){let inputs=nearbyInputs(doc,label).filter(el=>el.type!=='radio'&&el.type!=='checkbox');if(!inputs.length){inputs=q(doc,'input:not([type=hidden]):not([disabled]),textarea:not([disabled])').filter(visible);}const el=inputs[idx]||inputs[0];if(!el)throw new Error('input not found: '+label);setValue(el,value);return true;}
function fillFirstNumbers(doc,values){
  function numberInputs(root){
    return q(root,'input:not([type=hidden]):not([disabled]),textarea:not([disabled])')
      .filter(visible)
      .filter(el=>!/(date|time)/i.test([el.type,el.placeholder,el.className,el.name].join(' ')));
  }
  function amountShareValue(table){
    const tableText=textOf(table);
    const benefit=Number(values[1]);
    const share=Number(values[2]);
    if(/\u5206\u644a\u91d1\u989d/.test(tableText)&&Number.isFinite(benefit)&&Number.isFinite(share)&&share>benefit&&share<=100){
      const amount=Math.round(benefit*share)/100;
      return String(amount).replace(/\.0+$/,'');
    }
    return values[2];
  }
  const tables=q(doc,'table').filter(visible);
  let table=tables.find(t=>textOf(t).includes(S.orderAmount)&&(/\u5e73\u53f0\u5206\u644a/.test(textOf(t))||textOf(t).includes(S.platformShare))) || tables[0];
  if(table){
    const headers=q(table,'thead th,thead td,th').filter(visible).map((el,i)=>({el,i,t:textOf(el)}));
    const bodyRows=q(table,'tbody tr,tr').filter(visible);
    const row=bodyRows.find(r=>numberInputs(r).length)||table;
    const inputs=numberInputs(row);
    function setByHeader(pattern,value,fallbackIndex){
      let header=headers.find(h=>pattern.test(h.t));
      let input=null;
      if(header&&header.i>=0){
        const cells=q(row,'td,th').filter(visible);
        const cell=cells[header.i];
        if(cell)input=numberInputs(cell)[0];
      }
      if(!input)input=inputs[fallbackIndex];
      if(input)setValue(input,value);
      return !!input;
    }
    const isReduction=String(values[1])==='10'||textOf(table).includes(S.reductionAmount)||textOf(table).includes('\u4f18\u60e0\u91d1\u989d')||textOf(table).includes('\u7acb\u51cf\u91d1\u989d');
    const shareValue=amountShareValue(table);
    setByHeader(/\u8ba2\u5355\u91d1\u989d/,values[0],0);
    setByHeader(isReduction?/(\u4f18\u60e0\u91d1\u989d|\u7acb\u51cf|\u51cf)/:/(\u6298\u6263)/,values[1],1);
    setByHeader(/\u5e73\u53f0\u5206\u644a/,shareValue,2);
    return {count:inputs.length,values:inputs.map(el=>el.value),shareValue};
  }
  const inputs=q(doc,'table input:not([type=hidden]):not([disabled]),tbody input:not([type=hidden]):not([disabled])')
    .filter(visible)
    .filter(el=>!/(date|time)/i.test(el.type||''));
  if(inputs.length<values.length){
    const all=q(doc,'input:not([type=hidden]):not([disabled])').filter(visible);
    for(const el of all){if(!inputs.includes(el))inputs.push(el);}
  }
  values.forEach((v,i)=>{if(inputs[i])setValue(inputs[i],v);});
  return {count:inputs.length,values:inputs.map(el=>el.value),shareValue:values[2]};
}
function formatDate(d){const p=n=>String(n).padStart(2,'0');return d.getFullYear()+'-'+p(d.getMonth()+1)+'-'+p(d.getDate())+' '+p(d.getHours())+':'+p(d.getMinutes())+':'+p(d.getSeconds());}
function fillActivityTime(doc){
  const start=new Date(), end=new Date(start.getTime()+10*60*1000);
  const startText=formatDate(start), endText=formatDate(end);
  function day(d){
    const p=n=>String(n).padStart(2,'0');
    return d.getFullYear()+'-'+p(d.getMonth()+1)+'-'+p(d.getDate());
  }
  function fiber(el){
    const key=Object.keys(el).find(k=>k.startsWith('__reactInternalInstance')||k.startsWith('__reactFiber'));
    return key?el[key]:null;
  }
  function mk(gen,d){
    let x=gen.getFixedDate(day(d));
    x=gen.setHour(x,d.getHours());
    x=gen.setMinute(x,d.getMinutes());
    x=gen.setSecond(x,d.getSeconds());
    return x;
  }
  const range=doc.querySelector('.br-datepicker-range,.br-rangepicker,.br-datepicker');
  if(range){
    let f=fiber(range);
    for(let i=0;i<15&&f;i++,f=f.return){
      const p=f.memoizedProps||{};
      if(typeof p.onChange==='function'&&Array.isArray(p.value)&&p.format==='YYYY-MM-DD HH:mm:ss'&&p.generateConfig){
        const value=[mk(p.generateConfig,start),mk(p.generateConfig,end)];
        p.onChange(value,[startText,endText]);
        const inputs=Array.from(range.querySelectorAll('input'));
        if(inputs[0]&&inputs[1]){
          setValue(inputs[0],startText);
          setValue(inputs[1],endText);
        }
        return {start:startText,end:endText};
      }
    }
  }
  let inputs=nearbyInputs(doc,S.activityTime).filter(el=>el.type!=='radio'&&el.type!=='checkbox');
  if(inputs.length<2){
    inputs=q(doc,'input:not([type=hidden]):not([disabled]),input[readonly],textarea:not([disabled])')
      .filter(visible)
      .filter(el=>/(date|time|yyyy|YYYY|\u65e5\u671f)/i.test([el.type,el.placeholder,el.className,el.name].join(' ')));
  }
  if(inputs[0])setValue(inputs[0],startText);
  if(inputs[1])setValue(inputs[1],endText);
  return {start:startText,end:endText};
}
async function chooseBusinessLine(doc,line){
  const target=norm(line||'B2b-\u57fa\u7840\u4e1a\u52a1');
  const loose=s=>norm(s).replace(/[-_\uff0d]/g,'').toLowerCase();
  const targetLoose=loose(target);
  const isTarget=t=>{
    const v=norm(t),l=loose(v);
    return v&&(v===target||v.includes(target)||target.includes(v)||l===targetLoose||l.includes(targetLoose)||targetLoose.includes(l)||(/b2b/i.test(v)&&v.includes('\u57fa\u7840\u4e1a\u52a1')));
  };
  const docs=()=>Array.from(new Set([doc,document].filter(Boolean)));
  const add=(arr,el)=>{if(el&&visible(el)&&!arr.includes(el))arr.push(el);};
  const controls=[];
  const anchors=elementsByText(doc,S.businessLine,'label,span,div,p,td,th').filter(el=>textOf(el).length<200);
  for(const a of anchors){
    let root=a;
    for(let i=0;i<7&&root;i++,root=root.parentElement){
      q(root,'.br-multiselect,.br-multiselect__controller,.br-popover__target,.br-select,[class*=select],[class*=Select],[class*=dropdown],[class*=Dropdown],[role=combobox],input:not([type=hidden]):not([disabled]),textarea:not([disabled]),select:not([disabled])').forEach(el=>add(controls,el));
    }
  }
  nearbyInputs(doc,S.businessLine).filter(el=>el.type!=='radio'&&el.type!=='checkbox').forEach(el=>add(controls,el));

  async function pickOpenedOption(){
    for(const d of docs()){
      const opts=q(d,'[role=option],li,div,span,a,[class*=option],[class*=Option],[class*=item],[class*=Item]')
        .filter(visible)
        .map(el=>({el,t:textOf(el)}))
        .filter(x=>x.t&&isTarget(x.t));
      opts.sort((a,b)=>{
        const ae=a.t===target?0:1,be=b.t===target?0:1;
        if(ae!==be)return ae-be;
        return a.t.length-b.t.length;
      });
      if(opts[0]){
        const el=opts[0].el;
        const targetEl=el.closest('[role=option],li,[class*=option],[class*=Option],[class*=item],[class*=Item]')||el;
        targetEl.scrollIntoView({block:'center',inline:'center'});
        targetEl.click();
        await sleep(500);
        return true;
      }
    }
    return false;
  }

  for(const ctrl of controls){
    try{
      ctrl.scrollIntoView({block:'center',inline:'center'});
      if(ctrl.tagName==='SELECT'){
        const opt=Array.from(ctrl.options).find(o=>isTarget(o.textContent)||isTarget(o.value));
        if(opt){
          ctrl.value=opt.value;
          ctrl.dispatchEvent(new Event('input',{bubbles:true}));
          ctrl.dispatchEvent(new Event('change',{bubbles:true}));
          return true;
        }
      }
      ctrl.click();
      await sleep(800);
      if(await pickOpenedOption())return true;
    }catch(e){}
  }
  if(await pickOpenedOption())return true;
  throw new Error('business line option not found: '+target);
}
async function clickOption(doc,option,required=false){return clickText(doc,option,required);}
async function addCode(doc,code,kind){
  function modalRoots(){
    const candidates=q(doc,'.br-modal,.br-dialog,[class*=modal],[class*=Modal],[class*=dialog],[class*=Dialog],body')
      .filter(visible);
    const withInput=candidates.filter(root=>q(root,'input:not([type=hidden]):not([disabled]),textarea:not([disabled])').filter(visible).length);
    return (withInput.length?withInput:candidates)
      .sort((a,b)=>a.getBoundingClientRect().width*a.getBoundingClientRect().height-b.getBoundingClientRect().width*b.getBoundingClientRect().height);
  }
  async function waitForModal(timeout=4000){
    for(let i=0;i<Math.ceil(timeout/200);i++){
      const roots=modalRoots();
      if(roots.length)return roots[0];
      await sleep(200);
    }
    return null;
  }
  async function waitModalClosed(root,timeout=5000){
    for(let i=0;i<Math.ceil(timeout/250);i++){
      if(!root||!root.isConnected||!visible(root))return true;
      if(!textOf(root).includes(code)&&!textOf(root).includes('\u6dfb\u52a0'))return true;
      await sleep(250);
    }
    return false;
  }
  function confirmButton(root){
    const buttons=q(root,'button').filter(visible).map(el=>({el,t:textOf(el)})).filter(x=>x.t==='\u786e\u5b9a');
    if(buttons.length)return buttons[buttons.length-1].el;
    const spans=q(root,'span,a,div').filter(visible).map(el=>({el,t:textOf(el)})).filter(x=>x.t==='\u786e\u5b9a');
    return spans.length?(spans[spans.length-1].el.closest('button,a')||spans[spans.length-1].el):null;
  }
  async function fillModal(root){
    let inputs=q(root,'input:not([type=hidden]):not([disabled]),textarea:not([disabled])')
      .filter(visible)
      .filter(el=>!/(date|time)/i.test([el.type,el.placeholder,el.className,el.name].join(' ')));
    if(!inputs.length){
      inputs=q(doc,'input:not([type=hidden]):not([disabled]),textarea:not([disabled])').filter(visible)
        .filter(el=>!/(date|time)/i.test([el.type,el.placeholder,el.className,el.name].join(' ')));
    }
    const empty=inputs.find(el=>!el.value)||inputs[0];
    if(!empty)throw new Error('code input not found in modal for '+code);
    setValue(empty,code);
    empty.dispatchEvent(new KeyboardEvent('keydown',{key:'Enter',bubbles:true}));
    empty.dispatchEvent(new KeyboardEvent('keyup',{key:'Enter',bubbles:true}));
    empty.blur&&empty.blur();
    await sleep(1800);
    for(let attempt=0;attempt<3;attempt++){
      const txt=textOf(root);
      if(/未找到|不存在|错误/.test(txt))throw new Error('add code validation failed for '+code+': '+txt.slice(0,220));
      const ok=confirmButton(root)||confirmButton(doc.body);
      if(!ok)throw new Error('modal confirm button not found for '+code);
      ok.click();
      await sleep(1200);
      if(await waitModalClosed(root,1500))return true;
    }
    throw new Error('modal did not close after adding '+code+': '+textOf(root).slice(0,220));
  }
  let root=modalRoots()[0];
  if(!root||root===doc.body){
    const openLabels=kind==='store'?['\u6dfb\u52a0\u5e97\u94fa','\u6dfb\u52a0']:['\u6dfb\u52a0\u7ef4\u4fee\u5382','\u6dfb\u52a0\u5ba2\u6237','\u6dfb\u52a0'];
    await clickText(doc,openLabels,false);
    root=await waitForModal(5000);
  }
  if(!root)throw new Error('add code modal not opened for '+code);
  return await fillModal(root);
}
async function configureCombo(doc,cfg){requireText(doc,S.sections,'combo configuration page');const activityName='\u81ea\u52a8\u5316-\u5e73\u53f0\u4fc3\u9500-\u7ec4\u5408-'+Date.now()+'-'+cfg.caseId;inputByLabel(doc,S.activityName,activityName);const time=fillActivityTime(doc);await clickOption(doc,cfg.business==='inquiry'?S.inquiry:S.mall,false);await chooseBusinessLine(doc,cfg.businessLine||'B2b-\u57fa\u7840\u4e1a\u52a1');await clickOption(doc,cfg.area==='byArea'?S.byArea:S.unlimitedArea,true);if(cfg.area==='byArea'&&cfg.regionCode)await clickOption(doc,S.beijing,false);await clickOption(doc,cfg.customerMode==='include'?S.includeCustomer:cfg.customerMode==='exclude'?S.excludeCustomer:S.allCustomers,true);if((cfg.customerMode==='include'||cfg.customerMode==='exclude')&&cfg.customerCode)await addCode(doc,cfg.customerCode,'customer');await clickOption(doc,cfg.promoType==='reduction'?S.reduction:S.discount,true);fillFirstNumbers(doc,cfg.promoType==='reduction'?[cfg.threshold,cfg.reduction,cfg.share]:[cfg.threshold,cfg.discount,cfg.share]);await clickOption(doc,cfg.budgetMode==='limit'?S.budgetLimit:S.noLimit,true);if(cfg.budgetMode==='limit')inputByLabel(doc,S.budget,String(cfg.budgetValue||1000));await clickOption(doc,cfg.stack?S.stack:S.noStack,true);await clickOption(doc,cfg.storeMode==='include'?S.includeStore:cfg.storeMode==='exclude'?S.excludeStore:S.unlimitedStore,true);if((cfg.storeMode==='include'||cfg.storeMode==='exclude')&&cfg.storeCode)await addCode(doc,cfg.storeCode,'store');await clickOption(doc,S.byCategory,true);await clickOption(doc,cfg.qualityMode==='specified'?S.specifiedQuality:S.unlimitedQuality,true);if(cfg.qualityMode==='specified'&&cfg.qualityName)await clickOption(doc,S.original,false);await clickOption(doc,cfg.brandMode==='specified'?S.specifiedBrand:S.unlimitedBrand,false);if(cfg.brandMode==='specified')await clickText(doc,['\u7b2c\u4e00\u4e2a\u54c1\u724c',S.select],false);await clickOption(doc,cfg.categoryMode==='specified'?S.specifiedCategory:S.unlimitedCategory,false);if(cfg.categoryMode==='specified')await clickText(doc,[S.select,'\u7b2c\u4e00\u4e2a\u54c1\u7c7b'],false);window.__promoAutomation=Object.assign(window.__promoAutomation||{},{lastCombo:cfg,lastActivityName:activityName,lastActivityTime:time});return {caseId:cfg.caseId,activityName,time};}
async function clickSave(doc){await clickText(doc,S.save,true);await sleep(1600);return bodyText(doc);}
function hasSuccess(text){return /\u4fdd\u5b58\u6210\u529f|\u64cd\u4f5c\u6210\u529f|\u6210\u529f/.test(text);}
function hasValidation(text){return /\u5fc5\u586b|\u8bf7\u9009\u62e9|\u4e0d\u80fd\u4e3a\u7a7a|\u4e0d\u53ef\u4e3a\u7a7a|\u8303\u56f4|0\.01|9\.99|\u5927\u4e8e|\u4e0d\u5408\u6cd5|\u9519\u8bef|\u5931\u8d25/.test(text);}

const cfg={"business":"mall","businessLine":"B2b-\u57fa\u7840\u4e1a\u52a1","area":"unlimited","regionCode":null,"customerMode":"exclude","customerCode":"C0012278","promoType":"reduction","threshold":"100","discount":"8","reduction":"10","share":"40","budgetMode":"limit","budgetValue":"1000","stack":true,"storeMode":"exclude","storeCode":"GZJD0001","qualityMode":"unlimited","qualityName":null,"brandMode":"unlimited","categoryMode":"unlimited","caseId":"PROMO_ADD_COMBO_003"};
const doc=await promoDoc();
return await configureCombo(doc,cfg);
})()'
2026-05-09 16:53:42,593 [INFO] 执行关键字: evaluate(data=(async()=>{

const sleep=ms=>new Promise(r=>setTimeout(r,ms));
const S={sections:['\u57fa\u7840\u4fe1\u606f','\u6d3b\u52a8\u5bf9\u8c61','\u4fc3\u9500\u73a9\u6cd5','\u6d3b\u52a8\u5e97\u94fa','\u6d3b\u52a8\u5546\u54c1'],save:'\u4fdd\u5b58',cancel:'\u53d6\u6d88',activityName:'\u6d3b\u52a8\u540d\u79f0',activityTime:'\u6d3b\u52a8\u65f6\u95f4',businessScope:'\u4e1a\u52a1\u8303\u56f4',businessLine:'\u4e1a\u52a1\u7ebf',mall:'\u5546\u57ce\u4e1a\u52a1',inquiry:'\u8be2\u4ef7\u4e1a\u52a1',area:'\u6d3b\u52a8\u533a\u57df',unlimitedArea:'\u4e0d\u9650\u533a\u57df',byArea:'\u6309\u533a\u57df\u8bbe\u7f6e',beijing:'\u5317\u4eac\u5e02',target:'\u6d3b\u52a8\u5bf9\u8c61',allCustomers:'\u5168\u90e8\u5ba2\u6237',includeCustomer:'\u6307\u5b9a\u53c2\u4e0e\u5ba2\u6237',excludeCustomer:'\u6307\u5b9a\u4e0d\u53c2\u4e0e\u5ba2\u6237',promoType:'\u4fc3\u9500\u7c7b\u578b',discount:'\u6ee1\u7acb\u6298',reduction:'\u6ee1\u7acb\u51cf',orderAmount:'\u8ba2\u5355\u91d1\u989d',discountField:'\u6298\u6263',reductionAmount:'\u4f18\u60e0\u91d1\u989d',platformShare:'\u5e73\u53f0\u5206\u644a\u6bd4\u4f8b',storeShare:'\u5e97\u94fa\u5206\u644a\u6bd4\u4f8b',budget:'\u8425\u9500\u8d39\u7528',noLimit:'\u4e0d\u8bbe\u4e0a\u9650',budgetLimit:'\u8425\u9500\u8d39\u7528\u4e0a\u9650',stackRule:'\u4fc3\u9500\u53e0\u52a0\u89c4\u5219',noStack:'\u4e0d\u53e0\u52a0',stack:'\u53e0\u52a0',store:'\u6d3b\u52a8\u5e97\u94fa',unlimitedStore:'\u4e0d\u9650\u5e97\u94fa',includeStore:'\u6307\u5b9a\u53ef\u53c2\u4e0e\u5e97\u94fa',excludeStore:'\u6307\u5b9a\u4e0d\u53ef\u53c2\u4e0e\u5e97\u94fa',goodsScope:'\u5546\u54c1\u8303\u56f4',byCategory:'\u6309\u54c1\u7c7b\u914d\u7f6e',byProduct:'\u6309\u5546\u54c1',quality:'\u9002\u7528\u54c1\u8d28',unlimitedQuality:'\u4e0d\u9650\u54c1\u8d28',specifiedQuality:'\u6307\u5b9a\u54c1\u8d28',original:'\u539f\u5382\u4ef6',brand:'\u9002\u7528\u914d\u4ef6\u54c1\u724c',unlimitedBrand:'\u4e0d\u9650\u54c1\u724c',specifiedBrand:'\u6307\u5b9a\u54c1\u724c',category:'\u9002\u7528\u54c1\u7c7b',unlimitedCategory:'\u4e0d\u9650\u54c1\u7c7b',specifiedCategory:'\u6307\u5b9a\u54c1\u7c7b',addRule:'\u65b0\u589e\u4e00\u9879\u914d\u7f6e',select:'\u8bf7\u9009\u62e9',required:'\u5fc5\u586b',success:'\u6210\u529f'};
function norm(s){return String(s||'').replace(/\s+/g,'').trim();}
function visible(el){return !!el&&el.isConnected&&!!(el.offsetWidth||el.offsetHeight||el.getClientRects().length);}
function textOf(el){return norm((el.innerText||el.textContent||el.value||el.getAttribute('title')||el.getAttribute('placeholder')||''));}
function q(doc,sel){return Array.from(doc.querySelectorAll(sel));}
async function promoDoc(timeout=30000){for(let i=0;i<Math.ceil(timeout/250);i++){const f=document.querySelector('#iframeCon,iframe[name="iframeCon"]');let d=null;try{d=f?(f.contentDocument||f.contentWindow.document):document;}catch(e){d=document;}const body=d&&d.body;const txt=body?body.innerText:'';const url=[location.href,f&&f.getAttribute('src'),d&&d.location&&d.location.href].filter(Boolean).join(' ');if(body&&(/platform-promotions\/add-edit/.test(url)||S.sections.some(x=>txt.includes(x))||txt.includes(S.activityName))){return d;}await sleep(250);}throw new Error('platform promotion add page not loaded or iframeCon unavailable');}
function bodyText(doc){return doc.body?doc.body.innerText:'';}
function requireText(doc,arr,scope){const txt=bodyText(doc);const missing=arr.filter(x=>!txt.includes(x));if(missing.length)throw new Error((scope||'page')+' missing text: '+missing.join(','));return true;}
function elementsByText(doc,label,sel){const nodes=q(doc,sel||'label,button,a,span,div,li,input,textarea').filter(visible).map(el=>({el,t:textOf(el)})).filter(x=>x.t&&x.t.includes(norm(label)));nodes.sort((a,b)=>a.t.length-b.t.length);return nodes.map(x=>x.el);}
async function clickText(doc,label,required=false){const candidates=Array.isArray(label)?label:[label];for(const item of candidates){const nodes=elementsByText(doc,item,'label,button,a,span,div,li,input');for(const node of nodes){const target=node.closest('label,button,a,li')||node;try{target.scrollIntoView({block:'center',inline:'center'});target.click();await sleep(300);return true;}catch(e){}}}if(required)throw new Error('click target not found: '+candidates.join('/'));return false;}
function nearbyInputs(doc,label){const anchors=elementsByText(doc,label,'label,span,div,p,td,th');const seen=new Set(), out=[];for(const a of anchors){let root=a;for(let i=0;i<4&&root;i++,root=root.parentElement){q(root,'input:not([type=hidden]):not([disabled]),textarea:not([disabled]),select:not([disabled])').filter(visible).forEach(el=>{if(!seen.has(el)){seen.add(el);out.push(el);}});}}return out;}
function setValue(el,value){el.scrollIntoView({block:'center',inline:'center'});el.focus&&el.focus();if(el.tagName==='SELECT'){const opts=Array.from(el.options);let opt=opts.find(o=>textOf(o).includes(norm(value))||String(o.value)===String(value))||opts.find(o=>o.value);if(opt)el.value=opt.value;}else{const proto=Object.getPrototypeOf(el);const desc=Object.getOwnPropertyDescriptor(proto,'value');if(desc&&desc.set)desc.set.call(el,String(value));else el.value=String(value);}el.dispatchEvent(new Event('input',{bubbles:true}));el.dispatchEvent(new Event('change',{bubbles:true}));el.blur&&el.blur();}
function inputByLabel(doc,label,value,idx=0){let inputs=nearbyInputs(doc,label).filter(el=>el.type!=='radio'&&el.type!=='checkbox');if(!inputs.length){inputs=q(doc,'input:not([type=hidden]):not([disabled]),textarea:not([disabled])').filter(visible);}const el=inputs[idx]||inputs[0];if(!el)throw new Error('input not found: '+label);setValue(el,value);return true;}
function fillFirstNumbers(doc,values){
  function numberInputs(root){
    return q(root,'input:not([type=hidden]):not([disabled]),textarea:not([disabled])')
      .filter(visible)
      .filter(el=>!/(date|time)/i.test([el.type,el.placeholder,el.className,el.name].join(' ')));
  }
  function amountShareValue(table){
    const tableText=textOf(table);
    const benefit=Number(values[1]);
    const share=Number(values[2]);
    if(/\u5206\u644a\u91d1\u989d/.test(tableText)&&Number.isFinite(benefit)&&Number.isFinite(share)&&share>benefit&&share<=100){
      const amount=Math.round(benefit*share)/100;
      return String(amount).replace(/\.0+$/,'');
    }
    return values[2];
  }
  const tables=q(doc,'table').filter(visible);
  let table=tables.find(t=>textOf(t).includes(S.orderAmount)&&(/\u5e73\u53f0\u5206\u644a/.test(textOf(t))||textOf(t).includes(S.platformShare))) || tables[0];
  if(table){
    const headers=q(table,'thead th,thead td,th').filter(visible).map((el,i)=>({el,i,t:textOf(el)}));
    const bodyRows=q(table,'tbody tr,tr').filter(visible);
    const row=bodyRows.find(r=>numberInputs(r).length)||table;
    const inputs=numberInputs(row);
    function setByHeader(pattern,value,fallbackIndex){
      let header=headers.find(h=>pattern.test(h.t));
      let input=null;
      if(header&&header.i>=0){
        const cells=q(row,'td,th').filter(visible);
        const cell=cells[header.i];
        if(cell)input=numberInputs(cell)[0];
      }
      if(!input)input=inputs[fallbackIndex];
      if(input)setValue(input,value);
      return !!input;
    }
    const isReduction=String(values[1])==='10'||textOf(table).includes(S.reductionAmount)||textOf(table).includes('\u4f18\u60e0\u91d1\u989d')||textOf(table).includes('\u7acb\u51cf\u91d1\u989d');
    const shareValue=amountShareValue(table);
    setByHeader(/\u8ba2\u5355\u91d1\u989d/,values[0],0);
    setByHeader(isReduction?/(\u4f18\u60e0\u91d1\u989d|\u7acb\u51cf|\u51cf)/:/(\u6298\u6263)/,values[1],1);
    setByHeader(/\u5e73\u53f0\u5206\u644a/,shareValue,2);
    return {count:inputs.length,values:inputs.map(el=>el.value),shareValue};
  }
  const inputs=q(doc,'table input:not([type=hidden]):not([disabled]),tbody input:not([type=hidden]):not([disabled])')
    .filter(visible)
    .filter(el=>!/(date|time)/i.test(el.type||''));
  if(inputs.length<values.length){
    const all=q(doc,'input:not([type=hidden]):not([disabled])').filter(visible);
    for(const el of all){if(!inputs.includes(el))inputs.push(el);}
  }
  values.forEach((v,i)=>{if(inputs[i])setValue(inputs[i],v);});
  return {count:inputs.length,values:inputs.map(el=>el.value),shareValue:values[2]};
}
function formatDate(d){const p=n=>String(n).padStart(2,'0');return d.getFullYear()+'-'+p(d.getMonth()+1)+'-'+p(d.getDate())+' '+p(d.getHours())+':'+p(d.getMinutes())+':'+p(d.getSeconds());}
function fillActivityTime(doc){
  const start=new Date(), end=new Date(start.getTime()+10*60*1000);
  const startText=formatDate(start), endText=formatDate(end);
  function day(d){
    const p=n=>String(n).padStart(2,'0');
    return d.getFullYear()+'-'+p(d.getMonth()+1)+'-'+p(d.getDate());
  }
  function fiber(el){
    const key=Object.keys(el).find(k=>k.startsWith('__reactInternalInstance')||k.startsWith('__reactFiber'));
    return key?el[key]:null;
  }
  function mk(gen,d){
    let x=gen.getFixedDate(day(d));
    x=gen.setHour(x,d.getHours());
    x=gen.setMinute(x,d.getMinutes());
    x=gen.setSecond(x,d.getSeconds());
    return x;
  }
  const range=doc.querySelector('.br-datepicker-range,.br-rangepicker,.br-datepicker');
  if(range){
    let f=fiber(range);
    for(let i=0;i<15&&f;i++,f=f.return){
      const p=f.memoizedProps||{};
      if(typeof p.onChange==='function'&&Array.isArray(p.value)&&p.format==='YYYY-MM-DD HH:mm:ss'&&p.generateConfig){
        const value=[mk(p.generateConfig,start),mk(p.generateConfig,end)];
        p.onChange(value,[startText,endText]);
        const inputs=Array.from(range.querySelectorAll('input'));
        if(inputs[0]&&inputs[1]){
          setValue(inputs[0],startText);
          setValue(inputs[1],endText);
        }
        return {start:startText,end:endText};
      }
    }
  }
  let inputs=nearbyInputs(doc,S.activityTime).filter(el=>el.type!=='radio'&&el.type!=='checkbox');
  if(inputs.length<2){
    inputs=q(doc,'input:not([type=hidden]):not([disabled]),input[readonly],textarea:not([disabled])')
      .filter(visible)
      .filter(el=>/(date|time|yyyy|YYYY|\u65e5\u671f)/i.test([el.type,el.placeholder,el.className,el.name].join(' ')));
  }
  if(inputs[0])setValue(inputs[0],startText);
  if(inputs[1])setValue(inputs[1],endText);
  return {start:startText,end:endText};
}
async function chooseBusinessLine(doc,line){
  const target=norm(line||'B2b-\u57fa\u7840\u4e1a\u52a1');
  const loose=s=>norm(s).replace(/[-_\uff0d]/g,'').toLowerCase();
  const targetLoose=loose(target);
  const isTarget=t=>{
    const v=norm(t),l=loose(v);
    return v&&(v===target||v.includes(target)||target.includes(v)||l===targetLoose||l.includes(targetLoose)||targetLoose.includes(l)||(/b2b/i.test(v)&&v.includes('\u57fa\u7840\u4e1a\u52a1')));
  };
  const docs=()=>Array.from(new Set([doc,document].filter(Boolean)));
  const add=(arr,el)=>{if(el&&visible(el)&&!arr.includes(el))arr.push(el);};
  const controls=[];
  const anchors=elementsByText(doc,S.businessLine,'label,span,div,p,td,th').filter(el=>textOf(el).length<200);
  for(const a of anchors){
    let root=a;
    for(let i=0;i<7&&root;i++,root=root.parentElement){
      q(root,'.br-multiselect,.br-multiselect__controller,.br-popover__target,.br-select,[class*=select],[class*=Select],[class*=dropdown],[class*=Dropdown],[role=combobox],input:not([type=hidden]):not([disabled]),textarea:not([disabled]),select:not([disabled])').forEach(el=>add(controls,el));
    }
  }
  nearbyInputs(doc,S.businessLine).filter(el=>el.type!=='radio'&&el.type!=='checkbox').forEach(el=>add(controls,el));

  async function pickOpenedOption(){
    for(const d of docs()){
      const opts=q(d,'[role=option],li,div,span,a,[class*=option],[class*=Option],[class*=item],[class*=Item]')
        .filter(visible)
        .map(el=>({el,t:textOf(el)}))
        .filter(x=>x.t&&isTarget(x.t));
      opts.sort((a,b)=>{
        const ae=a.t===target?0:1,be=b.t===target?0:1;
        if(ae!==be)return ae-be;
        return a.t.length-b.t.length;
      });
      if(opts[0]){
        const el=opts[0].el;
        const targetEl=el.closest('[role=option],li,[class*=option],[class*=Option],[class*=item],[class*=Item]')||el;
        targetEl.scrollIntoView({block:'center',inline:'center'});
        targetEl.click();
        await sleep(500);
        return true;
      }
    }
    return false;
  }

  for(const ctrl of controls){
    try{
      ctrl.scrollIntoView({block:'center',inline:'center'});
      if(ctrl.tagName==='SELECT'){
        const opt=Array.from(ctrl.options).find(o=>isTarget(o.textContent)||isTarget(o.value));
        if(opt){
          ctrl.value=opt.value;
          ctrl.dispatchEvent(new Event('input',{bubbles:true}));
          ctrl.dispatchEvent(new Event('change',{bubbles:true}));
          return true;
        }
      }
      ctrl.click();
      await sleep(800);
      if(await pickOpenedOption())return true;
    }catch(e){}
  }
  if(await pickOpenedOption())return true;
  throw new Error('business line option not found: '+target);
}
async function clickOption(doc,option,required=false){return clickText(doc,option,required);}
async function addCode(doc,code,kind){
  function modalRoots(){
    const candidates=q(doc,'.br-modal,.br-dialog,[class*=modal],[class*=Modal],[class*=dialog],[class*=Dialog],body')
      .filter(visible);
    const withInput=candidates.filter(root=>q(root,'input:not([type=hidden]):not([disabled]),textarea:not([disabled])').filter(visible).length);
    return (withInput.length?withInput:candidates)
      .sort((a,b)=>a.getBoundingClientRect().width*a.getBoundingClientRect().height-b.getBoundingClientRect().width*b.getBoundingClientRect().height);
  }
  async function waitForModal(timeout=4000){
    for(let i=0;i<Math.ceil(timeout/200);i++){
      const roots=modalRoots();
      if(roots.length)return roots[0];
      await sleep(200);
    }
    return null;
  }
  async function waitModalClosed(root,timeout=5000){
    for(let i=0;i<Math.ceil(timeout/250);i++){
      if(!root||!root.isConnected||!visible(root))return true;
      if(!textOf(root).includes(code)&&!textOf(root).includes('\u6dfb\u52a0'))return true;
      await sleep(250);
    }
    return false;
  }
  function confirmButton(root){
    const buttons=q(root,'button').filter(visible).map(el=>({el,t:textOf(el)})).filter(x=>x.t==='\u786e\u5b9a');
    if(buttons.length)return buttons[buttons.length-1].el;
    const spans=q(root,'span,a,div').filter(visible).map(el=>({el,t:textOf(el)})).filter(x=>x.t==='\u786e\u5b9a');
    return spans.length?(spans[spans.length-1].el.closest('button,a')||spans[spans.length-1].el):null;
  }
  async function fillModal(root){
    let inputs=q(root,'input:not([type=hidden]):not([disabled]),textarea:not([disabled])')
      .filter(visible)
      .filter(el=>!/(date|time)/i.test([el.type,el.placeholder,el.className,el.name].join(' ')));
    if(!inputs.length){
      inputs=q(doc,'input:not([type=hidden]):not([disabled]),textarea:not([disabled])').filter(visible)
        .filter(el=>!/(date|time)/i.test([el.type,el.placeholder,el.className,el.name].join(' ')));
    }
    const empty=inputs.find(el=>!el.value)||inputs[0];
    if(!empty)throw new Error('code input not found in modal for '+code);
    setValue(empty,code);
    empty.dispatchEvent(new KeyboardEvent('keydown',{key:'Enter',bubbles:true}));
    empty.dispatchEvent(new KeyboardEvent('keyup',{key:'Enter',bubbles:true}));
    empty.blur&&empty.blur();
    await sleep(1800);
    for(let attempt=0;attempt<3;attempt++){
      const txt=textOf(root);
      if(/未找到|不存在|错误/.test(txt))throw new Error('add code validation failed for '+code+': '+txt.slice(0,220));
      const ok=confirmButton(root)||confirmButton(doc.body);
      if(!ok)throw new Error('modal confirm button not found for '+code);
      ok.click();
      await sleep(1200);
      if(await waitModalClosed(root,1500))return true;
    }
    throw new Error('modal did not close after adding '+code+': '+textOf(root).slice(0,220));
  }
  let root=modalRoots()[0];
  if(!root||root===doc.body){
    const openLabels=kind==='store'?['\u6dfb\u52a0\u5e97\u94fa','\u6dfb\u52a0']:['\u6dfb\u52a0\u7ef4\u4fee\u5382','\u6dfb\u52a0\u5ba2\u6237','\u6dfb\u52a0'];
    await clickText(doc,openLabels,false);
    root=await waitForModal(5000);
  }
  if(!root)throw new Error('add code modal not opened for '+code);
  return await fillModal(root);
}
async function configureCombo(doc,cfg){requireText(doc,S.sections,'combo configuration page');const activityName='\u81ea\u52a8\u5316-\u5e73\u53f0\u4fc3\u9500-\u7ec4\u5408-'+Date.now()+'-'+cfg.caseId;inputByLabel(doc,S.activityName,activityName);const time=fillActivityTime(doc);await clickOption(doc,cfg.business==='inquiry'?S.inquiry:S.mall,false);await chooseBusinessLine(doc,cfg.businessLine||'B2b-\u57fa\u7840\u4e1a\u52a1');await clickOption(doc,cfg.area==='byArea'?S.byArea:S.unlimitedArea,true);if(cfg.area==='byArea'&&cfg.regionCode)await clickOption(doc,S.beijing,false);await clickOption(doc,cfg.customerMode==='include'?S.includeCustomer:cfg.customerMode==='exclude'?S.excludeCustomer:S.allCustomers,true);if((cfg.customerMode==='include'||cfg.customerMode==='exclude')&&cfg.customerCode)await addCode(doc,cfg.customerCode,'customer');await clickOption(doc,cfg.promoType==='reduction'?S.reduction:S.discount,true);fillFirstNumbers(doc,cfg.promoType==='reduction'?[cfg.threshold,cfg.reduction,cfg.share]:[cfg.threshold,cfg.discount,cfg.share]);await clickOption(doc,cfg.budgetMode==='limit'?S.budgetLimit:S.noLimit,true);if(cfg.budgetMode==='limit')inputByLabel(doc,S.budget,String(cfg.budgetValue||1000));await clickOption(doc,cfg.stack?S.stack:S.noStack,true);await clickOption(doc,cfg.storeMode==='include'?S.includeStore:cfg.storeMode==='exclude'?S.excludeStore:S.unlimitedStore,true);if((cfg.storeMode==='include'||cfg.storeMode==='exclude')&&cfg.storeCode)await addCode(doc,cfg.storeCode,'store');await clickOption(doc,S.byCategory,true);await clickOption(doc,cfg.qualityMode==='specified'?S.specifiedQuality:S.unlimitedQuality,true);if(cfg.qualityMode==='specified'&&cfg.qualityName)await clickOption(doc,S.original,false);await clickOption(doc,cfg.brandMode==='specified'?S.specifiedBrand:S.unlimitedBrand,false);if(cfg.brandMode==='specified')await clickText(doc,['\u7b2c\u4e00\u4e2a\u54c1\u724c',S.select],false);await clickOption(doc,cfg.categoryMode==='specified'?S.specifiedCategory:S.unlimitedCategory,false);if(cfg.categoryMode==='specified')await clickText(doc,[S.select,'\u7b2c\u4e00\u4e2a\u54c1\u7c7b'],false);window.__promoAutomation=Object.assign(window.__promoAutomation||{},{lastCombo:cfg,lastActivityName:activityName,lastActivityTime:time});return {caseId:cfg.caseId,activityName,time};}
async function clickSave(doc){await clickText(doc,S.save,true);await sleep(1600);return bodyText(doc);}
function hasSuccess(text){return /\u4fdd\u5b58\u6210\u529f|\u64cd\u4f5c\u6210\u529f|\u6210\u529f/.test(text);}
function hasValidation(text){return /\u5fc5\u586b|\u8bf7\u9009\u62e9|\u4e0d\u80fd\u4e3a\u7a7a|\u4e0d\u53ef\u4e3a\u7a7a|\u8303\u56f4|0\.01|9\.99|\u5927\u4e8e|\u4e0d\u5408\u6cd5|\u9519\u8bef|\u5931\u8d25/.test(text);}

const cfg={"business":"mall","businessLine":"B2b-\u57fa\u7840\u4e1a\u52a1","area":"unlimited","regionCode":null,"customerMode":"exclude","customerCode":"C0012278","promoType":"reduction","threshold":"100","discount":"8","reduction":"10","share":"40","budgetMode":"limit","budgetValue":"1000","stack":true,"storeMode":"exclude","storeCode":"GZJD0001","qualityMode":"unlimited","qualityName":null,"brandMode":"unlimited","categoryMode":"unlimited","caseId":"PROMO_ADD_COMBO_003"};
const doc=await promoDoc();
return await configureCombo(doc,cfg);
})())
2026-05-09 16:53:42,595 [INFO] 执行 JS: (async()=>{

const sleep=ms=>new Promise(r=>setTimeout(r,ms));
const S={sections:['\u57fa\u7840\u4fe1\u606f','\u6d3b\u52a8\u5bf9\u8c61','\u4fc3\u9500\u73a9\u6cd5','\u6d3b\u52a8\u5e97\u94fa','\u6d3b\u5
2026-05-09 16:53:56,589 [INFO] JS 结果: {'caseId': 'PROMO_ADD_COMBO_003', 'activityName': '自动化-平台促销-组合-1778316822629-PROMO_ADD_COMBO_003', 'time': {'start': '2026-05-09 16:53:42', 'end': '2026-05-09 17:03:42'}}
2026-05-09 16:53:56,589 [DEBUG] evaluate 成功
2026-05-09 16:53:56,589 [INFO] [STEP] action=evaluate model=- status=OK source=evaluate
2026-05-09 16:53:56,589 [DEBUG]   history[4]={'caseId': 'PROMO_ADD_COMBO_003', 'activityName': '自动化-平台促销-组合-1778316822629-PROMO_ADD_COMBO_003', 'time': {'start': '2026-05-09 16:53:42', 'end': '2026-05-09 17:03:42'}}
2026-05-09 16:53:56,672 [DEBUG] 截图成功: D:\Documents\pythonProject\AICASS\examples\管理中心\促销活动\result\rodski_20260509_165312\screenshots\PROMO_ADD_COMBO_003_TABLE_PROBE_03_用例_20260509_165356.png
2026-05-09 16:53:56,672 [DEBUG] 步骤截图: D:\Documents\pythonProject\AICASS\examples\管理中心\促销活动\result\rodski_20260509_165312\screenshots\PROMO_ADD_COMBO_003_TABLE_PROBE_03_用例_20260509_165356.png
2026-05-09 16:53:56,672 [DEBUG] 步骤等待 10.0s
2026-05-09 16:54:06,672 [DEBUG]   [2] evaluate
2026-05-09 16:54:06,673 [DEBUG] 数据解析: 'PromoScript.CodexCombo003TableProbe.script' -> '(async()=>{
const sleep=ms=>new Promise(r=>setTimeout(r,ms));
const visible=el=>!!el&&el.isConnected&&!!(el.offsetWidth||el.offsetHeight||el.getClientRects().length);
const textOf=el=>String(el.innerText||el.textContent||el.value||el.getAttribute('placeholder')||'').replace(/\s+/g,'').trim();
async function promoDoc(timeout=30000){
  for(let i=0;i<Math.ceil(timeout/250);i++){
    const f=document.querySelector('#iframeCon,iframe[name="iframeCon"]');
    let d=null;
    try{d=f?(f.contentDocument||f.contentWindow.document):document;}catch(e){d=document;}
    const txt=d&&d.body?d.body.innerText:'';
    if(d&&d.body&&(txt.includes('促销条件')||txt.includes('活动名称')))return d;
    await sleep(250);
  }
  throw new Error('promo doc not loaded');
}
const doc=await promoDoc();
const tables=Array.from(doc.querySelectorAll('table')).filter(visible).map((t,ti)=>({
  ti,
  text:textOf(t).slice(0,500),
  html:t.outerHTML.slice(0,5000),
  headers:Array.from(t.querySelectorAll('thead th,thead td,th')).filter(visible).map((h,i)=>({i,text:textOf(h),html:h.outerHTML.slice(0,500)})),
  rows:Array.from(t.querySelectorAll('tbody tr,tr')).filter(visible).map((r,ri)=>({
    ri,
    cells:Array.from(r.querySelectorAll('td,th')).filter(visible).map((c,ci)=>({
      ci,
      text:textOf(c),
      inputs:Array.from(c.querySelectorAll('input,textarea,select')).filter(visible).map(inp=>({
        value:inp.value,placeholder:inp.placeholder||'',cls:String(inp.className||''),type:inp.type||'',html:inp.outerHTML.slice(0,500)
      }))
    })),
    inputs:Array.from(r.querySelectorAll('input,textarea,select')).filter(visible).map((inp,ii)=>({ii,value:inp.value,placeholder:inp.placeholder||'',cls:String(inp.className||''),type:inp.type||'',html:inp.outerHTML.slice(0,500)}))
  }))
}));
return {body:(doc.body&&doc.body.innerText||'').slice(0,2000),tables};
})()'
2026-05-09 16:54:06,673 [INFO] 执行关键字: evaluate(data=(async()=>{
const sleep=ms=>new Promise(r=>setTimeout(r,ms));
const visible=el=>!!el&&el.isConnected&&!!(el.offsetWidth||el.offsetHeight||el.getClientRects().length);
const textOf=el=>String(el.innerText||el.textContent||el.value||el.getAttribute('placeholder')||'').replace(/\s+/g,'').trim();
async function promoDoc(timeout=30000){
  for(let i=0;i<Math.ceil(timeout/250);i++){
    const f=document.querySelector('#iframeCon,iframe[name="iframeCon"]');
    let d=null;
    try{d=f?(f.contentDocument||f.contentWindow.document):document;}catch(e){d=document;}
    const txt=d&&d.body?d.body.innerText:'';
    if(d&&d.body&&(txt.includes('促销条件')||txt.includes('活动名称')))return d;
    await sleep(250);
  }
  throw new Error('promo doc not loaded');
}
const doc=await promoDoc();
const tables=Array.from(doc.querySelectorAll('table')).filter(visible).map((t,ti)=>({
  ti,
  text:textOf(t).slice(0,500),
  html:t.outerHTML.slice(0,5000),
  headers:Array.from(t.querySelectorAll('thead th,thead td,th')).filter(visible).map((h,i)=>({i,text:textOf(h),html:h.outerHTML.slice(0,500)})),
  rows:Array.from(t.querySelectorAll('tbody tr,tr')).filter(visible).map((r,ri)=>({
    ri,
    cells:Array.from(r.querySelectorAll('td,th')).filter(visible).map((c,ci)=>({
      ci,
      text:textOf(c),
      inputs:Array.from(c.querySelectorAll('input,textarea,select')).filter(visible).map(inp=>({
        value:inp.value,placeholder:inp.placeholder||'',cls:String(inp.className||''),type:inp.type||'',html:inp.outerHTML.slice(0,500)
      }))
    })),
    inputs:Array.from(r.querySelectorAll('input,textarea,select')).filter(visible).map((inp,ii)=>({ii,value:inp.value,placeholder:inp.placeholder||'',cls:String(inp.className||''),type:inp.type||'',html:inp.outerHTML.slice(0,500)}))
  }))
}));
return {body:(doc.body&&doc.body.innerText||'').slice(0,2000),tables};
})())
2026-05-09 16:54:06,673 [INFO] 执行 JS: (async()=>{
const sleep=ms=>new Promise(r=>setTimeout(r,ms));
const visible=el=>!!el&&el.isConnected&&!!(el.offsetWidth||el.offsetHeight||el.getClientRects().length);
const textOf=el=>String(el.innerT
2026-05-09 16:54:06,681 [INFO] JS 结果: {'body': '基础信息\n*活动名称：\n*活动时间：\n活动持续 0 天 0 小时 10 分\n*业务范围：\n商城业务\n询价业务\n选择指定业务后业务范围不可更改\n*业务线：\nB2b-基础业务\n活动对象\n*活动区域：\n不限区域\n按区域设置\n*活动对象：\n全部客户\n指定参与客户\n指定不参与客户\n按客户清单配置\n按客户分组配置\n添加维修厂\n清空全部\n深圳市大德
2026-05-09 16:54:06,681 [DEBUG] evaluate 成功
2026-05-09 16:54:06,681 [INFO] [STEP] action=evaluate model=- status=OK source=evaluate
2026-05-09 16:54:06,681 [DEBUG]   history[5]={'body': '基础信息\n*活动名称：\n*活动时间：\n活动持续 0 天 0 小时 10 分\n*业务范围：\n商城业务\n询价业务\n选择指定业务后业务范围不可更改\n*业务线：\nB2b-基础业务\n活动对象\n*活动区域：\n不限区域\n按区域设置\n*活动对象：\n全部客户\n指定参与客户\n指定不参与客户\n按客户清单配置\n按客户分组配置\n添加维修厂\n清空全部\n深圳市大德
2026-05-09 16:54:06,748 [DEBUG] 截图成功: D:\Documents\pythonProject\AICASS\examples\管理中心\促销活动\result\rodski_20260509_165312\screenshots\PROMO_ADD_COMBO_003_TABLE_PROBE_04_用例_20260509_165406.png
2026-05-09 16:54:06,748 [DEBUG] 步骤截图: D:\Documents\pythonProject\AICASS\examples\管理中心\促销活动\result\rodski_20260509_165312\screenshots\PROMO_ADD_COMBO_003_TABLE_PROBE_04_用例_20260509_165406.png
2026-05-09 16:54:06,748 [DEBUG] 步骤等待 10.0s
2026-05-09 16:54:16,749 [DEBUG]   [1] close
2026-05-09 16:54:16,749 [INFO] 执行关键字: close()
2026-05-09 16:54:16,749 [INFO] 关闭浏览器
2026-05-09 16:54:19,079 [INFO] Playwright 原生录制已保存: D:\Documents\pythonProject\AICASS\examples\管理中心\促销活动\result\rodski_20260509_165312\recordings\PROMO_ADD_COMBO_003_TABLE_PROBE_20260509_165312_01.webm
2026-05-09 16:54:19,120 [DEBUG] close 成功
2026-05-09 16:54:19,120 [INFO] [STEP] action=close model=- status=OK source=keyword_result
2026-05-09 16:54:19,120 [DEBUG]   history[6]=True
2026-05-09 16:54:19,121 [INFO] 浏览器已关闭
2026-05-09 16:54:19,122 [INFO] execution_summary.json 已写入: D:\Documents\pythonProject\AICASS\examples\管理中心\促销活动\result\rodski_20260509_165312\execution_summary.json
2026-05-09 16:54:19,122 [INFO]   PASS (66.404s)
2026-05-09 16:54:19,132 [INFO] 结果已写入 rodski_20260509_165312/result.xml: 总计 1 条, 通过 1 条, 失败 0 条, 通过率 100.0%
